Log file open, 10/09/18 12:14:42
LogWindows: Failed to load 'aqProf.dll' (GetLastError=126)
LogWindows: File 'aqProf.dll' does not exist
LogWindows: Failed to load 'VtuneApi.dll' (GetLastError=126)
LogWindows: File 'VtuneApi.dll' does not exist
LogWindows: Failed to load 'VtuneApi32e.dll' (GetLastError=126)
LogWindows: File 'VtuneApi32e.dll' does not exist
LogInit: Display: Running engine for game: FIT3039_Project
LogPlatformFile: Not using cached read wrapper
LogInit: Display: RandInit(-822964069) SRandInit(-822964069).
LogInit: Read version file with build ID '3944462'
LogInit: Overriding engine version to CL 4033788, compatible CL 3944462
LogInit: Registered custom module enumerator with build ID '3944462'
LogTaskGraph: Started task graph with 5 named threads and 35 total threads with 3 sets of task threads.
LogStats: Stats thread started at 0.397616
LogD3D11RHI: Aftermath initialized
LogICUInternationalization: Display: ICU TimeZone Detection - Raw Offset: +10:00, Platform Override: ''
LogModuleManager: Display: Found up-to-date module file ../../../Engine/Plugins/2D/Paper2D/Binaries/Win64/UE4Editor-Paper2D.dll (API version 3944462).
LogModuleManager: Display: Found up-to-date module file ../../../Engine/Plugins/2D/Paper2D/Binaries/Win64/UE4Editor-Paper2DEditor.dll (API version 3944462).
LogModuleManager: Display: Found up-to-date module file ../../../Engine/Plugins/2D/Paper2D/Binaries/Win64/UE4Editor-PaperSpriteSheetImporter.dll (API version 3944462).
LogModuleManager: Display: Found up-to-date module file ../../../Engine/Plugins/2D/Paper2D/Binaries/Win64/UE4Editor-PaperTiledImporter.dll (API version 3944462).
LogModuleManager: Display: Found up-to-date module file ../../../Engine/Plugins/2D/Paper2D/Binaries/Win64/UE4Editor-SmartSnapping.dll (API version 3944462).
LogModuleManager: Display: Found up-to-date module file ../../../Engine/Plugins/Blendables/LightPropagationVolume/Binaries/Win64/UE4Editor-LightPropagationVolumeRuntime.dll (API version 3944462).
LogModuleManager: Display: Found up-to-date module file ../../../Engine/Plugins/Blendables/LightPropagationVolume/Binaries/Win64/UE4Editor-LightPropagationVolumeEditor.dll (API version 3944462).
LogModuleManager: Display: Found up-to-date module file ../../../Engine/Plugins/Developer/CLionSourceCodeAccess/Binaries/Win64/UE4Editor-CLionSourceCodeAccess.dll (API version 3944462).
LogModuleManager: Display: Found up-to-date module file ../../../Engine/Plugins/Developer/GitSourceControl/Binaries/Win64/UE4Editor-GitSourceControl.dll (API version 3944462).
LogModuleManager: Display: Found up-to-date module file ../../../Engine/Plugins/Developer/PerforceSourceControl/Binaries/Win64/UE4Editor-PerforceSourceControl.dll (API version 3944462).
LogModuleManager: Display: Found up-to-date module file ../../../Engine/Plugins/Developer/SubversionSourceControl/Binaries/Win64/UE4Editor-SubversionSourceControl.dll (API version 3944462).
LogModuleManager: Display: Found up-to-date module file ../../../Engine/Plugins/Developer/UObjectPlugin/Binaries/Win64/UE4Editor-UObjectPlugin.dll (API version 3944462).
LogModuleManager: Display: Found up-to-date module file ../../../Engine/Plugins/Developer/VisualStudioCodeSourceCodeAccess/Binaries/Win64/UE4Editor-VisualStudioCodeSourceCodeAccess.dll (API version 3944462).
LogModuleManager: Display: Found up-to-date module file ../../../Engine/Plugins/Developer/VisualStudioSourceCodeAccess/Binaries/Win64/UE4Editor-VisualStudioSourceCodeAccess.dll (API version 3944462).
LogModuleManager: Display: Found up-to-date module file ../../../Engine/Plugins/Editor/AssetManagerEditor/Binaries/Win64/UE4Editor-AssetManagerEditor.dll (API version 3944462).
LogModuleManager: Display: Found up-to-date module file ../../../Engine/Plugins/Editor/CryptoKeys/Binaries/Win64/UE4Editor-CryptoKeys.dll (API version 3944462).
LogModuleManager: Display: Found up-to-date module file ../../../Engine/Plugins/Editor/CryptoKeys/Binaries/Win64/UE4Editor-CryptoKeysOpenSSL.dll (API version 3944462).
LogModuleManager: Display: Found up-to-date module file ../../../Engine/Plugins/Editor/DataValidation/Binaries/Win64/UE4Editor-DataValidation.dll (API version 3944462).
LogModuleManager: Display: Found up-to-date module file ../../../Engine/Plugins/Editor/FacialAnimation/Binaries/Win64/UE4Editor-FacialAnimation.dll (API version 3944462).
LogModuleManager: Display: Found up-to-date module file ../../../Engine/Plugins/Editor/FacialAnimation/Binaries/Win64/UE4Editor-FacialAnimationEditor.dll (API version 3944462).
LogModuleManager: Display: Found up-to-date module file ../../../Engine/Plugins/Editor/GameplayTagsEditor/Binaries/Win64/UE4Editor-GameplayTagsEditor.dll (API version 3944462).
LogModuleManager: Display: Found up-to-date module file ../../../Engine/Plugins/Editor/MobileLauncherProfileWizard/Binaries/Win64/UE4Editor-MobileLauncherProfileWizard.dll (API version 3944462).
LogModuleManager: Display: Found up-to-date module file ../../../Engine/Plugins/Editor/PluginBrowser/Binaries/Win64/UE4Editor-PluginBrowser.dll (API version 3944462).
LogModuleManager: Display: Found up-to-date module file ../../../Engine/Plugins/Editor/SpeedTreeImporter/Binaries/Win64/UE4Editor-SpeedTreeImporter.dll (API version 3944462).
LogModuleManager: Display: Found up-to-date module file ../../../Engine/Plugins/Enterprise/DatasmithContent/Binaries/Win64/UE4Editor-DatasmithContent.dll (API version 3944462).
LogModuleManager: Display: Found up-to-date module file ../../../Engine/Plugins/Experimental/AlembicImporter/Binaries/Win64/UE4Editor-AlembicImporter.dll (API version 3944462).
LogModuleManager: Display: Found up-to-date module file ../../../Engine/Plugins/Experimental/AlembicImporter/Binaries/Win64/UE4Editor-AlembicLibrary.dll (API version 3944462).
LogModuleManager: Display: Found up-to-date module file ../../../Engine/Plugins/Experimental/CharacterAI/Binaries/Win64/UE4Editor-CharacterAI.dll (API version 3944462).
LogModuleManager: Display: Found up-to-date module file ../../../Engine/Plugins/Experimental/HTML5Networking/Binaries/Win64/UE4Editor-HTML5Networking.dll (API version 3944462).
LogModuleManager: Display: Found up-to-date module file ../../../Engine/Plugins/Media/AndroidMedia/Binaries/Win64/UE4Editor-AndroidMediaEditor.dll (API version 3944462).
LogModuleManager: Display: Found up-to-date module file ../../../Engine/Plugins/Media/AndroidMedia/Binaries/Win64/UE4Editor-AndroidMediaFactory.dll (API version 3944462).
LogModuleManager: Display: Found up-to-date module file ../../../Engine/Plugins/Media/AvfMedia/Binaries/Win64/UE4Editor-AvfMediaEditor.dll (API version 3944462).
LogModuleManager: Display: Found up-to-date module file ../../../Engine/Plugins/Media/AvfMedia/Binaries/Win64/UE4Editor-AvfMediaFactory.dll (API version 3944462).
LogModuleManager: Display: Found up-to-date module file ../../../Engine/Plugins/Media/AvfMedia/Binaries/Win64/UE4Editor-AvfMediaFactory.dll (API version 3944462).
LogModuleManager: Display: Found up-to-date module file ../../../Engine/Plugins/Media/ImgMedia/Binaries/Win64/UE4Editor-ImgMedia.dll (API version 3944462).
LogModuleManager: Display: Found up-to-date module file ../../../Engine/Plugins/Media/ImgMedia/Binaries/Win64/UE4Editor-ImgMediaEditor.dll (API version 3944462).
LogModuleManager: Display: Found up-to-date module file ../../../Engine/Plugins/Media/ImgMedia/Binaries/Win64/UE4Editor-ImgMediaFactory.dll (API version 3944462).
LogModuleManager: Display: Found up-to-date module file ../../../Engine/Plugins/Media/ImgMedia/Binaries/Win64/UE4Editor-ImgMediaFactory.dll (API version 3944462).
LogModuleManager: Display: Found up-to-date module file ../../../Engine/Plugins/Media/ImgMedia/Binaries/Win64/UE4Editor-OpenExrWrapper.dll (API version 3944462).
LogModuleManager: Display: Found up-to-date module file ../../../Engine/Plugins/Media/LinearTimecode/Binaries/Win64/UE4Editor-LinearTimecode.dll (API version 3944462).
LogModuleManager: Display: Found up-to-date module file ../../../Engine/Plugins/Media/MediaCompositing/Binaries/Win64/UE4Editor-MediaCompositing.dll (API version 3944462).
LogModuleManager: Display: Found up-to-date module file ../../../Engine/Plugins/Media/MediaCompositing/Binaries/Win64/UE4Editor-MediaCompositingEditor.dll (API version 3944462).
LogModuleManager: Display: Found up-to-date module file ../../../Engine/Plugins/Media/MediaPlayerEditor/Binaries/Win64/UE4Editor-MediaPlayerEditor.dll (API version 3944462).
LogModuleManager: Display: Found up-to-date module file ../../../Engine/Plugins/Media/WmfMedia/Binaries/Win64/UE4Editor-WmfMedia.dll (API version 3944462).
LogModuleManager: Display: Found up-to-date module file ../../../Engine/Plugins/Media/WmfMedia/Binaries/Win64/UE4Editor-WmfMediaEditor.dll (API version 3944462).
LogModuleManager: Display: Found up-to-date module file ../../../Engine/Plugins/Media/WmfMedia/Binaries/Win64/UE4Editor-WmfMediaFactory.dll (API version 3944462).
LogModuleManager: Display: Found up-to-date module file ../../../Engine/Plugins/Media/WmfMedia/Binaries/Win64/UE4Editor-WmfMediaFactory.dll (API version 3944462).
LogModuleManager: Display: Found up-to-date module file ../../../Engine/Plugins/Messaging/TcpMessaging/Binaries/Win64/UE4Editor-TcpMessaging.dll (API version 3944462).
LogModuleManager: Display: Found up-to-date module file ../../../Engine/Plugins/Messaging/UdpMessaging/Binaries/Win64/UE4Editor-UdpMessaging.dll (API version 3944462).
LogModuleManager: Display: Found up-to-date module file ../../../Engine/Plugins/MovieScene/ActorSequence/Binaries/Win64/UE4Editor-ActorSequence.dll (API version 3944462).
LogModuleManager: Display: Found up-to-date module file ../../../Engine/Plugins/MovieScene/LevelSequenceEditor/Binaries/Win64/UE4Editor-LevelSequenceEditor.dll (API version 3944462).
LogModuleManager: Display: Found up-to-date module file ../../../Engine/Plugins/MovieScene/MatineeToLevelSequence/Binaries/Win64/UE4Editor-MatineeToLevelSequence.dll (API version 3944462).
LogModuleManager: Display: Found up-to-date module file ../../../Engine/Plugins/NetcodeUnitTest/NetcodeUnitTest/Binaries/Win64/UE4Editor-NetcodeUnitTest.dll (API version 3944462).
LogModuleManager: Display: Found up-to-date module file ../../../Engine/Plugins/NetcodeUnitTest/NUTUnrealEngine4/Binaries/Win64/UE4Editor-NUTUnrealEngine4.dll (API version 3944462).
LogModuleManager: Display: Found up-to-date module file ../../../Engine/Plugins/Online/OnlineSubsystem/Binaries/Win64/UE4Editor-OnlineSubsystem.dll (API version 3944462).
LogModuleManager: Display: Found up-to-date module file ../../../Engine/Plugins/Runtime/AndroidPermission/Binaries/Win64/UE4Editor-AndroidPermission.dll (API version 3944462).
LogModuleManager: Display: Found up-to-date module file ../../../Engine/Plugins/Online/OnlineSubsystemNull/Binaries/Win64/UE4Editor-OnlineSubsystemNull.dll (API version 3944462).
LogModuleManager: Display: Found up-to-date module file ../../../Engine/Plugins/Online/OnlineSubsystemUtils/Binaries/Win64/UE4Editor-OnlineSubsystemUtils.dll (API version 3944462).
LogModuleManager: Display: Found up-to-date module file ../../../Engine/Plugins/Online/OnlineSubsystemUtils/Binaries/Win64/UE4Editor-OnlineBlueprintSupport.dll (API version 3944462).
LogModuleManager: Display: Found up-to-date module file ../../../Engine/Plugins/Runtime/AndroidDeviceProfileSelector/Binaries/Win64/UE4Editor-AndroidDeviceProfileSelector.dll (API version 3944462).
LogModuleManager: Display: Found up-to-date module file ../../../Engine/Plugins/Runtime/AppleARKit/Binaries/Win64/UE4Editor-AppleARKit.dll (API version 3944462).
LogModuleManager: Display: Found up-to-date module file ../../../Engine/Plugins/Runtime/ProceduralMeshComponent/Binaries/Win64/UE4Editor-ProceduralMeshComponent.dll (API version 3944462).
LogModuleManager: Display: Found up-to-date module file ../../../Engine/Plugins/Runtime/ProceduralMeshComponent/Binaries/Win64/UE4Editor-ProceduralMeshComponentEditor.dll (API version 3944462).
LogModuleManager: Display: Found up-to-date module file ../../../Engine/Plugins/Animation/LiveLink/Binaries/Win64/UE4Editor-LiveLink.dll (API version 3944462).
LogModuleManager: Display: Found up-to-date module file ../../../Engine/Plugins/Animation/LiveLink/Binaries/Win64/UE4Editor-LiveLinkEditor.dll (API version 3944462).
LogModuleManager: Display: Found up-to-date module file ../../../Engine/Plugins/Runtime/ArchVisCharacter/Binaries/Win64/UE4Editor-ArchVisCharacter.dll (API version 3944462).
LogModuleManager: Display: Found up-to-date module file ../../../Engine/Plugins/Runtime/AudioCapture/Binaries/Win64/UE4Editor-AudioCapture.dll (API version 3944462).
LogModuleManager: Display: Found up-to-date module file ../../../Engine/Plugins/Runtime/AudioCapture/Binaries/Win64/UE4Editor-AudioCaptureEditor.dll (API version 3944462).
LogModuleManager: Display: Found up-to-date module file ../../../Engine/Plugins/Runtime/CableComponent/Binaries/Win64/UE4Editor-CableComponent.dll (API version 3944462).
LogModuleManager: Display: Found up-to-date module file ../../../Engine/Plugins/Runtime/CustomMeshComponent/Binaries/Win64/UE4Editor-CustomMeshComponent.dll (API version 3944462).
LogModuleManager: Display: Found up-to-date module file ../../../Engine/Plugins/Runtime/ExampleDeviceProfileSelector/Binaries/Win64/UE4Editor-ExampleDeviceProfileSelector.dll (API version 3944462).
LogModuleManager: Display: Found up-to-date module file ../../../Engine/Plugins/Runtime/ImmediatePhysics/Binaries/Win64/UE4Editor-ImmediatePhysics.dll (API version 3944462).
LogModuleManager: Display: Found up-to-date module file ../../../Engine/Plugins/Runtime/ImmediatePhysics/Binaries/Win64/UE4Editor-ImmediatePhysicsEditor.dll (API version 3944462).
LogModuleManager: Display: Found up-to-date module file ../../../Engine/Plugins/Runtime/LocationServicesBPLibrary/Binaries/Win64/UE4Editor-LocationServicesBPLibrary.dll (API version 3944462).
LogModuleManager: Display: Found up-to-date module file ../../../Engine/Plugins/Runtime/MobilePatchingUtils/Binaries/Win64/UE4Editor-MobilePatchingUtils.dll (API version 3944462).
LogModuleManager: Display: Found up-to-date module file ../../../Engine/Plugins/Runtime/Oculus/OculusVR/Binaries/Win64/UE4Editor-OculusHMD.dll (API version 3944462).
LogModuleManager: Display: Found up-to-date module file ../../../Engine/Plugins/Runtime/Oculus/OculusVR/Binaries/Win64/UE4Editor-OculusInput.dll (API version 3944462).
LogModuleManager: Display: Found up-to-date module file ../../../Engine/Plugins/Runtime/Oculus/OculusVR/Binaries/Win64/UE4Editor-OculusEditor.dll (API version 3944462).
LogModuleManager: Display: Found up-to-date module file ../../../Engine/Plugins/Runtime/PhysXVehicles/Binaries/Win64/UE4Editor-PhysXVehicles.dll (API version 3944462).
LogModuleManager: Display: Found up-to-date module file ../../../Engine/Plugins/Runtime/PhysXVehicles/Binaries/Win64/UE4Editor-PhysXVehiclesEditor.dll (API version 3944462).
LogModuleManager: Display: Found up-to-date module file ../../../Engine/Plugins/Runtime/RuntimePhysXCooking/Binaries/Win64/UE4Editor-RuntimePhysXCooking.dll (API version 3944462).
LogModuleManager: Display: Found up-to-date module file ../../../Engine/Plugins/Runtime/Steam/SteamVR/Binaries/Win64/UE4Editor-SteamVR.dll (API version 3944462).
LogModuleManager: Display: Found up-to-date module file ../../../Engine/Plugins/Runtime/Steam/SteamVR/Binaries/Win64/UE4Editor-SteamVRController.dll (API version 3944462).
LogModuleManager: Display: Found up-to-date module file ../../../Engine/Plugins/Runtime/WindowsMoviePlayer/Binaries/Win64/UE4Editor-WindowsMoviePlayer.dll (API version 3944462).
LogPluginManager: Mounting plugin Paper2D
LogPluginManager: Mounting plugin LiveLink
LogPluginManager: Mounting plugin LightPropagationVolume
LogPluginManager: Mounting plugin CLionSourceCodeAccess
LogPluginManager: Mounting plugin CodeLiteSourceCodeAccess
LogPluginManager: Mounting plugin GitSourceControl
LogPluginManager: Mounting plugin KDevelopSourceCodeAccess
LogPluginManager: Mounting plugin NullSourceCodeAccess
LogPluginManager: Mounting plugin PerforceSourceControl
LogPluginManager: Mounting plugin SubversionSourceControl
LogPluginManager: Mounting plugin UObjectPlugin
LogPluginManager: Mounting plugin VisualStudioCodeSourceCodeAccess
LogPluginManager: Mounting plugin VisualStudioSourceCodeAccess
LogPluginManager: Mounting plugin XCodeSourceCodeAccess
LogPluginManager: Mounting plugin AssetManagerEditor
LogPluginManager: Mounting plugin CryptoKeys
LogPluginManager: Mounting plugin DataValidation
LogPluginManager: Mounting plugin FacialAnimation
LogPluginManager: Mounting plugin GameplayTagsEditor
LogPluginManager: Mounting plugin MobileLauncherProfileWizard
LogPluginManager: Mounting plugin PluginBrowser
LogPluginManager: Mounting plugin SpeedTreeImporter
LogPluginManager: Mounting plugin DatasmithContent
LogPluginManager: Mounting plugin AlembicImporter
LogPluginManager: Mounting plugin CharacterAI
LogPluginManager: Mounting plugin HTML5Networking
LogPluginManager: Mounting plugin AndroidMedia
LogPluginManager: Mounting plugin AvfMedia
LogPluginManager: Mounting plugin ImgMedia
LogPluginManager: Mounting plugin LinearTimecode
LogPluginManager: Mounting plugin MediaCompositing
LogPluginManager: Mounting plugin MediaPlayerEditor
LogPluginManager: Mounting plugin WmfMedia
LogPluginManager: Mounting plugin TcpMessaging
LogPluginManager: Mounting plugin UdpMessaging
LogPluginManager: Mounting plugin ActorSequence
LogPluginManager: Mounting plugin LevelSequenceEditor
LogPluginManager: Mounting plugin MatineeToLevelSequence
LogPluginManager: Mounting plugin NetcodeUnitTest
LogPluginManager: Mounting plugin NUTUnrealEngine4
LogPluginManager: Mounting plugin OnlineSubsystemGooglePlay
LogPluginManager: Mounting plugin OnlineSubsystemIOS
LogPluginManager: Mounting plugin OnlineSubsystem
LogPluginManager: Mounting plugin OnlineSubsystemNull
LogPluginManager: Mounting plugin OnlineSubsystemUtils
LogPluginManager: Mounting plugin AndroidDeviceProfileSelector
LogPluginManager: Mounting plugin AndroidMoviePlayer
LogPluginManager: Mounting plugin AndroidPermission
LogPluginManager: Mounting plugin AppleARKit
LogPluginManager: Mounting plugin AppleMoviePlayer
LogPluginManager: Mounting plugin ArchVisCharacter
LogPluginManager: Mounting plugin AudioCapture
LogPluginManager: Mounting plugin CableComponent
LogPluginManager: Mounting plugin CustomMeshComponent
LogPluginManager: Mounting plugin ExampleDeviceProfileSelector
LogPluginManager: Mounting plugin GoogleCloudMessaging
LogPluginManager: Mounting plugin ImmediatePhysics
LogPluginManager: Mounting plugin IOSDeviceProfileSelector
LogPluginManager: Mounting plugin LinuxDeviceProfileSelector
LogPluginManager: Mounting plugin LocationServicesBPLibrary
LogPluginManager: Mounting plugin MobilePatchingUtils
LogPluginManager: Mounting plugin OculusVR
LogPluginManager: Plugin shader directory ../../../Engine/Plugins/Runtime/Oculus/OculusVR/Shaders found
LogPluginManager: Mapping shader source directory ../../../Engine/Plugins/Runtime/Oculus/OculusVR/Shaders to virtual directory /Plugin/OculusVR
LogPluginManager: Mounting plugin PhysXVehicles
LogPluginManager: Mounting plugin ProceduralMeshComponent
LogPluginManager: Mounting plugin RuntimePhysXCooking
LogPluginManager: Mounting plugin SteamVR
LogPluginManager: Mounting plugin WindowsMoviePlayer
LogStreaming: Display: Took  0.802s to configure plugins.
LogInit: Using libcurl 7.47.1
LogInit:  - built for x86_64-pc-win32
LogInit:  - supports SSL with OpenSSL/1.0.2g
LogInit:  - supports HTTP deflate (compression) using libz 1.2.8
LogInit:  - other features:
LogInit:      CURL_VERSION_SSL
LogInit:      CURL_VERSION_LIBZ
LogInit:      CURL_VERSION_IPV6
LogInit:      CURL_VERSION_ASYNCHDNS
LogInit:      CURL_VERSION_LARGEFILE
LogInit:      CURL_VERSION_IDN
LogInit:  CurlRequestOptions (configurable via config and command line):
LogInit:  - bVerifyPeer = false  - Libcurl will NOT verify peer certificate
LogInit:  - bUseHttpProxy = false  - Libcurl will NOT use HTTP proxy
LogInit:  - bDontReuseConnections = false  - Libcurl will reuse connections
LogInit:  - CertBundlePath = nullptr  - Libcurl will use whatever was configured at build time.
LogInit:  - MaxHostConnections = 16  - Libcurl will limit the number of connections to a host
LogInit:  - LocalHostAddr = Default
LogInit: WinSock: version 1.1 (2.2), MaxSocks=32767, MaxUdp=65467
LogInit: WinSock: I am DESKTOP-8AFEPG4 (118.139.29.234:0)
LogInit: Build: ++UE4+Release-4.19-CL-4033788
LogInit: Engine Version: 4.19.2-4033788+++UE4+Release-4.19
LogInit: Compatible Engine Version: 4.19.0-3944462+++UE4+Release-4.19
LogInit: Net CL: 3944462
LogDevObjectVersion: Number of dev versions registered: 18
LogDevObjectVersion:   Dev-Blueprints (B0D832E4-1F89-4F0D-ACCF-7EB736FD4AA2): 10
LogDevObjectVersion:   Dev-Build (E1C64328-A22C-4D53-A36C-8E866417BD8C): 0
LogDevObjectVersion:   Dev-Core (375EC13C-06E4-48FB-B500-84F0262A717E): 2
LogDevObjectVersion:   Dev-Editor (E4B068ED-F494-42E9-A231-DA0B2E46BB41): 23
LogDevObjectVersion:   Dev-Framework (CFFC743F-43B0-4480-9391-14DF171D2073): 33
LogDevObjectVersion:   Dev-Mobile (B02B49B5-BB20-44E9-A304-32B752E40360): 2
LogDevObjectVersion:   Dev-Networking (A4E4105C-59A1-49B5-A7C5-40C4547EDFEE): 0
LogDevObjectVersion:   Dev-Online (39C831C9-5AE6-47DC-9A44-9C173E1C8E7C): 0
LogDevObjectVersion:   Dev-Physics (78F01B33-EBEA-4F98-B9B4-84EACCB95AA2): 0
LogDevObjectVersion:   Dev-Platform (6631380F-2D4D-43E0-8009-CF276956A95A): 0
LogDevObjectVersion:   Dev-Rendering (12F88B9F-8875-4AFC-A67C-D90C383ABD29): 25
LogDevObjectVersion:   Dev-Sequencer (7B5AE74C-D270-4C10-A958-57980B212A5A): 6
LogDevObjectVersion:   Dev-VR (D7296918-1DD6-4BDD-9DE2-64A83CC13884): 1
LogDevObjectVersion:   Dev-LoadTimes (C2A15278-BFE7-4AFE-6C17-90FF531DF755): 1
LogDevObjectVersion:   Private-Geometry (6EACA3D4-40EC-4CC1-B786-8BED09428FC5): 2
LogDevObjectVersion:   Dev-AnimPhys (29E575DD-E0A3-4627-9D10-D276232CDCEA): 16
LogDevObjectVersion:   Dev-ReflectionCapture (6B266CEC-1EC7-4B8F-A30B-E4D90942FC07): 1
LogDevObjectVersion:   Dev-Automation (0DF73D61-A23F-47EA-B727-89E90C41499A): 1
LogInit: Compiled (64-bit): Apr 27 2018 02:06:57
LogInit: Compiled with Visual C++: 19.00.24215.01
LogInit: Build Configuration: Development
LogInit: Branch Name: ++UE4+Release-4.19
LogInit: Command Line:  
LogInit: Base Directory: C:/Program Files/Epic Games/UE_4.19/Engine/Binaries/Win64/
LogInit: Installed Engine Build: 1
LogStreaming: Display: Took  0.003s to delete old logs.
LogInit: Presizing for max 8388607 objects, including 0 objects not considered by GC, pre-allocating 0 bytes for permanent pool.
LogInit: Object subsystem initialized
[2018.10.09-01.14.43:684][  0]LogInit: Selected Device Profile: [Windows]
[2018.10.09-01.14.43:684][  0]LogInit: Applying CVar settings loaded from the selected device profile: [Windows]
[2018.10.09-01.14.43:696][  0]LogInit: Computer: DESKTOP-8AFEPG4
[2018.10.09-01.14.43:696][  0]LogInit: User: Haojun
[2018.10.09-01.14.43:696][  0]LogInit: CPU Page size=4096, Cores=6
[2018.10.09-01.14.43:696][  0]LogInit: High frequency timer resolution =2.156246 MHz
[2018.10.09-01.14.43:696][  0]LogMemory: Memory total: Physical=7.7GB (8GB approx)
[2018.10.09-01.14.43:696][  0]LogMemory: Platform Memory Stats for Windows
[2018.10.09-01.14.43:696][  0]LogMemory: Process Physical Memory: 274.53 MB used, 274.53 MB peak
[2018.10.09-01.14.43:696][  0]LogMemory: Process Virtual Memory: 272.14 MB used, 272.14 MB peak
[2018.10.09-01.14.43:696][  0]LogMemory: Physical Memory: 4741.38 MB used,  3190.51 MB free, 7931.89 MB total
[2018.10.09-01.14.43:696][  0]LogMemory: Virtual Memory: 4821.48 MB used,  3190.51 MB free, 134217728.00 MB total
[2018.10.09-01.14.43:712][  0]LogInit: Using OS detected language (en-US).
[2018.10.09-01.14.43:713][  0]LogInit: Using OS detected locale (en-US).
[2018.10.09-01.14.43:715][  0]LogTextLocalizationManager: No specific localization for 'en-US' exists, so the 'en' localization will be used.
[2018.10.09-01.14.44:080][  0]LogStreaming: Display: Took  0.367s to EndInitTextLocalization.
[2018.10.09-01.14.44:080][  0]LogInit: Setting process to per monitor DPI aware
[2018.10.09-01.14.44:113][  0]LogSlate: New Slate User Created.  User Index 0, Is Virtual User: 0
[2018.10.09-01.14.44:113][  0]LogSlate: Slate User Registered.  User Index 0, Is Virtual User: 0
[2018.10.09-01.14.44:273][  0]LogD3D11RHI: D3D11 adapters:
[2018.10.09-01.14.44:334][  0]LogD3D11RHI:    0. 'NVIDIA GeForce GTX 1050 Ti with Max-Q Design' (Feature Level 11_0)
[2018.10.09-01.14.44:334][  0]LogD3D11RHI:       4021/0/3965 MB DedicatedVideo/DedicatedSystem/SharedSystem, Outputs:1, VendorId:0x10de
[2018.10.09-01.14.44:347][  0]LogD3D11RHI:    1. 'Intel(R) UHD Graphics 630' (Feature Level 11_0)
[2018.10.09-01.14.44:348][  0]LogD3D11RHI:       128/0/3965 MB DedicatedVideo/DedicatedSystem/SharedSystem, Outputs:0, VendorId:0x8086
[2018.10.09-01.14.44:349][  0]LogD3D11RHI:    2. 'Microsoft Basic Render Driver' (Feature Level 11_0)
[2018.10.09-01.14.44:349][  0]LogD3D11RHI:       0/0/3965 MB DedicatedVideo/DedicatedSystem/SharedSystem, Outputs:0, VendorId:0x1414
[2018.10.09-01.14.44:349][  0]LogD3D11RHI: Chosen D3D11 Adapter: 0
[2018.10.09-01.14.44:371][  0]LogD3D11RHI: Creating new Direct3DDevice
[2018.10.09-01.14.44:371][  0]LogD3D11RHI:     GPU DeviceId: 0x1c8c (for the marketing name, search the web for "GPU Device Id")
[2018.10.09-01.14.44:371][  0]LogWindows: EnumDisplayDevices:
[2018.10.09-01.14.44:371][  0]LogWindows:    0. 'Intel(R) UHD Graphics 630' (P:1 D:1)
[2018.10.09-01.14.44:371][  0]LogWindows:    1. 'Intel(R) UHD Graphics 630' (P:0 D:0)
[2018.10.09-01.14.44:372][  0]LogWindows:    2. 'Intel(R) UHD Graphics 630' (P:0 D:0)
[2018.10.09-01.14.44:372][  0]LogWindows: DebugString: GetVideoDriverDetailsInvalid PrimaryIsNotTheChoosenAdapter GetVideoDriverDetailsInvalid PrimaryIsNotTheChoosenAdapter GetVideoDriverDetailsInvalid PrimaryIsNotTheChoosenAdapter FoundDriverCount:0 
[2018.10.09-01.14.44:372][  0]LogD3D11RHI:     Adapter Name: NVIDIA GeForce GTX 1050 Ti with Max-Q Design
[2018.10.09-01.14.44:372][  0]LogD3D11RHI:   Driver Version: Unknown (internal:Unknown, unified:Unknown)
[2018.10.09-01.14.44:372][  0]LogD3D11RHI:      Driver Date: Unknown
[2018.10.09-01.14.44:372][  0]LogRHI: Texture pool is 2814 MB (70% of 4021 MB)
[2018.10.09-01.14.44:405][  0]LogD3D11RHI: [Aftermath] Aftermath enabled and primed
[2018.10.09-01.14.44:405][  0]LogD3D11RHI: [Aftermath] Aftermath enabled and primed
[2018.10.09-01.14.44:405][  0]LogD3D11RHI: Async texture creation enabled
[2018.10.09-01.14.44:423][  0]LogD3D11RHI: GPU Timing Frequency: 1000.000000 (Debug: 2 2)
[2018.10.09-01.14.44:423][  0]LogShaderCompilers: Guid format shader working directory is -34 characters bigger than the processId version (../../../../../../Users/Haojun/Documents/Unreal Projects/FIT3039_Project/FIT3039/Intermediate/Shaders/WorkingDirectory/18368/).
[2018.10.09-01.14.44:423][  0]LogShaderCompilers: Cleaned the shader compiler working directory 'C:/Users/Haojun/AppData/Local/Temp/UnrealShaderWorkingDir/09B632D040F5972B55E74E957507478B/'.
[2018.10.09-01.14.44:601][  0]LogTemp: Display: Loaded TP AllDesktopTargetPlatform
[2018.10.09-01.14.44:613][  0]LogTemp: Display: Loaded TP MacClientTargetPlatform
[2018.10.09-01.14.44:624][  0]LogTemp: Display: Loaded TP MacNoEditorTargetPlatform
[2018.10.09-01.14.44:636][  0]LogTemp: Display: Loaded TP MacServerTargetPlatform
[2018.10.09-01.14.44:648][  0]LogTemp: Display: Loaded TP MacTargetPlatform
[2018.10.09-01.14.44:659][  0]LogTemp: Display: Loaded TP WindowsClientTargetPlatform
[2018.10.09-01.14.44:671][  0]LogTemp: Display: Loaded TP WindowsNoEditorTargetPlatform
[2018.10.09-01.14.44:682][  0]LogTemp: Display: Loaded TP WindowsServerTargetPlatform
[2018.10.09-01.14.44:689][  0]LogTemp: Display: Loaded TP WindowsTargetPlatform
[2018.10.09-01.14.44:699][  0]LogTemp: Display: Loaded TP Android_ASTCTargetPlatform
[2018.10.09-01.14.44:709][  0]LogTemp: Display: Loaded TP Android_ATCTargetPlatform
[2018.10.09-01.14.44:719][  0]LogTemp: Display: Loaded TP Android_DXTTargetPlatform
[2018.10.09-01.14.44:729][  0]LogTemp: Display: Loaded TP Android_ETC1aTargetPlatform
[2018.10.09-01.14.44:739][  0]LogTemp: Display: Loaded TP Android_ETC1TargetPlatform
[2018.10.09-01.14.44:750][  0]LogTemp: Display: Loaded TP Android_ETC2TargetPlatform
[2018.10.09-01.14.44:770][  0]LogTemp: Display: Loaded TP Android_MultiTargetPlatform
[2018.10.09-01.14.44:770][  0]LogTemp: Display: Loaded TP Android_PVRTCTargetPlatform
[2018.10.09-01.14.44:780][  0]LogTemp: Display: Loaded TP AndroidTargetPlatform
[2018.10.09-01.14.44:781][  0]LogTemp: Display: Loaded TP HTML5TargetPlatform
[2018.10.09-01.14.44:816][  0]LogTemp: Display: Loaded TP IOSTargetPlatform
[2018.10.09-01.14.44:826][  0]LogTemp: Display: Loaded TP TVOSTargetPlatform
[2018.10.09-01.14.44:836][  0]LogTemp: Display: Loaded TP LinuxClientTargetPlatform
[2018.10.09-01.14.44:846][  0]LogTemp: Display: Loaded TP LinuxNoEditorTargetPlatform
[2018.10.09-01.14.44:856][  0]LogTemp: Display: Loaded TP LinuxServerTargetPlatform
[2018.10.09-01.14.44:866][  0]LogTemp: Display: Loaded TP LinuxTargetPlatform
[2018.10.09-01.14.44:866][  0]LogTargetPlatformManager: Display: Building Assets For Windows
[2018.10.09-01.14.44:957][  0]LogXGEController: Cleaning working directory: C:/Users/Haojun/AppData/Local/Temp/UnrealXGEWorkingDir/
[2018.10.09-01.14.44:957][  0]LogXGEController: Cannot use XGE Controller as Incredibuild is not installed on this machine.
[2018.10.09-01.14.44:957][  0]LogShaderCompilers: Cannot use XGE Shader Compiler as Incredibuild is not installed on this machine.
[2018.10.09-01.14.44:957][  0]LogShaderCompilers: Display: Using Local Shader Compiler.
[2018.10.09-01.14.45:533][  0]LogDerivedDataCache: Display: Max Cache Size: 512 MB
[2018.10.09-01.14.45:594][  0]LogDerivedDataCache: Loaded boot cache 0.06s 74MB C:/Users/Haojun/AppData/Local/UnrealEngine/4.19/DerivedDataCache/Boot.ddc.
[2018.10.09-01.14.45:594][  0]LogDerivedDataCache: Display: Loaded Boot cache: C:/Users/Haojun/AppData/Local/UnrealEngine/4.19/DerivedDataCache/Boot.ddc
[2018.10.09-01.14.45:594][  0]LogDerivedDataCache: FDerivedDataBackendGraph:  Pak pak cache file ../../../../../../Users/Haojun/Documents/Unreal Projects/FIT3039_Project/FIT3039/DerivedDataCache/DDC.ddp not found, will not use a pak cache.
[2018.10.09-01.14.45:594][  0]LogDerivedDataCache: Unable to find inner node Pak for hierarchical cache Hierarchy.
[2018.10.09-01.14.45:594][  0]LogDerivedDataCache: FDerivedDataBackendGraph:  CompressedPak pak cache file ../../../../../../Users/Haojun/Documents/Unreal Projects/FIT3039_Project/FIT3039/DerivedDataCache/Compressed.ddp not found, will not use a pak cache.
[2018.10.09-01.14.45:594][  0]LogDerivedDataCache: Unable to find inner node CompressedPak for hierarchical cache Hierarchy.
[2018.10.09-01.14.45:607][  0]LogDerivedDataCache: Display: Pak cache opened for reading ../../../Engine/DerivedDataCache/Compressed.ddp.
[2018.10.09-01.14.45:620][  0]LogDerivedDataCache: Using Local data cache path C:/Users/Haojun/AppData/Local/UnrealEngine/Common/DerivedDataCache: Writable
[2018.10.09-01.14.45:620][  0]LogDerivedDataCache: Shared data cache path not found in *engine.ini, will not use an Shared cache.
[2018.10.09-01.14.45:620][  0]LogDerivedDataCache: Unable to find inner node Shared for hierarchical cache Hierarchy.
[2018.10.09-01.14.45:638][  0]LogMaterial: Verifying Global Shaders for PCD3D_SM5
[2018.10.09-01.14.45:638][  0]LogSlate: Using Freetype 2.6.0
[2018.10.09-01.14.45:639][  0]LogSlate: SlateFontCache - WITH_FREETYPE: 1, WITH_HARFBUZZ: 1
[2018.10.09-01.14.45:639][  0]LogSlate: SlateFontCache - WITH_FREETYPE: 1, WITH_HARFBUZZ: 1
[2018.10.09-01.14.45:746][  0]LogAssetRegistry: FAssetRegistry took 0.0265 seconds to start up
[2018.10.09-01.14.46:013][  0]LogInit: Selected Device Profile: [Windows]
[2018.10.09-01.14.46:137][  0]LogSimplygon: Simplygon DLL not present - disabling.
[2018.10.09-01.14.46:139][  0]LogMeshReduction: Using SimplygonSwarm for distributed automatic mesh merging
[2018.10.09-01.14.46:139][  0]LogMeshReduction: Using QuadricMeshReduction for automatic static mesh reduction
[2018.10.09-01.14.46:139][  0]LogMeshReduction: No automatic skeletal mesh reduction module available
[2018.10.09-01.14.46:139][  0]LogMeshReduction: No automatic mesh merging module available
[2018.10.09-01.14.46:139][  0]LogMeshMerging: No automatic mesh merging module available
[2018.10.09-01.14.46:164][  0]LogNetVersion: FIT3039_Project , NetCL: 3944462, EngineNetVer: 2, GameNetVer: 0 (Checksum: 3493369064)
[2018.10.09-01.14.46:570][  0]LogPackageLocalizationCache: Processed 9 localized package path(s) for 2 prioritized culture(s) in 0.066962 seconds
[2018.10.09-01.14.46:575][  0]LogUObjectArray: 36728 objects as part of root set at end of initial load.
[2018.10.09-01.14.46:575][  0]LogUObjectAllocator: 7314304 out of 0 bytes used by permanent object pool.
[2018.10.09-01.14.46:575][  0]LogUObjectArray: CloseDisregardForGC: 0/0 objects in disregard for GC pool
[2018.10.09-01.14.48:032][  0]LogTcpMessaging: Initializing TcpMessaging bridge
[2018.10.09-01.14.48:058][  0]LogUdpMessaging: Initializing bridge on interface 0.0.0.0:0 to multicast group 230.0.0.1:6666.
[2018.10.09-01.14.48:354][  0]SourceControl: Source control is disabled
[2018.10.09-01.14.48:354][  0]SourceControl: Source control is disabled
[2018.10.09-01.14.48:369][  0]SourceControl: Source control is disabled
[2018.10.09-01.14.48:385][  0]SourceControl: Source control is disabled
[2018.10.09-01.14.48:818][  0]LogAndroidPermission: UAndroidPermissionCallbackProxy::GetInstance
[2018.10.09-01.14.48:936][  0]LogOcInput: OculusInput pre-init called
[2018.10.09-01.14.49:026][  0]LogEngine: Initializing Engine...
[2018.10.09-01.14.49:027][  0]LogHMD: Failed to initialize OpenVR with code 110
[2018.10.09-01.14.49:028][  0]LogStats: UGameplayTagsManager::ConstructGameplayTagTree: Construct from data asset -  0.000 s
[2018.10.09-01.14.49:029][  0]LogStats: UGameplayTagsManager::ConstructGameplayTagTree: GameplayTagTreeChangedEvent.Broadcast -  0.000 s
[2018.10.09-01.14.49:221][  0]LogAIModule: Creating AISystem for world Untitled
[2018.10.09-01.14.49:282][  0]LogInit: XAudio2 using 'Speakers/Headphones (Realtek(R) Audio)' : 2 channels at 48 kHz using 32 bits per sample (channel mask 0x3)
[2018.10.09-01.14.49:291][  0]LogInit: FAudioDevice initialized.
[2018.10.09-01.14.49:344][  0]LogDerivedDataCache: Saved boot cache 0.05s 74MB C:/Users/Haojun/AppData/Local/UnrealEngine/4.19/DerivedDataCache/Boot.ddc.
[2018.10.09-01.14.49:359][  0]LogInit: Texture streaming: Enabled
[2018.10.09-01.14.49:373][  0]LogEngineSessionManager: EngineSessionManager initialized
[2018.10.09-01.14.49:373][  0]LogEngineSessionManager: EngineSessionManager sent abnormal shutdown report. Type=Crashed, SessionId={AF6420DE-4380-ED04-BD9C-2FA39457B696}
[2018.10.09-01.14.49:385][  0]LogInit: Transaction tracking system initialized
[2018.10.09-01.14.49:404][  0]BlueprintLog: New page: Editor Load
[2018.10.09-01.14.49:463][  0]LocalizationService: Localization service is disabled
[2018.10.09-01.14.49:544][  0]LogConsoleResponse: Display: 
[2018.10.09-01.14.49:675][  0]LogCook: Display: Max memory allowance for cook 16384mb min free memory 0mb
[2018.10.09-01.14.49:675][  0]LogCook: Display: Mobile HDR setting 1
[2018.10.09-01.14.49:675][  0]LogGameplayTags: Display: UGameplayTagsManager::DoneAddingNativeTags. DelegateIsBound: 0
[2018.10.09-01.14.49:675][  0]LogStats: UGameplayTagsManager::ConstructGameplayTagTree: Construct from data asset -  0.000 s
[2018.10.09-01.14.49:675][  0]LogStats: UGameplayTagsManager::ConstructGameplayTagTree: GameplayTagTreeChangedEvent.Broadcast -  0.000 s
[2018.10.09-01.14.49:727][  0]LogFileCache: Scanning file cache for directory 'C:/Users/Haojun/Documents/Unreal Projects/FIT3039_Project/FIT3039/Content/' took 0.01s
[2018.10.09-01.14.49:963][  0]SourceControl: Source control is disabled
[2018.10.09-01.14.49:963][  0]Cmd: MAP LOAD FILE="../../../../../../Users/Haojun/Documents/Unreal Projects/FIT3039_Project/FIT3039/Content/ThirdPersonBP/Maps/ThirdPersonExampleMap.umap" TEMPLATE=0 SHOWPROGRESS=1 FEATURELEVEL=3
[2018.10.09-01.14.49:964][  0]LogEditorServer: Warning: Can't find file '../../../../../../Users/Haojun/Documents/Unreal Projects/FIT3039_Project/FIT3039/Content/ThirdPersonBP/Maps/ThirdPersonExampleMap.umap'
[2018.10.09-01.14.49:964][  0]Cmd: MAP CHECKDEP NOCLEARLOG
[2018.10.09-01.14.50:006][  0]MapCheck: Map check complete: 0 Error(s), 0 Warning(s), took 42.019ms to complete.
[2018.10.09-01.14.50:006][  0]LogFileHelpers: Loading map 'ThirdPersonExampleMap' took 0.042
[2018.10.09-01.14.50:143][  0]LogCollectionManager: Loaded 0 collections in 0.001446 seconds
[2018.10.09-01.14.50:197][  0]LogFileCache: Scanning file cache for directory 'C:/Users/Haojun/Documents/Unreal Projects/FIT3039_Project/FIT3039/Saved/Collections/' took 0.01s
[2018.10.09-01.14.50:198][  0]LogFileCache: Scanning file cache for directory 'C:/Users/Haojun/Documents/Unreal Projects/FIT3039_Project/FIT3039/Content/Developers/Haojun/Collections/' took 0.01s
[2018.10.09-01.14.50:198][  0]LogFileCache: Scanning file cache for directory 'C:/Users/Haojun/Documents/Unreal Projects/FIT3039_Project/FIT3039/Content/Collections/' took 0.01s
[2018.10.09-01.14.50:198][  0]LogCollectionManager: Rebuilt the GUID cache for 0 collections in 0.000000 seconds
[2018.10.09-01.14.50:210][  0]LogContentBrowser: Native class hierarchy populated in 0.0122 seconds. Added 2452 classes and 558 folders.
[2018.10.09-01.14.50:218][  0]LogContentBrowser: Native class hierarchy updated for 'WidgetCarousel' in 0.0002 seconds. Added 0 classes and 0 folders.
[2018.10.09-01.14.50:255][  0]LogContentBrowser: Native class hierarchy updated for 'AddContentDialog' in 0.0002 seconds. Added 0 classes and 0 folders.
[2018.10.09-01.14.50:258][  0]LogContentBrowser: Native class hierarchy updated for 'SceneOutliner' in 0.0002 seconds. Added 1 classes and 2 folders.
[2018.10.09-01.14.50:272][  0]LogSlate: Took 0.000167 seconds to synchronously load lazily loaded font '../../../Engine/Content/Slate/Fonts/Roboto-Regular.ttf' (155K)
[2018.10.09-01.14.50:274][  0]LogSlate: Took 0.000200 seconds to synchronously load lazily loaded font '../../../Engine/Content/Slate/Fonts/Roboto-Bold.ttf' (160K)
[2018.10.09-01.14.50:279][  0]LogSlate: Took 0.000141 seconds to synchronously load lazily loaded font '../../../Engine/Content/Editor/Slate/Fonts/FontAwesome.ttf' (139K)
[2018.10.09-01.14.50:357][  0]LogRenderer: Reallocating scene render targets to support 820x544 Format 10 NumSamples 1 (Frame:1).
[2018.10.09-01.14.50:519][  0]LogContentBrowser: Native class hierarchy updated for 'HierarchicalLODOutliner' in 0.0003 seconds. Added 0 classes and 0 folders.
[2018.10.09-01.14.50:519][  0]LogLoad: (Engine Initialization) Total time: 9.08 seconds
[2018.10.09-01.14.50:519][  0]LogLoad: (Engine Initialization) Total Blueprint compile time: 0.00 seconds
[2018.10.09-01.14.50:539][  0]LogWindowsTextInputMethodSystem: Display: IME system now activated using TSF (搜狗拼音输入法).
[2018.10.09-01.14.50:576][  0]LogContentStreaming: Texture pool size now 1000 MB
[2018.10.09-01.14.50:604][  1]LogFileCache: Retrieving MD5 hashes for directory 'C:/Users/Haojun/Documents/Unreal Projects/FIT3039_Project/FIT3039/Content/' took 0.05s
[2018.10.09-01.14.50:615][  1]LogAssetRegistry: Asset discovery search completed in 4.8908 seconds
[2018.10.09-01.14.50:616][  1]LogCollectionManager: Rebuilt the object cache for 0 collections in 0.000000 seconds (found 0 objects)
[2018.10.09-01.14.50:616][  1]LogCollectionManager: Fixed up redirectors for 0 collections in 0.000046 seconds (updated 0 objects)
[2018.10.09-01.14.54:608][467]LogSlate: Took 0.000124 seconds to synchronously load lazily loaded font '../../../Engine/Content/Slate/Fonts/Roboto-Light.ttf' (167K)
[2018.10.09-01.15.03:774][564]LogSlate: FSceneViewport::OnFocusLost() reason 2
[2018.10.09-01.15.07:560][ 15]LogSlate: Took 0.000173 seconds to synchronously load lazily loaded font '../../../Engine/Content/Slate/Fonts/Roboto-Light.ttf' (167K)
[2018.10.09-01.15.07:610][ 15]LogUObjectGlobals: Created PersistentFrame Addr=0x000001aa9713f740, Size=64, Default__ThirdPerson_AnimBP_C Function /Game/Mannequin/Animations/ThirdPerson_AnimBP.ThirdPerson_AnimBP_C:ExecuteUbergraph_ThirdPerson_AnimBP
[2018.10.09-01.15.07:618][ 15]LogUObjectGlobals: Destroyed PersistentFrame Addr=0x000001aa9713f740, Size=64
[2018.10.09-01.15.07:618][ 15]LogUObjectGlobals: Created PersistentFrame Addr=0x000001aad25e0580, Size=64, Default__ThirdPerson_AnimBP_C Function /Engine/Transient.REINST_ThirdPerson_AnimBP_C_0:ExecuteUbergraph_ThirdPerson_AnimBP
[2018.10.09-01.15.07:625][ 15]LogUObjectGlobals: Created PersistentFrame Addr=0x000001aad2337c40, Size=72, Default__ThirdPerson_AnimBP_C Function /Game/Mannequin/Animations/ThirdPerson_AnimBP.ThirdPerson_AnimBP_C:ExecuteUbergraph_ThirdPerson_AnimBP
[2018.10.09-01.15.07:656][ 15]LogUObjectGlobals: Created PersistentFrame Addr=0x000001aad22f2160, Size=208, Default__BodyGuard_C Function /Game/AI/BodyGuard.BodyGuard_C:ExecuteUbergraph_BodyGuard
[2018.10.09-01.15.07:659][ 15]LogUObjectGlobals: Destroyed PersistentFrame Addr=0x000001aad22f2160, Size=208
[2018.10.09-01.15.07:659][ 15]LogUObjectGlobals: Created PersistentFrame Addr=0x000001aad22f2160, Size=208, Default__BodyGuard_C Function /Engine/Transient.REINST_BodyGuard_C_4:ExecuteUbergraph_BodyGuard
[2018.10.09-01.15.07:663][ 15]LogUObjectGlobals: Created PersistentFrame Addr=0x000001aad2282320, Size=208, Default__BodyGuard_C Function /Game/AI/BodyGuard.BodyGuard_C:ExecuteUbergraph_BodyGuard
[2018.10.09-01.15.07:726][ 15]LogUObjectGlobals: Created PersistentFrame Addr=0x000001aad2229e40, Size=296, Default__ThirdPersonCharacter_C Function /Game/ThirdPersonBP/Blueprints/ThirdPersonCharacter.ThirdPersonCharacter_C:ExecuteUbergraph_ThirdPersonCharacter
[2018.10.09-01.15.07:731][ 15]LogUObjectGlobals: Destroyed PersistentFrame Addr=0x000001aad2229e40, Size=296
[2018.10.09-01.15.07:731][ 15]LogUObjectGlobals: Created PersistentFrame Addr=0x000001aad2229e40, Size=296, Default__ThirdPersonCharacter_C Function /Engine/Transient.REINST_ThirdPersonCharacter_C_8:ExecuteUbergraph_ThirdPersonCharacter
[2018.10.09-01.15.07:736][ 15]LogUObjectGlobals: Created PersistentFrame Addr=0x000001aad2228a40, Size=296, Default__ThirdPersonCharacter_C Function /Game/ThirdPersonBP/Blueprints/ThirdPersonCharacter.ThirdPersonCharacter_C:ExecuteUbergraph_ThirdPersonCharacter
[2018.10.09-01.15.07:743][ 15]LogUObjectGlobals: Created PersistentFrame Addr=0x000001aad1f27d60, Size=224, Default__BP_Camera_C Function /Game/ThirdPersonBP/Blueprints/BP_Camera.BP_Camera_C:ExecuteUbergraph_BP_Camera
[2018.10.09-01.15.07:745][ 15]LogUObjectGlobals: Destroyed PersistentFrame Addr=0x000001aad1f27d60, Size=224
[2018.10.09-01.15.07:745][ 15]LogUObjectGlobals: Created PersistentFrame Addr=0x000001aad1f27d60, Size=224, Default__BP_Camera_C Function /Engine/Transient.REINST_BP_Camera_C_10:ExecuteUbergraph_BP_Camera
[2018.10.09-01.15.07:746][ 15]LogUObjectGlobals: Created PersistentFrame Addr=0x000001aad1f26860, Size=224, Default__BP_Camera_C Function /Game/ThirdPersonBP/Blueprints/BP_Camera.BP_Camera_C:ExecuteUbergraph_BP_Camera
[2018.10.09-01.15.07:789][ 15]LogUObjectGlobals: Created PersistentFrame Addr=0x000001aaa7481d00, Size=400, Default__Level_C Function /Game/ThirdPersonBP/Maps/Level_2.Level_C:ExecuteUbergraph_Level_2
[2018.10.09-01.15.07:793][ 15]LogUObjectGlobals: Destroyed PersistentFrame Addr=0x000001aaa7481d00, Size=400
[2018.10.09-01.15.07:793][ 15]LogUObjectGlobals: Created PersistentFrame Addr=0x000001aaa7481d00, Size=400, Default__Level_C Function /Engine/Transient.REINST_Level_C_17:ExecuteUbergraph_Level_2
[2018.10.09-01.15.07:797][ 15]LogBlueprint: Warning: [Compiler PersistentLevel.Level_2] Node  Unknown  is not referencing a valid level actor
[2018.10.09-01.15.07:798][ 15]LogUObjectGlobals: Created PersistentFrame Addr=0x000001aaa981b3c0, Size=400, Default__Level_C Function /Game/ThirdPersonBP/Maps/Level_2.Level_C:ExecuteUbergraph_Level_2
[2018.10.09-01.15.07:799][ 15]LogBlueprint: Warning: [Compiler PersistentLevel.Level_2] [0026.36] Compile of PersistentLevel.Level_2 successful, but with 1 Warning(s) [in 7 ms] (/Game/ThirdPersonBP/Maps/Level_2.Level_2:PersistentLevel.Level_2)
[2018.10.09-01.15.08:042][ 15]LogSkeletalMesh: Skeletal Mesh found in DDC [9.964540ms] /Game/Mannequin/Character/Mesh/SK_Mannequin.SK_Mannequin
[2018.10.09-01.15.08:048][ 15]LogAIModule: Creating AISystem for world Level_2
[2018.10.09-01.15.08:080][ 15]LogUObjectGlobals: Destroyed PersistentFrame Addr=0x000001aad25e0580, Size=64
[2018.10.09-01.15.08:081][ 15]LogUObjectGlobals: Destroyed PersistentFrame Addr=0x000001aad22f2160, Size=208
[2018.10.09-01.15.08:081][ 15]LogUObjectGlobals: Destroyed PersistentFrame Addr=0x000001aad2229e40, Size=296
[2018.10.09-01.15.08:081][ 15]LogUObjectGlobals: Destroyed PersistentFrame Addr=0x000001aad1f27d60, Size=224
[2018.10.09-01.15.08:081][ 15]LogUObjectGlobals: Destroyed PersistentFrame Addr=0x000001aaa7481d00, Size=400
[2018.10.09-01.15.08:082][ 15]Cmd: MAP LOAD FILE="../../../../../../Users/Haojun/Documents/Unreal Projects/FIT3039_Project/FIT3039/Content/ThirdPersonBP/Maps/Level_2.umap" TEMPLATE=0 SHOWPROGRESS=1 FEATURELEVEL=3
[2018.10.09-01.15.08:083][ 15]LightingResults: New page: Lighting Build
[2018.10.09-01.15.08:085][ 15]LogContentBrowser: Native class hierarchy updated for 'StatsViewer' in 0.0002 seconds. Added 5 classes and 0 folders.
[2018.10.09-01.15.08:085][ 15]LoadErrors: New page: Loading map: Level_2.umap
[2018.10.09-01.15.08:086][ 15]MapCheck: New page: Map Check
[2018.10.09-01.15.08:086][ 15]LightingResults: New page: Lighting Build
[2018.10.09-01.15.08:110][ 15]LogEditorServer: Finished looking for orphan Actors (0.000 secs)
[2018.10.09-01.15.08:150][ 15]Cmd: MAP CHECKDEP NOCLEARLOG
[2018.10.09-01.15.08:207][ 15]MapCheck: Map check complete: 0 Error(s), 0 Warning(s), took 56.919ms to complete.
[2018.10.09-01.15.08:207][ 15]LogFileHelpers: Loading map 'Level_2' took 0.125
[2018.10.09-01.15.10:414][271]LogSlate: FSceneViewport::OnFocusLost() reason 2
[2018.10.09-01.15.23:466][707]LogContentBrowser: Native class hierarchy updated for 'BlueprintGraph' in 0.0005 seconds. Added 116 classes and 0 folders.
[2018.10.09-01.15.23:699][707]LogUObjectGlobals: Created PersistentFrame Addr=0x000001aac78cc5a0, Size=4, Default__SKEL_PROTO_BP_AnimBlueprint_0_C Function /Engine/Transient.SKEL_PROTO_BP_AnimBlueprint_0_C:ExecuteUbergraph_PROTO_BP_AnimBlueprint_0
[2018.10.09-01.15.23:699][707]LogUObjectGlobals: Created PersistentFrame Addr=0x000001aac78cc598, Size=4, Default__PROTO_BP_AnimBlueprint_0_C Function /Engine/Transient.PROTO_BP_AnimBlueprint_0_C:ExecuteUbergraph_PROTO_BP_AnimBlueprint_0
[2018.10.09-01.15.23:999][707]LogSlate: Took 0.000166 seconds to synchronously load lazily loaded font '../../../Engine/Content/Slate/Fonts/Roboto-BoldCondensed.ttf' (158K)
[2018.10.09-01.15.24:111][708]LogSlate: Took 0.000218 seconds to synchronously load lazily loaded font '../../../Engine/Content/Slate/Fonts/Roboto-Italic.ttf' (157K)
[2018.10.09-01.15.25:263][802]LogSlate: Window 'Level - Level Blueprint Editor' being destroyed
[2018.10.09-01.15.25:275][803]LogRenderer: Reallocating scene render targets to support 1024x680 Format 10 NumSamples 1 (Frame:1320).
[2018.10.09-01.15.27:760][ 95]LogUObjectGlobals: Created PersistentFrame Addr=0x000001ab194680f0, Size=4, Default__SKEL_Level_2_C Function /Game/ThirdPersonBP/Maps/Level_2.SKEL_Level_2_C:ExecuteUbergraph_Level_2
[2018.10.09-01.15.43:512][961]LogUObjectGlobals: Destroyed PersistentFrame Addr=0x000001ab194680f0, Size=4
[2018.10.09-01.15.43:512][961]LogUObjectGlobals: Created PersistentFrame Addr=0x000001aac2709598, Size=4, Default__SKEL_Level_2_C Function /Engine/Transient.REINST_SKEL_Level_2_C_35:ExecuteUbergraph_Level_2
[2018.10.09-01.15.43:515][961]LogUObjectGlobals: Created PersistentFrame Addr=0x000001aac27096a0, Size=4, Default__SKEL_Level_2_C Function /Game/ThirdPersonBP/Maps/Level_2.SKEL_Level_2_C:ExecuteUbergraph_Level_2
[2018.10.09-01.15.48:315][526]BlueprintLog: New page: Compile Level_2
[2018.10.09-01.15.48:326][526]LogUObjectGlobals: Destroyed PersistentFrame Addr=0x000001aac27096a0, Size=4
[2018.10.09-01.15.48:326][526]LogUObjectGlobals: Created PersistentFrame Addr=0x000001aadbf1c3b0, Size=4, Default__SKEL_Level_2_C Function /Engine/Transient.REINST_SKEL_Level_2_C_37:ExecuteUbergraph_Level_2
[2018.10.09-01.15.48:334][526]LogUObjectGlobals: Destroyed PersistentFrame Addr=0x000001aaa981b3c0, Size=400
[2018.10.09-01.15.48:334][526]LogUObjectGlobals: Created PersistentFrame Addr=0x000001aadbe06e80, Size=400, Default__Level_C Function /Engine/Transient.REINST_Level_C_39:ExecuteUbergraph_Level_2
[2018.10.09-01.15.48:339][526]LogUObjectGlobals: Created PersistentFrame Addr=0x000001aaa981a940, Size=392, Default__Level_C Function /Game/ThirdPersonBP/Maps/Level_2.Level_C:ExecuteUbergraph_Level_2
[2018.10.09-01.15.48:428][526]LogUObjectGlobals: Destroyed PersistentFrame Addr=0x000001aac2709598, Size=4
[2018.10.09-01.15.48:428][526]LogUObjectGlobals: Destroyed PersistentFrame Addr=0x000001aadbf1c3b0, Size=4
[2018.10.09-01.15.50:347][747]LogTemp: Repeating last play command: New Editor Window (PIE)
[2018.10.09-01.15.50:364][747]LogBlueprintUserMessages: Early PlayInEditor Detection: Level '/Game/ThirdPersonBP/Maps/Level_2.Level_2:PersistentLevel' has LevelScriptBlueprint '/Game/ThirdPersonBP/Maps/Level_2.Level_2:PersistentLevel.Level_2' with GeneratedClass '/Game/ThirdPersonBP/Maps/Level_2.Level_C' with ClassGeneratedBy '/Game/ThirdPersonBP/Maps/Level_2.Level_2:PersistentLevel.Level_2'
[2018.10.09-01.15.50:364][747]LogPlayLevel: PlayLevel: No blueprints needed recompiling
[2018.10.09-01.15.50:365][747]PIE: New page: PIE session: Level_2 (Oct 9, 2018, 11:15:50 PM)
[2018.10.09-01.15.50:365][747]LogPlayLevel: Creating play world package: /Game/ThirdPersonBP/Maps/UEDPIE_0_Level_2
[2018.10.09-01.15.50:378][747]LogPlayLevel: PIE: StaticDuplicateObject took: (0.013189s)
[2018.10.09-01.15.50:379][747]LogAIModule: Creating AISystem for world Level_2
[2018.10.09-01.15.50:379][747]LogPlayLevel: PIE: World Init took: (0.000816s)
[2018.10.09-01.15.50:379][747]LogPlayLevel: PIE: Created PIE world by copying editor world from /Game/ThirdPersonBP/Maps/Level_2.Level_2 to /Game/ThirdPersonBP/Maps/UEDPIE_0_Level_2.Level_2 (0.014197s)
[2018.10.09-01.15.50:392][747]LogUObjectGlobals: Destroyed PersistentFrame Addr=0x000001aadbe06e80, Size=400
[2018.10.09-01.15.50:395][747]LogInit: XAudio2 using 'Speakers/Headphones (Realtek(R) Audio)' : 2 channels at 48 kHz using 32 bits per sample (channel mask 0x3)
[2018.10.09-01.15.50:400][747]LogInit: FAudioDevice initialized.
[2018.10.09-01.15.50:492][747]LogLoad: Game class is 'ThirdPersonGameMode_C'
[2018.10.09-01.15.50:500][747]LogWorld: Bringing World /Game/ThirdPersonBP/Maps/UEDPIE_0_Level_2.Level_2 up for play (max tick rate 0) at 2018.10.09-12.15.50
[2018.10.09-01.15.50:501][747]LogWorld: Bringing up level for play took: 0.007763
[2018.10.09-01.15.50:506][747]LogContentBrowser: Native class hierarchy updated for 'MovieSceneCapture' in 0.0002 seconds. Added 11 classes and 0 folders.
[2018.10.09-01.15.50:511][747]PIE: Play in editor start time for /Game/ThirdPersonBP/Maps/UEDPIE_0_Level_2 -0.337
[2018.10.09-01.15.50:512][747]LogBlueprintUserMessages: Late PlayInEditor Detection: Level '/Game/ThirdPersonBP/Maps/Level_2.Level_2:PersistentLevel' has LevelScriptBlueprint '/Game/ThirdPersonBP/Maps/Level_2.Level_2:PersistentLevel.Level_2' with GeneratedClass '/Game/ThirdPersonBP/Maps/Level_2.Level_C' with ClassGeneratedBy '/Game/ThirdPersonBP/Maps/Level_2.Level_2:PersistentLevel.Level_2'
[2018.10.09-01.15.55:679][282]LogBlueprintUserMessages: [BP_Camera2_6782] Gotcha
[2018.10.09-01.15.55:679][282]LogBlueprintUserMessages: [BP_Camera2_6782] true
[2018.10.09-01.15.55:978][317]LogBlueprintUserMessages: [BP_Camera4_9586] Gotcha
[2018.10.09-01.15.55:978][317]LogBlueprintUserMessages: [BP_Camera4_9586] true
[2018.10.09-01.16.00:956][912]LogBlueprintUserMessages: [BP_Camera_5202] Gotcha
[2018.10.09-01.16.00:956][912]LogBlueprintUserMessages: [BP_Camera_5202] true
[2018.10.09-01.16.06:008][517]LogBlueprintUserMessages: [BP_Camera3_8146] Gotcha
[2018.10.09-01.16.06:008][517]LogBlueprintUserMessages: [BP_Camera3_8146] true
[2018.10.09-01.16.08:363][798]LogBlueprintUserMessages: [BP_Camera_5202] Gotcha
[2018.10.09-01.16.08:363][798]LogBlueprintUserMessages: [BP_Camera_5202] true
[2018.10.09-01.16.09:471][930]LogBlueprintUserMessages: [BP_Camera3_8146] Gotcha
[2018.10.09-01.16.09:471][930]LogBlueprintUserMessages: [BP_Camera3_8146] true
[2018.10.09-01.16.09:479][931]LogBlueprintUserMessages: [BP_Camera3_8146] Gotcha
[2018.10.09-01.16.09:479][931]LogBlueprintUserMessages: [BP_Camera3_8146] true
[2018.10.09-01.16.10:889][100]LogBlueprintUserMessages: [BodyGuard2_45] Chasing
[2018.10.09-01.16.11:566][180]LogBlueprintUserMessages: [BP_Camera_5202] Gotcha
[2018.10.09-01.16.11:566][180]LogBlueprintUserMessages: [BP_Camera_5202] true
[2018.10.09-01.16.11:893][219]LogBlueprintUserMessages: [BodyGuard2_45] Chasing
[2018.10.09-01.16.12:392][279]LogBlueprintUserMessages: [BodyGuard2_45] Chasing
[2018.10.09-01.16.12:409][281]LogBlueprintUserMessages: [BP_Camera4_9586] Gotcha
[2018.10.09-01.16.12:409][281]LogBlueprintUserMessages: [BP_Camera4_9586] true
[2018.10.09-01.16.13:395][399]LogBlueprintUserMessages: [BodyGuard2_45] Chasing
[2018.10.09-01.16.13:745][441]LogBlueprintUserMessages: [BodyGuard_29] Chasing
[2018.10.09-01.16.13:895][459]LogBlueprintUserMessages: [BodyGuard2_45] Chasing
[2018.10.09-01.16.14:396][519]LogBlueprintUserMessages: [BodyGuard2_45] Chasing
[2018.10.09-01.16.14:895][579]LogBlueprintUserMessages: [BodyGuard2_45] Chasing
[2018.10.09-01.16.15:245][621]LogBlueprintUserMessages: [BodyGuard_29] Chasing
[2018.10.09-01.16.15:396][639]LogBlueprintUserMessages: [BodyGuard2_45] Chasing
[2018.10.09-01.16.15:899][699]LogBlueprintUserMessages: [BodyGuard2_45] Chasing
[2018.10.09-01.16.16:082][721]LogBlueprintUserMessages: [BP_Camera4_9586] Gotcha
[2018.10.09-01.16.16:082][721]LogBlueprintUserMessages: [BP_Camera4_9586] true
[2018.10.09-01.16.16:251][741]LogBlueprintUserMessages: [BodyGuard_29] Chasing
[2018.10.09-01.16.16:752][801]LogBlueprintUserMessages: [BodyGuard_29] Chasing
[2018.10.09-01.16.16:904][819]LogBlueprintUserMessages: [BodyGuard2_45] Chasing
[2018.10.09-01.16.17:328][870]LogBlueprintUserMessages: [BP_Camera4_9586] Gotcha
[2018.10.09-01.16.17:328][870]LogBlueprintUserMessages: [BP_Camera4_9586] true
[2018.10.09-01.16.17:404][879]LogBlueprintUserMessages: [BodyGuard2_45] Chasing
[2018.10.09-01.16.17:428][882]LogBlueprintUserMessages: [BP_Camera4_9586] Gotcha
[2018.10.09-01.16.17:428][882]LogBlueprintUserMessages: [BP_Camera4_9586] true
[2018.10.09-01.16.19:821][169]LogBlueprintUserMessages: [BP_Camera2_6782] Gotcha
[2018.10.09-01.16.19:821][169]LogBlueprintUserMessages: [BP_Camera2_6782] true
[2018.10.09-01.16.23:931][658]LogBlueprintUserMessages: [BP_Camera2_6782] Gotcha
[2018.10.09-01.16.23:931][658]LogBlueprintUserMessages: [BP_Camera2_6782] true
[2018.10.09-01.16.28:100][152]LogBlueprintUserMessages: Early EndPlayMap Detection: Level '/Game/ThirdPersonBP/Maps/Level_2.Level_2:PersistentLevel' has LevelScriptBlueprint '/Game/ThirdPersonBP/Maps/Level_2.Level_2:PersistentLevel.Level_2' with GeneratedClass '/Game/ThirdPersonBP/Maps/Level_2.Level_C' with ClassGeneratedBy '/Game/ThirdPersonBP/Maps/Level_2.Level_2:PersistentLevel.Level_2'
[2018.10.09-01.16.28:119][152]LogSlate: Window 'FIT3039_Project Game Preview Standalone (64-bit/PCD3D_SM5)' being destroyed
[2018.10.09-01.16.28:163][152]LogBlueprintUserMessages: Late EndPlayMap Detection: Level '/Game/ThirdPersonBP/Maps/Level_2.Level_2:PersistentLevel' has LevelScriptBlueprint '/Game/ThirdPersonBP/Maps/Level_2.Level_2:PersistentLevel.Level_2' with GeneratedClass '/Game/ThirdPersonBP/Maps/Level_2.Level_C' with ClassGeneratedBy '/Game/ThirdPersonBP/Maps/Level_2.Level_2:PersistentLevel.Level_2'
[2018.10.09-01.16.29:958][353]LogUObjectGlobals: Destroyed PersistentFrame Addr=0x000001aaa981a940, Size=392
[2018.10.09-01.16.29:958][353]LogUObjectGlobals: Created PersistentFrame Addr=0x000001ab191702c0, Size=392, Default__Level_C Function /Engine/Transient.REINST_Level_C_43:ExecuteUbergraph_Level_2
[2018.10.09-01.16.29:963][353]LogUObjectGlobals: Created PersistentFrame Addr=0x000001aaa981b200, Size=392, Default__Level_C Function /Game/ThirdPersonBP/Maps/Level_2.Level_C:ExecuteUbergraph_Level_2
[2018.10.09-01.16.30:287][353]LogSavePackage: Save=344.44ms
[2018.10.09-01.16.30:287][353]LogSavePackage: Moving '../../../../../../Users/Haojun/Documents/Unreal Projects/FIT3039_Project/FIT3039/Saved/Level_2D18D694A493DE64F4B920CA8CEE02B82.tmp' to '../../../../../../Users/Haojun/Documents/Unreal Projects/FIT3039_Project/FIT3039/Content/ThirdPersonBP/Maps/Level_2.umap'
[2018.10.09-01.16.30:294][353]LogSavePackage: Display: Finished SavePackage ../../../../../../Users/Haojun/Documents/Unreal Projects/FIT3039_Project/FIT3039/Content/ThirdPersonBP/Maps/Level_2.umap
[2018.10.09-01.16.30:611][353]LogSavePackage: Save=267.65ms
[2018.10.09-01.16.30:611][353]LogSavePackage: Moving '../../../../../../Users/Haojun/Documents/Unreal Projects/FIT3039_Project/FIT3039/Saved/Level_2_BuiltDataA9C8B69641F29CC49579989564AB04A8.tmp' to '../../../../../../Users/Haojun/Documents/Unreal Projects/FIT3039_Project/FIT3039/Content/ThirdPersonBP/Maps/Level_2_BuiltData.uasset'
[2018.10.09-01.16.30:612][353]LogSavePackage: Display: Finished SavePackage ../../../../../../Users/Haojun/Documents/Unreal Projects/FIT3039_Project/FIT3039/Content/ThirdPersonBP/Maps/Level_2_BuiltData.uasset
[2018.10.09-01.16.38:131][ 81]LogUObjectGlobals: Destroyed PersistentFrame Addr=0x000001ab191702c0, Size=392
[2018.10.09-01.16.38:212][ 81]LogSlate: Window 'FIT3039_Project - Unreal Editor' being destroyed
[2018.10.09-01.16.38:213][ 81]LogWindowsTextInputMethodSystem: Display: IME system now activated using TSF (搜狗拼音输入法).
[2018.10.09-01.16.38:399][ 82]Cmd: QUIT_EDITOR
[2018.10.09-01.16.38:843][ 82]LogSlate: Slate User Destroyed.  User Index 0, Is Virtual User: 0
[2018.10.09-01.16.38:843][ 82]LogExit: Preparing to exit.
[2018.10.09-01.16.39:155][ 82]LogDirectoryWatcher: A directory notification for 'C:/Users/Haojun/Documents/Unreal Projects/FIT3039_Project/FIT3039/Content/' was aborted.
[2018.10.09-01.16.39:196][ 82]LogExit: Editor shut down
[2018.10.09-01.16.39:198][ 82]LogExit: Transaction tracking system shut down
[2018.10.09-01.16.39:199][ 82]LogUObjectGlobals: Destroyed PersistentFrame Addr=0x000001aad2337c40, Size=72
[2018.10.09-01.16.39:199][ 82]LogUObjectGlobals: Destroyed PersistentFrame Addr=0x000001aad2282320, Size=208
[2018.10.09-01.16.39:199][ 82]LogUObjectGlobals: Destroyed PersistentFrame Addr=0x000001aad2228a40, Size=296
[2018.10.09-01.16.39:199][ 82]LogUObjectGlobals: Destroyed PersistentFrame Addr=0x000001aad1f26860, Size=224
[2018.10.09-01.16.39:201][ 82]LogUObjectGlobals: Destroyed PersistentFrame Addr=0x000001aac78cc5a0, Size=4
[2018.10.09-01.16.39:201][ 82]LogUObjectGlobals: Destroyed PersistentFrame Addr=0x000001aac78cc598, Size=4
[2018.10.09-01.16.39:202][ 82]LogUObjectGlobals: Destroyed PersistentFrame Addr=0x000001aaa981b200, Size=392
[2018.10.09-01.16.39:380][ 82]LogDirectoryWatcher: A directory notification for '../../../Engine/Content/' was aborted.
[2018.10.09-01.16.39:380][ 82]LogDirectoryWatcher: A directory notification for '../../../../../../Users/Haojun/Documents/Unreal Projects/FIT3039_Project/FIT3039/Content/' was aborted.
[2018.10.09-01.16.39:380][ 82]LogDirectoryWatcher: A directory notification for '../../Plugins/2D/Paper2D/Content/' was aborted.
[2018.10.09-01.16.39:380][ 82]LogDirectoryWatcher: A directory notification for '../../Plugins/Enterprise/DatasmithContent/Content/' was aborted.
[2018.10.09-01.16.39:380][ 82]LogDirectoryWatcher: A directory notification for '../../Plugins/Media/MediaCompositing/Content/' was aborted.
[2018.10.09-01.16.39:380][ 82]LogDirectoryWatcher: A directory notification for '../../Plugins/Runtime/AppleARKit/Content/' was aborted.
[2018.10.09-01.16.39:380][ 82]LogDirectoryWatcher: A directory notification for '../../Plugins/Runtime/Oculus/OculusVR/Content/' was aborted.
[2018.10.09-01.16.39:380][ 82]LogDirectoryWatcher: A directory notification for '../../Plugins/Runtime/Steam/SteamVR/Content/' was aborted.
[2018.10.09-01.16.39:503][ 82]LogExit: Object subsystem successfully closed.
[2018.10.09-01.16.39:527][ 82]LogShaderCompilers: Display: Shaders left to compile 0
[2018.10.09-01.16.39:534][ 82]LogD3D11RHI: Shutdown
[2018.10.09-01.16.39:534][ 82]LogD3D11RHI: CleanupD3DDevice
[2018.10.09-01.16.39:538][ 82]LogD3D11RHI: ~FD3D11DynamicRHI
[2018.10.09-01.16.39:586][ 82]LogModuleManager: Shutting down and abandoning module MovieSceneCapture (578)
[2018.10.09-01.16.39:586][ 82]LogModuleManager: Shutting down and abandoning module BlueprintGraph (576)
[2018.10.09-01.16.39:586][ 82]LogModuleManager: Shutting down and abandoning module StatsViewer (574)
[2018.10.09-01.16.39:586][ 82]LogModuleManager: Shutting down and abandoning module HierarchicalLODOutliner (572)
[2018.10.09-01.16.39:586][ 82]LogModuleManager: Shutting down and abandoning module SceneOutliner (570)
[2018.10.09-01.16.39:586][ 82]LogModuleManager: Shutting down and abandoning module AddContentDialog (568)
[2018.10.09-01.16.39:587][ 82]LogDirectoryWatcher: A directory notification for 'C:/Program Files/Epic Games/UE_4.19/FeaturePacks/' was aborted.
[2018.10.09-01.16.39:588][ 82]LogModuleManager: Shutting down and abandoning module WidgetCarousel (567)
[2018.10.09-01.16.39:588][ 82]LogModuleManager: Shutting down and abandoning module EditorWidgets (564)
[2018.10.09-01.16.39:588][ 82]LogModuleManager: Shutting down and abandoning module CollectionManager (562)
[2018.10.09-01.16.39:588][ 82]LogDirectoryWatcher: A directory notification for 'C:/Users/Haojun/Documents/Unreal Projects/FIT3039_Project/FIT3039/Content/Collections/' was aborted.
[2018.10.09-01.16.39:588][ 82]LogDirectoryWatcher: A directory notification for 'C:/Users/Haojun/Documents/Unreal Projects/FIT3039_Project/FIT3039/Content/Developers/Haojun/Collections/' was aborted.
[2018.10.09-01.16.39:588][ 82]LogDirectoryWatcher: A directory notification for 'C:/Users/Haojun/Documents/Unreal Projects/FIT3039_Project/FIT3039/Saved/Collections/' was aborted.
[2018.10.09-01.16.39:588][ 82]LogModuleManager: Shutting down and abandoning module FoliageEdit (560)
[2018.10.09-01.16.39:589][ 82]LogModuleManager: Shutting down and abandoning module LandscapeEditor (558)
[2018.10.09-01.16.39:589][ 82]LogModuleManager: Shutting down and abandoning module MeshPaintMode (556)
[2018.10.09-01.16.39:589][ 82]LogModuleManager: Shutting down and abandoning module SceneDepthPickerMode (554)
[2018.10.09-01.16.39:589][ 82]LogModuleManager: Shutting down and abandoning module ActorPickerMode (552)
[2018.10.09-01.16.39:589][ 82]LogModuleManager: Shutting down and abandoning module GeometryMode (550)
[2018.10.09-01.16.39:589][ 82]LogModuleManager: Shutting down and abandoning module TextureAlignMode (548)
[2018.10.09-01.16.39:589][ 82]LogModuleManager: Shutting down and abandoning module BspMode (546)
[2018.10.09-01.16.39:589][ 82]LogModuleManager: Shutting down and abandoning module PIEPreviewDeviceProfileSelector (544)
[2018.10.09-01.16.39:589][ 82]LogModuleManager: Shutting down and abandoning module HardwareSurvey (542)
[2018.10.09-01.16.39:589][ 82]LogModuleManager: Shutting down and abandoning module SequenceRecorderSections (540)
[2018.10.09-01.16.39:589][ 82]LogModuleManager: Shutting down and abandoning module AutomationWorker (538)
[2018.10.09-01.16.39:589][ 82]LogModuleManager: Shutting down and abandoning module AudioCaptureEditor (536)
[2018.10.09-01.16.39:589][ 82]LogModuleManager: Shutting down and abandoning module SequenceRecorder (535)
[2018.10.09-01.16.39:590][ 82]LogModuleManager: Shutting down and abandoning module MatineeToLevelSequence (532)
[2018.10.09-01.16.39:590][ 82]LogModuleManager: Shutting down and abandoning module LevelSequenceEditor (530)
[2018.10.09-01.16.39:591][ 82]LogModuleManager: Shutting down and abandoning module PlacementMode (529)
[2018.10.09-01.16.39:591][ 82]LogModuleManager: Shutting down and abandoning module MaterialEditor (528)
[2018.10.09-01.16.39:593][ 82]LogModuleManager: Shutting down and abandoning module WmfMediaFactory (524)
[2018.10.09-01.16.39:593][ 82]LogModuleManager: Shutting down and abandoning module WmfMediaEditor (522)
[2018.10.09-01.16.39:593][ 82]LogModuleManager: Shutting down and abandoning module MediaPlayerEditor (520)
[2018.10.09-01.16.39:595][ 82]LogModuleManager: Shutting down and abandoning module OpenExrWrapper (518)
[2018.10.09-01.16.39:595][ 82]LogModuleManager: Shutting down and abandoning module ImgMediaFactory (516)
[2018.10.09-01.16.39:595][ 82]LogModuleManager: Shutting down and abandoning module ImgMediaEditor (514)
[2018.10.09-01.16.39:595][ 82]LogModuleManager: Shutting down and abandoning module AvfMediaFactory (512)
[2018.10.09-01.16.39:595][ 82]LogModuleManager: Shutting down and abandoning module AvfMediaEditor (510)
[2018.10.09-01.16.39:595][ 82]LogModuleManager: Shutting down and abandoning module AndroidMediaFactory (508)
[2018.10.09-01.16.39:595][ 82]LogModuleManager: Shutting down and abandoning module AndroidMediaEditor (506)
[2018.10.09-01.16.39:595][ 82]LogModuleManager: Shutting down and abandoning module CharacterAI (504)
[2018.10.09-01.16.39:595][ 82]LogModuleManager: Shutting down and abandoning module SmartSnapping (502)
[2018.10.09-01.16.39:595][ 82]LogModuleManager: Shutting down and abandoning module SessionServices (500)
[2018.10.09-01.16.39:595][ 82]LogModuleManager: Shutting down and abandoning module ViewportSnapping (498)
[2018.10.09-01.16.39:595][ 82]LogModuleManager: Shutting down and abandoning module ViewportInteraction (496)
[2018.10.09-01.16.39:595][ 82]LogModuleManager: Shutting down and abandoning module ClothPainter (494)
[2018.10.09-01.16.39:596][ 82]LogModuleManager: Shutting down and abandoning module SkeletalMeshEditor (493)
[2018.10.09-01.16.39:597][ 82]LogModuleManager: Shutting down and abandoning module LogVisualizer (490)
[2018.10.09-01.16.39:598][ 82]LogModuleManager: Shutting down and abandoning module IntroTutorials (488)
[2018.10.09-01.16.39:599][ 82]LogModuleManager: Shutting down and abandoning module GameProjectGeneration (487)
[2018.10.09-01.16.39:600][ 82]LogModuleManager: Shutting down and abandoning module IOSPlatformEditor (484)
[2018.10.09-01.16.39:601][ 82]LogModuleManager: Shutting down and abandoning module HTML5PlatformEditor (482)
[2018.10.09-01.16.39:601][ 82]LogModuleManager: Shutting down and abandoning module AndroidPlatformEditor (480)
[2018.10.09-01.16.39:601][ 82]LogModuleManager: Shutting down and abandoning module AndroidDeviceDetection (479)
[2018.10.09-01.16.40:569][ 82]LogModuleManager: Shutting down and abandoning module WindowsPlatformEditor (476)
[2018.10.09-01.16.40:569][ 82]LogModuleManager: Shutting down and abandoning module IOSRuntimeSettings (474)
[2018.10.09-01.16.40:569][ 82]LogModuleManager: Shutting down and abandoning module AndroidRuntimeSettings (472)
[2018.10.09-01.16.40:569][ 82]LogModuleManager: Shutting down and abandoning module InputBindingEditor (470)
[2018.10.09-01.16.40:570][ 82]LogModuleManager: Shutting down and abandoning module MergeActors (468)
[2018.10.09-01.16.40:571][ 82]LogModuleManager: Shutting down and abandoning module LocalizationDashboard (466)
[2018.10.09-01.16.40:572][ 82]LogModuleManager: Shutting down and abandoning module LocalizationService (465)
[2018.10.09-01.16.40:572][ 82]LogModuleManager: Shutting down and abandoning module HardwareTargeting (462)
[2018.10.09-01.16.40:572][ 82]LogModuleManager: Shutting down and abandoning module DeviceProfileEditor (460)
[2018.10.09-01.16.40:573][ 82]LogModuleManager: Shutting down and abandoning module UndoHistory (458)
[2018.10.09-01.16.40:573][ 82]LogModuleManager: Shutting down and abandoning module XmlParser (456)
[2018.10.09-01.16.40:573][ 82]LogModuleManager: Shutting down and abandoning module Blutility (454)
[2018.10.09-01.16.40:573][ 82]LogModuleManager: Shutting down and abandoning module ProjectSettingsViewer (452)
[2018.10.09-01.16.40:573][ 82]LogModuleManager: Shutting down and abandoning module ProjectTargetPlatformEditor (451)
[2018.10.09-01.16.40:573][ 82]LogModuleManager: Shutting down and abandoning module EditorSettingsViewer (448)
[2018.10.09-01.16.40:573][ 82]LogModuleManager: Shutting down and abandoning module SettingsEditor (446)
[2018.10.09-01.16.40:575][ 82]LogModuleManager: Shutting down and abandoning module ProjectLauncher (444)
[2018.10.09-01.16.40:575][ 82]LogModuleManager: Shutting down and abandoning module SessionFrontend (442)
[2018.10.09-01.16.40:576][ 82]LogModuleManager: Shutting down and abandoning module ProfilerClient (440)
[2018.10.09-01.16.40:576][ 82]LogModuleManager: Shutting down and abandoning module DeviceManager (438)
[2018.10.09-01.16.40:576][ 82]LogModuleManager: Shutting down and abandoning module TargetDeviceServices (437)
[2018.10.09-01.16.40:631][ 82]LogModuleManager: Shutting down and abandoning module AutomationController (434)
[2018.10.09-01.16.40:633][ 82]LogModuleManager: Shutting down and abandoning module AutomationWindow (432)
[2018.10.09-01.16.40:636][ 82]LogModuleManager: Shutting down and abandoning module Layers (430)
[2018.10.09-01.16.40:639][ 82]LogModuleManager: Shutting down and abandoning module ComponentVisualizers (428)
[2018.10.09-01.16.40:640][ 82]LogModuleManager: Shutting down and abandoning module DetailCustomizations (426)
[2018.10.09-01.16.40:642][ 82]LogModuleManager: Shutting down and abandoning module PackagesDialog (424)
[2018.10.09-01.16.40:642][ 82]LogModuleManager: Shutting down and abandoning module Persona (422)
[2018.10.09-01.16.40:644][ 82]LogModuleManager: Shutting down and abandoning module AdvancedPreviewScene (421)
[2018.10.09-01.16.40:644][ 82]LogModuleManager: Shutting down and abandoning module AnimGraph (419)
[2018.10.09-01.16.40:644][ 82]LogModuleManager: Shutting down and abandoning module Kismet (416)
[2018.10.09-01.16.40:651][ 82]LogModuleManager: Shutting down and abandoning module GraphEditor (414)
[2018.10.09-01.16.40:651][ 82]LogModuleManager: Shutting down and abandoning module ClassViewer (412)
[2018.10.09-01.16.40:651][ 82]LogModuleManager: Shutting down and abandoning module Toolbox (410)
[2018.10.09-01.16.40:651][ 82]LogModuleManager: Shutting down and abandoning module ModuleUI (408)
[2018.10.09-01.16.40:652][ 82]LogModuleManager: Shutting down and abandoning module MovieSceneTools (406)
[2018.10.09-01.16.40:653][ 82]LogModuleManager: Shutting down and abandoning module OutputLog (404)
[2018.10.09-01.16.40:654][ 82]LogModuleManager: Shutting down and abandoning module GammaUI (402)
[2018.10.09-01.16.40:654][ 82]LogModuleManager: Shutting down and abandoning module Documentation (400)
[2018.10.09-01.16.40:654][ 82]LogModuleManager: Shutting down and abandoning module MovieSceneTracks (398)
[2018.10.09-01.16.40:654][ 82]LogModuleManager: Shutting down and abandoning module MovieScene (396)
[2018.10.09-01.16.40:654][ 82]LogModuleManager: Shutting down and abandoning module StreamingPauseRendering (394)
[2018.10.09-01.16.40:654][ 82]LogModuleManager: Shutting down and abandoning module LauncherPlatform (392)
[2018.10.09-01.16.40:654][ 82]LogModuleManager: Shutting down and abandoning module AnalyticsET (390)
[2018.10.09-01.16.40:654][ 82]LogModuleManager: Shutting down and abandoning module PortalServices (388)
[2018.10.09-01.16.40:654][ 82]LogModuleManager: Shutting down and abandoning module PortalRpc (386)
[2018.10.09-01.16.40:654][ 82]LogModuleManager: Shutting down and abandoning module MessagingRpc (384)
[2018.10.09-01.16.40:654][ 82]LogModuleManager: Shutting down and abandoning module AIModule (382)
[2018.10.09-01.16.40:654][ 82]LogModuleManager: Shutting down and abandoning module GameplayDebugger (381)
[2018.10.09-01.16.40:654][ 82]LogModuleManager: Shutting down and abandoning module AITestSuite (379)
[2018.10.09-01.16.40:655][ 82]LogModuleManager: Shutting down and abandoning module DesktopPlatform (376)
[2018.10.09-01.16.40:655][ 82]LogModuleManager: Shutting down and abandoning module ProfilerService (374)
[2018.10.09-01.16.40:664][ 82]LogModuleManager: Shutting down and abandoning module TaskGraph (372)
[2018.10.09-01.16.40:665][ 82]LogModuleManager: Shutting down and abandoning module SteamVRController (370)
[2018.10.09-01.16.40:665][ 82]LogModuleManager: Shutting down and abandoning module ProceduralMeshComponentEditor (368)
[2018.10.09-01.16.40:665][ 82]LogModuleManager: Shutting down and abandoning module ProceduralMeshComponent (366)
[2018.10.09-01.16.40:666][ 82]LogModuleManager: Shutting down and abandoning module OculusInput (364)
[2018.10.09-01.16.40:666][ 82]LogModuleManager: Shutting down and abandoning module MobilePatchingUtils (362)
[2018.10.09-01.16.40:666][ 82]LogModuleManager: Shutting down and abandoning module CustomMeshComponent (360)
[2018.10.09-01.16.40:666][ 82]LogModuleManager: Shutting down and abandoning module CableComponent (358)
[2018.10.09-01.16.40:667][ 82]LogModuleManager: Shutting down and abandoning module AudioCapture (356)
[2018.10.09-01.16.40:667][ 82]LogModuleManager: Shutting down and abandoning module ArchVisCharacter (354)
[2018.10.09-01.16.40:667][ 82]LogModuleManager: Shutting down and abandoning module AndroidPermission (352)
[2018.10.09-01.16.40:667][ 82]LogModuleManager: Shutting down and abandoning module NUTUnrealEngine4 (348)
[2018.10.09-01.16.40:667][ 82]LogModuleManager: Shutting down and abandoning module NetcodeUnitTest (346)
[2018.10.09-01.16.40:668][ 82]LogModuleManager: Shutting down and abandoning module MediaCompositingEditor (344)
[2018.10.09-01.16.40:668][ 82]LogModuleManager: Shutting down and abandoning module MediaCompositing (342)
[2018.10.09-01.16.40:668][ 82]LogModuleManager: Shutting down and abandoning module LinearTimecode (340)
[2018.10.09-01.16.40:668][ 82]LogModuleManager: Shutting down and abandoning module ImgMedia (338)
[2018.10.09-01.16.40:671][ 82]LogModuleManager: Shutting down and abandoning module HTML5Networking (336)
[2018.10.09-01.16.40:672][ 82]LogModuleManager: Shutting down and abandoning module AlembicImporter (334)
[2018.10.09-01.16.40:672][ 82]LogModuleManager: Shutting down and abandoning module AlembicLibrary (333)
[2018.10.09-01.16.40:672][ 82]LogModuleManager: Shutting down and abandoning module GeometryCache (332)
[2018.10.09-01.16.40:672][ 82]LogModuleManager: Shutting down and abandoning module GeometryCacheEd (331)
[2018.10.09-01.16.40:672][ 82]LogModuleManager: Shutting down and abandoning module DatasmithContent (326)
[2018.10.09-01.16.40:672][ 82]LogModuleManager: Shutting down and abandoning module SpeedTreeImporter (324)
[2018.10.09-01.16.40:672][ 82]LogModuleManager: Shutting down and abandoning module PluginBrowser (322)
[2018.10.09-01.16.40:674][ 82]LogModuleManager: Shutting down and abandoning module MobileLauncherProfileWizard (320)
[2018.10.09-01.16.40:675][ 82]LogModuleManager: Shutting down and abandoning module CryptoKeysOpenSSL (318)
[2018.10.09-01.16.40:675][ 82]LogModuleManager: Shutting down and abandoning module CryptoKeys (316)
[2018.10.09-01.16.40:675][ 82]LogModuleManager: Shutting down and abandoning module VisualStudioSourceCodeAccess (314)
[2018.10.09-01.16.40:675][ 82]LogModuleManager: Shutting down and abandoning module VisualStudioCodeSourceCodeAccess (312)
[2018.10.09-01.16.40:675][ 82]LogModuleManager: Shutting down and abandoning module UObjectPlugin (310)
[2018.10.09-01.16.40:675][ 82]LogModuleManager: Shutting down and abandoning module SubversionSourceControl (308)
[2018.10.09-01.16.40:676][ 82]LogModuleManager: Shutting down and abandoning module PerforceSourceControl (306)
[2018.10.09-01.16.40:677][ 82]LogModuleManager: Shutting down and abandoning module GitSourceControl (304)
[2018.10.09-01.16.40:677][ 82]LogModuleManager: Shutting down and abandoning module SourceControl (303)
[2018.10.09-01.16.40:678][ 82]LogModuleManager: Shutting down and abandoning module CLionSourceCodeAccess (300)
[2018.10.09-01.16.40:678][ 82]LogModuleManager: Shutting down and abandoning module LightPropagationVolumeEditor (298)
[2018.10.09-01.16.40:678][ 82]LogModuleManager: Shutting down and abandoning module PaperTiledImporter (296)
[2018.10.09-01.16.40:678][ 82]LogModuleManager: Shutting down and abandoning module PaperSpriteSheetImporter (294)
[2018.10.09-01.16.40:678][ 82]LogModuleManager: Shutting down and abandoning module Paper2DEditor (292)
[2018.10.09-01.16.40:679][ 82]LogModuleManager: Shutting down and abandoning module MeshPaint (291)
[2018.10.09-01.16.40:679][ 82]LogModuleManager: Shutting down and abandoning module RuntimePhysXCooking (288)
[2018.10.09-01.16.40:679][ 82]LogModuleManager: Shutting down and abandoning module PhysXVehiclesEditor (286)
[2018.10.09-01.16.40:679][ 82]LogModuleManager: Shutting down and abandoning module PhysXVehicles (284)
[2018.10.09-01.16.40:679][ 82]LogModuleManager: Shutting down and abandoning module OculusEditor (282)
[2018.10.09-01.16.40:679][ 82]LogModuleManager: Shutting down and abandoning module LocationServicesBPLibrary (280)
[2018.10.09-01.16.40:679][ 82]LogModuleManager: Shutting down and abandoning module ImmediatePhysicsEditor (278)
[2018.10.09-01.16.40:679][ 82]LogModuleManager: Shutting down and abandoning module ImmediatePhysics (276)
[2018.10.09-01.16.40:679][ 82]LogModuleManager: Shutting down and abandoning module ActorSequence (274)
[2018.10.09-01.16.40:679][ 82]LogModuleManager: Shutting down and abandoning module UdpMessaging (272)
[2018.10.09-01.16.40:780][ 82]LogModuleManager: Shutting down and abandoning module TcpMessaging (270)
[2018.10.09-01.16.40:882][ 82]LogModuleManager: Shutting down and abandoning module GameplayTagsEditor (268)
[2018.10.09-01.16.40:883][ 82]LogModuleManager: Shutting down and abandoning module FacialAnimationEditor (266)
[2018.10.09-01.16.40:883][ 82]LogModuleManager: Shutting down and abandoning module FacialAnimation (264)
[2018.10.09-01.16.40:883][ 82]LogModuleManager: Shutting down and abandoning module DataValidation (262)
[2018.10.09-01.16.40:884][ 82]LogModuleManager: Shutting down and abandoning module AssetManagerEditor (260)
[2018.10.09-01.16.40:885][ 82]LogModuleManager: Shutting down and abandoning module LevelEditor (259)
[2018.10.09-01.16.40:887][ 82]LogModuleManager: Shutting down and abandoning module PixelInspectorModule (258)
[2018.10.09-01.16.40:888][ 82]LogModuleManager: Shutting down and abandoning module CommonMenuExtensions (256)
[2018.10.09-01.16.40:889][ 82]LogModuleManager: Shutting down and abandoning module MainFrame (254)
[2018.10.09-01.16.40:889][ 82]LogModuleManager: Shutting down and abandoning module HotReload (253)
[2018.10.09-01.16.40:891][ 82]LogModuleManager: Shutting down and abandoning module ContentBrowser (249)
[2018.10.09-01.16.40:893][ 82]LogModuleManager: Shutting down and abandoning module TreeMap (247)
[2018.10.09-01.16.40:894][ 82]LogModuleManager: Shutting down and abandoning module LightPropagationVolumeRuntime (244)
[2018.10.09-01.16.40:894][ 82]LogModuleManager: Shutting down and abandoning module LiveLinkEditor (242)
[2018.10.09-01.16.40:895][ 82]LogModuleManager: Shutting down and abandoning module LiveLink (240)
[2018.10.09-01.16.41:838][ 82]LogModuleManager: Shutting down and abandoning module Paper2D (238)
[2018.10.09-01.16.41:839][ 82]LogModuleManager: Shutting down and abandoning module WindowsMoviePlayer (236)
[2018.10.09-01.16.41:839][ 82]LogModuleManager: Shutting down and abandoning module WmfMedia (234)
[2018.10.09-01.16.41:843][ 82]LogModuleManager: Shutting down and abandoning module Media (233)
[2018.10.09-01.16.41:850][ 82]LogModuleManager: Shutting down and abandoning module PacketHandler (230)
[2018.10.09-01.16.41:850][ 82]LogModuleManager: Shutting down and abandoning module ClothingSystemEditor (228)
[2018.10.09-01.16.41:850][ 82]LogModuleManager: Shutting down and abandoning module ClothingSystemRuntime (226)
[2018.10.09-01.16.41:851][ 82]LogModuleManager: Shutting down and abandoning module MediaAssets (224)
[2018.10.09-01.16.41:851][ 82]LogModuleManager: Shutting down and abandoning module Overlay (222)
[2018.10.09-01.16.41:852][ 82]LogModuleManager: Shutting down and abandoning module OverlayEditor (221)
[2018.10.09-01.16.41:852][ 82]LogModuleManager: Shutting down and abandoning module VREditor (218)
[2018.10.09-01.16.41:853][ 82]LogModuleManager: Shutting down and abandoning module StringTableEditor (216)
[2018.10.09-01.16.41:853][ 82]LogModuleManager: Shutting down and abandoning module GameplayTasksEditor (214)
[2018.10.09-01.16.41:853][ 82]LogModuleManager: Shutting down and abandoning module BehaviorTreeEditor (212)
[2018.10.09-01.16.41:855][ 82]LogModuleManager: Shutting down and abandoning module FunctionalTesting (210)
[2018.10.09-01.16.41:855][ 82]LogModuleManager: Shutting down and abandoning module CollisionAnalyzer (208)
[2018.10.09-01.16.41:856][ 82]LogModuleManager: Shutting down and abandoning module WorkspaceMenuStructure (207)
[2018.10.09-01.16.41:856][ 82]LogModuleManager: Shutting down and abandoning module UMG (204)
[2018.10.09-01.16.41:856][ 82]LogModuleManager: Shutting down and abandoning module UMGEditor (203)
[2018.10.09-01.16.41:858][ 82]LogModuleManager: Shutting down and abandoning module Sequencer (202)
[2018.10.09-01.16.41:859][ 82]LogModuleManager: Shutting down and abandoning module MessageLog (199)
[2018.10.09-01.16.41:859][ 82]LogModuleManager: Shutting down and abandoning module SlateReflector (194)
[2018.10.09-01.16.41:861][ 82]LogModuleManager: Shutting down and abandoning module Slate (192)
[2018.10.09-01.16.41:861][ 82]LogModuleManager: Shutting down and abandoning module EditorStyle (190)
[2018.10.09-01.16.41:862][ 82]LogModuleManager: Shutting down and abandoning module MRMesh (188)
[2018.10.09-01.16.41:862][ 82]LogModuleManager: Shutting down and abandoning module SourceCodeAccess (186)
[2018.10.09-01.16.41:862][ 82]LogModuleManager: Shutting down and abandoning module HeadMountedDisplay (184)
[2018.10.09-01.16.41:862][ 82]LogModuleManager: Shutting down and abandoning module XAudio2 (182)
[2018.10.09-01.16.41:862][ 82]LogModuleManager: Shutting down and abandoning module Networking (180)
[2018.10.09-01.16.41:862][ 82]LogModuleManager: Shutting down and abandoning module Core (178)
[2018.10.09-01.16.41:862][ 82]LogModuleManager: Shutting down and abandoning module LevelSequence (176)
[2018.10.09-01.16.41:862][ 82]LogModuleManager: Shutting down and abandoning module KismetCompiler (174)
[2018.10.09-01.16.41:862][ 82]LogModuleManager: Shutting down and abandoning module MeshUtilities (172)
[2018.10.09-01.16.41:863][ 82]LogModuleManager: Shutting down and abandoning module MeshMergeUtilities (171)
[2018.10.09-01.16.41:863][ 82]LogModuleManager: Shutting down and abandoning module MeshReductionInterface (170)
[2018.10.09-01.16.41:863][ 82]LogModuleManager: Shutting down and abandoning module SimplygonSwarm (169)
[2018.10.09-01.16.41:863][ 82]LogModuleManager: Shutting down and abandoning module SimplygonMeshReduction (167)
[2018.10.09-01.16.41:864][ 82]LogModuleManager: Shutting down and abandoning module QuadricMeshReduction (165)
[2018.10.09-01.16.41:864][ 82]LogModuleManager: Shutting down and abandoning module MaterialBaking (161)
[2018.10.09-01.16.41:865][ 82]LogModuleManager: Shutting down and abandoning module DirectoryWatcher (157)
[2018.10.09-01.16.41:865][ 82]LogModuleManager: Shutting down and abandoning module DerivedDataCache (154)
[2018.10.09-01.16.42:245][ 82]LogDerivedDataCache: Shutdown
[2018.10.09-01.16.42:245][ 82]LogModuleManager: Shutting down and abandoning module XGEController (152)
[2018.10.09-01.16.42:245][ 82]LogXGEController: Cleaning working directory: C:/Users/Haojun/AppData/Local/Temp/UnrealXGEWorkingDir/
[2018.10.09-01.16.42:245][ 82]LogModuleManager: Shutting down and abandoning module TargetPlatform (150)
[2018.10.09-01.16.42:245][ 82]LogModuleManager: Shutting down and abandoning module VulkanShaderFormat (149)
[2018.10.09-01.16.42:246][ 82]LogModuleManager: Shutting down and abandoning module ShaderFormatVectorVM (147)
[2018.10.09-01.16.42:247][ 82]LogModuleManager: Shutting down and abandoning module ShaderFormatOpenGL (145)
[2018.10.09-01.16.42:248][ 82]LogModuleManager: Shutting down and abandoning module ShaderFormatD3D (143)
[2018.10.09-01.16.42:248][ 82]LogModuleManager: Shutting down and abandoning module MetalShaderFormat (141)
[2018.10.09-01.16.42:249][ 82]LogModuleManager: Shutting down and abandoning module TextureFormatUncompressed (139)
[2018.10.09-01.16.42:250][ 82]LogModuleManager: Shutting down and abandoning module TextureFormatPVR (137)
[2018.10.09-01.16.42:250][ 82]LogModuleManager: Shutting down and abandoning module TextureFormatDXT (135)
[2018.10.09-01.16.42:250][ 82]LogModuleManager: Shutting down and abandoning module TextureFormatIntelISPCTexComp (133)
[2018.10.09-01.16.42:251][ 82]LogModuleManager: Shutting down and abandoning module TextureFormatASTC (131)
[2018.10.09-01.16.42:251][ 82]LogModuleManager: Shutting down and abandoning module ImageWrapper (130)
[2018.10.09-01.16.42:251][ 82]LogModuleManager: Shutting down and abandoning module TextureFormatAndroid (127)
[2018.10.09-01.16.42:251][ 82]LogModuleManager: Shutting down and abandoning module AudioFormatOpus (125)
[2018.10.09-01.16.42:251][ 82]LogModuleManager: Shutting down and abandoning module AudioFormatOgg (123)
[2018.10.09-01.16.42:251][ 82]LogModuleManager: Shutting down and abandoning module AudioFormatADPCM (121)
[2018.10.09-01.16.42:252][ 82]LogModuleManager: Shutting down and abandoning module LinuxTargetPlatform (119)
[2018.10.09-01.16.42:252][ 82]LogModuleManager: Shutting down and abandoning module LinuxServerTargetPlatform (117)
[2018.10.09-01.16.42:252][ 82]LogModuleManager: Shutting down and abandoning module LinuxNoEditorTargetPlatform (115)
[2018.10.09-01.16.42:252][ 82]LogModuleManager: Shutting down and abandoning module LinuxClientTargetPlatform (113)
[2018.10.09-01.16.42:252][ 82]LogModuleManager: Shutting down and abandoning module TVOSTargetPlatform (111)
[2018.10.09-01.16.42:252][ 82]LogModuleManager: Shutting down and abandoning module Messaging (109)
[2018.10.09-01.16.42:252][ 82]LogModuleManager: Shutting down and abandoning module IOSTargetPlatform (107)
[2018.10.09-01.16.42:252][ 82]LogModuleManager: Shutting down and abandoning module HTML5TargetPlatform (105)
[2018.10.09-01.16.42:252][ 82]LogModuleManager: Shutting down and abandoning module AndroidTargetPlatform (103)
[2018.10.09-01.16.42:252][ 82]LogModuleManager: Shutting down and abandoning module Android_PVRTCTargetPlatform (101)
[2018.10.09-01.16.42:252][ 82]LogModuleManager: Shutting down and abandoning module Android_MultiTargetPlatform (99)
[2018.10.09-01.16.42:252][ 82]LogModuleManager: Shutting down and abandoning module Android_ETC2TargetPlatform (97)
[2018.10.09-01.16.42:252][ 82]LogModuleManager: Shutting down and abandoning module Android_ETC1TargetPlatform (95)
[2018.10.09-01.16.42:252][ 82]LogModuleManager: Shutting down and abandoning module Android_ETC1aTargetPlatform (93)
[2018.10.09-01.16.42:253][ 82]LogModuleManager: Shutting down and abandoning module Android_DXTTargetPlatform (91)
[2018.10.09-01.16.42:253][ 82]LogModuleManager: Shutting down and abandoning module Android_ATCTargetPlatform (89)
[2018.10.09-01.16.42:253][ 82]LogModuleManager: Shutting down and abandoning module Android_ASTCTargetPlatform (87)
[2018.10.09-01.16.42:253][ 82]LogModuleManager: Shutting down and abandoning module WindowsTargetPlatform (85)
[2018.10.09-01.16.42:253][ 82]LogModuleManager: Shutting down and abandoning module WindowsServerTargetPlatform (83)
[2018.10.09-01.16.42:253][ 82]LogModuleManager: Shutting down and abandoning module WindowsNoEditorTargetPlatform (81)
[2018.10.09-01.16.42:253][ 82]LogModuleManager: Shutting down and abandoning module WindowsClientTargetPlatform (79)
[2018.10.09-01.16.42:253][ 82]LogModuleManager: Shutting down and abandoning module MacTargetPlatform (77)
[2018.10.09-01.16.42:253][ 82]LogModuleManager: Shutting down and abandoning module MacServerTargetPlatform (75)
[2018.10.09-01.16.42:253][ 82]LogModuleManager: Shutting down and abandoning module MacNoEditorTargetPlatform (73)
[2018.10.09-01.16.42:253][ 82]LogModuleManager: Shutting down and abandoning module MacClientTargetPlatform (71)
[2018.10.09-01.16.42:253][ 82]LogModuleManager: Shutting down and abandoning module AllDesktopTargetPlatform (69)
[2018.10.09-01.16.42:254][ 82]LogModuleManager: Shutting down and abandoning module InputCore (66)
[2018.10.09-01.16.42:254][ 82]LogModuleManager: Shutting down and abandoning module Settings (64)
[2018.10.09-01.16.42:254][ 82]LogModuleManager: Shutting down and abandoning module PhysXCooking (62)
[2018.10.09-01.16.42:254][ 82]LogModuleManager: Shutting down and abandoning module SteamVR (60)
[2018.10.09-01.16.42:254][ 82]LogModuleManager: Shutting down and abandoning module OculusHMD (58)
[2018.10.09-01.16.42:255][ 82]LogModuleManager: Shutting down and abandoning module ExampleDeviceProfileSelector (56)
[2018.10.09-01.16.42:255][ 82]LogModuleManager: Shutting down and abandoning module AppleARKit (54)
[2018.10.09-01.16.42:255][ 82]LogModuleManager: Shutting down and abandoning module AugmentedReality (51)
[2018.10.09-01.16.42:255][ 82]LogModuleManager: Shutting down and abandoning module OnlineBlueprintSupport (48)
[2018.10.09-01.16.42:255][ 82]LogModuleManager: Shutting down and abandoning module OnlineSubsystem (44)
[2018.10.09-01.16.42:257][ 82]LogModuleManager: Shutting down and abandoning module XMPP (43)
[2018.10.09-01.16.42:259][ 82]LogModuleManager: Shutting down and abandoning module HTTP (41)
[2018.10.09-01.16.42:260][ 82]LogHttp: Display: Http module shutting down, but needs to wait on 1 outstanding Http requests:
[2018.10.09-01.16.42:260][ 82]LogHttp: Display: 	verb=[POST] url=[https://datarouter.ol.epicgames.com/datarouter/api/v1/public/data?SessionID=%7BE4B50D98-4118-ACE0-5FF8-12BEE8F8257C%7D&AppID=UEEditor.Rocket.Release&AppVersion=4.19.2-4033788%2B%2B%2BUE4%2BRelease-4.19&UserID=d1d2a0954eb5388b08e956bb3a070ca6%7C7a3dfc31b2f9496495efa89d97eb9b7f%7Ce3102644-b7aa-470a-b989-ff3237da411c&AppEnvironment=datacollector-binary&UploadType=eteventstream] status=Processing
[2018.10.09-01.16.42:267][ 82]LogModuleManager: Shutting down and abandoning module SSL (40)
[2018.10.09-01.16.42:271][ 82]LogModuleManager: Shutting down and abandoning module AnimationModifiers (36)
[2018.10.09-01.16.42:272][ 82]LogModuleManager: Shutting down and abandoning module PropertyEditor (35)
[2018.10.09-01.16.42:273][ 82]LogModuleManager: Shutting down and abandoning module AudioEditor (32)
[2018.10.09-01.16.42:274][ 82]LogModuleManager: Shutting down and abandoning module TextureCompressor (30)
[2018.10.09-01.16.42:276][ 82]LogModuleManager: Shutting down and abandoning module ShaderCore (28)
[2018.10.09-01.16.42:276][ 82]LogModuleManager: Shutting down and abandoning module Landscape (26)
[2018.10.09-01.16.42:276][ 82]LogModuleManager: Shutting down and abandoning module SlateRHIRenderer (24)
[2018.10.09-01.16.42:278][ 82]LogModuleManager: Shutting down and abandoning module OpenGLDrv (22)
[2018.10.09-01.16.42:278][ 82]LogModuleManager: Shutting down and abandoning module D3D11RHI (20)
[2018.10.09-01.16.42:278][ 82]LogModuleManager: Shutting down and abandoning module AnimGraphRuntime (18)
[2018.10.09-01.16.42:279][ 82]LogModuleManager: Shutting down and abandoning module Renderer (16)
[2018.10.09-01.16.42:279][ 82]LogModuleManager: Shutting down and abandoning module Engine (14)
[2018.10.09-01.16.42:279][ 82]LogModuleManager: Shutting down and abandoning module CoreUObject (12)
[2018.10.09-01.16.42:279][ 82]LogModuleManager: Shutting down and abandoning module NetworkFile (10)
[2018.10.09-01.16.42:279][ 82]LogModuleManager: Shutting down and abandoning module CookedIterativeFile (8)
[2018.10.09-01.16.42:279][ 82]LogModuleManager: Shutting down and abandoning module StreamingFile (6)
[2018.10.09-01.16.42:279][ 82]LogModuleManager: Shutting down and abandoning module SandboxFile (4)
[2018.10.09-01.16.42:279][ 82]LogModuleManager: Shutting down and abandoning module PakFile (2)
[2018.10.09-01.16.42:290][ 82]LogExit: Exiting.
[2018.10.09-01.16.42:305][ 82]Log file closed, 10/09/18 12:16:42
