Log file open, 10/07/18 18:27:16
LogWindows: Failed to load 'aqProf.dll' (GetLastError=126)
LogWindows: File 'aqProf.dll' does not exist
LogWindows: Failed to load 'VtuneApi.dll' (GetLastError=126)
LogWindows: File 'VtuneApi.dll' does not exist
LogWindows: Failed to load 'VtuneApi32e.dll' (GetLastError=126)
LogWindows: File 'VtuneApi32e.dll' does not exist
LogInit: Display: Running engine for game: FIT3039_Project
LogPlatformFile: Not using cached read wrapper
LogInit: Display: RandInit(1179641647) SRandInit(1179641647).
LogInit: Read version file with build ID '3944462'
LogInit: Overriding engine version to CL 4033788, compatible CL 3944462
LogInit: Registered custom module enumerator with build ID '3944462'
LogTaskGraph: Started task graph with 5 named threads and 35 total threads with 3 sets of task threads.
LogStats: Stats thread started at 0.495024
LogD3D11RHI: Aftermath initialized
LogICUInternationalization: Display: ICU TimeZone Detection - Raw Offset: +10:00, Platform Override: ''
LogModuleManager: Display: Found up-to-date module file ../../../Engine/Plugins/2D/Paper2D/Binaries/Win64/UE4Editor-Paper2D.dll (API version 3944462).
LogModuleManager: Display: Found up-to-date module file ../../../Engine/Plugins/2D/Paper2D/Binaries/Win64/UE4Editor-Paper2DEditor.dll (API version 3944462).
LogModuleManager: Display: Found up-to-date module file ../../../Engine/Plugins/2D/Paper2D/Binaries/Win64/UE4Editor-PaperSpriteSheetImporter.dll (API version 3944462).
LogModuleManager: Display: Found up-to-date module file ../../../Engine/Plugins/2D/Paper2D/Binaries/Win64/UE4Editor-PaperTiledImporter.dll (API version 3944462).
LogModuleManager: Display: Found up-to-date module file ../../../Engine/Plugins/2D/Paper2D/Binaries/Win64/UE4Editor-SmartSnapping.dll (API version 3944462).
LogModuleManager: Display: Found up-to-date module file ../../../Engine/Plugins/Blendables/LightPropagationVolume/Binaries/Win64/UE4Editor-LightPropagationVolumeRuntime.dll (API version 3944462).
LogModuleManager: Display: Found up-to-date module file ../../../Engine/Plugins/Blendables/LightPropagationVolume/Binaries/Win64/UE4Editor-LightPropagationVolumeEditor.dll (API version 3944462).
LogModuleManager: Display: Found up-to-date module file ../../../Engine/Plugins/Developer/CLionSourceCodeAccess/Binaries/Win64/UE4Editor-CLionSourceCodeAccess.dll (API version 3944462).
LogModuleManager: Display: Found up-to-date module file ../../../Engine/Plugins/Developer/GitSourceControl/Binaries/Win64/UE4Editor-GitSourceControl.dll (API version 3944462).
LogModuleManager: Display: Found up-to-date module file ../../../Engine/Plugins/Developer/PerforceSourceControl/Binaries/Win64/UE4Editor-PerforceSourceControl.dll (API version 3944462).
LogModuleManager: Display: Found up-to-date module file ../../../Engine/Plugins/Developer/SubversionSourceControl/Binaries/Win64/UE4Editor-SubversionSourceControl.dll (API version 3944462).
LogModuleManager: Display: Found up-to-date module file ../../../Engine/Plugins/Developer/UObjectPlugin/Binaries/Win64/UE4Editor-UObjectPlugin.dll (API version 3944462).
LogModuleManager: Display: Found up-to-date module file ../../../Engine/Plugins/Developer/VisualStudioCodeSourceCodeAccess/Binaries/Win64/UE4Editor-VisualStudioCodeSourceCodeAccess.dll (API version 3944462).
LogModuleManager: Display: Found up-to-date module file ../../../Engine/Plugins/Developer/VisualStudioSourceCodeAccess/Binaries/Win64/UE4Editor-VisualStudioSourceCodeAccess.dll (API version 3944462).
LogModuleManager: Display: Found up-to-date module file ../../../Engine/Plugins/Editor/AssetManagerEditor/Binaries/Win64/UE4Editor-AssetManagerEditor.dll (API version 3944462).
LogModuleManager: Display: Found up-to-date module file ../../../Engine/Plugins/Editor/CryptoKeys/Binaries/Win64/UE4Editor-CryptoKeys.dll (API version 3944462).
LogModuleManager: Display: Found up-to-date module file ../../../Engine/Plugins/Editor/CryptoKeys/Binaries/Win64/UE4Editor-CryptoKeysOpenSSL.dll (API version 3944462).
LogModuleManager: Display: Found up-to-date module file ../../../Engine/Plugins/Editor/DataValidation/Binaries/Win64/UE4Editor-DataValidation.dll (API version 3944462).
LogModuleManager: Display: Found up-to-date module file ../../../Engine/Plugins/Editor/FacialAnimation/Binaries/Win64/UE4Editor-FacialAnimation.dll (API version 3944462).
LogModuleManager: Display: Found up-to-date module file ../../../Engine/Plugins/Editor/FacialAnimation/Binaries/Win64/UE4Editor-FacialAnimationEditor.dll (API version 3944462).
LogModuleManager: Display: Found up-to-date module file ../../../Engine/Plugins/Editor/GameplayTagsEditor/Binaries/Win64/UE4Editor-GameplayTagsEditor.dll (API version 3944462).
LogModuleManager: Display: Found up-to-date module file ../../../Engine/Plugins/Editor/MobileLauncherProfileWizard/Binaries/Win64/UE4Editor-MobileLauncherProfileWizard.dll (API version 3944462).
LogModuleManager: Display: Found up-to-date module file ../../../Engine/Plugins/Editor/PluginBrowser/Binaries/Win64/UE4Editor-PluginBrowser.dll (API version 3944462).
LogModuleManager: Display: Found up-to-date module file ../../../Engine/Plugins/Editor/SpeedTreeImporter/Binaries/Win64/UE4Editor-SpeedTreeImporter.dll (API version 3944462).
LogModuleManager: Display: Found up-to-date module file ../../../Engine/Plugins/Enterprise/DatasmithContent/Binaries/Win64/UE4Editor-DatasmithContent.dll (API version 3944462).
LogModuleManager: Display: Found up-to-date module file ../../../Engine/Plugins/Experimental/AlembicImporter/Binaries/Win64/UE4Editor-AlembicImporter.dll (API version 3944462).
LogModuleManager: Display: Found up-to-date module file ../../../Engine/Plugins/Experimental/AlembicImporter/Binaries/Win64/UE4Editor-AlembicLibrary.dll (API version 3944462).
LogModuleManager: Display: Found up-to-date module file ../../../Engine/Plugins/Experimental/CharacterAI/Binaries/Win64/UE4Editor-CharacterAI.dll (API version 3944462).
LogModuleManager: Display: Found up-to-date module file ../../../Engine/Plugins/Experimental/HTML5Networking/Binaries/Win64/UE4Editor-HTML5Networking.dll (API version 3944462).
LogModuleManager: Display: Found up-to-date module file ../../../Engine/Plugins/Media/AndroidMedia/Binaries/Win64/UE4Editor-AndroidMediaEditor.dll (API version 3944462).
LogModuleManager: Display: Found up-to-date module file ../../../Engine/Plugins/Media/AndroidMedia/Binaries/Win64/UE4Editor-AndroidMediaFactory.dll (API version 3944462).
LogModuleManager: Display: Found up-to-date module file ../../../Engine/Plugins/Media/AvfMedia/Binaries/Win64/UE4Editor-AvfMediaEditor.dll (API version 3944462).
LogModuleManager: Display: Found up-to-date module file ../../../Engine/Plugins/Media/AvfMedia/Binaries/Win64/UE4Editor-AvfMediaFactory.dll (API version 3944462).
LogModuleManager: Display: Found up-to-date module file ../../../Engine/Plugins/Media/AvfMedia/Binaries/Win64/UE4Editor-AvfMediaFactory.dll (API version 3944462).
LogModuleManager: Display: Found up-to-date module file ../../../Engine/Plugins/Media/ImgMedia/Binaries/Win64/UE4Editor-ImgMedia.dll (API version 3944462).
LogModuleManager: Display: Found up-to-date module file ../../../Engine/Plugins/Media/ImgMedia/Binaries/Win64/UE4Editor-ImgMediaEditor.dll (API version 3944462).
LogModuleManager: Display: Found up-to-date module file ../../../Engine/Plugins/Media/ImgMedia/Binaries/Win64/UE4Editor-ImgMediaFactory.dll (API version 3944462).
LogModuleManager: Display: Found up-to-date module file ../../../Engine/Plugins/Media/ImgMedia/Binaries/Win64/UE4Editor-ImgMediaFactory.dll (API version 3944462).
LogModuleManager: Display: Found up-to-date module file ../../../Engine/Plugins/Media/ImgMedia/Binaries/Win64/UE4Editor-OpenExrWrapper.dll (API version 3944462).
LogModuleManager: Display: Found up-to-date module file ../../../Engine/Plugins/Media/LinearTimecode/Binaries/Win64/UE4Editor-LinearTimecode.dll (API version 3944462).
LogModuleManager: Display: Found up-to-date module file ../../../Engine/Plugins/Media/MediaCompositing/Binaries/Win64/UE4Editor-MediaCompositing.dll (API version 3944462).
LogModuleManager: Display: Found up-to-date module file ../../../Engine/Plugins/Media/MediaCompositing/Binaries/Win64/UE4Editor-MediaCompositingEditor.dll (API version 3944462).
LogModuleManager: Display: Found up-to-date module file ../../../Engine/Plugins/Media/MediaPlayerEditor/Binaries/Win64/UE4Editor-MediaPlayerEditor.dll (API version 3944462).
LogModuleManager: Display: Found up-to-date module file ../../../Engine/Plugins/Media/WmfMedia/Binaries/Win64/UE4Editor-WmfMedia.dll (API version 3944462).
LogModuleManager: Display: Found up-to-date module file ../../../Engine/Plugins/Media/WmfMedia/Binaries/Win64/UE4Editor-WmfMediaEditor.dll (API version 3944462).
LogModuleManager: Display: Found up-to-date module file ../../../Engine/Plugins/Media/WmfMedia/Binaries/Win64/UE4Editor-WmfMediaFactory.dll (API version 3944462).
LogModuleManager: Display: Found up-to-date module file ../../../Engine/Plugins/Media/WmfMedia/Binaries/Win64/UE4Editor-WmfMediaFactory.dll (API version 3944462).
LogModuleManager: Display: Found up-to-date module file ../../../Engine/Plugins/Messaging/TcpMessaging/Binaries/Win64/UE4Editor-TcpMessaging.dll (API version 3944462).
LogModuleManager: Display: Found up-to-date module file ../../../Engine/Plugins/Messaging/UdpMessaging/Binaries/Win64/UE4Editor-UdpMessaging.dll (API version 3944462).
LogModuleManager: Display: Found up-to-date module file ../../../Engine/Plugins/MovieScene/ActorSequence/Binaries/Win64/UE4Editor-ActorSequence.dll (API version 3944462).
LogModuleManager: Display: Found up-to-date module file ../../../Engine/Plugins/MovieScene/LevelSequenceEditor/Binaries/Win64/UE4Editor-LevelSequenceEditor.dll (API version 3944462).
LogModuleManager: Display: Found up-to-date module file ../../../Engine/Plugins/MovieScene/MatineeToLevelSequence/Binaries/Win64/UE4Editor-MatineeToLevelSequence.dll (API version 3944462).
LogModuleManager: Display: Found up-to-date module file ../../../Engine/Plugins/NetcodeUnitTest/NetcodeUnitTest/Binaries/Win64/UE4Editor-NetcodeUnitTest.dll (API version 3944462).
LogModuleManager: Display: Found up-to-date module file ../../../Engine/Plugins/NetcodeUnitTest/NUTUnrealEngine4/Binaries/Win64/UE4Editor-NUTUnrealEngine4.dll (API version 3944462).
LogModuleManager: Display: Found up-to-date module file ../../../Engine/Plugins/Online/OnlineSubsystem/Binaries/Win64/UE4Editor-OnlineSubsystem.dll (API version 3944462).
LogModuleManager: Display: Found up-to-date module file ../../../Engine/Plugins/Runtime/AndroidPermission/Binaries/Win64/UE4Editor-AndroidPermission.dll (API version 3944462).
LogModuleManager: Display: Found up-to-date module file ../../../Engine/Plugins/Online/OnlineSubsystemNull/Binaries/Win64/UE4Editor-OnlineSubsystemNull.dll (API version 3944462).
LogModuleManager: Display: Found up-to-date module file ../../../Engine/Plugins/Online/OnlineSubsystemUtils/Binaries/Win64/UE4Editor-OnlineSubsystemUtils.dll (API version 3944462).
LogModuleManager: Display: Found up-to-date module file ../../../Engine/Plugins/Online/OnlineSubsystemUtils/Binaries/Win64/UE4Editor-OnlineBlueprintSupport.dll (API version 3944462).
LogModuleManager: Display: Found up-to-date module file ../../../Engine/Plugins/Runtime/AndroidDeviceProfileSelector/Binaries/Win64/UE4Editor-AndroidDeviceProfileSelector.dll (API version 3944462).
LogModuleManager: Display: Found up-to-date module file ../../../Engine/Plugins/Runtime/AppleARKit/Binaries/Win64/UE4Editor-AppleARKit.dll (API version 3944462).
LogModuleManager: Display: Found up-to-date module file ../../../Engine/Plugins/Runtime/ProceduralMeshComponent/Binaries/Win64/UE4Editor-ProceduralMeshComponent.dll (API version 3944462).
LogModuleManager: Display: Found up-to-date module file ../../../Engine/Plugins/Runtime/ProceduralMeshComponent/Binaries/Win64/UE4Editor-ProceduralMeshComponentEditor.dll (API version 3944462).
LogModuleManager: Display: Found up-to-date module file ../../../Engine/Plugins/Animation/LiveLink/Binaries/Win64/UE4Editor-LiveLink.dll (API version 3944462).
LogModuleManager: Display: Found up-to-date module file ../../../Engine/Plugins/Animation/LiveLink/Binaries/Win64/UE4Editor-LiveLinkEditor.dll (API version 3944462).
LogModuleManager: Display: Found up-to-date module file ../../../Engine/Plugins/Runtime/ArchVisCharacter/Binaries/Win64/UE4Editor-ArchVisCharacter.dll (API version 3944462).
LogModuleManager: Display: Found up-to-date module file ../../../Engine/Plugins/Runtime/AudioCapture/Binaries/Win64/UE4Editor-AudioCapture.dll (API version 3944462).
LogModuleManager: Display: Found up-to-date module file ../../../Engine/Plugins/Runtime/AudioCapture/Binaries/Win64/UE4Editor-AudioCaptureEditor.dll (API version 3944462).
LogModuleManager: Display: Found up-to-date module file ../../../Engine/Plugins/Runtime/CableComponent/Binaries/Win64/UE4Editor-CableComponent.dll (API version 3944462).
LogModuleManager: Display: Found up-to-date module file ../../../Engine/Plugins/Runtime/CustomMeshComponent/Binaries/Win64/UE4Editor-CustomMeshComponent.dll (API version 3944462).
LogModuleManager: Display: Found up-to-date module file ../../../Engine/Plugins/Runtime/ExampleDeviceProfileSelector/Binaries/Win64/UE4Editor-ExampleDeviceProfileSelector.dll (API version 3944462).
LogModuleManager: Display: Found up-to-date module file ../../../Engine/Plugins/Runtime/ImmediatePhysics/Binaries/Win64/UE4Editor-ImmediatePhysics.dll (API version 3944462).
LogModuleManager: Display: Found up-to-date module file ../../../Engine/Plugins/Runtime/ImmediatePhysics/Binaries/Win64/UE4Editor-ImmediatePhysicsEditor.dll (API version 3944462).
LogModuleManager: Display: Found up-to-date module file ../../../Engine/Plugins/Runtime/LocationServicesBPLibrary/Binaries/Win64/UE4Editor-LocationServicesBPLibrary.dll (API version 3944462).
LogModuleManager: Display: Found up-to-date module file ../../../Engine/Plugins/Runtime/MobilePatchingUtils/Binaries/Win64/UE4Editor-MobilePatchingUtils.dll (API version 3944462).
LogModuleManager: Display: Found up-to-date module file ../../../Engine/Plugins/Runtime/Oculus/OculusVR/Binaries/Win64/UE4Editor-OculusHMD.dll (API version 3944462).
LogModuleManager: Display: Found up-to-date module file ../../../Engine/Plugins/Runtime/Oculus/OculusVR/Binaries/Win64/UE4Editor-OculusInput.dll (API version 3944462).
LogModuleManager: Display: Found up-to-date module file ../../../Engine/Plugins/Runtime/Oculus/OculusVR/Binaries/Win64/UE4Editor-OculusEditor.dll (API version 3944462).
LogModuleManager: Display: Found up-to-date module file ../../../Engine/Plugins/Runtime/PhysXVehicles/Binaries/Win64/UE4Editor-PhysXVehicles.dll (API version 3944462).
LogModuleManager: Display: Found up-to-date module file ../../../Engine/Plugins/Runtime/PhysXVehicles/Binaries/Win64/UE4Editor-PhysXVehiclesEditor.dll (API version 3944462).
LogModuleManager: Display: Found up-to-date module file ../../../Engine/Plugins/Runtime/RuntimePhysXCooking/Binaries/Win64/UE4Editor-RuntimePhysXCooking.dll (API version 3944462).
LogModuleManager: Display: Found up-to-date module file ../../../Engine/Plugins/Runtime/Steam/SteamVR/Binaries/Win64/UE4Editor-SteamVR.dll (API version 3944462).
LogModuleManager: Display: Found up-to-date module file ../../../Engine/Plugins/Runtime/Steam/SteamVR/Binaries/Win64/UE4Editor-SteamVRController.dll (API version 3944462).
LogModuleManager: Display: Found up-to-date module file ../../../Engine/Plugins/Runtime/WindowsMoviePlayer/Binaries/Win64/UE4Editor-WindowsMoviePlayer.dll (API version 3944462).
LogPluginManager: Mounting plugin Paper2D
LogPluginManager: Mounting plugin LiveLink
LogPluginManager: Mounting plugin LightPropagationVolume
LogPluginManager: Mounting plugin CLionSourceCodeAccess
LogPluginManager: Mounting plugin CodeLiteSourceCodeAccess
LogPluginManager: Mounting plugin GitSourceControl
LogPluginManager: Mounting plugin KDevelopSourceCodeAccess
LogPluginManager: Mounting plugin NullSourceCodeAccess
LogPluginManager: Mounting plugin PerforceSourceControl
LogPluginManager: Mounting plugin SubversionSourceControl
LogPluginManager: Mounting plugin UObjectPlugin
LogPluginManager: Mounting plugin VisualStudioCodeSourceCodeAccess
LogPluginManager: Mounting plugin VisualStudioSourceCodeAccess
LogPluginManager: Mounting plugin XCodeSourceCodeAccess
LogPluginManager: Mounting plugin AssetManagerEditor
LogPluginManager: Mounting plugin CryptoKeys
LogPluginManager: Mounting plugin DataValidation
LogPluginManager: Mounting plugin FacialAnimation
LogPluginManager: Mounting plugin GameplayTagsEditor
LogPluginManager: Mounting plugin MobileLauncherProfileWizard
LogPluginManager: Mounting plugin PluginBrowser
LogPluginManager: Mounting plugin SpeedTreeImporter
LogPluginManager: Mounting plugin DatasmithContent
LogPluginManager: Mounting plugin AlembicImporter
LogPluginManager: Mounting plugin CharacterAI
LogPluginManager: Mounting plugin HTML5Networking
LogPluginManager: Mounting plugin AndroidMedia
LogPluginManager: Mounting plugin AvfMedia
LogPluginManager: Mounting plugin ImgMedia
LogPluginManager: Mounting plugin LinearTimecode
LogPluginManager: Mounting plugin MediaCompositing
LogPluginManager: Mounting plugin MediaPlayerEditor
LogPluginManager: Mounting plugin WmfMedia
LogPluginManager: Mounting plugin TcpMessaging
LogPluginManager: Mounting plugin UdpMessaging
LogPluginManager: Mounting plugin ActorSequence
LogPluginManager: Mounting plugin LevelSequenceEditor
LogPluginManager: Mounting plugin MatineeToLevelSequence
LogPluginManager: Mounting plugin NetcodeUnitTest
LogPluginManager: Mounting plugin NUTUnrealEngine4
LogPluginManager: Mounting plugin OnlineSubsystemGooglePlay
LogPluginManager: Mounting plugin OnlineSubsystemIOS
LogPluginManager: Mounting plugin OnlineSubsystem
LogPluginManager: Mounting plugin OnlineSubsystemNull
LogPluginManager: Mounting plugin OnlineSubsystemUtils
LogPluginManager: Mounting plugin AndroidDeviceProfileSelector
LogPluginManager: Mounting plugin AndroidMoviePlayer
LogPluginManager: Mounting plugin AndroidPermission
LogPluginManager: Mounting plugin AppleARKit
LogPluginManager: Mounting plugin AppleMoviePlayer
LogPluginManager: Mounting plugin ArchVisCharacter
LogPluginManager: Mounting plugin AudioCapture
LogPluginManager: Mounting plugin CableComponent
LogPluginManager: Mounting plugin CustomMeshComponent
LogPluginManager: Mounting plugin ExampleDeviceProfileSelector
LogPluginManager: Mounting plugin GoogleCloudMessaging
LogPluginManager: Mounting plugin ImmediatePhysics
LogPluginManager: Mounting plugin IOSDeviceProfileSelector
LogPluginManager: Mounting plugin LinuxDeviceProfileSelector
LogPluginManager: Mounting plugin LocationServicesBPLibrary
LogPluginManager: Mounting plugin MobilePatchingUtils
LogPluginManager: Mounting plugin OculusVR
LogPluginManager: Plugin shader directory ../../../Engine/Plugins/Runtime/Oculus/OculusVR/Shaders found
LogPluginManager: Mapping shader source directory ../../../Engine/Plugins/Runtime/Oculus/OculusVR/Shaders to virtual directory /Plugin/OculusVR
LogPluginManager: Mounting plugin PhysXVehicles
LogPluginManager: Mounting plugin ProceduralMeshComponent
LogPluginManager: Mounting plugin RuntimePhysXCooking
LogPluginManager: Mounting plugin SteamVR
LogPluginManager: Mounting plugin WindowsMoviePlayer
LogStreaming: Display: Took  1.189s to configure plugins.
LogInit: Using libcurl 7.47.1
LogInit:  - built for x86_64-pc-win32
LogInit:  - supports SSL with OpenSSL/1.0.2g
LogInit:  - supports HTTP deflate (compression) using libz 1.2.8
LogInit:  - other features:
LogInit:      CURL_VERSION_SSL
LogInit:      CURL_VERSION_LIBZ
LogInit:      CURL_VERSION_IPV6
LogInit:      CURL_VERSION_ASYNCHDNS
LogInit:      CURL_VERSION_LARGEFILE
LogInit:      CURL_VERSION_IDN
LogInit:  CurlRequestOptions (configurable via config and command line):
LogInit:  - bVerifyPeer = false  - Libcurl will NOT verify peer certificate
LogInit:  - bUseHttpProxy = false  - Libcurl will NOT use HTTP proxy
LogInit:  - bDontReuseConnections = false  - Libcurl will reuse connections
LogInit:  - CertBundlePath = nullptr  - Libcurl will use whatever was configured at build time.
LogInit:  - MaxHostConnections = 16  - Libcurl will limit the number of connections to a host
LogInit:  - LocalHostAddr = Default
LogInit: WinSock: version 1.1 (2.2), MaxSocks=32767, MaxUdp=65467
LogInit: WinSock: I am DESKTOP-8AFEPG4 (192.168.0.100:0)
LogInit: Build: ++UE4+Release-4.19-CL-4033788
LogInit: Engine Version: 4.19.2-4033788+++UE4+Release-4.19
LogInit: Compatible Engine Version: 4.19.0-3944462+++UE4+Release-4.19
LogInit: Net CL: 3944462
LogDevObjectVersion: Number of dev versions registered: 18
LogDevObjectVersion:   Dev-Blueprints (B0D832E4-1F89-4F0D-ACCF-7EB736FD4AA2): 10
LogDevObjectVersion:   Dev-Build (E1C64328-A22C-4D53-A36C-8E866417BD8C): 0
LogDevObjectVersion:   Dev-Core (375EC13C-06E4-48FB-B500-84F0262A717E): 2
LogDevObjectVersion:   Dev-Editor (E4B068ED-F494-42E9-A231-DA0B2E46BB41): 23
LogDevObjectVersion:   Dev-Framework (CFFC743F-43B0-4480-9391-14DF171D2073): 33
LogDevObjectVersion:   Dev-Mobile (B02B49B5-BB20-44E9-A304-32B752E40360): 2
LogDevObjectVersion:   Dev-Networking (A4E4105C-59A1-49B5-A7C5-40C4547EDFEE): 0
LogDevObjectVersion:   Dev-Online (39C831C9-5AE6-47DC-9A44-9C173E1C8E7C): 0
LogDevObjectVersion:   Dev-Physics (78F01B33-EBEA-4F98-B9B4-84EACCB95AA2): 0
LogDevObjectVersion:   Dev-Platform (6631380F-2D4D-43E0-8009-CF276956A95A): 0
LogDevObjectVersion:   Dev-Rendering (12F88B9F-8875-4AFC-A67C-D90C383ABD29): 25
LogDevObjectVersion:   Dev-Sequencer (7B5AE74C-D270-4C10-A958-57980B212A5A): 6
LogDevObjectVersion:   Dev-VR (D7296918-1DD6-4BDD-9DE2-64A83CC13884): 1
LogDevObjectVersion:   Dev-LoadTimes (C2A15278-BFE7-4AFE-6C17-90FF531DF755): 1
LogDevObjectVersion:   Private-Geometry (6EACA3D4-40EC-4CC1-B786-8BED09428FC5): 2
LogDevObjectVersion:   Dev-AnimPhys (29E575DD-E0A3-4627-9D10-D276232CDCEA): 16
LogDevObjectVersion:   Dev-ReflectionCapture (6B266CEC-1EC7-4B8F-A30B-E4D90942FC07): 1
LogDevObjectVersion:   Dev-Automation (0DF73D61-A23F-47EA-B727-89E90C41499A): 1
LogInit: Compiled (64-bit): Apr 27 2018 02:06:57
LogInit: Compiled with Visual C++: 19.00.24215.01
LogInit: Build Configuration: Development
LogInit: Branch Name: ++UE4+Release-4.19
LogInit: Command Line:  
LogInit: Base Directory: C:/Program Files/Epic Games/UE_4.19/Engine/Binaries/Win64/
LogInit: Installed Engine Build: 1
LogStreaming: Display: Took  0.001s to delete old logs.
LogInit: Presizing for max 8388607 objects, including 0 objects not considered by GC, pre-allocating 0 bytes for permanent pool.
LogInit: Object subsystem initialized
[2018.10.07-07.27.18:249][  0]LogInit: Selected Device Profile: [Windows]
[2018.10.07-07.27.18:250][  0]LogInit: Applying CVar settings loaded from the selected device profile: [Windows]
[2018.10.07-07.27.18:278][  0]LogInit: Computer: DESKTOP-8AFEPG4
[2018.10.07-07.27.18:278][  0]LogInit: User: Haojun
[2018.10.07-07.27.18:278][  0]LogInit: CPU Page size=4096, Cores=6
[2018.10.07-07.27.18:278][  0]LogInit: High frequency timer resolution =2.156246 MHz
[2018.10.07-07.27.18:279][  0]LogMemory: Memory total: Physical=7.7GB (8GB approx)
[2018.10.07-07.27.18:279][  0]LogMemory: Platform Memory Stats for Windows
[2018.10.07-07.27.18:279][  0]LogMemory: Process Physical Memory: 275.89 MB used, 275.89 MB peak
[2018.10.07-07.27.18:279][  0]LogMemory: Process Virtual Memory: 272.12 MB used, 272.12 MB peak
[2018.10.07-07.27.18:279][  0]LogMemory: Physical Memory: 3984.70 MB used,  3947.18 MB free, 7931.89 MB total
[2018.10.07-07.27.18:279][  0]LogMemory: Virtual Memory: 4821.48 MB used,  3947.18 MB free, 134217728.00 MB total
[2018.10.07-07.27.18:326][  0]LogInit: Using OS detected language (en-US).
[2018.10.07-07.27.18:326][  0]LogInit: Using OS detected locale (en-US).
[2018.10.07-07.27.18:333][  0]LogTextLocalizationManager: No specific localization for 'en-US' exists, so the 'en' localization will be used.
[2018.10.07-07.27.18:886][  0]LogStreaming: Display: Took  0.561s to EndInitTextLocalization.
[2018.10.07-07.27.18:886][  0]LogInit: Setting process to per monitor DPI aware
[2018.10.07-07.27.18:923][  0]LogSlate: New Slate User Created.  User Index 0, Is Virtual User: 0
[2018.10.07-07.27.18:923][  0]LogSlate: Slate User Registered.  User Index 0, Is Virtual User: 0
[2018.10.07-07.27.19:157][  0]LogD3D11RHI: D3D11 adapters:
[2018.10.07-07.27.19:228][  0]LogD3D11RHI:    0. 'NVIDIA GeForce GTX 1050 Ti with Max-Q Design' (Feature Level 11_0)
[2018.10.07-07.27.19:228][  0]LogD3D11RHI:       4021/0/3965 MB DedicatedVideo/DedicatedSystem/SharedSystem, Outputs:1, VendorId:0x10de
[2018.10.07-07.27.19:243][  0]LogD3D11RHI:    1. 'Intel(R) UHD Graphics 630' (Feature Level 11_0)
[2018.10.07-07.27.19:243][  0]LogD3D11RHI:       128/0/3965 MB DedicatedVideo/DedicatedSystem/SharedSystem, Outputs:0, VendorId:0x8086
[2018.10.07-07.27.19:245][  0]LogD3D11RHI:    2. 'Microsoft Basic Render Driver' (Feature Level 11_0)
[2018.10.07-07.27.19:245][  0]LogD3D11RHI:       0/0/3965 MB DedicatedVideo/DedicatedSystem/SharedSystem, Outputs:0, VendorId:0x1414
[2018.10.07-07.27.19:245][  0]LogD3D11RHI: Chosen D3D11 Adapter: 0
[2018.10.07-07.27.19:273][  0]LogD3D11RHI: Creating new Direct3DDevice
[2018.10.07-07.27.19:274][  0]LogD3D11RHI:     GPU DeviceId: 0x1c8c (for the marketing name, search the web for "GPU Device Id")
[2018.10.07-07.27.19:274][  0]LogWindows: EnumDisplayDevices:
[2018.10.07-07.27.19:274][  0]LogWindows:    0. 'Intel(R) UHD Graphics 630' (P:1 D:1)
[2018.10.07-07.27.19:274][  0]LogWindows:    1. 'Intel(R) UHD Graphics 630' (P:0 D:0)
[2018.10.07-07.27.19:274][  0]LogWindows:    2. 'Intel(R) UHD Graphics 630' (P:0 D:0)
[2018.10.07-07.27.19:274][  0]LogWindows: DebugString: GetVideoDriverDetailsInvalid PrimaryIsNotTheChoosenAdapter GetVideoDriverDetailsInvalid PrimaryIsNotTheChoosenAdapter GetVideoDriverDetailsInvalid PrimaryIsNotTheChoosenAdapter FoundDriverCount:0 
[2018.10.07-07.27.19:274][  0]LogD3D11RHI:     Adapter Name: NVIDIA GeForce GTX 1050 Ti with Max-Q Design
[2018.10.07-07.27.19:274][  0]LogD3D11RHI:   Driver Version: Unknown (internal:Unknown, unified:Unknown)
[2018.10.07-07.27.19:274][  0]LogD3D11RHI:      Driver Date: Unknown
[2018.10.07-07.27.19:274][  0]LogRHI: Texture pool is 2814 MB (70% of 4021 MB)
[2018.10.07-07.27.19:319][  0]LogD3D11RHI: [Aftermath] Aftermath enabled and primed
[2018.10.07-07.27.19:319][  0]LogD3D11RHI: [Aftermath] Aftermath enabled and primed
[2018.10.07-07.27.19:319][  0]LogD3D11RHI: Async texture creation enabled
[2018.10.07-07.27.19:339][  0]LogD3D11RHI: GPU Timing Frequency: 1000.000000 (Debug: 2 2)
[2018.10.07-07.27.19:340][  0]LogShaderCompilers: Guid format shader working directory is -34 characters bigger than the processId version (../../../../../../Users/Haojun/Documents/Unreal Projects/FIT3039_Project/FIT3039/Intermediate/Shaders/WorkingDirectory/10784/).
[2018.10.07-07.27.19:341][  0]LogShaderCompilers: Cleaned the shader compiler working directory 'C:/Users/Haojun/AppData/Local/Temp/UnrealShaderWorkingDir/F2FE94564C569BECC6AEDC9BDBC10333/'.
[2018.10.07-07.27.19:817][  0]LogTemp: Display: Loaded TP AllDesktopTargetPlatform
[2018.10.07-07.27.19:843][  0]LogTemp: Display: Loaded TP MacClientTargetPlatform
[2018.10.07-07.27.19:868][  0]LogTemp: Display: Loaded TP MacNoEditorTargetPlatform
[2018.10.07-07.27.19:889][  0]LogTemp: Display: Loaded TP MacServerTargetPlatform
[2018.10.07-07.27.19:905][  0]LogTemp: Display: Loaded TP MacTargetPlatform
[2018.10.07-07.27.19:920][  0]LogTemp: Display: Loaded TP WindowsClientTargetPlatform
[2018.10.07-07.27.19:935][  0]LogTemp: Display: Loaded TP WindowsNoEditorTargetPlatform
[2018.10.07-07.27.19:951][  0]LogTemp: Display: Loaded TP WindowsServerTargetPlatform
[2018.10.07-07.27.19:958][  0]LogTemp: Display: Loaded TP WindowsTargetPlatform
[2018.10.07-07.27.19:970][  0]LogTemp: Display: Loaded TP Android_ASTCTargetPlatform
[2018.10.07-07.27.19:984][  0]LogTemp: Display: Loaded TP Android_ATCTargetPlatform
[2018.10.07-07.27.19:997][  0]LogTemp: Display: Loaded TP Android_DXTTargetPlatform
[2018.10.07-07.27.20:010][  0]LogTemp: Display: Loaded TP Android_ETC1aTargetPlatform
[2018.10.07-07.27.20:024][  0]LogTemp: Display: Loaded TP Android_ETC1TargetPlatform
[2018.10.07-07.27.20:037][  0]LogTemp: Display: Loaded TP Android_ETC2TargetPlatform
[2018.10.07-07.27.20:064][  0]LogTemp: Display: Loaded TP Android_MultiTargetPlatform
[2018.10.07-07.27.20:064][  0]LogTemp: Display: Loaded TP Android_PVRTCTargetPlatform
[2018.10.07-07.27.20:077][  0]LogTemp: Display: Loaded TP AndroidTargetPlatform
[2018.10.07-07.27.20:079][  0]LogTemp: Display: Loaded TP HTML5TargetPlatform
[2018.10.07-07.27.20:119][  0]LogTemp: Display: Loaded TP IOSTargetPlatform
[2018.10.07-07.27.20:155][  0]LogTemp: Display: Loaded TP TVOSTargetPlatform
[2018.10.07-07.27.20:199][  0]LogTemp: Display: Loaded TP LinuxClientTargetPlatform
[2018.10.07-07.27.20:248][  0]LogTemp: Display: Loaded TP LinuxNoEditorTargetPlatform
[2018.10.07-07.27.20:294][  0]LogTemp: Display: Loaded TP LinuxServerTargetPlatform
[2018.10.07-07.27.20:323][  0]LogTemp: Display: Loaded TP LinuxTargetPlatform
[2018.10.07-07.27.20:323][  0]LogTargetPlatformManager: Display: Building Assets For Windows
[2018.10.07-07.27.20:453][  0]LogXGEController: Cleaning working directory: C:/Users/Haojun/AppData/Local/Temp/UnrealXGEWorkingDir/
[2018.10.07-07.27.20:453][  0]LogXGEController: Cannot use XGE Controller as Incredibuild is not installed on this machine.
[2018.10.07-07.27.20:453][  0]LogShaderCompilers: Cannot use XGE Shader Compiler as Incredibuild is not installed on this machine.
[2018.10.07-07.27.20:453][  0]LogShaderCompilers: Display: Using Local Shader Compiler.
[2018.10.07-07.27.21:340][  0]LogDerivedDataCache: Display: Max Cache Size: 512 MB
[2018.10.07-07.27.21:449][  0]LogDerivedDataCache: Loaded boot cache 0.11s 77MB C:/Users/Haojun/AppData/Local/UnrealEngine/4.19/DerivedDataCache/Boot.ddc.
[2018.10.07-07.27.21:449][  0]LogDerivedDataCache: Display: Loaded Boot cache: C:/Users/Haojun/AppData/Local/UnrealEngine/4.19/DerivedDataCache/Boot.ddc
[2018.10.07-07.27.21:449][  0]LogDerivedDataCache: FDerivedDataBackendGraph:  Pak pak cache file ../../../../../../Users/Haojun/Documents/Unreal Projects/FIT3039_Project/FIT3039/DerivedDataCache/DDC.ddp not found, will not use a pak cache.
[2018.10.07-07.27.21:449][  0]LogDerivedDataCache: Unable to find inner node Pak for hierarchical cache Hierarchy.
[2018.10.07-07.27.21:449][  0]LogDerivedDataCache: FDerivedDataBackendGraph:  CompressedPak pak cache file ../../../../../../Users/Haojun/Documents/Unreal Projects/FIT3039_Project/FIT3039/DerivedDataCache/Compressed.ddp not found, will not use a pak cache.
[2018.10.07-07.27.21:449][  0]LogDerivedDataCache: Unable to find inner node CompressedPak for hierarchical cache Hierarchy.
[2018.10.07-07.27.21:468][  0]LogDerivedDataCache: Display: Pak cache opened for reading ../../../Engine/DerivedDataCache/Compressed.ddp.
[2018.10.07-07.27.21:485][  0]LogDerivedDataCache: Using Local data cache path C:/Users/Haojun/AppData/Local/UnrealEngine/Common/DerivedDataCache: Writable
[2018.10.07-07.27.21:485][  0]LogDerivedDataCache: Shared data cache path not found in *engine.ini, will not use an Shared cache.
[2018.10.07-07.27.21:485][  0]LogDerivedDataCache: Unable to find inner node Shared for hierarchical cache Hierarchy.
[2018.10.07-07.27.21:500][  0]LogMaterial: Verifying Global Shaders for PCD3D_SM5
[2018.10.07-07.27.21:500][  0]LogSlate: Using Freetype 2.6.0
[2018.10.07-07.27.21:501][  0]LogSlate: SlateFontCache - WITH_FREETYPE: 1, WITH_HARFBUZZ: 1
[2018.10.07-07.27.21:501][  0]LogSlate: SlateFontCache - WITH_FREETYPE: 1, WITH_HARFBUZZ: 1
[2018.10.07-07.27.21:753][  0]LogAssetRegistry: FAssetRegistry took 0.0275 seconds to start up
[2018.10.07-07.27.22:156][  0]LogInit: Selected Device Profile: [Windows]
[2018.10.07-07.27.22:438][  0]LogSimplygon: Simplygon DLL not present - disabling.
[2018.10.07-07.27.22:442][  0]LogMeshReduction: Using SimplygonSwarm for distributed automatic mesh merging
[2018.10.07-07.27.22:442][  0]LogMeshReduction: Using QuadricMeshReduction for automatic static mesh reduction
[2018.10.07-07.27.22:442][  0]LogMeshReduction: No automatic skeletal mesh reduction module available
[2018.10.07-07.27.22:442][  0]LogMeshReduction: No automatic mesh merging module available
[2018.10.07-07.27.22:442][  0]LogMeshMerging: No automatic mesh merging module available
[2018.10.07-07.27.22:497][  0]LogNetVersion: FIT3039_Project , NetCL: 3944462, EngineNetVer: 2, GameNetVer: 0 (Checksum: 3493369064)
[2018.10.07-07.27.23:673][  0]LogPackageLocalizationCache: Processed 9 localized package path(s) for 2 prioritized culture(s) in 0.157251 seconds
[2018.10.07-07.27.23:684][  0]LogUObjectArray: 36728 objects as part of root set at end of initial load.
[2018.10.07-07.27.23:684][  0]LogUObjectAllocator: 7314312 out of 0 bytes used by permanent object pool.
[2018.10.07-07.27.23:685][  0]LogUObjectArray: CloseDisregardForGC: 0/0 objects in disregard for GC pool
[2018.10.07-07.27.25:991][  0]LogTcpMessaging: Initializing TcpMessaging bridge
[2018.10.07-07.27.26:043][  0]LogUdpMessaging: Initializing bridge on interface 0.0.0.0:0 to multicast group 230.0.0.1:6666.
[2018.10.07-07.27.26:562][  0]SourceControl: Source control is disabled
[2018.10.07-07.27.26:562][  0]SourceControl: Source control is disabled
[2018.10.07-07.27.26:588][  0]SourceControl: Source control is disabled
[2018.10.07-07.27.26:612][  0]SourceControl: Source control is disabled
[2018.10.07-07.27.27:211][  0]LogAndroidPermission: UAndroidPermissionCallbackProxy::GetInstance
[2018.10.07-07.27.27:473][  0]LogOcInput: OculusInput pre-init called
[2018.10.07-07.27.27:632][  0]LogEngine: Initializing Engine...
[2018.10.07-07.27.27:635][  0]LogHMD: Failed to initialize OpenVR with code 110
[2018.10.07-07.27.27:638][  0]LogStats: UGameplayTagsManager::ConstructGameplayTagTree: Construct from data asset -  0.000 s
[2018.10.07-07.27.27:638][  0]LogStats: UGameplayTagsManager::ConstructGameplayTagTree: GameplayTagTreeChangedEvent.Broadcast -  0.000 s
[2018.10.07-07.27.28:288][  0]LogAIModule: Creating AISystem for world Untitled
[2018.10.07-07.27.28:306][  0]LogInit: XAudio2 using 'Speakers/Headphones (Realtek(R) Audio)' : 2 channels at 48 kHz using 32 bits per sample (channel mask 0x3)
[2018.10.07-07.27.28:823][  0]LogInit: FAudioDevice initialized.
[2018.10.07-07.27.28:963][  0]LogDerivedDataCache: Saved boot cache 0.14s 74MB C:/Users/Haojun/AppData/Local/UnrealEngine/4.19/DerivedDataCache/Boot.ddc.
[2018.10.07-07.27.28:990][  0]LogInit: Texture streaming: Enabled
[2018.10.07-07.27.29:008][  0]LogEngineSessionManager: EngineSessionManager initialized
[2018.10.07-07.27.29:008][  0]LogEngineSessionManager: EngineSessionManager sent abnormal shutdown report. Type=Crashed, SessionId={BA9647E4-4754-6706-576E-DFA297FFA044}
[2018.10.07-07.27.29:023][  0]LogInit: Transaction tracking system initialized
[2018.10.07-07.27.29:050][  0]BlueprintLog: New page: Editor Load
[2018.10.07-07.27.29:135][  0]LocalizationService: Localization service is disabled
[2018.10.07-07.27.29:241][  0]LogConsoleResponse: Display: 
[2018.10.07-07.27.29:428][  0]LogCook: Display: Max memory allowance for cook 16384mb min free memory 0mb
[2018.10.07-07.27.29:428][  0]LogCook: Display: Mobile HDR setting 1
[2018.10.07-07.27.29:428][  0]LogGameplayTags: Display: UGameplayTagsManager::DoneAddingNativeTags. DelegateIsBound: 0
[2018.10.07-07.27.29:428][  0]LogStats: UGameplayTagsManager::ConstructGameplayTagTree: Construct from data asset -  0.000 s
[2018.10.07-07.27.29:428][  0]LogStats: UGameplayTagsManager::ConstructGameplayTagTree: GameplayTagTreeChangedEvent.Broadcast -  0.000 s
[2018.10.07-07.27.29:918][  0]LogFileCache: Scanning file cache for directory 'C:/Users/Haojun/Documents/Unreal Projects/FIT3039_Project/FIT3039/Content/' took 0.02s
[2018.10.07-07.27.29:918][  0]SourceControl: Source control is disabled
[2018.10.07-07.27.29:919][  0]Cmd: MAP LOAD FILE="../../../../../../Users/Haojun/Documents/Unreal Projects/FIT3039_Project/FIT3039/Content/ThirdPersonBP/Maps/ThirdPersonExampleMap.umap" TEMPLATE=0 SHOWPROGRESS=1 FEATURELEVEL=3
[2018.10.07-07.27.29:919][  0]LogEditorServer: Warning: Can't find file '../../../../../../Users/Haojun/Documents/Unreal Projects/FIT3039_Project/FIT3039/Content/ThirdPersonBP/Maps/ThirdPersonExampleMap.umap'
[2018.10.07-07.27.29:919][  0]Cmd: MAP CHECKDEP NOCLEARLOG
[2018.10.07-07.27.30:001][  0]MapCheck: Map check complete: 0 Error(s), 0 Warning(s), took 82.28ms to complete.
[2018.10.07-07.27.30:001][  0]LogFileHelpers: Loading map 'ThirdPersonExampleMap' took 0.083
[2018.10.07-07.27.30:176][  0]LogCollectionManager: Loaded 0 collections in 0.002163 seconds
[2018.10.07-07.27.30:227][  0]LogFileCache: Scanning file cache for directory 'C:/Users/Haojun/Documents/Unreal Projects/FIT3039_Project/FIT3039/Saved/Collections/' took 0.01s
[2018.10.07-07.27.30:227][  0]LogFileCache: Scanning file cache for directory 'C:/Users/Haojun/Documents/Unreal Projects/FIT3039_Project/FIT3039/Content/Developers/Haojun/Collections/' took 0.01s
[2018.10.07-07.27.30:227][  0]LogFileCache: Scanning file cache for directory 'C:/Users/Haojun/Documents/Unreal Projects/FIT3039_Project/FIT3039/Content/Collections/' took 0.01s
[2018.10.07-07.27.30:227][  0]LogCollectionManager: Rebuilt the GUID cache for 0 collections in 0.000001 seconds
[2018.10.07-07.27.30:253][  0]LogContentBrowser: Native class hierarchy populated in 0.0256 seconds. Added 2452 classes and 558 folders.
[2018.10.07-07.27.30:273][  0]LogContentBrowser: Native class hierarchy updated for 'WidgetCarousel' in 0.0006 seconds. Added 0 classes and 0 folders.
[2018.10.07-07.27.30:400][  0]LogContentBrowser: Native class hierarchy updated for 'AddContentDialog' in 0.0005 seconds. Added 0 classes and 0 folders.
[2018.10.07-07.27.30:412][  0]LogContentBrowser: Native class hierarchy updated for 'SceneOutliner' in 0.0006 seconds. Added 1 classes and 2 folders.
[2018.10.07-07.27.30:440][  0]LogSlate: Took 0.000221 seconds to synchronously load lazily loaded font '../../../Engine/Content/Slate/Fonts/Roboto-Regular.ttf' (155K)
[2018.10.07-07.27.30:444][  0]LogSlate: Took 0.000234 seconds to synchronously load lazily loaded font '../../../Engine/Content/Slate/Fonts/Roboto-Bold.ttf' (160K)
[2018.10.07-07.27.30:452][  0]LogSlate: Took 0.000207 seconds to synchronously load lazily loaded font '../../../Engine/Content/Editor/Slate/Fonts/FontAwesome.ttf' (139K)
[2018.10.07-07.27.30:567][  0]LogRenderer: Reallocating scene render targets to support 956x436 Format 10 NumSamples 1 (Frame:1).
[2018.10.07-07.27.30:724][  0]LogContentBrowser: Native class hierarchy updated for 'HierarchicalLODOutliner' in 0.0004 seconds. Added 0 classes and 0 folders.
[2018.10.07-07.27.30:724][  0]LogLoad: (Engine Initialization) Total time: 15.83 seconds
[2018.10.07-07.27.30:724][  0]LogLoad: (Engine Initialization) Total Blueprint compile time: 0.00 seconds
[2018.10.07-07.27.30:752][  0]LogWindowsTextInputMethodSystem: Display: IME system now activated using TSF (搜狗拼音输入法).
[2018.10.07-07.27.30:781][  0]LogContentStreaming: Texture pool size now 1000 MB
[2018.10.07-07.27.30:850][  1]LogAssetRegistry: Asset discovery search completed in 9.1208 seconds
[2018.10.07-07.27.30:852][  1]LogCollectionManager: Rebuilt the object cache for 0 collections in 0.000000 seconds (found 0 objects)
[2018.10.07-07.27.30:852][  1]LogCollectionManager: Fixed up redirectors for 0 collections in 0.000052 seconds (updated 0 objects)
[2018.10.07-07.27.33:366][103]LogSlate: FSceneViewport::OnFocusLost() reason 2
[2018.10.07-07.27.34:315][125]LogSlate: FSceneViewport::OnFocusLost() reason 2
[2018.10.07-07.27.34:372][125]LogSlate: Took 0.000253 seconds to synchronously load lazily loaded font '../../../Engine/Content/Slate/Fonts/Roboto-Light.ttf' (167K)
[2018.10.07-07.27.35:699][160]Cmd: MAP LOAD FILE="../../../../../../Users/Haojun/Documents/Unreal Projects/FIT3039_Project/FIT3039/Content/ThirdPersonBP/Maps/Level_2.umap" TEMPLATE=0 SHOWPROGRESS=1 FEATURELEVEL=3
[2018.10.07-07.27.35:732][160]LogSlate: Took 0.000324 seconds to synchronously load lazily loaded font '../../../Engine/Content/Slate/Fonts/Roboto-Light.ttf' (167K)
[2018.10.07-07.27.35:781][160]LightingResults: New page: Lighting Build
[2018.10.07-07.27.35:784][160]LogContentBrowser: Native class hierarchy updated for 'StatsViewer' in 0.0002 seconds. Added 5 classes and 0 folders.
[2018.10.07-07.27.35:785][160]LoadErrors: New page: Loading map: Level_2.umap
[2018.10.07-07.27.35:846][160]MapCheck: New page: Map Check
[2018.10.07-07.27.35:846][160]LightingResults: New page: Lighting Build
[2018.10.07-07.27.35:915][160]LogUObjectGlobals: Created PersistentFrame Addr=0x0000016c8f813a80, Size=64, Default__ThirdPerson_AnimBP_C Function /Game/Mannequin/Animations/ThirdPerson_AnimBP.ThirdPerson_AnimBP_C:ExecuteUbergraph_ThirdPerson_AnimBP
[2018.10.07-07.27.35:928][160]LogUObjectGlobals: Destroyed PersistentFrame Addr=0x0000016c8f813a80, Size=64
[2018.10.07-07.27.35:928][160]LogUObjectGlobals: Created PersistentFrame Addr=0x0000016c8f97fb80, Size=64, Default__ThirdPerson_AnimBP_C Function /Engine/Transient.REINST_ThirdPerson_AnimBP_C_0:ExecuteUbergraph_ThirdPerson_AnimBP
[2018.10.07-07.27.35:940][160]LogUObjectGlobals: Created PersistentFrame Addr=0x0000016cc342a390, Size=72, Default__ThirdPerson_AnimBP_C Function /Game/Mannequin/Animations/ThirdPerson_AnimBP.ThirdPerson_AnimBP_C:ExecuteUbergraph_ThirdPerson_AnimBP
[2018.10.07-07.27.36:008][160]LogUObjectGlobals: Created PersistentFrame Addr=0x0000016cc3126e80, Size=208, Default__BodyGuard_C Function /Game/AI/BodyGuard.BodyGuard_C:ExecuteUbergraph_BodyGuard
[2018.10.07-07.27.36:015][160]LogUObjectGlobals: Destroyed PersistentFrame Addr=0x0000016cc3126e80, Size=208
[2018.10.07-07.27.36:015][160]LogUObjectGlobals: Created PersistentFrame Addr=0x0000016cc3126e80, Size=208, Default__BodyGuard_C Function /Engine/Transient.REINST_BodyGuard_C_4:ExecuteUbergraph_BodyGuard
[2018.10.07-07.27.36:022][160]LogUObjectGlobals: Created PersistentFrame Addr=0x0000016cc30c3040, Size=208, Default__BodyGuard_C Function /Game/AI/BodyGuard.BodyGuard_C:ExecuteUbergraph_BodyGuard
[2018.10.07-07.27.36:166][160]LogUObjectGlobals: Created PersistentFrame Addr=0x0000016cc3086c00, Size=296, Default__ThirdPersonCharacter_C Function /Game/ThirdPersonBP/Blueprints/ThirdPersonCharacter.ThirdPersonCharacter_C:ExecuteUbergraph_ThirdPersonCharacter
[2018.10.07-07.27.36:180][160]LogUObjectGlobals: Destroyed PersistentFrame Addr=0x0000016cc3086c00, Size=296
[2018.10.07-07.27.36:181][160]LogUObjectGlobals: Created PersistentFrame Addr=0x0000016cc3086c00, Size=296, Default__ThirdPersonCharacter_C Function /Engine/Transient.REINST_ThirdPersonCharacter_C_8:ExecuteUbergraph_ThirdPersonCharacter
[2018.10.07-07.27.36:193][160]LogUObjectGlobals: Created PersistentFrame Addr=0x0000016cc3085300, Size=296, Default__ThirdPersonCharacter_C Function /Game/ThirdPersonBP/Blueprints/ThirdPersonCharacter.ThirdPersonCharacter_C:ExecuteUbergraph_ThirdPersonCharacter
[2018.10.07-07.27.36:210][160]LogUObjectGlobals: Created PersistentFrame Addr=0x0000016c89218d40, Size=224, Default__BP_Camera_C Function /Game/ThirdPersonBP/Blueprints/BP_Camera.BP_Camera_C:ExecuteUbergraph_BP_Camera
[2018.10.07-07.27.36:215][160]LogUObjectGlobals: Destroyed PersistentFrame Addr=0x0000016c89218d40, Size=224
[2018.10.07-07.27.36:215][160]LogUObjectGlobals: Created PersistentFrame Addr=0x0000016c89218d40, Size=224, Default__BP_Camera_C Function /Engine/Transient.REINST_BP_Camera_C_10:ExecuteUbergraph_BP_Camera
[2018.10.07-07.27.36:219][160]LogUObjectGlobals: Created PersistentFrame Addr=0x0000016c8b57f740, Size=224, Default__BP_Camera_C Function /Game/ThirdPersonBP/Blueprints/BP_Camera.BP_Camera_C:ExecuteUbergraph_BP_Camera
[2018.10.07-07.27.36:357][160]LogUObjectGlobals: Created PersistentFrame Addr=0x0000016cbd29f3c0, Size=392, Default__Level_C Function /Game/ThirdPersonBP/Maps/Level_2.Level_C:ExecuteUbergraph_Level_2
[2018.10.07-07.27.36:371][160]LogUObjectGlobals: Destroyed PersistentFrame Addr=0x0000016cbd29f3c0, Size=392
[2018.10.07-07.27.36:371][160]LogUObjectGlobals: Created PersistentFrame Addr=0x0000016cbd29f3c0, Size=392, Default__Level_C Function /Engine/Transient.REINST_Level_C_17:ExecuteUbergraph_Level_2
[2018.10.07-07.27.36:385][160]LogBlueprint: Warning: [Compiler PersistentLevel.Level_2] Node  Unknown  is not referencing a valid level actor
[2018.10.07-07.27.36:389][160]LogUObjectGlobals: Created PersistentFrame Addr=0x0000016cbd29cf00, Size=392, Default__Level_C Function /Game/ThirdPersonBP/Maps/Level_2.Level_C:ExecuteUbergraph_Level_2
[2018.10.07-07.27.36:392][160]LogBlueprint: Warning: [Compiler PersistentLevel.Level_2] [0021.49] Compile of PersistentLevel.Level_2 successful, but with 1 Warning(s) [in 25 ms] (/Game/ThirdPersonBP/Maps/Level_2.Level_2:PersistentLevel.Level_2)
[2018.10.07-07.27.36:776][160]LogSkeletalMesh: Skeletal Mesh found in DDC [15.424028ms] /Game/Mannequin/Character/Mesh/SK_Mannequin.SK_Mannequin
[2018.10.07-07.27.36:846][160]LogAIModule: Creating AISystem for world Level_2
[2018.10.07-07.27.36:876][160]LogEditorServer: Finished looking for orphan Actors (0.000 secs)
[2018.10.07-07.27.36:902][160]LogUObjectGlobals: Destroyed PersistentFrame Addr=0x0000016c8f97fb80, Size=64
[2018.10.07-07.27.36:902][160]LogUObjectGlobals: Destroyed PersistentFrame Addr=0x0000016cc3126e80, Size=208
[2018.10.07-07.27.36:903][160]LogUObjectGlobals: Destroyed PersistentFrame Addr=0x0000016cc3086c00, Size=296
[2018.10.07-07.27.36:903][160]LogUObjectGlobals: Destroyed PersistentFrame Addr=0x0000016c89218d40, Size=224
[2018.10.07-07.27.36:903][160]LogUObjectGlobals: Destroyed PersistentFrame Addr=0x0000016cbd29f3c0, Size=392
[2018.10.07-07.27.36:941][160]Cmd: MAP CHECKDEP NOCLEARLOG
[2018.10.07-07.27.37:034][160]MapCheck: Map check complete: 0 Error(s), 0 Warning(s), took 92.194ms to complete.
[2018.10.07-07.27.37:034][160]LogFileHelpers: Loading map 'Level_2' took 1.336
[2018.10.07-07.27.37:036][160]LogSlate: Window 'Open Level' being destroyed
[2018.10.07-07.27.40:933][269]LogSlate: FSceneViewport::OnFocusLost() reason 2
[2018.10.07-07.27.41:420][274]LogD3D11RHI: Error: Result failed 
 at D:\Build\++UE4+Release-4.19+Compile\Sync\Engine\Source\Runtime\Windows\D3D11RHI\Private\D3D11Query.cpp:140 
 with error DXGI_ERROR_DEVICE_REMOVED DXGI_ERROR_DEVICE_HUNG
[2018.10.07-07.27.41:420][274]LogRHI: Error: [Aftermath] Status: PageFault
[2018.10.07-07.27.41:420][274]LogRHI: Error: [Aftermath] GPU Stack Dump
[2018.10.07-07.27.41:421][274]LogRHI: Error: [Aftermath] 0: FRAME
[2018.10.07-07.27.41:421][274]LogRHI: Error: [Aftermath] 1: SlateUI
[2018.10.07-07.27.41:421][274]LogRHI: Error: [Aftermath] GPU Stack Dump
[2018.10.07-07.27.41:421][274]LogWindows: Windows GetLastError: The operation completed successfully. (0)
[2018.10.07-07.27.42:646][275]LogWindows: Windows GetLastError: The operation completed successfully. (0)
[2018.10.07-07.27.42:646][275]LogWindows: Error: === Critical error: ===
[2018.10.07-07.27.42:646][275]LogWindows: Error: 
[2018.10.07-07.27.42:646][275]LogWindows: Error: Fatal error: [File:D:\Build\++UE4+Release-4.19+Compile\Sync\Engine\Source\Runtime\RenderCore\Private\RenderingThread.cpp] [Line: 819] 
[2018.10.07-07.27.42:646][275]LogWindows: Error: Rendering thread exception:
[2018.10.07-07.27.42:646][275]LogWindows: Error: Fatal error: [File:D:\Build\++UE4+Release-4.19+Compile\Sync\Engine\Source\Runtime\Windows\D3D11RHI\Private\D3D11Util.cpp] [Line: 182] 
[2018.10.07-07.27.42:646][275]LogWindows: Error: Unreal Engine is exiting due to D3D device being lost. (Error: 0x887A0006 - 'HUNG')
[2018.10.07-07.27.42:646][275]LogWindows: Error: 
[2018.10.07-07.27.42:646][275]LogWindows: Error: 
[2018.10.07-07.27.42:646][275]LogWindows: Error: [Callstack] 0x00000000F6E7A388 KERNELBASE.dll!UnknownFunction []
[2018.10.07-07.27.42:646][275]LogWindows: Error: [Callstack] 0x00000000DAC27884 UE4Editor-ApplicationCore.dll!UnknownFunction []
[2018.10.07-07.27.42:646][275]LogWindows: Error: [Callstack] 0x00000000B6036D9B UE4Editor-Core.dll!UnknownFunction []
[2018.10.07-07.27.42:646][275]LogWindows: Error: [Callstack] 0x00000000B5F71949 UE4Editor-Core.dll!UnknownFunction []
[2018.10.07-07.27.42:646][275]LogWindows: Error: [Callstack] 0x000000009B8DA0CF UE4Editor-D3D11RHI.dll!UnknownFunction []
[2018.10.07-07.27.42:646][275]LogWindows: Error: [Callstack] 0x000000009B8DE5E0 UE4Editor-D3D11RHI.dll!UnknownFunction []
[2018.10.07-07.27.42:646][275]LogWindows: Error: [Callstack] 0x000000009B8B593D UE4Editor-D3D11RHI.dll!UnknownFunction []
[2018.10.07-07.27.42:646][275]LogWindows: Error: [Callstack] 0x000000009B8CAC98 UE4Editor-D3D11RHI.dll!UnknownFunction []
[2018.10.07-07.27.42:646][275]LogWindows: Error: [Callstack] 0x00000000BAFAF0B6 UE4Editor-RHI.dll!UnknownFunction []
[2018.10.07-07.27.42:646][275]LogWindows: Error: [Callstack] 0x000000009AD81FF8 UE4Editor-SlateRHIRenderer.dll!UnknownFunction []
[2018.10.07-07.27.42:646][275]LogWindows: Error: [Callstack] 0x000000009AD87C4C UE4Editor-SlateRHIRenderer.dll!UnknownFunction []
[2018.10.07-07.27.42:646][275]LogWindows: Error: [Callstack] 0x00000000B5E4B713 UE4Editor-Core.dll!UnknownFunction []
[2018.10.07-07.27.42:646][275]LogWindows: Error: [Callstack] 0x00000000B5E4BD3A UE4Editor-Core.dll!UnknownFunction []
[2018.10.07-07.27.42:646][275]LogWindows: Error: [Callstack] 0x00000000DB0B3CC9 UE4Editor-RenderCore.dll!UnknownFunction []
[2018.10.07-07.27.42:646][275]LogWindows: Error: [Callstack] 0x00000000DB0B4CF6 UE4Editor-RenderCore.dll!UnknownFunction []
[2018.10.07-07.27.42:646][275]LogWindows: Error: [Callstack] 0x00000000B6219FFC UE4Editor-Core.dll!UnknownFunction []
[2018.10.07-07.27.42:646][275]LogWindows: Error: [Callstack] 0x00000000B620ED63 UE4Editor-Core.dll!UnknownFunction []
[2018.10.07-07.27.42:646][275]LogWindows: Error: [Callstack] 0x00000000F71F3034 KERNEL32.DLL!UnknownFunction []
[2018.10.07-07.27.42:646][275]LogWindows: Error: [Callstack] 0x00000000F9CF1461 ntdll.dll!UnknownFunction []
[2018.10.07-07.27.42:646][275]LogWindows: Error: [Callstack] 0x00000000F9CF1461 ntdll.dll!UnknownFunction []
[2018.10.07-07.27.42:646][275]LogWindows: Error: 
[2018.10.07-07.27.42:646][275]LogWindows: Error: 
[2018.10.07-07.27.42:646][275]LogWindows: Error: 
[2018.10.07-07.27.42:646][275]LogWindows: Error: 
[2018.10.07-07.27.42:672][275]LogExit: Executing StaticShutdownAfterError
[2018.10.07-07.27.42:674][275]LogWindows: FPlatformMisc::RequestExit(1)
[2018.10.07-07.27.42:674][275]Log file closed, 10/07/18 18:27:42
