Log file open, 10/09/18 11:54:07
LogWindows: Failed to load 'aqProf.dll' (GetLastError=126)
LogWindows: File 'aqProf.dll' does not exist
LogWindows: Failed to load 'VtuneApi.dll' (GetLastError=126)
LogWindows: File 'VtuneApi.dll' does not exist
LogWindows: Failed to load 'VtuneApi32e.dll' (GetLastError=126)
LogWindows: File 'VtuneApi32e.dll' does not exist
LogInit: Display: Running engine for game: FIT3039_Project
LogPlatformFile: Not using cached read wrapper
LogInit: Display: RandInit(794741316) SRandInit(794741316).
LogInit: Read version file with build ID '3944462'
LogInit: Overriding engine version to CL 4033788, compatible CL 3944462
LogInit: Registered custom module enumerator with build ID '3944462'
LogTaskGraph: Started task graph with 5 named threads and 35 total threads with 3 sets of task threads.
LogStats: Stats thread started at 0.552144
LogD3D11RHI: Aftermath initialized
LogICUInternationalization: Display: ICU TimeZone Detection - Raw Offset: +10:00, Platform Override: ''
LogModuleManager: Display: Found up-to-date module file ../../../Engine/Plugins/2D/Paper2D/Binaries/Win64/UE4Editor-Paper2D.dll (API version 3944462).
LogModuleManager: Display: Found up-to-date module file ../../../Engine/Plugins/2D/Paper2D/Binaries/Win64/UE4Editor-Paper2DEditor.dll (API version 3944462).
LogModuleManager: Display: Found up-to-date module file ../../../Engine/Plugins/2D/Paper2D/Binaries/Win64/UE4Editor-PaperSpriteSheetImporter.dll (API version 3944462).
LogModuleManager: Display: Found up-to-date module file ../../../Engine/Plugins/2D/Paper2D/Binaries/Win64/UE4Editor-PaperTiledImporter.dll (API version 3944462).
LogModuleManager: Display: Found up-to-date module file ../../../Engine/Plugins/2D/Paper2D/Binaries/Win64/UE4Editor-SmartSnapping.dll (API version 3944462).
LogModuleManager: Display: Found up-to-date module file ../../../Engine/Plugins/Blendables/LightPropagationVolume/Binaries/Win64/UE4Editor-LightPropagationVolumeRuntime.dll (API version 3944462).
LogModuleManager: Display: Found up-to-date module file ../../../Engine/Plugins/Blendables/LightPropagationVolume/Binaries/Win64/UE4Editor-LightPropagationVolumeEditor.dll (API version 3944462).
LogModuleManager: Display: Found up-to-date module file ../../../Engine/Plugins/Developer/CLionSourceCodeAccess/Binaries/Win64/UE4Editor-CLionSourceCodeAccess.dll (API version 3944462).
LogModuleManager: Display: Found up-to-date module file ../../../Engine/Plugins/Developer/GitSourceControl/Binaries/Win64/UE4Editor-GitSourceControl.dll (API version 3944462).
LogModuleManager: Display: Found up-to-date module file ../../../Engine/Plugins/Developer/PerforceSourceControl/Binaries/Win64/UE4Editor-PerforceSourceControl.dll (API version 3944462).
LogModuleManager: Display: Found up-to-date module file ../../../Engine/Plugins/Developer/SubversionSourceControl/Binaries/Win64/UE4Editor-SubversionSourceControl.dll (API version 3944462).
LogModuleManager: Display: Found up-to-date module file ../../../Engine/Plugins/Developer/UObjectPlugin/Binaries/Win64/UE4Editor-UObjectPlugin.dll (API version 3944462).
LogModuleManager: Display: Found up-to-date module file ../../../Engine/Plugins/Developer/VisualStudioCodeSourceCodeAccess/Binaries/Win64/UE4Editor-VisualStudioCodeSourceCodeAccess.dll (API version 3944462).
LogModuleManager: Display: Found up-to-date module file ../../../Engine/Plugins/Developer/VisualStudioSourceCodeAccess/Binaries/Win64/UE4Editor-VisualStudioSourceCodeAccess.dll (API version 3944462).
LogModuleManager: Display: Found up-to-date module file ../../../Engine/Plugins/Editor/AssetManagerEditor/Binaries/Win64/UE4Editor-AssetManagerEditor.dll (API version 3944462).
LogModuleManager: Display: Found up-to-date module file ../../../Engine/Plugins/Editor/CryptoKeys/Binaries/Win64/UE4Editor-CryptoKeys.dll (API version 3944462).
LogModuleManager: Display: Found up-to-date module file ../../../Engine/Plugins/Editor/CryptoKeys/Binaries/Win64/UE4Editor-CryptoKeysOpenSSL.dll (API version 3944462).
LogModuleManager: Display: Found up-to-date module file ../../../Engine/Plugins/Editor/DataValidation/Binaries/Win64/UE4Editor-DataValidation.dll (API version 3944462).
LogModuleManager: Display: Found up-to-date module file ../../../Engine/Plugins/Editor/FacialAnimation/Binaries/Win64/UE4Editor-FacialAnimation.dll (API version 3944462).
LogModuleManager: Display: Found up-to-date module file ../../../Engine/Plugins/Editor/FacialAnimation/Binaries/Win64/UE4Editor-FacialAnimationEditor.dll (API version 3944462).
LogModuleManager: Display: Found up-to-date module file ../../../Engine/Plugins/Editor/GameplayTagsEditor/Binaries/Win64/UE4Editor-GameplayTagsEditor.dll (API version 3944462).
LogModuleManager: Display: Found up-to-date module file ../../../Engine/Plugins/Editor/MobileLauncherProfileWizard/Binaries/Win64/UE4Editor-MobileLauncherProfileWizard.dll (API version 3944462).
LogModuleManager: Display: Found up-to-date module file ../../../Engine/Plugins/Editor/PluginBrowser/Binaries/Win64/UE4Editor-PluginBrowser.dll (API version 3944462).
LogModuleManager: Display: Found up-to-date module file ../../../Engine/Plugins/Editor/SpeedTreeImporter/Binaries/Win64/UE4Editor-SpeedTreeImporter.dll (API version 3944462).
LogModuleManager: Display: Found up-to-date module file ../../../Engine/Plugins/Enterprise/DatasmithContent/Binaries/Win64/UE4Editor-DatasmithContent.dll (API version 3944462).
LogModuleManager: Display: Found up-to-date module file ../../../Engine/Plugins/Experimental/AlembicImporter/Binaries/Win64/UE4Editor-AlembicImporter.dll (API version 3944462).
LogModuleManager: Display: Found up-to-date module file ../../../Engine/Plugins/Experimental/AlembicImporter/Binaries/Win64/UE4Editor-AlembicLibrary.dll (API version 3944462).
LogModuleManager: Display: Found up-to-date module file ../../../Engine/Plugins/Experimental/CharacterAI/Binaries/Win64/UE4Editor-CharacterAI.dll (API version 3944462).
LogModuleManager: Display: Found up-to-date module file ../../../Engine/Plugins/Experimental/HTML5Networking/Binaries/Win64/UE4Editor-HTML5Networking.dll (API version 3944462).
LogModuleManager: Display: Found up-to-date module file ../../../Engine/Plugins/Media/AndroidMedia/Binaries/Win64/UE4Editor-AndroidMediaEditor.dll (API version 3944462).
LogModuleManager: Display: Found up-to-date module file ../../../Engine/Plugins/Media/AndroidMedia/Binaries/Win64/UE4Editor-AndroidMediaFactory.dll (API version 3944462).
LogModuleManager: Display: Found up-to-date module file ../../../Engine/Plugins/Media/AvfMedia/Binaries/Win64/UE4Editor-AvfMediaEditor.dll (API version 3944462).
LogModuleManager: Display: Found up-to-date module file ../../../Engine/Plugins/Media/AvfMedia/Binaries/Win64/UE4Editor-AvfMediaFactory.dll (API version 3944462).
LogModuleManager: Display: Found up-to-date module file ../../../Engine/Plugins/Media/AvfMedia/Binaries/Win64/UE4Editor-AvfMediaFactory.dll (API version 3944462).
LogModuleManager: Display: Found up-to-date module file ../../../Engine/Plugins/Media/ImgMedia/Binaries/Win64/UE4Editor-ImgMedia.dll (API version 3944462).
LogModuleManager: Display: Found up-to-date module file ../../../Engine/Plugins/Media/ImgMedia/Binaries/Win64/UE4Editor-ImgMediaEditor.dll (API version 3944462).
LogModuleManager: Display: Found up-to-date module file ../../../Engine/Plugins/Media/ImgMedia/Binaries/Win64/UE4Editor-ImgMediaFactory.dll (API version 3944462).
LogModuleManager: Display: Found up-to-date module file ../../../Engine/Plugins/Media/ImgMedia/Binaries/Win64/UE4Editor-ImgMediaFactory.dll (API version 3944462).
LogModuleManager: Display: Found up-to-date module file ../../../Engine/Plugins/Media/ImgMedia/Binaries/Win64/UE4Editor-OpenExrWrapper.dll (API version 3944462).
LogModuleManager: Display: Found up-to-date module file ../../../Engine/Plugins/Media/LinearTimecode/Binaries/Win64/UE4Editor-LinearTimecode.dll (API version 3944462).
LogModuleManager: Display: Found up-to-date module file ../../../Engine/Plugins/Media/MediaCompositing/Binaries/Win64/UE4Editor-MediaCompositing.dll (API version 3944462).
LogModuleManager: Display: Found up-to-date module file ../../../Engine/Plugins/Media/MediaCompositing/Binaries/Win64/UE4Editor-MediaCompositingEditor.dll (API version 3944462).
LogModuleManager: Display: Found up-to-date module file ../../../Engine/Plugins/Media/MediaPlayerEditor/Binaries/Win64/UE4Editor-MediaPlayerEditor.dll (API version 3944462).
LogModuleManager: Display: Found up-to-date module file ../../../Engine/Plugins/Media/WmfMedia/Binaries/Win64/UE4Editor-WmfMedia.dll (API version 3944462).
LogModuleManager: Display: Found up-to-date module file ../../../Engine/Plugins/Media/WmfMedia/Binaries/Win64/UE4Editor-WmfMediaEditor.dll (API version 3944462).
LogModuleManager: Display: Found up-to-date module file ../../../Engine/Plugins/Media/WmfMedia/Binaries/Win64/UE4Editor-WmfMediaFactory.dll (API version 3944462).
LogModuleManager: Display: Found up-to-date module file ../../../Engine/Plugins/Media/WmfMedia/Binaries/Win64/UE4Editor-WmfMediaFactory.dll (API version 3944462).
LogModuleManager: Display: Found up-to-date module file ../../../Engine/Plugins/Messaging/TcpMessaging/Binaries/Win64/UE4Editor-TcpMessaging.dll (API version 3944462).
LogModuleManager: Display: Found up-to-date module file ../../../Engine/Plugins/Messaging/UdpMessaging/Binaries/Win64/UE4Editor-UdpMessaging.dll (API version 3944462).
LogModuleManager: Display: Found up-to-date module file ../../../Engine/Plugins/MovieScene/ActorSequence/Binaries/Win64/UE4Editor-ActorSequence.dll (API version 3944462).
LogModuleManager: Display: Found up-to-date module file ../../../Engine/Plugins/MovieScene/LevelSequenceEditor/Binaries/Win64/UE4Editor-LevelSequenceEditor.dll (API version 3944462).
LogModuleManager: Display: Found up-to-date module file ../../../Engine/Plugins/MovieScene/MatineeToLevelSequence/Binaries/Win64/UE4Editor-MatineeToLevelSequence.dll (API version 3944462).
LogModuleManager: Display: Found up-to-date module file ../../../Engine/Plugins/NetcodeUnitTest/NetcodeUnitTest/Binaries/Win64/UE4Editor-NetcodeUnitTest.dll (API version 3944462).
LogModuleManager: Display: Found up-to-date module file ../../../Engine/Plugins/NetcodeUnitTest/NUTUnrealEngine4/Binaries/Win64/UE4Editor-NUTUnrealEngine4.dll (API version 3944462).
LogModuleManager: Display: Found up-to-date module file ../../../Engine/Plugins/Online/OnlineSubsystem/Binaries/Win64/UE4Editor-OnlineSubsystem.dll (API version 3944462).
LogModuleManager: Display: Found up-to-date module file ../../../Engine/Plugins/Runtime/AndroidPermission/Binaries/Win64/UE4Editor-AndroidPermission.dll (API version 3944462).
LogModuleManager: Display: Found up-to-date module file ../../../Engine/Plugins/Online/OnlineSubsystemNull/Binaries/Win64/UE4Editor-OnlineSubsystemNull.dll (API version 3944462).
LogModuleManager: Display: Found up-to-date module file ../../../Engine/Plugins/Online/OnlineSubsystemUtils/Binaries/Win64/UE4Editor-OnlineSubsystemUtils.dll (API version 3944462).
LogModuleManager: Display: Found up-to-date module file ../../../Engine/Plugins/Online/OnlineSubsystemUtils/Binaries/Win64/UE4Editor-OnlineBlueprintSupport.dll (API version 3944462).
LogModuleManager: Display: Found up-to-date module file ../../../Engine/Plugins/Runtime/AndroidDeviceProfileSelector/Binaries/Win64/UE4Editor-AndroidDeviceProfileSelector.dll (API version 3944462).
LogModuleManager: Display: Found up-to-date module file ../../../Engine/Plugins/Runtime/AppleARKit/Binaries/Win64/UE4Editor-AppleARKit.dll (API version 3944462).
LogModuleManager: Display: Found up-to-date module file ../../../Engine/Plugins/Runtime/ProceduralMeshComponent/Binaries/Win64/UE4Editor-ProceduralMeshComponent.dll (API version 3944462).
LogModuleManager: Display: Found up-to-date module file ../../../Engine/Plugins/Runtime/ProceduralMeshComponent/Binaries/Win64/UE4Editor-ProceduralMeshComponentEditor.dll (API version 3944462).
LogModuleManager: Display: Found up-to-date module file ../../../Engine/Plugins/Animation/LiveLink/Binaries/Win64/UE4Editor-LiveLink.dll (API version 3944462).
LogModuleManager: Display: Found up-to-date module file ../../../Engine/Plugins/Animation/LiveLink/Binaries/Win64/UE4Editor-LiveLinkEditor.dll (API version 3944462).
LogModuleManager: Display: Found up-to-date module file ../../../Engine/Plugins/Runtime/ArchVisCharacter/Binaries/Win64/UE4Editor-ArchVisCharacter.dll (API version 3944462).
LogModuleManager: Display: Found up-to-date module file ../../../Engine/Plugins/Runtime/AudioCapture/Binaries/Win64/UE4Editor-AudioCapture.dll (API version 3944462).
LogModuleManager: Display: Found up-to-date module file ../../../Engine/Plugins/Runtime/AudioCapture/Binaries/Win64/UE4Editor-AudioCaptureEditor.dll (API version 3944462).
LogModuleManager: Display: Found up-to-date module file ../../../Engine/Plugins/Runtime/CableComponent/Binaries/Win64/UE4Editor-CableComponent.dll (API version 3944462).
LogModuleManager: Display: Found up-to-date module file ../../../Engine/Plugins/Runtime/CustomMeshComponent/Binaries/Win64/UE4Editor-CustomMeshComponent.dll (API version 3944462).
LogModuleManager: Display: Found up-to-date module file ../../../Engine/Plugins/Runtime/ExampleDeviceProfileSelector/Binaries/Win64/UE4Editor-ExampleDeviceProfileSelector.dll (API version 3944462).
LogModuleManager: Display: Found up-to-date module file ../../../Engine/Plugins/Runtime/ImmediatePhysics/Binaries/Win64/UE4Editor-ImmediatePhysics.dll (API version 3944462).
LogModuleManager: Display: Found up-to-date module file ../../../Engine/Plugins/Runtime/ImmediatePhysics/Binaries/Win64/UE4Editor-ImmediatePhysicsEditor.dll (API version 3944462).
LogModuleManager: Display: Found up-to-date module file ../../../Engine/Plugins/Runtime/LocationServicesBPLibrary/Binaries/Win64/UE4Editor-LocationServicesBPLibrary.dll (API version 3944462).
LogModuleManager: Display: Found up-to-date module file ../../../Engine/Plugins/Runtime/MobilePatchingUtils/Binaries/Win64/UE4Editor-MobilePatchingUtils.dll (API version 3944462).
LogModuleManager: Display: Found up-to-date module file ../../../Engine/Plugins/Runtime/Oculus/OculusVR/Binaries/Win64/UE4Editor-OculusHMD.dll (API version 3944462).
LogModuleManager: Display: Found up-to-date module file ../../../Engine/Plugins/Runtime/Oculus/OculusVR/Binaries/Win64/UE4Editor-OculusInput.dll (API version 3944462).
LogModuleManager: Display: Found up-to-date module file ../../../Engine/Plugins/Runtime/Oculus/OculusVR/Binaries/Win64/UE4Editor-OculusEditor.dll (API version 3944462).
LogModuleManager: Display: Found up-to-date module file ../../../Engine/Plugins/Runtime/PhysXVehicles/Binaries/Win64/UE4Editor-PhysXVehicles.dll (API version 3944462).
LogModuleManager: Display: Found up-to-date module file ../../../Engine/Plugins/Runtime/PhysXVehicles/Binaries/Win64/UE4Editor-PhysXVehiclesEditor.dll (API version 3944462).
LogModuleManager: Display: Found up-to-date module file ../../../Engine/Plugins/Runtime/RuntimePhysXCooking/Binaries/Win64/UE4Editor-RuntimePhysXCooking.dll (API version 3944462).
LogModuleManager: Display: Found up-to-date module file ../../../Engine/Plugins/Runtime/Steam/SteamVR/Binaries/Win64/UE4Editor-SteamVR.dll (API version 3944462).
LogModuleManager: Display: Found up-to-date module file ../../../Engine/Plugins/Runtime/Steam/SteamVR/Binaries/Win64/UE4Editor-SteamVRController.dll (API version 3944462).
LogModuleManager: Display: Found up-to-date module file ../../../Engine/Plugins/Runtime/WindowsMoviePlayer/Binaries/Win64/UE4Editor-WindowsMoviePlayer.dll (API version 3944462).
LogPluginManager: Mounting plugin Paper2D
LogPluginManager: Mounting plugin LiveLink
LogPluginManager: Mounting plugin LightPropagationVolume
LogPluginManager: Mounting plugin CLionSourceCodeAccess
LogPluginManager: Mounting plugin CodeLiteSourceCodeAccess
LogPluginManager: Mounting plugin GitSourceControl
LogPluginManager: Mounting plugin KDevelopSourceCodeAccess
LogPluginManager: Mounting plugin NullSourceCodeAccess
LogPluginManager: Mounting plugin PerforceSourceControl
LogPluginManager: Mounting plugin SubversionSourceControl
LogPluginManager: Mounting plugin UObjectPlugin
LogPluginManager: Mounting plugin VisualStudioCodeSourceCodeAccess
LogPluginManager: Mounting plugin VisualStudioSourceCodeAccess
LogPluginManager: Mounting plugin XCodeSourceCodeAccess
LogPluginManager: Mounting plugin AssetManagerEditor
LogPluginManager: Mounting plugin CryptoKeys
LogPluginManager: Mounting plugin DataValidation
LogPluginManager: Mounting plugin FacialAnimation
LogPluginManager: Mounting plugin GameplayTagsEditor
LogPluginManager: Mounting plugin MobileLauncherProfileWizard
LogPluginManager: Mounting plugin PluginBrowser
LogPluginManager: Mounting plugin SpeedTreeImporter
LogPluginManager: Mounting plugin DatasmithContent
LogPluginManager: Mounting plugin AlembicImporter
LogPluginManager: Mounting plugin CharacterAI
LogPluginManager: Mounting plugin HTML5Networking
LogPluginManager: Mounting plugin AndroidMedia
LogPluginManager: Mounting plugin AvfMedia
LogPluginManager: Mounting plugin ImgMedia
LogPluginManager: Mounting plugin LinearTimecode
LogPluginManager: Mounting plugin MediaCompositing
LogPluginManager: Mounting plugin MediaPlayerEditor
LogPluginManager: Mounting plugin WmfMedia
LogPluginManager: Mounting plugin TcpMessaging
LogPluginManager: Mounting plugin UdpMessaging
LogPluginManager: Mounting plugin ActorSequence
LogPluginManager: Mounting plugin LevelSequenceEditor
LogPluginManager: Mounting plugin MatineeToLevelSequence
LogPluginManager: Mounting plugin NetcodeUnitTest
LogPluginManager: Mounting plugin NUTUnrealEngine4
LogPluginManager: Mounting plugin OnlineSubsystemGooglePlay
LogPluginManager: Mounting plugin OnlineSubsystemIOS
LogPluginManager: Mounting plugin OnlineSubsystem
LogPluginManager: Mounting plugin OnlineSubsystemNull
LogPluginManager: Mounting plugin OnlineSubsystemUtils
LogPluginManager: Mounting plugin AndroidDeviceProfileSelector
LogPluginManager: Mounting plugin AndroidMoviePlayer
LogPluginManager: Mounting plugin AndroidPermission
LogPluginManager: Mounting plugin AppleARKit
LogPluginManager: Mounting plugin AppleMoviePlayer
LogPluginManager: Mounting plugin ArchVisCharacter
LogPluginManager: Mounting plugin AudioCapture
LogPluginManager: Mounting plugin CableComponent
LogPluginManager: Mounting plugin CustomMeshComponent
LogPluginManager: Mounting plugin ExampleDeviceProfileSelector
LogPluginManager: Mounting plugin GoogleCloudMessaging
LogPluginManager: Mounting plugin ImmediatePhysics
LogPluginManager: Mounting plugin IOSDeviceProfileSelector
LogPluginManager: Mounting plugin LinuxDeviceProfileSelector
LogPluginManager: Mounting plugin LocationServicesBPLibrary
LogPluginManager: Mounting plugin MobilePatchingUtils
LogPluginManager: Mounting plugin OculusVR
LogPluginManager: Plugin shader directory ../../../Engine/Plugins/Runtime/Oculus/OculusVR/Shaders found
LogPluginManager: Mapping shader source directory ../../../Engine/Plugins/Runtime/Oculus/OculusVR/Shaders to virtual directory /Plugin/OculusVR
LogPluginManager: Mounting plugin PhysXVehicles
LogPluginManager: Mounting plugin ProceduralMeshComponent
LogPluginManager: Mounting plugin RuntimePhysXCooking
LogPluginManager: Mounting plugin SteamVR
LogPluginManager: Mounting plugin WindowsMoviePlayer
LogStreaming: Display: Took  6.551s to configure plugins.
LogInit: Using libcurl 7.47.1
LogInit:  - built for x86_64-pc-win32
LogInit:  - supports SSL with OpenSSL/1.0.2g
LogInit:  - supports HTTP deflate (compression) using libz 1.2.8
LogInit:  - other features:
LogInit:      CURL_VERSION_SSL
LogInit:      CURL_VERSION_LIBZ
LogInit:      CURL_VERSION_IPV6
LogInit:      CURL_VERSION_ASYNCHDNS
LogInit:      CURL_VERSION_LARGEFILE
LogInit:      CURL_VERSION_IDN
LogInit:  CurlRequestOptions (configurable via config and command line):
LogInit:  - bVerifyPeer = false  - Libcurl will NOT verify peer certificate
LogInit:  - bUseHttpProxy = false  - Libcurl will NOT use HTTP proxy
LogInit:  - bDontReuseConnections = false  - Libcurl will reuse connections
LogInit:  - CertBundlePath = nullptr  - Libcurl will use whatever was configured at build time.
LogInit:  - MaxHostConnections = 16  - Libcurl will limit the number of connections to a host
LogInit:  - LocalHostAddr = Default
LogInit: WinSock: version 1.1 (2.2), MaxSocks=32767, MaxUdp=65467
LogInit: WinSock: I am DESKTOP-8AFEPG4 (118.139.29.234:0)
LogInit: Build: ++UE4+Release-4.19-CL-4033788
LogInit: Engine Version: 4.19.2-4033788+++UE4+Release-4.19
LogInit: Compatible Engine Version: 4.19.0-3944462+++UE4+Release-4.19
LogInit: Net CL: 3944462
LogDevObjectVersion: Number of dev versions registered: 18
LogDevObjectVersion:   Dev-Blueprints (B0D832E4-1F89-4F0D-ACCF-7EB736FD4AA2): 10
LogDevObjectVersion:   Dev-Build (E1C64328-A22C-4D53-A36C-8E866417BD8C): 0
LogDevObjectVersion:   Dev-Core (375EC13C-06E4-48FB-B500-84F0262A717E): 2
LogDevObjectVersion:   Dev-Editor (E4B068ED-F494-42E9-A231-DA0B2E46BB41): 23
LogDevObjectVersion:   Dev-Framework (CFFC743F-43B0-4480-9391-14DF171D2073): 33
LogDevObjectVersion:   Dev-Mobile (B02B49B5-BB20-44E9-A304-32B752E40360): 2
LogDevObjectVersion:   Dev-Networking (A4E4105C-59A1-49B5-A7C5-40C4547EDFEE): 0
LogDevObjectVersion:   Dev-Online (39C831C9-5AE6-47DC-9A44-9C173E1C8E7C): 0
LogDevObjectVersion:   Dev-Physics (78F01B33-EBEA-4F98-B9B4-84EACCB95AA2): 0
LogDevObjectVersion:   Dev-Platform (6631380F-2D4D-43E0-8009-CF276956A95A): 0
LogDevObjectVersion:   Dev-Rendering (12F88B9F-8875-4AFC-A67C-D90C383ABD29): 25
LogDevObjectVersion:   Dev-Sequencer (7B5AE74C-D270-4C10-A958-57980B212A5A): 6
LogDevObjectVersion:   Dev-VR (D7296918-1DD6-4BDD-9DE2-64A83CC13884): 1
LogDevObjectVersion:   Dev-LoadTimes (C2A15278-BFE7-4AFE-6C17-90FF531DF755): 1
LogDevObjectVersion:   Private-Geometry (6EACA3D4-40EC-4CC1-B786-8BED09428FC5): 2
LogDevObjectVersion:   Dev-AnimPhys (29E575DD-E0A3-4627-9D10-D276232CDCEA): 16
LogDevObjectVersion:   Dev-ReflectionCapture (6B266CEC-1EC7-4B8F-A30B-E4D90942FC07): 1
LogDevObjectVersion:   Dev-Automation (0DF73D61-A23F-47EA-B727-89E90C41499A): 1
LogInit: Compiled (64-bit): Apr 27 2018 02:06:57
LogInit: Compiled with Visual C++: 19.00.24215.01
LogInit: Build Configuration: Development
LogInit: Branch Name: ++UE4+Release-4.19
LogInit: Command Line:  
LogInit: Base Directory: C:/Program Files/Epic Games/UE_4.19/Engine/Binaries/Win64/
LogInit: Installed Engine Build: 1
LogStreaming: Display: Took  0.004s to delete old logs.
LogInit: Presizing for max 8388607 objects, including 0 objects not considered by GC, pre-allocating 0 bytes for permanent pool.
LogInit: Object subsystem initialized
[2018.10.09-00.54.14:583][  0]LogInit: Selected Device Profile: [Windows]
[2018.10.09-00.54.14:583][  0]LogInit: Applying CVar settings loaded from the selected device profile: [Windows]
[2018.10.09-00.54.14:667][  0]LogInit: Computer: DESKTOP-8AFEPG4
[2018.10.09-00.54.14:667][  0]LogInit: User: Haojun
[2018.10.09-00.54.14:667][  0]LogInit: CPU Page size=4096, Cores=6
[2018.10.09-00.54.14:667][  0]LogInit: High frequency timer resolution =2.156246 MHz
[2018.10.09-00.54.14:668][  0]LogMemory: Memory total: Physical=7.7GB (8GB approx)
[2018.10.09-00.54.14:668][  0]LogMemory: Platform Memory Stats for Windows
[2018.10.09-00.54.14:668][  0]LogMemory: Process Physical Memory: 275.41 MB used, 275.41 MB peak
[2018.10.09-00.54.14:668][  0]LogMemory: Process Virtual Memory: 268.16 MB used, 268.16 MB peak
[2018.10.09-00.54.14:668][  0]LogMemory: Physical Memory: 5474.89 MB used,  2457.00 MB free, 7931.89 MB total
[2018.10.09-00.54.14:669][  0]LogMemory: Virtual Memory: 4817.55 MB used,  2457.00 MB free, 134217728.00 MB total
[2018.10.09-00.54.14:985][  0]LogInit: Using OS detected language (en-US).
[2018.10.09-00.54.14:985][  0]LogInit: Using OS detected locale (en-US).
[2018.10.09-00.54.15:194][  0]LogTextLocalizationManager: No specific localization for 'en-US' exists, so the 'en' localization will be used.
[2018.10.09-00.54.16:081][  0]LogStreaming: Display: Took  1.096s to EndInitTextLocalization.
[2018.10.09-00.54.16:083][  0]LogInit: Setting process to per monitor DPI aware
[2018.10.09-00.54.16:237][  0]LogSlate: New Slate User Created.  User Index 0, Is Virtual User: 0
[2018.10.09-00.54.16:237][  0]LogSlate: Slate User Registered.  User Index 0, Is Virtual User: 0
[2018.10.09-00.54.23:603][  0]LogD3D11RHI: D3D11 adapters:
[2018.10.09-00.54.23:683][  0]LogD3D11RHI:    0. 'NVIDIA GeForce GTX 1050 Ti with Max-Q Design' (Feature Level 11_0)
[2018.10.09-00.54.23:683][  0]LogD3D11RHI:       4021/0/3965 MB DedicatedVideo/DedicatedSystem/SharedSystem, Outputs:1, VendorId:0x10de
[2018.10.09-00.54.23:701][  0]LogD3D11RHI:    1. 'Intel(R) UHD Graphics 630' (Feature Level 11_0)
[2018.10.09-00.54.23:701][  0]LogD3D11RHI:       128/0/3965 MB DedicatedVideo/DedicatedSystem/SharedSystem, Outputs:0, VendorId:0x8086
[2018.10.09-00.54.23:704][  0]LogD3D11RHI:    2. 'Microsoft Basic Render Driver' (Feature Level 11_0)
[2018.10.09-00.54.23:704][  0]LogD3D11RHI:       0/0/3965 MB DedicatedVideo/DedicatedSystem/SharedSystem, Outputs:0, VendorId:0x1414
[2018.10.09-00.54.23:704][  0]LogD3D11RHI: Chosen D3D11 Adapter: 0
[2018.10.09-00.54.23:736][  0]LogD3D11RHI: Creating new Direct3DDevice
[2018.10.09-00.54.23:736][  0]LogD3D11RHI:     GPU DeviceId: 0x1c8c (for the marketing name, search the web for "GPU Device Id")
[2018.10.09-00.54.23:736][  0]LogWindows: EnumDisplayDevices:
[2018.10.09-00.54.23:736][  0]LogWindows:    0. 'Intel(R) UHD Graphics 630' (P:1 D:1)
[2018.10.09-00.54.23:737][  0]LogWindows:    1. 'Intel(R) UHD Graphics 630' (P:0 D:0)
[2018.10.09-00.54.23:737][  0]LogWindows:    2. 'Intel(R) UHD Graphics 630' (P:0 D:0)
[2018.10.09-00.54.23:737][  0]LogWindows: DebugString: GetVideoDriverDetailsInvalid PrimaryIsNotTheChoosenAdapter GetVideoDriverDetailsInvalid PrimaryIsNotTheChoosenAdapter GetVideoDriverDetailsInvalid PrimaryIsNotTheChoosenAdapter FoundDriverCount:0 
[2018.10.09-00.54.23:737][  0]LogD3D11RHI:     Adapter Name: NVIDIA GeForce GTX 1050 Ti with Max-Q Design
[2018.10.09-00.54.23:737][  0]LogD3D11RHI:   Driver Version: Unknown (internal:Unknown, unified:Unknown)
[2018.10.09-00.54.23:737][  0]LogD3D11RHI:      Driver Date: Unknown
[2018.10.09-00.54.23:738][  0]LogRHI: Texture pool is 2814 MB (70% of 4021 MB)
[2018.10.09-00.54.23:800][  0]LogD3D11RHI: [Aftermath] Aftermath enabled and primed
[2018.10.09-00.54.23:800][  0]LogD3D11RHI: [Aftermath] Aftermath enabled and primed
[2018.10.09-00.54.23:800][  0]LogD3D11RHI: Async texture creation enabled
[2018.10.09-00.54.23:854][  0]LogD3D11RHI: GPU Timing Frequency: 1000.000000 (Debug: 2 2)
[2018.10.09-00.54.23:871][  0]LogShaderCompilers: Guid format shader working directory is -33 characters bigger than the processId version (../../../../../../Users/Haojun/Documents/Unreal Projects/FIT3039_Project/FIT3039/Intermediate/Shaders/WorkingDirectory/7340/).
[2018.10.09-00.54.23:872][  0]LogShaderCompilers: Cleaned the shader compiler working directory 'C:/Users/Haojun/AppData/Local/Temp/UnrealShaderWorkingDir/9FA2378C4723618FDAF61E8B51E96F5E/'.
[2018.10.09-00.54.25:602][  0]LogTemp: Display: Loaded TP AllDesktopTargetPlatform
[2018.10.09-00.54.25:651][  0]LogTemp: Display: Loaded TP MacClientTargetPlatform
[2018.10.09-00.54.25:702][  0]LogTemp: Display: Loaded TP MacNoEditorTargetPlatform
[2018.10.09-00.54.25:752][  0]LogTemp: Display: Loaded TP MacServerTargetPlatform
[2018.10.09-00.54.25:800][  0]LogTemp: Display: Loaded TP MacTargetPlatform
[2018.10.09-00.54.25:834][  0]LogTemp: Display: Loaded TP WindowsClientTargetPlatform
[2018.10.09-00.54.25:868][  0]LogTemp: Display: Loaded TP WindowsNoEditorTargetPlatform
[2018.10.09-00.54.25:900][  0]LogTemp: Display: Loaded TP WindowsServerTargetPlatform
[2018.10.09-00.54.25:915][  0]LogTemp: Display: Loaded TP WindowsTargetPlatform
[2018.10.09-00.54.25:943][  0]LogTemp: Display: Loaded TP Android_ASTCTargetPlatform
[2018.10.09-00.54.25:971][  0]LogTemp: Display: Loaded TP Android_ATCTargetPlatform
[2018.10.09-00.54.25:990][  0]LogTemp: Display: Loaded TP Android_DXTTargetPlatform
[2018.10.09-00.54.26:005][  0]LogTemp: Display: Loaded TP Android_ETC1aTargetPlatform
[2018.10.09-00.54.26:018][  0]LogTemp: Display: Loaded TP Android_ETC1TargetPlatform
[2018.10.09-00.54.26:031][  0]LogTemp: Display: Loaded TP Android_ETC2TargetPlatform
[2018.10.09-00.54.26:060][  0]LogTemp: Display: Loaded TP Android_MultiTargetPlatform
[2018.10.09-00.54.26:060][  0]LogTemp: Display: Loaded TP Android_PVRTCTargetPlatform
[2018.10.09-00.54.26:085][  0]LogTemp: Display: Loaded TP AndroidTargetPlatform
[2018.10.09-00.54.26:087][  0]LogTemp: Display: Loaded TP HTML5TargetPlatform
[2018.10.09-00.54.26:226][  0]LogTemp: Display: Loaded TP IOSTargetPlatform
[2018.10.09-00.54.26:269][  0]LogTemp: Display: Loaded TP TVOSTargetPlatform
[2018.10.09-00.54.26:313][  0]LogTemp: Display: Loaded TP LinuxClientTargetPlatform
[2018.10.09-00.54.26:337][  0]LogTemp: Display: Loaded TP LinuxNoEditorTargetPlatform
[2018.10.09-00.54.26:364][  0]LogTemp: Display: Loaded TP LinuxServerTargetPlatform
[2018.10.09-00.54.26:398][  0]LogTemp: Display: Loaded TP LinuxTargetPlatform
[2018.10.09-00.54.26:398][  0]LogTargetPlatformManager: Display: Building Assets For Windows
[2018.10.09-00.54.27:052][  0]LogXGEController: Cleaning working directory: C:/Users/Haojun/AppData/Local/Temp/UnrealXGEWorkingDir/
[2018.10.09-00.54.27:054][  0]LogXGEController: Cannot use XGE Controller as Incredibuild is not installed on this machine.
[2018.10.09-00.54.27:055][  0]LogShaderCompilers: Cannot use XGE Shader Compiler as Incredibuild is not installed on this machine.
[2018.10.09-00.54.27:055][  0]LogShaderCompilers: Display: Using Local Shader Compiler.
[2018.10.09-00.54.32:653][  0]LogDerivedDataCache: Display: Max Cache Size: 512 MB
[2018.10.09-00.54.33:534][  0]LogDerivedDataCache: Loaded boot cache 0.88s 74MB C:/Users/Haojun/AppData/Local/UnrealEngine/4.19/DerivedDataCache/Boot.ddc.
[2018.10.09-00.54.33:534][  0]LogDerivedDataCache: Display: Loaded Boot cache: C:/Users/Haojun/AppData/Local/UnrealEngine/4.19/DerivedDataCache/Boot.ddc
[2018.10.09-00.54.33:535][  0]LogDerivedDataCache: FDerivedDataBackendGraph:  Pak pak cache file ../../../../../../Users/Haojun/Documents/Unreal Projects/FIT3039_Project/FIT3039/DerivedDataCache/DDC.ddp not found, will not use a pak cache.
[2018.10.09-00.54.33:535][  0]LogDerivedDataCache: Unable to find inner node Pak for hierarchical cache Hierarchy.
[2018.10.09-00.54.33:535][  0]LogDerivedDataCache: FDerivedDataBackendGraph:  CompressedPak pak cache file ../../../../../../Users/Haojun/Documents/Unreal Projects/FIT3039_Project/FIT3039/DerivedDataCache/Compressed.ddp not found, will not use a pak cache.
[2018.10.09-00.54.33:535][  0]LogDerivedDataCache: Unable to find inner node CompressedPak for hierarchical cache Hierarchy.
[2018.10.09-00.54.33:620][  0]LogDerivedDataCache: Display: Pak cache opened for reading ../../../Engine/DerivedDataCache/Compressed.ddp.
[2018.10.09-00.54.33:636][  0]LogDerivedDataCache: Using Local data cache path C:/Users/Haojun/AppData/Local/UnrealEngine/Common/DerivedDataCache: Writable
[2018.10.09-00.54.33:636][  0]LogDerivedDataCache: Shared data cache path not found in *engine.ini, will not use an Shared cache.
[2018.10.09-00.54.33:636][  0]LogDerivedDataCache: Unable to find inner node Shared for hierarchical cache Hierarchy.
[2018.10.09-00.54.33:685][  0]LogMaterial: Verifying Global Shaders for PCD3D_SM5
[2018.10.09-00.54.33:695][  0]LogSlate: Using Freetype 2.6.0
[2018.10.09-00.54.33:748][  0]LogSlate: SlateFontCache - WITH_FREETYPE: 1, WITH_HARFBUZZ: 1
[2018.10.09-00.54.33:748][  0]LogSlate: SlateFontCache - WITH_FREETYPE: 1, WITH_HARFBUZZ: 1
[2018.10.09-00.54.41:245][  0]LogAssetRegistry: FAssetRegistry took 0.0461 seconds to start up
[2018.10.09-00.54.42:519][  0]LogInit: Selected Device Profile: [Windows]
[2018.10.09-00.54.43:218][  0]LogSimplygon: Simplygon DLL not present - disabling.
[2018.10.09-00.54.43:230][  0]LogMeshReduction: Using SimplygonSwarm for distributed automatic mesh merging
[2018.10.09-00.54.43:231][  0]LogMeshReduction: Using QuadricMeshReduction for automatic static mesh reduction
[2018.10.09-00.54.43:232][  0]LogMeshReduction: No automatic skeletal mesh reduction module available
[2018.10.09-00.54.43:232][  0]LogMeshReduction: No automatic mesh merging module available
[2018.10.09-00.54.43:232][  0]LogMeshMerging: No automatic mesh merging module available
[2018.10.09-00.54.43:349][  0]LogNetVersion: FIT3039_Project , NetCL: 3944462, EngineNetVer: 2, GameNetVer: 0 (Checksum: 3493369064)
[2018.10.09-00.54.45:557][  0]LogPackageLocalizationCache: Processed 9 localized package path(s) for 2 prioritized culture(s) in 0.155197 seconds
[2018.10.09-00.54.45:568][  0]LogUObjectArray: 36728 objects as part of root set at end of initial load.
[2018.10.09-00.54.45:568][  0]LogUObjectAllocator: 7314304 out of 0 bytes used by permanent object pool.
[2018.10.09-00.54.45:568][  0]LogUObjectArray: CloseDisregardForGC: 0/0 objects in disregard for GC pool
[2018.10.09-00.54.55:781][  0]LogTcpMessaging: Initializing TcpMessaging bridge
[2018.10.09-00.54.55:838][  0]LogUdpMessaging: Initializing bridge on interface 0.0.0.0:0 to multicast group 230.0.0.1:6666.
[2018.10.09-00.54.56:712][  0]SourceControl: Source control is disabled
[2018.10.09-00.54.56:712][  0]SourceControl: Source control is disabled
[2018.10.09-00.54.56:770][  0]SourceControl: Source control is disabled
[2018.10.09-00.54.56:816][  0]SourceControl: Source control is disabled
[2018.10.09-00.54.57:906][  0]LogAndroidPermission: UAndroidPermissionCallbackProxy::GetInstance
[2018.10.09-00.54.58:201][  0]LogOcInput: OculusInput pre-init called
[2018.10.09-00.54.58:468][  0]LogEngine: Initializing Engine...
[2018.10.09-00.54.58:482][  0]LogHMD: Failed to initialize OpenVR with code 110
[2018.10.09-00.54.58:487][  0]LogStats: UGameplayTagsManager::ConstructGameplayTagTree: Construct from data asset -  0.000 s
[2018.10.09-00.54.58:489][  0]LogStats: UGameplayTagsManager::ConstructGameplayTagTree: GameplayTagTreeChangedEvent.Broadcast -  0.000 s
[2018.10.09-00.54.59:066][  0]LogAIModule: Creating AISystem for world Untitled
[2018.10.09-00.54.59:124][  0]LogInit: XAudio2 using 'Speakers/Headphones (Realtek(R) Audio)' : 2 channels at 48 kHz using 32 bits per sample (channel mask 0x3)
[2018.10.09-00.54.59:144][  0]LogInit: FAudioDevice initialized.
[2018.10.09-00.54.59:221][  0]LogDerivedDataCache: Saved boot cache 0.08s 74MB C:/Users/Haojun/AppData/Local/UnrealEngine/4.19/DerivedDataCache/Boot.ddc.
[2018.10.09-00.54.59:240][  0]LogInit: Texture streaming: Enabled
[2018.10.09-00.54.59:286][  0]LogEngineSessionManager: EngineSessionManager initialized
[2018.10.09-00.54.59:337][  0]LogInit: Transaction tracking system initialized
[2018.10.09-00.54.59:441][  0]BlueprintLog: New page: Editor Load
[2018.10.09-00.54.59:800][  0]LocalizationService: Localization service is disabled
[2018.10.09-00.55.00:125][  0]LogConsoleResponse: Display: 
[2018.10.09-00.55.00:490][  0]LogCook: Display: Max memory allowance for cook 16384mb min free memory 0mb
[2018.10.09-00.55.00:491][  0]LogCook: Display: Mobile HDR setting 1
[2018.10.09-00.55.00:492][  0]LogGameplayTags: Display: UGameplayTagsManager::DoneAddingNativeTags. DelegateIsBound: 0
[2018.10.09-00.55.00:492][  0]LogStats: UGameplayTagsManager::ConstructGameplayTagTree: Construct from data asset -  0.000 s
[2018.10.09-00.55.00:492][  0]LogStats: UGameplayTagsManager::ConstructGameplayTagTree: GameplayTagTreeChangedEvent.Broadcast -  0.000 s
[2018.10.09-00.55.01:076][  0]LogFileCache: Scanning file cache for directory 'C:/Users/Haojun/Documents/Unreal Projects/FIT3039_Project/FIT3039/Content/' took 0.02s
[2018.10.09-00.55.01:378][  0]SourceControl: Source control is disabled
[2018.10.09-00.55.01:383][  0]Cmd: MAP LOAD FILE="../../../../../../Users/Haojun/Documents/Unreal Projects/FIT3039_Project/FIT3039/Content/ThirdPersonBP/Maps/ThirdPersonExampleMap.umap" TEMPLATE=0 SHOWPROGRESS=1 FEATURELEVEL=3
[2018.10.09-00.55.01:383][  0]LogEditorServer: Warning: Can't find file '../../../../../../Users/Haojun/Documents/Unreal Projects/FIT3039_Project/FIT3039/Content/ThirdPersonBP/Maps/ThirdPersonExampleMap.umap'
[2018.10.09-00.55.01:384][  0]Cmd: MAP CHECKDEP NOCLEARLOG
[2018.10.09-00.55.01:525][  0]MapCheck: Map check complete: 0 Error(s), 0 Warning(s), took 139.597ms to complete.
[2018.10.09-00.55.01:525][  0]LogFileHelpers: Loading map 'ThirdPersonExampleMap' took 0.144
[2018.10.09-00.55.02:096][  0]LogCollectionManager: Loaded 0 collections in 0.004275 seconds
[2018.10.09-00.55.02:194][  0]LogFileCache: Scanning file cache for directory 'C:/Users/Haojun/Documents/Unreal Projects/FIT3039_Project/FIT3039/Saved/Collections/' took 0.01s
[2018.10.09-00.55.02:194][  0]LogFileCache: Scanning file cache for directory 'C:/Users/Haojun/Documents/Unreal Projects/FIT3039_Project/FIT3039/Content/Developers/Haojun/Collections/' took 0.01s
[2018.10.09-00.55.02:194][  0]LogFileCache: Scanning file cache for directory 'C:/Users/Haojun/Documents/Unreal Projects/FIT3039_Project/FIT3039/Content/Collections/' took 0.01s
[2018.10.09-00.55.02:194][  0]LogCollectionManager: Rebuilt the GUID cache for 0 collections in 0.000001 seconds
[2018.10.09-00.55.02:229][  0]LogContentBrowser: Native class hierarchy populated in 0.0312 seconds. Added 2452 classes and 558 folders.
[2018.10.09-00.55.02:265][  0]LogContentBrowser: Native class hierarchy updated for 'WidgetCarousel' in 0.0007 seconds. Added 0 classes and 0 folders.
[2018.10.09-00.55.03:564][  0]LogContentBrowser: Native class hierarchy updated for 'AddContentDialog' in 0.0006 seconds. Added 0 classes and 0 folders.
[2018.10.09-00.55.03:597][  0]LogContentBrowser: Native class hierarchy updated for 'SceneOutliner' in 0.0008 seconds. Added 1 classes and 2 folders.
[2018.10.09-00.55.03:812][  0]LogSlate: Took 0.026439 seconds to synchronously load lazily loaded font '../../../Engine/Content/Slate/Fonts/Roboto-Regular.ttf' (155K)
[2018.10.09-00.55.03:826][  0]LogSlate: Took 0.007002 seconds to synchronously load lazily loaded font '../../../Engine/Content/Slate/Fonts/Roboto-Bold.ttf' (160K)
[2018.10.09-00.55.03:842][  0]LogSlate: Took 0.007796 seconds to synchronously load lazily loaded font '../../../Engine/Content/Editor/Slate/Fonts/FontAwesome.ttf' (139K)
[2018.10.09-00.55.04:187][  0]LogRenderer: Reallocating scene render targets to support 820x544 Format 10 NumSamples 1 (Frame:1).
[2018.10.09-00.55.04:729][  0]LogContentBrowser: Native class hierarchy updated for 'HierarchicalLODOutliner' in 0.0008 seconds. Added 0 classes and 0 folders.
[2018.10.09-00.55.04:729][  0]LogLoad: (Engine Initialization) Total time: 65.05 seconds
[2018.10.09-00.55.04:729][  0]LogLoad: (Engine Initialization) Total Blueprint compile time: 0.00 seconds
[2018.10.09-00.55.04:834][  0]LogContentStreaming: Texture pool size now 1000 MB
[2018.10.09-00.55.04:978][  1]LogFileCache: Retrieving MD5 hashes for directory 'C:/Users/Haojun/Documents/Unreal Projects/FIT3039_Project/FIT3039/Content/' took 0.19s
[2018.10.09-00.55.05:041][  2]LogAssetRegistry: Asset discovery search completed in 23.8219 seconds
[2018.10.09-00.55.05:044][  2]LogCollectionManager: Rebuilt the object cache for 0 collections in 0.000000 seconds (found 0 objects)
[2018.10.09-00.55.05:044][  2]LogCollectionManager: Fixed up redirectors for 0 collections in 0.000080 seconds (updated 0 objects)
[2018.10.09-00.55.05:883][ 22]LogSlate: Took 0.016992 seconds to synchronously load lazily loaded font '../../../Engine/Content/Slate/Fonts/Roboto-Light.ttf' (167K)
[2018.10.09-00.55.08:987][119]LogSlate: Took 0.000206 seconds to synchronously load lazily loaded font '../../../Engine/Content/Slate/Fonts/Roboto-Light.ttf' (167K)
[2018.10.09-00.55.12:238][216]LogSlate: FSceneViewport::OnFocusLost() reason 0
[2018.10.09-00.55.16:763][338]LogUObjectGlobals: Created PersistentFrame Addr=0x0000017791604ae0, Size=72, Default__DayMainScreen_C Function /Game/UI/DayMainScreen.DayMainScreen_C:ExecuteUbergraph_DayMainScreen
[2018.10.09-00.55.16:764][338]LogUObjectGlobals: Created PersistentFrame Addr=0x000001779bdf0af0, Size=24, Default__BulidingScreen_C Function /Game/UI/BulidingScreen.BulidingScreen_C:ExecuteUbergraph_BulidingScreen
[2018.10.09-00.55.16:771][338]LogUObjectGlobals: Created PersistentFrame Addr=0x000001779bdf0d78, Size=24, Default__HallScreen_C Function /Game/UI/HallScreen.HallScreen_C:ExecuteUbergraph_HallScreen
[2018.10.09-00.55.16:775][338]LogUObjectGlobals: Created PersistentFrame Addr=0x000001779bdf0a18, Size=24, Default__HouseScreen_C Function /Game/UI/HouseScreen.HouseScreen_C:ExecuteUbergraph_HouseScreen
[2018.10.09-00.55.16:779][338]LogUObjectGlobals: Created PersistentFrame Addr=0x000001779bdf0928, Size=24, Default__TowerScreen_C Function /Game/UI/TowerScreen.TowerScreen_C:ExecuteUbergraph_TowerScreen
[2018.10.09-00.55.16:832][338]LogUObjectGlobals: Destroyed PersistentFrame Addr=0x000001779bdf0af0, Size=24
[2018.10.09-00.55.16:832][338]LogUObjectGlobals: Created PersistentFrame Addr=0x000001778b519960, Size=24, Default__BulidingScreen_C Function /Engine/Transient.REINST_BulidingScreen_C_0:ExecuteUbergraph_BulidingScreen
[2018.10.09-00.55.16:833][338]LogUObjectGlobals: Destroyed PersistentFrame Addr=0x0000017791604ae0, Size=72
[2018.10.09-00.55.16:833][338]LogUObjectGlobals: Created PersistentFrame Addr=0x00000177918ea250, Size=72, Default__DayMainScreen_C Function /Engine/Transient.REINST_DayMainScreen_C_1:ExecuteUbergraph_DayMainScreen
[2018.10.09-00.55.16:833][338]LogUObjectGlobals: Destroyed PersistentFrame Addr=0x000001779bdf0d78, Size=24
[2018.10.09-00.55.16:834][338]LogUObjectGlobals: Created PersistentFrame Addr=0x000001778b519a08, Size=24, Default__HallScreen_C Function /Engine/Transient.REINST_HallScreen_C_2:ExecuteUbergraph_HallScreen
[2018.10.09-00.55.16:834][338]LogUObjectGlobals: Destroyed PersistentFrame Addr=0x000001779bdf0a18, Size=24
[2018.10.09-00.55.16:834][338]LogUObjectGlobals: Created PersistentFrame Addr=0x000001778b51b6d0, Size=24, Default__HouseScreen_C Function /Engine/Transient.REINST_HouseScreen_C_3:ExecuteUbergraph_HouseScreen
[2018.10.09-00.55.16:834][338]LogUObjectGlobals: Destroyed PersistentFrame Addr=0x000001779bdf0928, Size=24
[2018.10.09-00.55.16:834][338]LogUObjectGlobals: Created PersistentFrame Addr=0x000001778b519a98, Size=24, Default__TowerScreen_C Function /Engine/Transient.REINST_TowerScreen_C_4:ExecuteUbergraph_TowerScreen
[2018.10.09-00.55.16:878][338]LogUObjectGlobals: Created PersistentFrame Addr=0x000001778b518b20, Size=24, Default__BulidingScreen_C Function /Game/UI/BulidingScreen.BulidingScreen_C:ExecuteUbergraph_BulidingScreen
[2018.10.09-00.55.16:884][338]LogUObjectGlobals: Created PersistentFrame Addr=0x000001779c732110, Size=72, Default__DayMainScreen_C Function /Game/UI/DayMainScreen.DayMainScreen_C:ExecuteUbergraph_DayMainScreen
[2018.10.09-00.55.16:886][338]LogUObjectGlobals: Created PersistentFrame Addr=0x000001778b518400, Size=24, Default__HallScreen_C Function /Game/UI/HallScreen.HallScreen_C:ExecuteUbergraph_HallScreen
[2018.10.09-00.55.16:887][338]LogUObjectGlobals: Created PersistentFrame Addr=0x000001778b518490, Size=24, Default__HouseScreen_C Function /Game/UI/HouseScreen.HouseScreen_C:ExecuteUbergraph_HouseScreen
[2018.10.09-00.55.16:888][338]LogUObjectGlobals: Created PersistentFrame Addr=0x000001778b518f28, Size=24, Default__TowerScreen_C Function /Game/UI/TowerScreen.TowerScreen_C:ExecuteUbergraph_TowerScreen
[2018.10.09-00.55.16:919][338]LogUObjectGlobals: Created PersistentFrame Addr=0x000001778b519180, Size=24, Default__DayLevel_C Function /Game/ThirdPersonBP/Maps/DayLevel.DayLevel_C:ExecuteUbergraph_DayLevel
[2018.10.09-00.55.16:927][338]LogUObjectGlobals: Destroyed PersistentFrame Addr=0x000001778b519180, Size=24
[2018.10.09-00.55.16:927][338]LogUObjectGlobals: Created PersistentFrame Addr=0x000001778b519180, Size=24, Default__DayLevel_C Function /Engine/Transient.REINST_DayLevel_C_6:ExecuteUbergraph_DayLevel
[2018.10.09-00.55.16:931][338]LogUObjectGlobals: Created PersistentFrame Addr=0x000001778b5197b0, Size=24, Default__DayLevel_C Function /Game/ThirdPersonBP/Maps/DayLevel.DayLevel_C:ExecuteUbergraph_DayLevel
[2018.10.09-00.55.17:008][338]LogAIModule: Creating AISystem for world DayLevel
[2018.10.09-00.55.17:063][338]LogUObjectGlobals: Destroyed PersistentFrame Addr=0x00000177918ea250, Size=72
[2018.10.09-00.55.17:063][338]LogUObjectGlobals: Destroyed PersistentFrame Addr=0x000001778b519960, Size=24
[2018.10.09-00.55.17:064][338]LogUObjectGlobals: Destroyed PersistentFrame Addr=0x000001778b519a08, Size=24
[2018.10.09-00.55.17:064][338]LogUObjectGlobals: Destroyed PersistentFrame Addr=0x000001778b51b6d0, Size=24
[2018.10.09-00.55.17:064][338]LogUObjectGlobals: Destroyed PersistentFrame Addr=0x000001778b519a98, Size=24
[2018.10.09-00.55.17:064][338]LogUObjectGlobals: Destroyed PersistentFrame Addr=0x000001778b519180, Size=24
[2018.10.09-00.55.17:074][338]Cmd: MAP LOAD FILE="../../../../../../Users/Haojun/Documents/Unreal Projects/FIT3039_Project/FIT3039/Content/ThirdPersonBP/Maps/DayLevel.umap" TEMPLATE=0 SHOWPROGRESS=1 FEATURELEVEL=3
[2018.10.09-00.55.17:074][338]LightingResults: New page: Lighting Build
[2018.10.09-00.55.17:086][338]LogContentBrowser: Native class hierarchy updated for 'StatsViewer' in 0.0006 seconds. Added 5 classes and 0 folders.
[2018.10.09-00.55.17:089][338]LoadErrors: New page: Loading map: DayLevel.umap
[2018.10.09-00.55.17:098][338]MapCheck: New page: Map Check
[2018.10.09-00.55.17:099][338]LightingResults: New page: Lighting Build
[2018.10.09-00.55.17:176][338]LogEditorServer: Finished looking for orphan Actors (0.000 secs)
[2018.10.09-00.55.17:324][338]Cmd: MAP CHECKDEP NOCLEARLOG
[2018.10.09-00.55.17:504][338]MapCheck: Map check complete: 0 Error(s), 0 Warning(s), took 180.974ms to complete.
[2018.10.09-00.55.17:507][338]LogFileHelpers: Loading map 'DayLevel' took 0.439
[2018.10.09-00.55.25:373][557]LogUObjectGlobals: Created PersistentFrame Addr=0x00000177c67da700, Size=64, Default__ThirdPerson_AnimBP_C Function /Game/Mannequin/Animations/ThirdPerson_AnimBP.ThirdPerson_AnimBP_C:ExecuteUbergraph_ThirdPerson_AnimBP
[2018.10.09-00.55.25:405][557]LogUObjectGlobals: Destroyed PersistentFrame Addr=0x00000177c67da700, Size=64
[2018.10.09-00.55.25:406][557]LogUObjectGlobals: Created PersistentFrame Addr=0x00000177a0bab6c0, Size=64, Default__ThirdPerson_AnimBP_C Function /Engine/Transient.REINST_ThirdPerson_AnimBP_C_0:ExecuteUbergraph_ThirdPerson_AnimBP
[2018.10.09-00.55.25:428][557]LogUObjectGlobals: Created PersistentFrame Addr=0x00000177a0b80220, Size=72, Default__ThirdPerson_AnimBP_C Function /Game/Mannequin/Animations/ThirdPerson_AnimBP.ThirdPerson_AnimBP_C:ExecuteUbergraph_ThirdPerson_AnimBP
[2018.10.09-00.55.25:567][557]LogUObjectGlobals: Created PersistentFrame Addr=0x00000177a0b0a480, Size=296, Default__ThirdPersonCharacter_C Function /Game/ThirdPersonBP/Blueprints/ThirdPersonCharacter.ThirdPersonCharacter_C:ExecuteUbergraph_ThirdPersonCharacter
[2018.10.09-00.55.25:592][557]LogUObjectGlobals: Destroyed PersistentFrame Addr=0x00000177a0b0a480, Size=296
[2018.10.09-00.55.25:592][557]LogUObjectGlobals: Created PersistentFrame Addr=0x00000177a0b0a480, Size=296, Default__ThirdPersonCharacter_C Function /Engine/Transient.REINST_ThirdPersonCharacter_C_11:ExecuteUbergraph_ThirdPersonCharacter
[2018.10.09-00.55.25:611][557]LogUObjectGlobals: Created PersistentFrame Addr=0x00000177a0b091c0, Size=296, Default__ThirdPersonCharacter_C Function /Game/ThirdPersonBP/Blueprints/ThirdPersonCharacter.ThirdPersonCharacter_C:ExecuteUbergraph_ThirdPersonCharacter
[2018.10.09-00.55.25:841][557]LogSkeletalMesh: Skeletal Mesh found in DDC [45.829651ms] /Game/Mannequin/Character/Mesh/SK_Mannequin.SK_Mannequin
[2018.10.09-00.55.27:120][574]LogRHI: Error: [Aftermath] Status: PageFault
[2018.10.09-00.55.27:120][574]LogRHI: Error: [Aftermath] GPU Stack Dump
[2018.10.09-00.55.27:133][574]LogRHI: Error: [Aftermath] 0: FRAME
[2018.10.09-00.55.27:133][574]LogRHI: Error: [Aftermath] 1: SlateUI
[2018.10.09-00.55.27:133][574]LogRHI: Error: [Aftermath] GPU Stack Dump
[2018.10.09-00.55.27:133][574]LogWindows: Windows GetLastError: The operation completed successfully. (0)
[2018.10.09-00.55.29:465][574]LogWindows: Windows GetLastError: The operation completed successfully. (0)
[2018.10.09-00.55.29:467][574]LogWindows: Error: === Critical error: ===
[2018.10.09-00.55.29:467][574]LogWindows: Error: 
[2018.10.09-00.55.29:467][574]LogWindows: Error: Fatal error: [File:D:\Build\++UE4+Release-4.19+Compile\Sync\Engine\Source\Runtime\RenderCore\Private\RenderingThread.cpp] [Line: 819] 
[2018.10.09-00.55.29:467][574]LogWindows: Error: Rendering thread exception:
[2018.10.09-00.55.29:467][574]LogWindows: Error: Fatal error: [File:D:\Build\++UE4+Release-4.19+Compile\Sync\Engine\Source\Runtime\Windows\D3D11RHI\Private\D3D11Query.cpp] [Line: 111] 
[2018.10.09-00.55.29:467][574]LogWindows: Error: GPU has crashed
[2018.10.09-00.55.29:467][574]LogWindows: Error: 
[2018.10.09-00.55.29:467][574]LogWindows: Error: 
[2018.10.09-00.55.29:467][574]LogWindows: Error: [Callstack] 0x00000000F6E7A388 KERNELBASE.dll!UnknownFunction []
[2018.10.09-00.55.29:467][574]LogWindows: Error: [Callstack] 0x00000000C9D67884 UE4Editor-ApplicationCore.dll!UnknownFunction []
[2018.10.09-00.55.29:467][574]LogWindows: Error: [Callstack] 0x00000000AE606D9B UE4Editor-Core.dll!UnknownFunction []
[2018.10.09-00.55.29:467][574]LogWindows: Error: [Callstack] 0x00000000AE541949 UE4Editor-Core.dll!UnknownFunction []
[2018.10.09-00.55.29:467][574]LogWindows: Error: [Callstack] 0x000000009A6157F0 UE4Editor-D3D11RHI.dll!UnknownFunction []
[2018.10.09-00.55.29:467][574]LogWindows: Error: [Callstack] 0x000000009A62AC98 UE4Editor-D3D11RHI.dll!UnknownFunction []
[2018.10.09-00.55.29:467][574]LogWindows: Error: [Callstack] 0x00000000BED3F0B6 UE4Editor-RHI.dll!UnknownFunction []
[2018.10.09-00.55.29:467][574]LogWindows: Error: [Callstack] 0x0000000096071FF8 UE4Editor-SlateRHIRenderer.dll!UnknownFunction []
[2018.10.09-00.55.29:467][574]LogWindows: Error: [Callstack] 0x0000000096077C4C UE4Editor-SlateRHIRenderer.dll!UnknownFunction []
[2018.10.09-00.55.29:467][574]LogWindows: Error: [Callstack] 0x00000000AE41B713 UE4Editor-Core.dll!UnknownFunction []
[2018.10.09-00.55.29:468][574]LogWindows: Error: [Callstack] 0x00000000AE41BD3A UE4Editor-Core.dll!UnknownFunction []
[2018.10.09-00.55.29:468][574]LogWindows: Error: [Callstack] 0x00000000C9DE3CC9 UE4Editor-RenderCore.dll!UnknownFunction []
[2018.10.09-00.55.29:468][574]LogWindows: Error: [Callstack] 0x00000000C9DE4CF6 UE4Editor-RenderCore.dll!UnknownFunction []
[2018.10.09-00.55.29:468][574]LogWindows: Error: [Callstack] 0x00000000AE7E9FFC UE4Editor-Core.dll!UnknownFunction []
[2018.10.09-00.55.29:468][574]LogWindows: Error: [Callstack] 0x00000000AE7DED63 UE4Editor-Core.dll!UnknownFunction []
[2018.10.09-00.55.29:468][574]LogWindows: Error: [Callstack] 0x00000000F71F3034 KERNEL32.DLL!UnknownFunction []
[2018.10.09-00.55.29:468][574]LogWindows: Error: [Callstack] 0x00000000F9CF1461 ntdll.dll!UnknownFunction []
[2018.10.09-00.55.29:468][574]LogWindows: Error: [Callstack] 0x00000000F9CF1461 ntdll.dll!UnknownFunction []
[2018.10.09-00.55.29:468][574]LogWindows: Error: 
[2018.10.09-00.55.29:468][574]LogWindows: Error: 
[2018.10.09-00.55.29:468][574]LogWindows: Error: 
[2018.10.09-00.55.29:468][574]LogWindows: Error: 
[2018.10.09-00.55.29:502][574]LogExit: Executing StaticShutdownAfterError
[2018.10.09-00.55.29:522][574]LogWindows: FPlatformMisc::RequestExit(1)
[2018.10.09-00.55.29:522][574]Log file closed, 10/09/18 11:55:29
