Log file open, 10/25/18 22:25:57
LogWindows: Failed to load 'aqProf.dll' (GetLastError=126)
LogWindows: File 'aqProf.dll' does not exist
LogWindows: Failed to load 'VtuneApi.dll' (GetLastError=126)
LogWindows: File 'VtuneApi.dll' does not exist
LogWindows: Failed to load 'VtuneApi32e.dll' (GetLastError=126)
LogWindows: File 'VtuneApi32e.dll' does not exist
LogInit: Display: Running engine for game: FIT3039_Project
LogPlatformFile: Not using cached read wrapper
LogInit: Display: RandInit(-1704944650) SRandInit(-1704944650).
LogInit: Read version file with build ID '3944462'
LogInit: Overriding engine version to CL 4033788, compatible CL 3944462
LogInit: Registered custom module enumerator with build ID '3944462'
LogTaskGraph: Started task graph with 5 named threads and 23 total threads with 3 sets of task threads.
LogStats: Stats thread started at 0.378977
LogD3D11RHI: Aftermath initialized
LogICUInternationalization: Display: ICU TimeZone Detection - Raw Offset: +10:00, Platform Override: ''
LogModuleManager: Display: Found up-to-date module file ../../../Engine/Plugins/2D/Paper2D/Binaries/Win64/UE4Editor-Paper2D.dll (API version 3944462).
LogModuleManager: Display: Found up-to-date module file ../../../Engine/Plugins/2D/Paper2D/Binaries/Win64/UE4Editor-Paper2DEditor.dll (API version 3944462).
LogModuleManager: Display: Found up-to-date module file ../../../Engine/Plugins/2D/Paper2D/Binaries/Win64/UE4Editor-PaperSpriteSheetImporter.dll (API version 3944462).
LogModuleManager: Display: Found up-to-date module file ../../../Engine/Plugins/2D/Paper2D/Binaries/Win64/UE4Editor-PaperTiledImporter.dll (API version 3944462).
LogModuleManager: Display: Found up-to-date module file ../../../Engine/Plugins/2D/Paper2D/Binaries/Win64/UE4Editor-SmartSnapping.dll (API version 3944462).
LogModuleManager: Display: Found up-to-date module file ../../../Engine/Plugins/Blendables/LightPropagationVolume/Binaries/Win64/UE4Editor-LightPropagationVolumeRuntime.dll (API version 3944462).
LogModuleManager: Display: Found up-to-date module file ../../../Engine/Plugins/Blendables/LightPropagationVolume/Binaries/Win64/UE4Editor-LightPropagationVolumeEditor.dll (API version 3944462).
LogModuleManager: Display: Found up-to-date module file ../../../Engine/Plugins/Developer/CLionSourceCodeAccess/Binaries/Win64/UE4Editor-CLionSourceCodeAccess.dll (API version 3944462).
LogModuleManager: Display: Found up-to-date module file ../../../Engine/Plugins/Developer/GitSourceControl/Binaries/Win64/UE4Editor-GitSourceControl.dll (API version 3944462).
LogModuleManager: Display: Found up-to-date module file ../../../Engine/Plugins/Developer/PerforceSourceControl/Binaries/Win64/UE4Editor-PerforceSourceControl.dll (API version 3944462).
LogModuleManager: Display: Found up-to-date module file ../../../Engine/Plugins/Developer/SubversionSourceControl/Binaries/Win64/UE4Editor-SubversionSourceControl.dll (API version 3944462).
LogModuleManager: Display: Found up-to-date module file ../../../Engine/Plugins/Developer/UObjectPlugin/Binaries/Win64/UE4Editor-UObjectPlugin.dll (API version 3944462).
LogModuleManager: Display: Found up-to-date module file ../../../Engine/Plugins/Developer/VisualStudioCodeSourceCodeAccess/Binaries/Win64/UE4Editor-VisualStudioCodeSourceCodeAccess.dll (API version 3944462).
LogModuleManager: Display: Found up-to-date module file ../../../Engine/Plugins/Developer/VisualStudioSourceCodeAccess/Binaries/Win64/UE4Editor-VisualStudioSourceCodeAccess.dll (API version 3944462).
LogModuleManager: Display: Found up-to-date module file ../../../Engine/Plugins/Editor/AssetManagerEditor/Binaries/Win64/UE4Editor-AssetManagerEditor.dll (API version 3944462).
LogModuleManager: Display: Found up-to-date module file ../../../Engine/Plugins/Editor/CryptoKeys/Binaries/Win64/UE4Editor-CryptoKeys.dll (API version 3944462).
LogModuleManager: Display: Found up-to-date module file ../../../Engine/Plugins/Editor/CryptoKeys/Binaries/Win64/UE4Editor-CryptoKeysOpenSSL.dll (API version 3944462).
LogModuleManager: Display: Found up-to-date module file ../../../Engine/Plugins/Editor/DataValidation/Binaries/Win64/UE4Editor-DataValidation.dll (API version 3944462).
LogModuleManager: Display: Found up-to-date module file ../../../Engine/Plugins/Editor/FacialAnimation/Binaries/Win64/UE4Editor-FacialAnimation.dll (API version 3944462).
LogModuleManager: Display: Found up-to-date module file ../../../Engine/Plugins/Editor/FacialAnimation/Binaries/Win64/UE4Editor-FacialAnimationEditor.dll (API version 3944462).
LogModuleManager: Display: Found up-to-date module file ../../../Engine/Plugins/Editor/GameplayTagsEditor/Binaries/Win64/UE4Editor-GameplayTagsEditor.dll (API version 3944462).
LogModuleManager: Display: Found up-to-date module file ../../../Engine/Plugins/Editor/MobileLauncherProfileWizard/Binaries/Win64/UE4Editor-MobileLauncherProfileWizard.dll (API version 3944462).
LogModuleManager: Display: Found up-to-date module file ../../../Engine/Plugins/Editor/PluginBrowser/Binaries/Win64/UE4Editor-PluginBrowser.dll (API version 3944462).
LogModuleManager: Display: Found up-to-date module file ../../../Engine/Plugins/Editor/SpeedTreeImporter/Binaries/Win64/UE4Editor-SpeedTreeImporter.dll (API version 3944462).
LogModuleManager: Display: Found up-to-date module file ../../../Engine/Plugins/Enterprise/DatasmithContent/Binaries/Win64/UE4Editor-DatasmithContent.dll (API version 3944462).
LogModuleManager: Display: Found up-to-date module file ../../../Engine/Plugins/Experimental/AlembicImporter/Binaries/Win64/UE4Editor-AlembicImporter.dll (API version 3944462).
LogModuleManager: Display: Found up-to-date module file ../../../Engine/Plugins/Experimental/AlembicImporter/Binaries/Win64/UE4Editor-AlembicLibrary.dll (API version 3944462).
LogModuleManager: Display: Found up-to-date module file ../../../Engine/Plugins/Experimental/CharacterAI/Binaries/Win64/UE4Editor-CharacterAI.dll (API version 3944462).
LogModuleManager: Display: Found up-to-date module file ../../../Engine/Plugins/Experimental/HTML5Networking/Binaries/Win64/UE4Editor-HTML5Networking.dll (API version 3944462).
LogModuleManager: Display: Found up-to-date module file ../../../Engine/Plugins/Media/AndroidMedia/Binaries/Win64/UE4Editor-AndroidMediaEditor.dll (API version 3944462).
LogModuleManager: Display: Found up-to-date module file ../../../Engine/Plugins/Media/AndroidMedia/Binaries/Win64/UE4Editor-AndroidMediaFactory.dll (API version 3944462).
LogModuleManager: Display: Found up-to-date module file ../../../Engine/Plugins/Media/AvfMedia/Binaries/Win64/UE4Editor-AvfMediaEditor.dll (API version 3944462).
LogModuleManager: Display: Found up-to-date module file ../../../Engine/Plugins/Media/AvfMedia/Binaries/Win64/UE4Editor-AvfMediaFactory.dll (API version 3944462).
LogModuleManager: Display: Found up-to-date module file ../../../Engine/Plugins/Media/AvfMedia/Binaries/Win64/UE4Editor-AvfMediaFactory.dll (API version 3944462).
LogModuleManager: Display: Found up-to-date module file ../../../Engine/Plugins/Media/ImgMedia/Binaries/Win64/UE4Editor-ImgMedia.dll (API version 3944462).
LogModuleManager: Display: Found up-to-date module file ../../../Engine/Plugins/Media/ImgMedia/Binaries/Win64/UE4Editor-ImgMediaEditor.dll (API version 3944462).
LogModuleManager: Display: Found up-to-date module file ../../../Engine/Plugins/Media/ImgMedia/Binaries/Win64/UE4Editor-ImgMediaFactory.dll (API version 3944462).
LogModuleManager: Display: Found up-to-date module file ../../../Engine/Plugins/Media/ImgMedia/Binaries/Win64/UE4Editor-ImgMediaFactory.dll (API version 3944462).
LogModuleManager: Display: Found up-to-date module file ../../../Engine/Plugins/Media/ImgMedia/Binaries/Win64/UE4Editor-OpenExrWrapper.dll (API version 3944462).
LogModuleManager: Display: Found up-to-date module file ../../../Engine/Plugins/Media/LinearTimecode/Binaries/Win64/UE4Editor-LinearTimecode.dll (API version 3944462).
LogModuleManager: Display: Found up-to-date module file ../../../Engine/Plugins/Media/MediaCompositing/Binaries/Win64/UE4Editor-MediaCompositing.dll (API version 3944462).
LogModuleManager: Display: Found up-to-date module file ../../../Engine/Plugins/Media/MediaCompositing/Binaries/Win64/UE4Editor-MediaCompositingEditor.dll (API version 3944462).
LogModuleManager: Display: Found up-to-date module file ../../../Engine/Plugins/Media/MediaPlayerEditor/Binaries/Win64/UE4Editor-MediaPlayerEditor.dll (API version 3944462).
LogModuleManager: Display: Found up-to-date module file ../../../Engine/Plugins/Media/WmfMedia/Binaries/Win64/UE4Editor-WmfMedia.dll (API version 3944462).
LogModuleManager: Display: Found up-to-date module file ../../../Engine/Plugins/Media/WmfMedia/Binaries/Win64/UE4Editor-WmfMediaEditor.dll (API version 3944462).
LogModuleManager: Display: Found up-to-date module file ../../../Engine/Plugins/Media/WmfMedia/Binaries/Win64/UE4Editor-WmfMediaFactory.dll (API version 3944462).
LogModuleManager: Display: Found up-to-date module file ../../../Engine/Plugins/Media/WmfMedia/Binaries/Win64/UE4Editor-WmfMediaFactory.dll (API version 3944462).
LogModuleManager: Display: Found up-to-date module file ../../../Engine/Plugins/Messaging/TcpMessaging/Binaries/Win64/UE4Editor-TcpMessaging.dll (API version 3944462).
LogModuleManager: Display: Found up-to-date module file ../../../Engine/Plugins/Messaging/UdpMessaging/Binaries/Win64/UE4Editor-UdpMessaging.dll (API version 3944462).
LogModuleManager: Display: Found up-to-date module file ../../../Engine/Plugins/MovieScene/ActorSequence/Binaries/Win64/UE4Editor-ActorSequence.dll (API version 3944462).
LogModuleManager: Display: Found up-to-date module file ../../../Engine/Plugins/MovieScene/LevelSequenceEditor/Binaries/Win64/UE4Editor-LevelSequenceEditor.dll (API version 3944462).
LogModuleManager: Display: Found up-to-date module file ../../../Engine/Plugins/MovieScene/MatineeToLevelSequence/Binaries/Win64/UE4Editor-MatineeToLevelSequence.dll (API version 3944462).
LogModuleManager: Display: Found up-to-date module file ../../../Engine/Plugins/NetcodeUnitTest/NetcodeUnitTest/Binaries/Win64/UE4Editor-NetcodeUnitTest.dll (API version 3944462).
LogModuleManager: Display: Found up-to-date module file ../../../Engine/Plugins/NetcodeUnitTest/NUTUnrealEngine4/Binaries/Win64/UE4Editor-NUTUnrealEngine4.dll (API version 3944462).
LogModuleManager: Display: Found up-to-date module file ../../../Engine/Plugins/Online/OnlineSubsystem/Binaries/Win64/UE4Editor-OnlineSubsystem.dll (API version 3944462).
LogModuleManager: Display: Found up-to-date module file ../../../Engine/Plugins/Runtime/AndroidPermission/Binaries/Win64/UE4Editor-AndroidPermission.dll (API version 3944462).
LogModuleManager: Display: Found up-to-date module file ../../../Engine/Plugins/Online/OnlineSubsystemNull/Binaries/Win64/UE4Editor-OnlineSubsystemNull.dll (API version 3944462).
LogModuleManager: Display: Found up-to-date module file ../../../Engine/Plugins/Online/OnlineSubsystemUtils/Binaries/Win64/UE4Editor-OnlineSubsystemUtils.dll (API version 3944462).
LogModuleManager: Display: Found up-to-date module file ../../../Engine/Plugins/Online/OnlineSubsystemUtils/Binaries/Win64/UE4Editor-OnlineBlueprintSupport.dll (API version 3944462).
LogModuleManager: Display: Found up-to-date module file ../../../Engine/Plugins/Runtime/AndroidDeviceProfileSelector/Binaries/Win64/UE4Editor-AndroidDeviceProfileSelector.dll (API version 3944462).
LogModuleManager: Display: Found up-to-date module file ../../../Engine/Plugins/Runtime/AppleARKit/Binaries/Win64/UE4Editor-AppleARKit.dll (API version 3944462).
LogModuleManager: Display: Found up-to-date module file ../../../Engine/Plugins/Runtime/ProceduralMeshComponent/Binaries/Win64/UE4Editor-ProceduralMeshComponent.dll (API version 3944462).
LogModuleManager: Display: Found up-to-date module file ../../../Engine/Plugins/Runtime/ProceduralMeshComponent/Binaries/Win64/UE4Editor-ProceduralMeshComponentEditor.dll (API version 3944462).
LogModuleManager: Display: Found up-to-date module file ../../../Engine/Plugins/Animation/LiveLink/Binaries/Win64/UE4Editor-LiveLink.dll (API version 3944462).
LogModuleManager: Display: Found up-to-date module file ../../../Engine/Plugins/Animation/LiveLink/Binaries/Win64/UE4Editor-LiveLinkEditor.dll (API version 3944462).
LogModuleManager: Display: Found up-to-date module file ../../../Engine/Plugins/Runtime/ArchVisCharacter/Binaries/Win64/UE4Editor-ArchVisCharacter.dll (API version 3944462).
LogModuleManager: Display: Found up-to-date module file ../../../Engine/Plugins/Runtime/AudioCapture/Binaries/Win64/UE4Editor-AudioCapture.dll (API version 3944462).
LogModuleManager: Display: Found up-to-date module file ../../../Engine/Plugins/Runtime/AudioCapture/Binaries/Win64/UE4Editor-AudioCaptureEditor.dll (API version 3944462).
LogModuleManager: Display: Found up-to-date module file ../../../Engine/Plugins/Runtime/CableComponent/Binaries/Win64/UE4Editor-CableComponent.dll (API version 3944462).
LogModuleManager: Display: Found up-to-date module file ../../../Engine/Plugins/Runtime/CustomMeshComponent/Binaries/Win64/UE4Editor-CustomMeshComponent.dll (API version 3944462).
LogModuleManager: Display: Found up-to-date module file ../../../Engine/Plugins/Runtime/ExampleDeviceProfileSelector/Binaries/Win64/UE4Editor-ExampleDeviceProfileSelector.dll (API version 3944462).
LogModuleManager: Display: Found up-to-date module file ../../../Engine/Plugins/Runtime/ImmediatePhysics/Binaries/Win64/UE4Editor-ImmediatePhysics.dll (API version 3944462).
LogModuleManager: Display: Found up-to-date module file ../../../Engine/Plugins/Runtime/ImmediatePhysics/Binaries/Win64/UE4Editor-ImmediatePhysicsEditor.dll (API version 3944462).
LogModuleManager: Display: Found up-to-date module file ../../../Engine/Plugins/Runtime/LocationServicesBPLibrary/Binaries/Win64/UE4Editor-LocationServicesBPLibrary.dll (API version 3944462).
LogModuleManager: Display: Found up-to-date module file ../../../Engine/Plugins/Runtime/MobilePatchingUtils/Binaries/Win64/UE4Editor-MobilePatchingUtils.dll (API version 3944462).
LogModuleManager: Display: Found up-to-date module file ../../../Engine/Plugins/Runtime/Oculus/OculusVR/Binaries/Win64/UE4Editor-OculusHMD.dll (API version 3944462).
LogModuleManager: Display: Found up-to-date module file ../../../Engine/Plugins/Runtime/Oculus/OculusVR/Binaries/Win64/UE4Editor-OculusInput.dll (API version 3944462).
LogModuleManager: Display: Found up-to-date module file ../../../Engine/Plugins/Runtime/Oculus/OculusVR/Binaries/Win64/UE4Editor-OculusEditor.dll (API version 3944462).
LogModuleManager: Display: Found up-to-date module file ../../../Engine/Plugins/Runtime/PhysXVehicles/Binaries/Win64/UE4Editor-PhysXVehicles.dll (API version 3944462).
LogModuleManager: Display: Found up-to-date module file ../../../Engine/Plugins/Runtime/PhysXVehicles/Binaries/Win64/UE4Editor-PhysXVehiclesEditor.dll (API version 3944462).
LogModuleManager: Display: Found up-to-date module file ../../../Engine/Plugins/Runtime/RuntimePhysXCooking/Binaries/Win64/UE4Editor-RuntimePhysXCooking.dll (API version 3944462).
LogModuleManager: Display: Found up-to-date module file ../../../Engine/Plugins/Runtime/Steam/SteamVR/Binaries/Win64/UE4Editor-SteamVR.dll (API version 3944462).
LogModuleManager: Display: Found up-to-date module file ../../../Engine/Plugins/Runtime/Steam/SteamVR/Binaries/Win64/UE4Editor-SteamVRController.dll (API version 3944462).
LogModuleManager: Display: Found up-to-date module file ../../../Engine/Plugins/Runtime/WindowsMoviePlayer/Binaries/Win64/UE4Editor-WindowsMoviePlayer.dll (API version 3944462).
LogPluginManager: Mounting plugin Paper2D
LogPluginManager: Mounting plugin LiveLink
LogPluginManager: Mounting plugin LightPropagationVolume
LogPluginManager: Mounting plugin CLionSourceCodeAccess
LogPluginManager: Mounting plugin CodeLiteSourceCodeAccess
LogPluginManager: Mounting plugin GitSourceControl
LogPluginManager: Mounting plugin KDevelopSourceCodeAccess
LogPluginManager: Mounting plugin NullSourceCodeAccess
LogPluginManager: Mounting plugin PerforceSourceControl
LogPluginManager: Mounting plugin SubversionSourceControl
LogPluginManager: Mounting plugin UObjectPlugin
LogPluginManager: Mounting plugin VisualStudioCodeSourceCodeAccess
LogPluginManager: Mounting plugin VisualStudioSourceCodeAccess
LogPluginManager: Mounting plugin XCodeSourceCodeAccess
LogPluginManager: Mounting plugin AssetManagerEditor
LogPluginManager: Mounting plugin CryptoKeys
LogPluginManager: Mounting plugin DataValidation
LogPluginManager: Mounting plugin FacialAnimation
LogPluginManager: Mounting plugin GameplayTagsEditor
LogPluginManager: Mounting plugin MobileLauncherProfileWizard
LogPluginManager: Mounting plugin PluginBrowser
LogPluginManager: Mounting plugin SpeedTreeImporter
LogPluginManager: Mounting plugin DatasmithContent
LogPluginManager: Mounting plugin AlembicImporter
LogPluginManager: Mounting plugin CharacterAI
LogPluginManager: Mounting plugin HTML5Networking
LogPluginManager: Mounting plugin AndroidMedia
LogPluginManager: Mounting plugin AvfMedia
LogPluginManager: Mounting plugin ImgMedia
LogPluginManager: Mounting plugin LinearTimecode
LogPluginManager: Mounting plugin MediaCompositing
LogPluginManager: Mounting plugin MediaPlayerEditor
LogPluginManager: Mounting plugin WmfMedia
LogPluginManager: Mounting plugin TcpMessaging
LogPluginManager: Mounting plugin UdpMessaging
LogPluginManager: Mounting plugin ActorSequence
LogPluginManager: Mounting plugin LevelSequenceEditor
LogPluginManager: Mounting plugin MatineeToLevelSequence
LogPluginManager: Mounting plugin NetcodeUnitTest
LogPluginManager: Mounting plugin NUTUnrealEngine4
LogPluginManager: Mounting plugin OnlineSubsystemGooglePlay
LogPluginManager: Mounting plugin OnlineSubsystemIOS
LogPluginManager: Mounting plugin OnlineSubsystem
LogPluginManager: Mounting plugin OnlineSubsystemNull
LogPluginManager: Mounting plugin OnlineSubsystemUtils
LogPluginManager: Mounting plugin AndroidDeviceProfileSelector
LogPluginManager: Mounting plugin AndroidMoviePlayer
LogPluginManager: Mounting plugin AndroidPermission
LogPluginManager: Mounting plugin AppleARKit
LogPluginManager: Mounting plugin AppleMoviePlayer
LogPluginManager: Mounting plugin ArchVisCharacter
LogPluginManager: Mounting plugin AudioCapture
LogPluginManager: Mounting plugin CableComponent
LogPluginManager: Mounting plugin CustomMeshComponent
LogPluginManager: Mounting plugin ExampleDeviceProfileSelector
LogPluginManager: Mounting plugin GoogleCloudMessaging
LogPluginManager: Mounting plugin ImmediatePhysics
LogPluginManager: Mounting plugin IOSDeviceProfileSelector
LogPluginManager: Mounting plugin LinuxDeviceProfileSelector
LogPluginManager: Mounting plugin LocationServicesBPLibrary
LogPluginManager: Mounting plugin MobilePatchingUtils
LogPluginManager: Mounting plugin OculusVR
LogPluginManager: Plugin shader directory ../../../Engine/Plugins/Runtime/Oculus/OculusVR/Shaders found
LogPluginManager: Mapping shader source directory ../../../Engine/Plugins/Runtime/Oculus/OculusVR/Shaders to virtual directory /Plugin/OculusVR
LogPluginManager: Mounting plugin PhysXVehicles
LogPluginManager: Mounting plugin ProceduralMeshComponent
LogPluginManager: Mounting plugin RuntimePhysXCooking
LogPluginManager: Mounting plugin SteamVR
LogPluginManager: Mounting plugin WindowsMoviePlayer
LogStreaming: Display: Took  3.247s to configure plugins.
LogInit: Using libcurl 7.47.1
LogInit:  - built for x86_64-pc-win32
LogInit:  - supports SSL with OpenSSL/1.0.2g
LogInit:  - supports HTTP deflate (compression) using libz 1.2.8
LogInit:  - other features:
LogInit:      CURL_VERSION_SSL
LogInit:      CURL_VERSION_LIBZ
LogInit:      CURL_VERSION_IPV6
LogInit:      CURL_VERSION_ASYNCHDNS
LogInit:      CURL_VERSION_LARGEFILE
LogInit:      CURL_VERSION_IDN
LogInit:  CurlRequestOptions (configurable via config and command line):
LogInit:  - bVerifyPeer = false  - Libcurl will NOT verify peer certificate
LogInit:  - bUseHttpProxy = false  - Libcurl will NOT use HTTP proxy
LogInit:  - bDontReuseConnections = false  - Libcurl will reuse connections
LogInit:  - CertBundlePath = nullptr  - Libcurl will use whatever was configured at build time.
LogInit:  - MaxHostConnections = 16  - Libcurl will limit the number of connections to a host
LogInit:  - LocalHostAddr = Default
LogInit: WinSock: version 1.1 (2.2), MaxSocks=32767, MaxUdp=65467
LogInit: WinSock: I am DESKTOP-10ENIUV (10.0.0.64:0)
LogInit: Build: ++UE4+Release-4.19-CL-4033788
LogInit: Engine Version: 4.19.2-4033788+++UE4+Release-4.19
LogInit: Compatible Engine Version: 4.19.0-3944462+++UE4+Release-4.19
LogInit: Net CL: 3944462
LogDevObjectVersion: Number of dev versions registered: 18
LogDevObjectVersion:   Dev-Blueprints (B0D832E4-1F89-4F0D-ACCF-7EB736FD4AA2): 10
LogDevObjectVersion:   Dev-Build (E1C64328-A22C-4D53-A36C-8E866417BD8C): 0
LogDevObjectVersion:   Dev-Core (375EC13C-06E4-48FB-B500-84F0262A717E): 2
LogDevObjectVersion:   Dev-Editor (E4B068ED-F494-42E9-A231-DA0B2E46BB41): 23
LogDevObjectVersion:   Dev-Framework (CFFC743F-43B0-4480-9391-14DF171D2073): 33
LogDevObjectVersion:   Dev-Mobile (B02B49B5-BB20-44E9-A304-32B752E40360): 2
LogDevObjectVersion:   Dev-Networking (A4E4105C-59A1-49B5-A7C5-40C4547EDFEE): 0
LogDevObjectVersion:   Dev-Online (39C831C9-5AE6-47DC-9A44-9C173E1C8E7C): 0
LogDevObjectVersion:   Dev-Physics (78F01B33-EBEA-4F98-B9B4-84EACCB95AA2): 0
LogDevObjectVersion:   Dev-Platform (6631380F-2D4D-43E0-8009-CF276956A95A): 0
LogDevObjectVersion:   Dev-Rendering (12F88B9F-8875-4AFC-A67C-D90C383ABD29): 25
LogDevObjectVersion:   Dev-Sequencer (7B5AE74C-D270-4C10-A958-57980B212A5A): 6
LogDevObjectVersion:   Dev-VR (D7296918-1DD6-4BDD-9DE2-64A83CC13884): 1
LogDevObjectVersion:   Dev-LoadTimes (C2A15278-BFE7-4AFE-6C17-90FF531DF755): 1
LogDevObjectVersion:   Private-Geometry (6EACA3D4-40EC-4CC1-B786-8BED09428FC5): 2
LogDevObjectVersion:   Dev-AnimPhys (29E575DD-E0A3-4627-9D10-D276232CDCEA): 16
LogDevObjectVersion:   Dev-ReflectionCapture (6B266CEC-1EC7-4B8F-A30B-E4D90942FC07): 1
LogDevObjectVersion:   Dev-Automation (0DF73D61-A23F-47EA-B727-89E90C41499A): 1
LogInit: Compiled (64-bit): Apr 27 2018 02:06:57
LogInit: Compiled with Visual C++: 19.00.24215.01
LogInit: Build Configuration: Development
LogInit: Branch Name: ++UE4+Release-4.19
LogInit: Command Line: 
LogInit: Base Directory: C:/Users/Vincent/Downloads/Epic Games/UE_4.19/Engine/Binaries/Win64/
LogInit: Installed Engine Build: 1
LogStreaming: Display: Took  0.013s to delete old logs.
LogInit: Presizing for max 8388607 objects, including 0 objects not considered by GC, pre-allocating 0 bytes for permanent pool.
LogInit: Object subsystem initialized
[2018.10.25-11.26.01:535][  0]LogInit: Selected Device Profile: [Windows]
[2018.10.25-11.26.01:535][  0]LogInit: Applying CVar settings loaded from the selected device profile: [Windows]
[2018.10.25-11.26.01:592][  0]LogInit: Computer: DESKTOP-10ENIUV
[2018.10.25-11.26.01:592][  0]LogInit: User: Vincent
[2018.10.25-11.26.01:592][  0]LogInit: CPU Page size=4096, Cores=4
[2018.10.25-11.26.01:592][  0]LogInit: High frequency timer resolution =2.062496 MHz
[2018.10.25-11.26.01:593][  0]LogMemory: Memory total: Physical=15.9GB (16GB approx)
[2018.10.25-11.26.01:593][  0]LogMemory: Platform Memory Stats for Windows
[2018.10.25-11.26.01:593][  0]LogMemory: Process Physical Memory: 274.68 MB used, 274.68 MB peak
[2018.10.25-11.26.01:593][  0]LogMemory: Process Virtual Memory: 264.68 MB used, 264.68 MB peak
[2018.10.25-11.26.01:593][  0]LogMemory: Physical Memory: 4980.93 MB used,  11327.98 MB free, 16308.92 MB total
[2018.10.25-11.26.01:593][  0]LogMemory: Virtual Memory: 697.64 MB used,  11327.98 MB free, 134217728.00 MB total
[2018.10.25-11.26.01:637][  0]LogInit: Using OS detected language (en-GB).
[2018.10.25-11.26.01:637][  0]LogInit: Using OS detected locale (en-AU).
[2018.10.25-11.26.01:647][  0]LogTextLocalizationManager: No specific localization for 'en-GB' exists, so the 'en' localization will be used.
[2018.10.25-11.26.03:086][  0]LogStreaming: Display: Took  1.449s to EndInitTextLocalization.
[2018.10.25-11.26.03:087][  0]LogInit: Setting process to per monitor DPI aware
[2018.10.25-11.26.03:195][  0]LogSlate: New Slate User Created.  User Index 0, Is Virtual User: 0
[2018.10.25-11.26.03:195][  0]LogSlate: Slate User Registered.  User Index 0, Is Virtual User: 0
[2018.10.25-11.26.03:884][  0]LogD3D11RHI: D3D11 adapters:
[2018.10.25-11.26.04:018][  0]LogD3D11RHI:    0. 'NVIDIA GeForce GTX 1060' (Feature Level 11_0)
[2018.10.25-11.26.04:018][  0]LogD3D11RHI:       6064/0/8154 MB DedicatedVideo/DedicatedSystem/SharedSystem, Outputs:1, VendorId:0x10de
[2018.10.25-11.26.04:052][  0]LogD3D11RHI:    1. 'Intel(R) UHD Graphics 620' (Feature Level 11_0)
[2018.10.25-11.26.04:052][  0]LogD3D11RHI:       128/0/8154 MB DedicatedVideo/DedicatedSystem/SharedSystem, Outputs:0, VendorId:0x8086
[2018.10.25-11.26.04:057][  0]LogD3D11RHI:    2. 'Microsoft Basic Render Driver' (Feature Level 11_0)
[2018.10.25-11.26.04:057][  0]LogD3D11RHI:       0/0/8154 MB DedicatedVideo/DedicatedSystem/SharedSystem, Outputs:0, VendorId:0x1414
[2018.10.25-11.26.04:058][  0]LogD3D11RHI: Chosen D3D11 Adapter: 0
[2018.10.25-11.26.04:080][  0]LogD3D11RHI: Creating new Direct3DDevice
[2018.10.25-11.26.04:080][  0]LogD3D11RHI:     GPU DeviceId: 0x1c20 (for the marketing name, search the web for "GPU Device Id")
[2018.10.25-11.26.04:080][  0]LogWindows: EnumDisplayDevices:
[2018.10.25-11.26.04:081][  0]LogWindows:    0. 'Intel(R) UHD Graphics 620' (P:1 D:1)
[2018.10.25-11.26.04:081][  0]LogWindows:    1. 'Intel(R) UHD Graphics 620' (P:0 D:0)
[2018.10.25-11.26.04:081][  0]LogWindows:    2. 'Intel(R) UHD Graphics 620' (P:0 D:0)
[2018.10.25-11.26.04:082][  0]LogWindows: DebugString: GetVideoDriverDetailsInvalid PrimaryIsNotTheChoosenAdapter GetVideoDriverDetailsInvalid PrimaryIsNotTheChoosenAdapter GetVideoDriverDetailsInvalid PrimaryIsNotTheChoosenAdapter FoundDriverCount:0 
[2018.10.25-11.26.04:082][  0]LogD3D11RHI:     Adapter Name: NVIDIA GeForce GTX 1060
[2018.10.25-11.26.04:082][  0]LogD3D11RHI:   Driver Version: Unknown (internal:Unknown, unified:Unknown)
[2018.10.25-11.26.04:082][  0]LogD3D11RHI:      Driver Date: Unknown
[2018.10.25-11.26.04:082][  0]LogRHI: Texture pool is 4244 MB (70% of 6064 MB)
[2018.10.25-11.26.04:180][  0]LogD3D11RHI: [Aftermath] Aftermath enabled but failed to initialize
[2018.10.25-11.26.04:180][  0]LogD3D11RHI: [Aftermath] Aftermath enabled and primed
[2018.10.25-11.26.04:180][  0]LogD3D11RHI: Async texture creation enabled
[2018.10.25-11.26.04:202][  0]LogD3D11RHI: GPU Timing Frequency: 1000.000000 (Debug: 2 1)
[2018.10.25-11.26.04:205][  0]LogShaderCompilers: Guid format shader working directory is 7 characters bigger than the processId version (../../../../../../Desktop/GitHub/FIT3039/Intermediate/Shaders/WorkingDirectory/15832/).
[2018.10.25-11.26.04:205][  0]LogShaderCompilers: Cleaned the shader compiler working directory 'C:/Users/Vincent/AppData/Local/Temp/UnrealShaderWorkingDir/0BAEEE79460AEE2596C6DE8C45520072/'.
[2018.10.25-11.26.05:195][  0]LogTemp: Display: Loaded TP AllDesktopTargetPlatform
[2018.10.25-11.26.05:250][  0]LogTemp: Display: Loaded TP MacClientTargetPlatform
[2018.10.25-11.26.05:303][  0]LogTemp: Display: Loaded TP MacNoEditorTargetPlatform
[2018.10.25-11.26.05:356][  0]LogTemp: Display: Loaded TP MacServerTargetPlatform
[2018.10.25-11.26.05:410][  0]LogTemp: Display: Loaded TP MacTargetPlatform
[2018.10.25-11.26.05:461][  0]LogTemp: Display: Loaded TP WindowsClientTargetPlatform
[2018.10.25-11.26.05:513][  0]LogTemp: Display: Loaded TP WindowsNoEditorTargetPlatform
[2018.10.25-11.26.05:566][  0]LogTemp: Display: Loaded TP WindowsServerTargetPlatform
[2018.10.25-11.26.05:591][  0]LogTemp: Display: Loaded TP WindowsTargetPlatform
[2018.10.25-11.26.05:637][  0]LogTemp: Display: Loaded TP Android_ASTCTargetPlatform
[2018.10.25-11.26.05:684][  0]LogTemp: Display: Loaded TP Android_ATCTargetPlatform
[2018.10.25-11.26.05:731][  0]LogTemp: Display: Loaded TP Android_DXTTargetPlatform
[2018.10.25-11.26.05:775][  0]LogTemp: Display: Loaded TP Android_ETC1aTargetPlatform
[2018.10.25-11.26.05:821][  0]LogTemp: Display: Loaded TP Android_ETC1TargetPlatform
[2018.10.25-11.26.05:866][  0]LogTemp: Display: Loaded TP Android_ETC2TargetPlatform
[2018.10.25-11.26.05:963][  0]LogTemp: Display: Loaded TP Android_MultiTargetPlatform
[2018.10.25-11.26.05:964][  0]LogTemp: Display: Loaded TP Android_PVRTCTargetPlatform
[2018.10.25-11.26.06:007][  0]LogTemp: Display: Loaded TP AndroidTargetPlatform
[2018.10.25-11.26.06:011][  0]LogTemp: Display: Loaded TP HTML5TargetPlatform
[2018.10.25-11.26.06:088][  0]LogTemp: Display: Loaded TP IOSTargetPlatform
[2018.10.25-11.26.06:129][  0]LogTemp: Display: Loaded TP TVOSTargetPlatform
[2018.10.25-11.26.06:170][  0]LogTemp: Display: Loaded TP LinuxClientTargetPlatform
[2018.10.25-11.26.06:212][  0]LogTemp: Display: Loaded TP LinuxNoEditorTargetPlatform
[2018.10.25-11.26.06:253][  0]LogTemp: Display: Loaded TP LinuxServerTargetPlatform
[2018.10.25-11.26.06:296][  0]LogTemp: Display: Loaded TP LinuxTargetPlatform
[2018.10.25-11.26.06:296][  0]LogTargetPlatformManager: Display: Building Assets For Windows
[2018.10.25-11.26.06:674][  0]LogXGEController: Cannot use XGE Controller as Incredibuild is not installed on this machine.
[2018.10.25-11.26.06:675][  0]LogShaderCompilers: Cannot use XGE Shader Compiler as Incredibuild is not installed on this machine.
[2018.10.25-11.26.06:675][  0]LogShaderCompilers: Display: Using Local Shader Compiler.
[2018.10.25-11.26.09:142][  0]LogDerivedDataCache: Display: Max Cache Size: 512 MB
[2018.10.25-11.26.09:303][  0]LogDerivedDataCache: Loaded boot cache 0.16s 74MB C:/Users/Vincent/AppData/Local/UnrealEngine/4.19/DerivedDataCache/Boot.ddc.
[2018.10.25-11.26.09:303][  0]LogDerivedDataCache: Display: Loaded Boot cache: C:/Users/Vincent/AppData/Local/UnrealEngine/4.19/DerivedDataCache/Boot.ddc
[2018.10.25-11.26.09:303][  0]LogDerivedDataCache: FDerivedDataBackendGraph:  Pak pak cache file ../../../../../../Desktop/GitHub/FIT3039/DerivedDataCache/DDC.ddp not found, will not use a pak cache.
[2018.10.25-11.26.09:303][  0]LogDerivedDataCache: Unable to find inner node Pak for hierarchical cache Hierarchy.
[2018.10.25-11.26.09:303][  0]LogDerivedDataCache: FDerivedDataBackendGraph:  CompressedPak pak cache file ../../../../../../Desktop/GitHub/FIT3039/DerivedDataCache/Compressed.ddp not found, will not use a pak cache.
[2018.10.25-11.26.09:303][  0]LogDerivedDataCache: Unable to find inner node CompressedPak for hierarchical cache Hierarchy.
[2018.10.25-11.26.09:348][  0]LogDerivedDataCache: Display: Pak cache opened for reading ../../../Engine/DerivedDataCache/Compressed.ddp.
[2018.10.25-11.26.09:362][  0]LogDerivedDataCache: Using Local data cache path C:/Users/Vincent/AppData/Local/UnrealEngine/Common/DerivedDataCache: Writable
[2018.10.25-11.26.09:362][  0]LogDerivedDataCache: Shared data cache path not found in *engine.ini, will not use an Shared cache.
[2018.10.25-11.26.09:362][  0]LogDerivedDataCache: Unable to find inner node Shared for hierarchical cache Hierarchy.
[2018.10.25-11.26.09:397][  0]LogMaterial: Verifying Global Shaders for PCD3D_SM5
[2018.10.25-11.26.09:398][  0]LogSlate: Using Freetype 2.6.0
[2018.10.25-11.26.09:399][  0]LogSlate: SlateFontCache - WITH_FREETYPE: 1, WITH_HARFBUZZ: 1
[2018.10.25-11.26.09:399][  0]LogSlate: SlateFontCache - WITH_FREETYPE: 1, WITH_HARFBUZZ: 1
[2018.10.25-11.26.09:722][  0]LogAssetRegistry: FAssetRegistry took 0.0325 seconds to start up
[2018.10.25-11.26.10:594][  0]LogInit: Selected Device Profile: [Windows]
[2018.10.25-11.26.10:938][  0]LogSimplygon: Simplygon DLL not present - disabling.
[2018.10.25-11.26.10:945][  0]LogMeshReduction: Using SimplygonSwarm for distributed automatic mesh merging
[2018.10.25-11.26.10:945][  0]LogMeshReduction: Using QuadricMeshReduction for automatic static mesh reduction
[2018.10.25-11.26.10:945][  0]LogMeshReduction: No automatic skeletal mesh reduction module available
[2018.10.25-11.26.10:945][  0]LogMeshReduction: No automatic mesh merging module available
[2018.10.25-11.26.10:945][  0]LogMeshMerging: No automatic mesh merging module available
[2018.10.25-11.26.11:031][  0]LogNetVersion: FIT3039_Project , NetCL: 3944462, EngineNetVer: 2, GameNetVer: 0 (Checksum: 3493369064)
[2018.10.25-11.26.12:116][  0]LogPackageLocalizationCache: Processed 9 localized package path(s) for 2 prioritized culture(s) in 0.198094 seconds
[2018.10.25-11.26.12:126][  0]LogUObjectArray: 36728 objects as part of root set at end of initial load.
[2018.10.25-11.26.12:127][  0]LogUObjectAllocator: 7314304 out of 0 bytes used by permanent object pool.
[2018.10.25-11.26.12:127][  0]LogUObjectArray: CloseDisregardForGC: 0/0 objects in disregard for GC pool
[2018.10.25-11.26.16:602][  0]LogTcpMessaging: Initializing TcpMessaging bridge
[2018.10.25-11.26.16:659][  0]LogUdpMessaging: Initializing bridge on interface 0.0.0.0:0 to multicast group 230.0.0.1:6666.
[2018.10.25-11.26.17:572][  0]SourceControl: Source control is disabled
[2018.10.25-11.26.17:572][  0]SourceControl: Source control is disabled
[2018.10.25-11.26.17:627][  0]SourceControl: Source control is disabled
[2018.10.25-11.26.17:689][  0]SourceControl: Source control is disabled
[2018.10.25-11.26.18:864][  0]LogAndroidPermission: UAndroidPermissionCallbackProxy::GetInstance
[2018.10.25-11.26.19:260][  0]LogOcInput: OculusInput pre-init called
[2018.10.25-11.26.19:503][  0]LogEngine: Initializing Engine...
[2018.10.25-11.26.19:505][  0]LogHMD: Failed to initialize OpenVR with code 110
[2018.10.25-11.26.19:509][  0]LogStats: UGameplayTagsManager::ConstructGameplayTagTree: Construct from data asset -  0.000 s
[2018.10.25-11.26.19:509][  0]LogStats: UGameplayTagsManager::ConstructGameplayTagTree: GameplayTagTreeChangedEvent.Broadcast -  0.000 s
[2018.10.25-11.26.20:041][  0]LogAIModule: Creating AISystem for world Untitled
[2018.10.25-11.26.20:108][  0]LogInit: XAudio2 using 'Headphones (Realtek High Definition Audio(SST))' : 2 channels at 48 kHz using 32 bits per sample (channel mask 0x3)
[2018.10.25-11.26.21:240][  0]LogInit: FAudioDevice initialized.
[2018.10.25-11.26.21:363][  0]LogDerivedDataCache: Saved boot cache 0.12s 74MB C:/Users/Vincent/AppData/Local/UnrealEngine/4.19/DerivedDataCache/Boot.ddc.
[2018.10.25-11.26.21:390][  0]LogInit: Texture streaming: Enabled
[2018.10.25-11.26.21:428][  0]LogEngineSessionManager: EngineSessionManager initialized
[2018.10.25-11.26.21:462][  0]LogInit: Transaction tracking system initialized
[2018.10.25-11.26.21:523][  0]BlueprintLog: New page: Editor Load
[2018.10.25-11.26.21:712][  0]LocalizationService: Localization service is disabled
[2018.10.25-11.26.21:929][  0]LogConsoleResponse: Display: 
[2018.10.25-11.26.22:279][  0]LogCook: Display: Max memory allowance for cook 16384mb min free memory 0mb
[2018.10.25-11.26.22:279][  0]LogCook: Display: Mobile HDR setting 1
[2018.10.25-11.26.22:279][  0]LogGameplayTags: Display: UGameplayTagsManager::DoneAddingNativeTags. DelegateIsBound: 0
[2018.10.25-11.26.22:279][  0]LogStats: UGameplayTagsManager::ConstructGameplayTagTree: Construct from data asset -  0.000 s
[2018.10.25-11.26.22:279][  0]LogStats: UGameplayTagsManager::ConstructGameplayTagTree: GameplayTagTreeChangedEvent.Broadcast -  0.000 s
[2018.10.25-11.26.22:507][  0]LogFileCache: Scanning file cache for directory 'C:/Users/Vincent/Desktop/GitHub/FIT3039/Content/' took 0.05s
[2018.10.25-11.26.23:180][  0]SourceControl: Source control is disabled
[2018.10.25-11.26.23:180][  0]Cmd: MAP LOAD FILE="../../../../../../Desktop/GitHub/FIT3039/Content/ThirdPersonBP/Maps/ThirdPersonExampleMap.umap" TEMPLATE=0 SHOWPROGRESS=1 FEATURELEVEL=3
[2018.10.25-11.26.23:180][  0]LogEditorServer: Warning: Can't find file '../../../../../../Desktop/GitHub/FIT3039/Content/ThirdPersonBP/Maps/ThirdPersonExampleMap.umap'
[2018.10.25-11.26.23:182][  0]Cmd: MAP CHECKDEP NOCLEARLOG
[2018.10.25-11.26.23:286][  0]MapCheck: Map check complete: 0 Error(s), 0 Warning(s), took 104.117ms to complete.
[2018.10.25-11.26.23:286][  0]LogFileHelpers: Loading map 'ThirdPersonExampleMap' took 0.106
[2018.10.25-11.26.23:661][  0]LogCollectionManager: Loaded 0 collections in 0.004610 seconds
[2018.10.25-11.26.23:744][  0]LogFileCache: Scanning file cache for directory 'C:/Users/Vincent/Desktop/GitHub/FIT3039/Saved/Collections/' took 0.01s
[2018.10.25-11.26.23:744][  0]LogFileCache: Scanning file cache for directory 'C:/Users/Vincent/Desktop/GitHub/FIT3039/Content/Developers/Vincent/Collections/' took 0.01s
[2018.10.25-11.26.23:744][  0]LogFileCache: Scanning file cache for directory 'C:/Users/Vincent/Desktop/GitHub/FIT3039/Content/Collections/' took 0.01s
[2018.10.25-11.26.23:745][  0]LogCollectionManager: Rebuilt the GUID cache for 0 collections in 0.000001 seconds
[2018.10.25-11.26.23:767][  0]LogContentBrowser: Native class hierarchy populated in 0.0206 seconds. Added 2452 classes and 558 folders.
[2018.10.25-11.26.23:796][  0]LogContentBrowser: Native class hierarchy updated for 'WidgetCarousel' in 0.0004 seconds. Added 0 classes and 0 folders.
[2018.10.25-11.26.24:626][  0]LogContentBrowser: Native class hierarchy updated for 'AddContentDialog' in 0.0004 seconds. Added 0 classes and 0 folders.
[2018.10.25-11.26.24:651][  0]LogContentBrowser: Native class hierarchy updated for 'SceneOutliner' in 0.0005 seconds. Added 1 classes and 2 folders.
[2018.10.25-11.26.24:800][  0]LogSlate: Took 0.000387 seconds to synchronously load lazily loaded font '../../../Engine/Content/Slate/Fonts/Roboto-Regular.ttf' (155K)
[2018.10.25-11.26.24:806][  0]LogSlate: Took 0.000465 seconds to synchronously load lazily loaded font '../../../Engine/Content/Slate/Fonts/Roboto-Bold.ttf' (160K)
[2018.10.25-11.26.24:836][  0]LogSlate: Took 0.012538 seconds to synchronously load lazily loaded font '../../../Engine/Content/Editor/Slate/Fonts/FontAwesome.ttf' (139K)
[2018.10.25-11.26.25:228][  0]LogRenderer: Reallocating scene render targets to support 1020x584 Format 10 NumSamples 1 (Frame:1).
[2018.10.25-11.26.25:694][  0]LogContentBrowser: Native class hierarchy updated for 'HierarchicalLODOutliner' in 0.0006 seconds. Added 0 classes and 0 folders.
[2018.10.25-11.26.25:694][  0]LogLoad: (Engine Initialization) Total time: 30.84 seconds
[2018.10.25-11.26.25:694][  0]LogLoad: (Engine Initialization) Total Blueprint compile time: 0.00 seconds
[2018.10.25-11.26.26:074][  0]LogContentStreaming: Texture pool size now 1000 MB
[2018.10.25-11.26.26:369][  1]LogFileCache: Retrieving MD5 hashes for directory 'C:/Users/Vincent/Desktop/GitHub/FIT3039/Content/' took 0.32s
[2018.10.25-11.26.27:384][  4]LogAssetRegistry: Asset discovery search completed in 17.6849 seconds
[2018.10.25-11.26.27:390][  4]LogCollectionManager: Rebuilt the object cache for 0 collections in 0.000001 seconds (found 0 objects)
[2018.10.25-11.26.27:390][  4]LogCollectionManager: Fixed up redirectors for 0 collections in 0.000155 seconds (updated 0 objects)
[2018.10.25-11.26.57:359][138]LogSlate: FSceneViewport::OnFocusLost() reason 0
[2018.10.25-11.47.23:475][465]Cmd: MAP LOAD FILE="../../../../../../Desktop/GitHub/FIT3039/Content/ThirdPersonBP/Maps/Level_2.umap" TEMPLATE=0 SHOWPROGRESS=1 FEATURELEVEL=3
[2018.10.25-11.47.23:501][465]LogSlate: Took 0.010914 seconds to synchronously load lazily loaded font '../../../Engine/Content/Slate/Fonts/Roboto-Light.ttf' (167K)
[2018.10.25-11.47.23:538][465]LightingResults: New page: Lighting Build
[2018.10.25-11.47.23:556][465]LogContentBrowser: Native class hierarchy updated for 'StatsViewer' in 0.0007 seconds. Added 5 classes and 0 folders.
[2018.10.25-11.47.23:559][465]LoadErrors: New page: Loading map: Level_2.umap
[2018.10.25-11.47.23:560][465]MapCheck: New page: Map Check
[2018.10.25-11.47.23:560][465]LightingResults: New page: Lighting Build
[2018.10.25-11.47.23:823][465]LogUObjectGlobals: Created PersistentFrame Addr=0x00000279bfb809c0, Size=64, Default__ThirdPerson_AnimBP_C Function /Game/Mannequin/Animations/ThirdPerson_AnimBP.ThirdPerson_AnimBP_C:ExecuteUbergraph_ThirdPerson_AnimBP
[2018.10.25-11.47.23:870][465]LogUObjectGlobals: Destroyed PersistentFrame Addr=0x00000279bfb809c0, Size=64
[2018.10.25-11.47.23:870][465]LogUObjectGlobals: Created PersistentFrame Addr=0x00000279bfb80bc0, Size=64, Default__ThirdPerson_AnimBP_C Function /Engine/Transient.REINST_ThirdPerson_AnimBP_C_0:ExecuteUbergraph_ThirdPerson_AnimBP
[2018.10.25-11.47.23:904][465]LogUObjectGlobals: Created PersistentFrame Addr=0x00000279a3a76840, Size=72, Default__ThirdPerson_AnimBP_C Function /Game/Mannequin/Animations/ThirdPerson_AnimBP.ThirdPerson_AnimBP_C:ExecuteUbergraph_ThirdPerson_AnimBP
[2018.10.25-11.47.24:282][465]LogUObjectGlobals: Created PersistentFrame Addr=0x00000279c26ae600, Size=232, Default__ThirdPersonCharacter_C Function /Game/ThirdPersonBP/Blueprints/ThirdPersonCharacter.ThirdPersonCharacter_C:ExecuteUbergraph_ThirdPersonCharacter
[2018.10.25-11.47.24:296][465]LogUObjectGlobals: Destroyed PersistentFrame Addr=0x00000279c26ae600, Size=232
[2018.10.25-11.47.24:296][465]LogUObjectGlobals: Created PersistentFrame Addr=0x00000279c26ae600, Size=232, Default__ThirdPersonCharacter_C Function /Engine/Transient.REINST_ThirdPersonCharacter_C_4:ExecuteUbergraph_ThirdPersonCharacter
[2018.10.25-11.47.24:311][465]LogUObjectGlobals: Created PersistentFrame Addr=0x00000279c1f58400, Size=232, Default__ThirdPersonCharacter_C Function /Game/ThirdPersonBP/Blueprints/ThirdPersonCharacter.ThirdPersonCharacter_C:ExecuteUbergraph_ThirdPersonCharacter
[2018.10.25-11.47.24:332][465]LogUObjectGlobals: Created PersistentFrame Addr=0x00000279c1f52250, Size=16, Default__GameOver_C Function /Game/UI/GameOver.GameOver_C:ExecuteUbergraph_GameOver
[2018.10.25-11.47.24:350][465]LogUObjectGlobals: Destroyed PersistentFrame Addr=0x00000279c1f52250, Size=16
[2018.10.25-11.47.24:350][465]LogUObjectGlobals: Created PersistentFrame Addr=0x00000279c1f52250, Size=16, Default__GameOver_C Function /Engine/Transient.REINST_GameOver_C_0:ExecuteUbergraph_GameOver
[2018.10.25-11.47.24:356][465]LogUObjectGlobals: Created PersistentFrame Addr=0x00000279c1f52270, Size=16, Default__GameOver_C Function /Game/UI/GameOver.GameOver_C:ExecuteUbergraph_GameOver
[2018.10.25-11.47.24:362][465]LogUObjectGlobals: Created PersistentFrame Addr=0x00000279c1ecfac0, Size=448, Default__BodyGuard_C Function /Game/AI/BodyGuard.BodyGuard_C:ExecuteUbergraph_BodyGuard
[2018.10.25-11.47.24:378][465]LogUObjectGlobals: Destroyed PersistentFrame Addr=0x00000279c1ecfac0, Size=448
[2018.10.25-11.47.24:378][465]LogUObjectGlobals: Created PersistentFrame Addr=0x00000279c1ecfac0, Size=448, Default__BodyGuard_C Function /Engine/Transient.REINST_BodyGuard_C_7:ExecuteUbergraph_BodyGuard
[2018.10.25-11.47.24:400][465]LogUObjectGlobals: Created PersistentFrame Addr=0x00000279c1eccf00, Size=448, Default__BodyGuard_C Function /Game/AI/BodyGuard.BodyGuard_C:ExecuteUbergraph_BodyGuard
[2018.10.25-11.47.24:637][465]LogUObjectGlobals: Created PersistentFrame Addr=0x00000279a3e9b200, Size=216, Default__BP_Camera_C Function /Game/ThirdPersonBP/Blueprints/BP_Camera.BP_Camera_C:ExecuteUbergraph_BP_Camera
[2018.10.25-11.47.24:642][465]LogUObjectGlobals: Destroyed PersistentFrame Addr=0x00000279a3e9b200, Size=216
[2018.10.25-11.47.24:642][465]LogUObjectGlobals: Created PersistentFrame Addr=0x00000279a3e9b200, Size=216, Default__BP_Camera_C Function /Engine/Transient.REINST_BP_Camera_C_11:ExecuteUbergraph_BP_Camera
[2018.10.25-11.47.24:646][465]LogUObjectGlobals: Created PersistentFrame Addr=0x00000279a3e99d00, Size=216, Default__BP_Camera_C Function /Game/ThirdPersonBP/Blueprints/BP_Camera.BP_Camera_C:ExecuteUbergraph_BP_Camera
[2018.10.25-11.47.25:212][465]LogUObjectGlobals: Created PersistentFrame Addr=0x00000279aff82800, Size=944, Default__Level_C Function /Game/ThirdPersonBP/Maps/Level_2.Level_C:ExecuteUbergraph_Level_2
[2018.10.25-11.47.25:242][465]LogUObjectGlobals: Destroyed PersistentFrame Addr=0x00000279aff82800, Size=944
[2018.10.25-11.47.25:243][465]LogUObjectGlobals: Created PersistentFrame Addr=0x00000279bf436000, Size=944, Default__Level_C Function /Engine/Transient.REINST_Level_C_18:ExecuteUbergraph_Level_2
[2018.10.25-11.47.25:279][465]LogUObjectGlobals: Created PersistentFrame Addr=0x00000279bf435400, Size=944, Default__Level_C Function /Game/ThirdPersonBP/Maps/Level_2.Level_C:ExecuteUbergraph_Level_2
[2018.10.25-11.47.26:284][465]LogSkeletalMesh: Skeletal Mesh found in DDC [34.549400ms] /Game/Mannequin/Character/Mesh/SK_Mannequin.SK_Mannequin
[2018.10.25-11.47.26:394][465]LogAIModule: Creating AISystem for world Level_2
[2018.10.25-11.47.26:511][465]LogEditorServer: Finished looking for orphan Actors (0.000 secs)
[2018.10.25-11.47.26:551][465]LogUObjectGlobals: Destroyed PersistentFrame Addr=0x00000279bfb80bc0, Size=64
[2018.10.25-11.47.26:551][465]LogUObjectGlobals: Destroyed PersistentFrame Addr=0x00000279c26ae600, Size=232
[2018.10.25-11.47.26:552][465]LogUObjectGlobals: Destroyed PersistentFrame Addr=0x00000279c1f52250, Size=16
[2018.10.25-11.47.26:552][465]LogUObjectGlobals: Destroyed PersistentFrame Addr=0x00000279c1ecfac0, Size=448
[2018.10.25-11.47.26:552][465]LogUObjectGlobals: Destroyed PersistentFrame Addr=0x00000279a3e9b200, Size=216
[2018.10.25-11.47.26:552][465]LogUObjectGlobals: Destroyed PersistentFrame Addr=0x00000279bf436000, Size=944
[2018.10.25-11.47.26:637][465]Cmd: MAP CHECKDEP NOCLEARLOG
[2018.10.25-11.47.26:797][465]MapCheck: Map check complete: 0 Error(s), 0 Warning(s), took 159.186ms to complete.
[2018.10.25-11.47.26:797][465]LogFileHelpers: Loading map 'Level_2' took 3.327
[2018.10.25-11.47.26:804][465]LogSlate: Window 'Open Level' being destroyed
[2018.10.25-11.56.10:459][211]LogWindowsTextInputMethodSystem: Display: IME system now deactivated.
[2018.10.25-11.56.10:462][211]LogWindowsTextInputMethodSystem: Display: IME system now activated using TSF (Microsoft Pinyin).
[2018.10.25-11.56.22:133][529]LogEditorViewport: Clicking on Actor (LMB): BP_Sky_Sphere_C (Sky Sphere2)
[2018.10.25-11.56.26:005][701]LogEditorViewport: Clicking on Actor (LMB): TriggerBox (TriggerBox_BossDoorFront)
[2018.10.25-11.56.26:316][702]Cmd: CAMERA ALIGN ACTIVEVIEWPORTONLY
[2018.10.25-11.56.36:387][246]LogEditorViewport: Clicking on Actor (LMB): StaticMeshActor (SM_Door5)
[2018.10.25-11.56.36:693][249]Cmd: CAMERA ALIGN ACTIVEVIEWPORTONLY
[2018.10.25-11.56.40:818][468]LogEditorViewport: Clicking on Actor (LMB): StaticMeshActor (SM_Door3)
[2018.10.25-11.56.40:982][469]Cmd: CAMERA ALIGN ACTIVEVIEWPORTONLY
[2018.10.25-11.56.47:155][789]LogEditorViewport: Clicking on Actor (LMB): StaticMeshActor (SM_DoorFrame4)
[2018.10.25-11.56.47:310][790]Cmd: CAMERA ALIGN ACTIVEVIEWPORTONLY
[2018.10.25-11.56.51:123][988]LogEditorViewport: Clicking on Actor (LMB): StaticMeshActor (SM_Door2)
[2018.10.25-11.56.51:278][989]Cmd: CAMERA ALIGN ACTIVEVIEWPORTONLY
[2018.10.25-11.56.56:076][249]LogEditorViewport: Clicking on Actor (LMB): NavMeshBoundsVolume (NavMeshBoundsVolume)
[2018.10.25-11.56.56:267][250]Cmd: CAMERA ALIGN ACTIVEVIEWPORTONLY
[2018.10.25-11.56.57:859][327]LogEditorViewport: Clicking on Actor (LMB): NavMeshBoundsVolume (NavMeshBoundsVolume)
[2018.10.25-11.56.58:508][361]LogEditorViewport: Clicking on Actor (LMB): StaticMeshActor (SM_Door5)
[2018.10.25-11.56.59:207][389]Cmd: CAMERA ALIGN ACTIVEVIEWPORTONLY
[2018.10.25-11.57.00:624][465]LogEditorViewport: Clicking on Actor (LMB): StaticMeshActor (SM_Door5)
[2018.10.25-11.57.00:961][480]Cmd: CAMERA ALIGN ACTIVEVIEWPORTONLY
[2018.10.25-11.57.07:062][797]LogSlate: FSceneViewport::OnFocusLost() reason 0
[2018.10.25-11.57.08:583][874]Cmd: CAMERA ALIGN ACTIVEVIEWPORTONLY
[2018.10.25-11.57.09:426][918]Cmd: CAMERA ALIGN ACTIVEVIEWPORTONLY
[2018.10.25-11.57.10:309][964]Cmd: CAMERA ALIGN ACTIVEVIEWPORTONLY
[2018.10.25-11.57.14:725][197]LogEditorActor: Deleted Actor: BP_Sky_Sphere_C
[2018.10.25-11.57.14:756][197]LogEditorActor: Deleted 1 Actors (0.081 secs)
[2018.10.25-11.57.22:253][602]Cmd: CAMERA ALIGN ACTIVEVIEWPORTONLY
[2018.10.25-11.57.23:104][628]Cmd: CAMERA ALIGN ACTIVEVIEWPORTONLY
[2018.10.25-11.57.24:120][663]Cmd: CAMERA ALIGN ACTIVEVIEWPORTONLY
[2018.10.25-11.57.24:620][674]Cmd: CAMERA ALIGN ACTIVEVIEWPORTONLY
[2018.10.25-11.57.26:561][753]Cmd: CAMERA ALIGN ACTIVEVIEWPORTONLY
[2018.10.25-11.57.27:761][797]Cmd: CAMERA ALIGN ACTIVEVIEWPORTONLY
[2018.10.25-11.57.28:523][817]Cmd: CAMERA ALIGN ACTIVEVIEWPORTONLY
[2018.10.25-11.57.28:972][826]Cmd: CAMERA ALIGN ACTIVEVIEWPORTONLY
[2018.10.25-11.57.29:425][833]Cmd: CAMERA ALIGN ACTIVEVIEWPORTONLY
[2018.10.25-11.57.29:837][837]Cmd: CAMERA ALIGN ACTIVEVIEWPORTONLY
[2018.10.25-11.57.30:201][841]Cmd: CAMERA ALIGN ACTIVEVIEWPORTONLY
[2018.10.25-11.57.30:728][855]Cmd: CAMERA ALIGN ACTIVEVIEWPORTONLY
[2018.10.25-11.57.31:159][871]Cmd: CAMERA ALIGN ACTIVEVIEWPORTONLY
[2018.10.25-11.57.31:677][890]Cmd: CAMERA ALIGN ACTIVEVIEWPORTONLY
[2018.10.25-11.57.32:445][911]Cmd: CAMERA ALIGN ACTIVEVIEWPORTONLY
[2018.10.25-11.57.33:590][951]Cmd: CAMERA ALIGN ACTIVEVIEWPORTONLY
[2018.10.25-11.57.34:230][987]Cmd: CAMERA ALIGN ACTIVEVIEWPORTONLY
[2018.10.25-11.57.34:230][987]Can't find target actor or component.
[2018.10.25-11.57.35:401][ 40]Cmd: CAMERA ALIGN ACTIVEVIEWPORTONLY
[2018.10.25-11.57.38:589][192]Cmd: CAMERA ALIGN ACTIVEVIEWPORTONLY
[2018.10.25-11.57.43:325][440]LogEditorViewport: Clicking on Actor (LMB): StaticMeshActor (Walls)
[2018.10.25-11.57.43:931][465]Cmd: CAMERA ALIGN ACTIVEVIEWPORTONLY
[2018.10.25-11.57.58:014][232]LogEditorViewport: Clicking on Actor (LMB): StaticMeshActor (SM_Stairs2)
[2018.10.25-11.57.58:370][236]Cmd: CAMERA ALIGN ACTIVEVIEWPORTONLY
[2018.10.25-11.57.59:114][271]LogEditorViewport: Clicking on Actor (LMB): StaticMeshActor (SM_Stairs)
[2018.10.25-11.57.59:263][272]Cmd: CAMERA ALIGN ACTIVEVIEWPORTONLY
[2018.10.25-11.58.09:779][839]LogEditorViewport: Clicking on Actor (LMB): StaticMeshActor (SM_Door3)
[2018.10.25-11.58.10:282][858]Cmd: CAMERA ALIGN ACTIVEVIEWPORTONLY
[2018.10.25-11.58.13:032][999]LogEditorViewport: Clicking on Actor (LMB): StaticMeshActor (SM_DoorFrame4)
[2018.10.25-11.58.13:596][ 23]Cmd: CAMERA ALIGN ACTIVEVIEWPORTONLY
[2018.10.25-11.58.19:759][335]LogSlate: FSceneViewport::OnFocusLost() reason 0
[2018.10.25-11.58.19:894][339]Cmd: OBJ SAVEPACKAGE PACKAGE="/Game/ThirdPersonBP/Maps/Level_2" FILE="../../../../../../Desktop/GitHub/FIT3039/Content/ThirdPersonBP/Maps/Level_2.umap" SILENT=true AUTOSAVING=false KEEPDIRTY=false
[2018.10.25-11.58.20:068][339]LogUObjectGlobals: Destroyed PersistentFrame Addr=0x00000279bf435400, Size=944
[2018.10.25-11.58.20:069][339]LogUObjectGlobals: Created PersistentFrame Addr=0x00000279b0182800, Size=944, Default__Level_C Function /Engine/Transient.REINST_Level_C_22:ExecuteUbergraph_Level_2
[2018.10.25-11.58.20:104][339]LogUObjectGlobals: Created PersistentFrame Addr=0x00000279b0180400, Size=944, Default__Level_C Function /Game/ThirdPersonBP/Maps/Level_2.Level_C:ExecuteUbergraph_Level_2
[2018.10.25-11.58.21:190][339]LogSavePackage: Save=1216.80ms
[2018.10.25-11.58.21:190][339]LogSavePackage: Moving '../../../../../../Desktop/GitHub/FIT3039/Saved/Level_2B987B2D746D6A28B3BF11986F05EE95A.tmp' to '../../../../../../Desktop/GitHub/FIT3039/Content/ThirdPersonBP/Maps/Level_2.umap'
[2018.10.25-11.58.21:217][339]LogSavePackage: Display: Finished SavePackage ../../../../../../Desktop/GitHub/FIT3039/Content/ThirdPersonBP/Maps/Level_2.umap
[2018.10.25-11.58.21:308][339]Cmd: OBJ SAVEPACKAGE PACKAGE="/Game/ThirdPersonBP/Maps/Level_2_BuiltData" FILE="../../../../../../Desktop/GitHub/FIT3039/Content/ThirdPersonBP/Maps/Level_2_BuiltData.uasset" SILENT=true
[2018.10.25-11.58.22:970][339]LogSavePackage: Save=1570.96ms
[2018.10.25-11.58.22:971][339]LogSavePackage: Moving '../../../../../../Desktop/GitHub/FIT3039/Saved/Level_2_BuiltData35EF379B4968A15FCE5ADE8DAD3C927A.tmp' to '../../../../../../Desktop/GitHub/FIT3039/Content/ThirdPersonBP/Maps/Level_2_BuiltData.uasset'
[2018.10.25-11.58.22:975][339]LogSavePackage: Display: Finished SavePackage ../../../../../../Desktop/GitHub/FIT3039/Content/ThirdPersonBP/Maps/Level_2_BuiltData.uasset
[2018.10.25-11.58.26:931][535]LogEditorViewport: Clicking on Actor (LMB): StaticMeshActor (SM_Door2)
[2018.10.25-11.58.27:338][549]Cmd: CAMERA ALIGN ACTIVEVIEWPORTONLY
[2018.10.25-11.58.36:151][ 16]LogEditorViewport: Clicking on Actor (LMB): StaticMeshActor (Floor_400x401)
[2018.10.25-11.58.40:222][227]LogSlate: FSceneViewport::OnFocusLost() reason 2
[2018.10.25-11.58.40:773][255]LogSlate: FSceneViewport::OnFocusLost() reason 2
[2018.10.25-11.58.41:404][286]LogSlate: FSceneViewport::OnFocusLost() reason 2
[2018.10.25-11.58.42:388][339]Cmd: CAMERA ALIGN ACTIVEVIEWPORTONLY
[2018.10.25-11.59.04:042][542]LogSlate: FSceneViewport::OnFocusLost() reason 0
[2018.10.25-11.59.12:698][ 24]LogEditorViewport: Clicking on Actor (LMB): StaticMeshActor (Wall_400x400)
[2018.10.25-11.59.13:698][ 68]LogSlate: FSceneViewport::OnFocusLost() reason 0
[2018.10.25-11.59.16:540][224]Cmd: OBJ SAVEPACKAGE PACKAGE="/Game/ThirdPersonBP/Maps/Level_2" FILE="../../../../../../Desktop/GitHub/FIT3039/Content/ThirdPersonBP/Maps/Level_2.umap" SILENT=true AUTOSAVING=false KEEPDIRTY=false
[2018.10.25-11.59.16:571][224]LogUObjectGlobals: Destroyed PersistentFrame Addr=0x00000279b0182800, Size=944
[2018.10.25-11.59.16:680][224]LogUObjectGlobals: Destroyed PersistentFrame Addr=0x00000279b0180400, Size=944
[2018.10.25-11.59.16:680][224]LogUObjectGlobals: Created PersistentFrame Addr=0x00000279f170f000, Size=944, Default__Level_C Function /Engine/Transient.REINST_Level_C_26:ExecuteUbergraph_Level_2
[2018.10.25-11.59.16:716][224]LogUObjectGlobals: Created PersistentFrame Addr=0x00000279bf435400, Size=944, Default__Level_C Function /Game/ThirdPersonBP/Maps/Level_2.Level_C:ExecuteUbergraph_Level_2
[2018.10.25-11.59.17:752][224]LogSavePackage: Save=1167.25ms
[2018.10.25-11.59.17:752][224]LogSavePackage: Moving '../../../../../../Desktop/GitHub/FIT3039/Saved/Level_224BE10874CDB24787E1BB09D34AAB8EE.tmp' to '../../../../../../Desktop/GitHub/FIT3039/Content/ThirdPersonBP/Maps/Level_2.umap'
[2018.10.25-11.59.17:759][224]LogSavePackage: Display: Finished SavePackage ../../../../../../Desktop/GitHub/FIT3039/Content/ThirdPersonBP/Maps/Level_2.umap
[2018.10.25-11.59.17:933][224]Cmd: OBJ SAVEPACKAGE PACKAGE="/Game/ThirdPersonBP/Maps/Level_2_BuiltData" FILE="../../../../../../Desktop/GitHub/FIT3039/Content/ThirdPersonBP/Maps/Level_2_BuiltData.uasset" SILENT=true
[2018.10.25-11.59.19:156][224]LogSavePackage: Save=1205.86ms
[2018.10.25-11.59.19:156][224]LogSavePackage: Moving '../../../../../../Desktop/GitHub/FIT3039/Saved/Level_2_BuiltData81A2E89446CA2C80EFCB248A90F9D6F8.tmp' to '../../../../../../Desktop/GitHub/FIT3039/Content/ThirdPersonBP/Maps/Level_2_BuiltData.uasset'
[2018.10.25-11.59.19:162][224]LogSavePackage: Display: Finished SavePackage ../../../../../../Desktop/GitHub/FIT3039/Content/ThirdPersonBP/Maps/Level_2_BuiltData.uasset
[2018.10.25-11.59.25:039][532]LogEditorViewport: Clicking on Actor (LMB): StaticMeshActor (Floor_400x401)
[2018.10.25-11.59.27:772][675]LogSlate: FSceneViewport::OnFocusLost() reason 2
[2018.10.25-11.59.29:090][748]Cmd: CAMERA ALIGN ACTIVEVIEWPORTONLY
[2018.10.25-11.59.32:661][941]LogSlate: FSceneViewport::OnFocusLost() reason 2
[2018.10.25-11.59.42:979][507]Cmd: CAMERA ALIGN ACTIVEVIEWPORTONLY
[2018.10.25-11.59.46:622][702]LogSlate: FSceneViewport::OnFocusLost() reason 2
[2018.10.25-11.59.47:958][775]Cmd: CAMERA ALIGN ACTIVEVIEWPORTONLY
[2018.10.25-11.59.55:858][207]LogSlate: FSceneViewport::OnFocusLost() reason 0
[2018.10.25-12.00.03:651][653]LogSlate: FSceneViewport::OnFocusLost() reason 2
[2018.10.25-12.00.05:152][734]Cmd: CAMERA ALIGN ACTIVEVIEWPORTONLY
[2018.10.25-12.00.12:867][142]Cmd: CAMERA ALIGN ACTIVEVIEWPORTONLY
[2018.10.25-12.00.17:413][375]LogSlate: FSceneViewport::OnFocusLost() reason 2
[2018.10.25-12.00.18:249][420]Cmd: CAMERA ALIGN ACTIVEVIEWPORTONLY
[2018.10.25-12.00.31:519][126]LogSlate: FSceneViewport::OnFocusLost() reason 0
[2018.10.25-12.00.36:413][401]LogSlate: FSceneViewport::OnFocusLost() reason 2
[2018.10.25-12.00.40:360][627]Cmd: CAMERA ALIGN ACTIVEVIEWPORTONLY
[2018.10.25-12.00.43:337][790]LogSlate: FSceneViewport::OnFocusLost() reason 2
[2018.10.25-12.00.55:046][463]LogSlate: FSceneViewport::OnFocusLost() reason 0
[2018.10.25-12.01.07:149][172]LogSlate: FSceneViewport::OnFocusLost() reason 0
[2018.10.25-12.01.16:723][735]Cmd: MODE SCALEGRID=0
[2018.10.25-12.01.24:272][174]LogSlate: FSceneViewport::OnFocusLost() reason 2
[2018.10.25-12.01.37:880][950]LogWindowsTextInputMethodSystem: Display: IME system now deactivated.
[2018.10.25-12.01.37:880][950]LogWindowsTextInputMethodSystem: Display: IME system now deactivated.
[2018.10.25-12.52.29:755][ 39]LogUObjectGlobals: Destroyed PersistentFrame Addr=0x00000279f170f000, Size=944
[2018.10.25-12.52.29:922][ 39]LogUObjectGlobals: Destroyed PersistentFrame Addr=0x00000279bf435400, Size=944
[2018.10.25-12.52.29:922][ 39]LogUObjectGlobals: Created PersistentFrame Addr=0x00000279b0180800, Size=944, Default__Level_C Function /Engine/Transient.REINST_Level_C_30:ExecuteUbergraph_Level_2
[2018.10.25-12.52.29:960][ 39]LogUObjectGlobals: Created PersistentFrame Addr=0x00000279bf436000, Size=944, Default__Level_C Function /Game/ThirdPersonBP/Maps/Level_2.Level_C:ExecuteUbergraph_Level_2
[2018.10.25-12.52.31:006][ 39]LogSavePackage: Save=1199.95ms
[2018.10.25-12.52.31:006][ 39]LogSavePackage: Moving '../../../../../../Desktop/GitHub/FIT3039/Saved/Level_2_Auto1A862607644CB2C9DD2CE2E809026EC99.tmp' to '../../../../../../Desktop/GitHub/FIT3039/Saved/Autosaves/Game/ThirdPersonBP/Maps/Level_2_Auto1.umap'
[2018.10.25-12.52.31:010][ 39]LogSavePackage: Display: Finished SavePackage ../../../../../../Desktop/GitHub/FIT3039/Saved/Autosaves/Game/ThirdPersonBP/Maps/Level_2_Auto1.umap
[2018.10.25-12.52.31:014][ 39]LogFileHelpers: Editor autosave (incl. sublevels) for '/Game/ThirdPersonBP/Maps/Level_2' took 1.287
[2018.10.25-12.52.31:014][ 39]LogFileHelpers: Editor autosave (incl. sublevels) for all levels took 1.287
[2018.10.25-12.52.57:395][119]LogAudio: Warning: Current Audio Device with ID {0.0.0.00000000}.{3239baca-d092-4c04-a756-ec0f4805e7b6} was removed. Shutting down audio device.
[2018.10.25-12.52.57:395][119]LogInit: XAudio2 using 'Speakers (Realtek High Definition Audio(SST))' : 2 channels at 48 kHz using 32 bits per sample (channel mask 0x3)
[2018.10.25-12.52.58:428][122]LogInit: XAudio2 using 'Speakers (Realtek High Definition Audio(SST))' : 2 channels at 48 kHz using 32 bits per sample (channel mask 0x3)
[2018.10.25-12.58.34:100][129]LogSlate: FSceneViewport::OnFocusLost() reason 0
[2018.10.25-12.58.34:130][129]LogUObjectGlobals: Destroyed PersistentFrame Addr=0x00000279b0180800, Size=944
[2018.10.25-12.58.35:646][129]LogSlate: Window 'Save Content' being destroyed
[2018.10.25-12.58.35:831][129]Cmd: OBJ SAVEPACKAGE PACKAGE="/Game/ThirdPersonBP/Maps/Level_2" FILE="../../../../../../Desktop/GitHub/FIT3039/Content/ThirdPersonBP/Maps/Level_2.umap" SILENT=true AUTOSAVING=false KEEPDIRTY=false
[2018.10.25-12.58.35:983][129]LogUObjectGlobals: Destroyed PersistentFrame Addr=0x00000279bf436000, Size=944
[2018.10.25-12.58.35:984][129]LogUObjectGlobals: Created PersistentFrame Addr=0x00000279de883000, Size=944, Default__Level_C Function /Engine/Transient.REINST_Level_C_34:ExecuteUbergraph_Level_2
[2018.10.25-12.58.36:019][129]LogUObjectGlobals: Created PersistentFrame Addr=0x00000279bf435000, Size=944, Default__Level_C Function /Game/ThirdPersonBP/Maps/Level_2.Level_C:ExecuteUbergraph_Level_2
[2018.10.25-12.58.37:031][129]LogSavePackage: Save=1142.15ms
[2018.10.25-12.58.37:032][129]LogSavePackage: Moving '../../../../../../Desktop/GitHub/FIT3039/Saved/Level_225C77960431FFECC6C65309F2A2ABAC4.tmp' to '../../../../../../Desktop/GitHub/FIT3039/Content/ThirdPersonBP/Maps/Level_2.umap'
[2018.10.25-12.58.37:039][129]LogSavePackage: Display: Finished SavePackage ../../../../../../Desktop/GitHub/FIT3039/Content/ThirdPersonBP/Maps/Level_2.umap
[2018.10.25-12.58.37:119][129]LogFileHelpers: Saving map 'Level_2' took 1.427
[2018.10.25-12.58.37:337][129]LogSlate: Window 'FIT3039_Project - Unreal Editor' being destroyed
[2018.10.25-12.58.37:768][130]Cmd: QUIT_EDITOR
[2018.10.25-12.58.37:838][130]LogWindowsTextInputMethodSystem: Display: IME system now deactivated.
[2018.10.25-12.58.37:838][130]LogWindowsTextInputMethodSystem: Display: IME system now deactivated.
[2018.10.25-12.58.37:864][130]LogSlate: Slate User Destroyed.  User Index 0, Is Virtual User: 0
[2018.10.25-12.58.37:864][130]LogExit: Preparing to exit.
[2018.10.25-12.58.38:904][130]LogDirectoryWatcher: A directory notification for 'C:/Users/Vincent/Desktop/GitHub/FIT3039/Content/' was aborted.
[2018.10.25-12.58.38:947][130]LogExit: Editor shut down
[2018.10.25-12.58.38:964][130]LogExit: Transaction tracking system shut down
[2018.10.25-12.58.38:964][130]LogUObjectGlobals: Destroyed PersistentFrame Addr=0x00000279a3a76840, Size=72
[2018.10.25-12.58.38:965][130]LogUObjectGlobals: Destroyed PersistentFrame Addr=0x00000279c1f58400, Size=232
[2018.10.25-12.58.38:965][130]LogUObjectGlobals: Destroyed PersistentFrame Addr=0x00000279c1f52270, Size=16
[2018.10.25-12.58.38:965][130]LogUObjectGlobals: Destroyed PersistentFrame Addr=0x00000279c1eccf00, Size=448
[2018.10.25-12.58.38:965][130]LogUObjectGlobals: Destroyed PersistentFrame Addr=0x00000279de883000, Size=944
[2018.10.25-12.58.38:965][130]LogUObjectGlobals: Destroyed PersistentFrame Addr=0x00000279a3e99d00, Size=216
[2018.10.25-12.58.38:967][130]LogUObjectGlobals: Destroyed PersistentFrame Addr=0x00000279bf435000, Size=944
[2018.10.25-12.58.39:209][130]LogDirectoryWatcher: A directory notification for '../../../Engine/Content/' was aborted.
[2018.10.25-12.58.39:209][130]LogDirectoryWatcher: A directory notification for '../../../../../../Desktop/GitHub/FIT3039/Content/' was aborted.
[2018.10.25-12.58.39:209][130]LogDirectoryWatcher: A directory notification for '../../Plugins/2D/Paper2D/Content/' was aborted.
[2018.10.25-12.58.39:209][130]LogDirectoryWatcher: A directory notification for '../../Plugins/Enterprise/DatasmithContent/Content/' was aborted.
[2018.10.25-12.58.39:210][130]LogDirectoryWatcher: A directory notification for '../../Plugins/Media/MediaCompositing/Content/' was aborted.
[2018.10.25-12.58.39:210][130]LogDirectoryWatcher: A directory notification for '../../Plugins/Runtime/AppleARKit/Content/' was aborted.
[2018.10.25-12.58.39:210][130]LogDirectoryWatcher: A directory notification for '../../Plugins/Runtime/Oculus/OculusVR/Content/' was aborted.
[2018.10.25-12.58.39:210][130]LogDirectoryWatcher: A directory notification for '../../Plugins/Runtime/Steam/SteamVR/Content/' was aborted.
[2018.10.25-12.58.39:332][130]LogExit: Object subsystem successfully closed.
[2018.10.25-12.58.39:361][130]LogShaderCompilers: Display: Shaders left to compile 0
[2018.10.25-12.58.39:367][130]LogD3D11RHI: Shutdown
[2018.10.25-12.58.39:367][130]LogD3D11RHI: CleanupD3DDevice
[2018.10.25-12.58.39:372][130]LogD3D11RHI: ~FD3D11DynamicRHI
[2018.10.25-12.58.39:408][130]LogModuleManager: Shutting down and abandoning module StatsViewer (574)
[2018.10.25-12.58.39:408][130]LogModuleManager: Shutting down and abandoning module HierarchicalLODOutliner (572)
[2018.10.25-12.58.39:409][130]LogModuleManager: Shutting down and abandoning module SceneOutliner (570)
[2018.10.25-12.58.39:409][130]LogModuleManager: Shutting down and abandoning module AddContentDialog (568)
[2018.10.25-12.58.39:409][130]LogDirectoryWatcher: A directory notification for 'C:/Users/Vincent/Downloads/Epic Games/UE_4.19/FeaturePacks/' was aborted.
[2018.10.25-12.58.39:412][130]LogModuleManager: Shutting down and abandoning module WidgetCarousel (567)
[2018.10.25-12.58.39:412][130]LogModuleManager: Shutting down and abandoning module EditorWidgets (564)
[2018.10.25-12.58.39:412][130]LogModuleManager: Shutting down and abandoning module CollectionManager (562)
[2018.10.25-12.58.39:412][130]LogDirectoryWatcher: A directory notification for 'C:/Users/Vincent/Desktop/GitHub/FIT3039/Content/Collections/' was aborted.
[2018.10.25-12.58.39:412][130]LogDirectoryWatcher: A directory notification for 'C:/Users/Vincent/Desktop/GitHub/FIT3039/Content/Developers/Vincent/Collections/' was aborted.
[2018.10.25-12.58.39:412][130]LogDirectoryWatcher: A directory notification for 'C:/Users/Vincent/Desktop/GitHub/FIT3039/Saved/Collections/' was aborted.
[2018.10.25-12.58.39:412][130]LogModuleManager: Shutting down and abandoning module FoliageEdit (560)
[2018.10.25-12.58.39:412][130]LogModuleManager: Shutting down and abandoning module LandscapeEditor (558)
[2018.10.25-12.58.39:413][130]LogModuleManager: Shutting down and abandoning module MeshPaintMode (556)
[2018.10.25-12.58.39:413][130]LogModuleManager: Shutting down and abandoning module SceneDepthPickerMode (554)
[2018.10.25-12.58.39:413][130]LogModuleManager: Shutting down and abandoning module ActorPickerMode (552)
[2018.10.25-12.58.39:413][130]LogModuleManager: Shutting down and abandoning module GeometryMode (550)
[2018.10.25-12.58.39:413][130]LogModuleManager: Shutting down and abandoning module TextureAlignMode (548)
[2018.10.25-12.58.39:413][130]LogModuleManager: Shutting down and abandoning module BspMode (546)
[2018.10.25-12.58.39:413][130]LogModuleManager: Shutting down and abandoning module PIEPreviewDeviceProfileSelector (544)
[2018.10.25-12.58.39:413][130]LogModuleManager: Shutting down and abandoning module HardwareSurvey (542)
[2018.10.25-12.58.39:413][130]LogModuleManager: Shutting down and abandoning module SequenceRecorderSections (540)
[2018.10.25-12.58.39:413][130]LogModuleManager: Shutting down and abandoning module AutomationWorker (538)
[2018.10.25-12.58.39:413][130]LogModuleManager: Shutting down and abandoning module AudioCaptureEditor (536)
[2018.10.25-12.58.39:413][130]LogModuleManager: Shutting down and abandoning module SequenceRecorder (535)
[2018.10.25-12.58.39:413][130]LogModuleManager: Shutting down and abandoning module MatineeToLevelSequence (532)
[2018.10.25-12.58.39:413][130]LogModuleManager: Shutting down and abandoning module LevelSequenceEditor (530)
[2018.10.25-12.58.39:413][130]LogModuleManager: Shutting down and abandoning module PlacementMode (529)
[2018.10.25-12.58.39:413][130]LogModuleManager: Shutting down and abandoning module MaterialEditor (528)
[2018.10.25-12.58.39:414][130]LogModuleManager: Shutting down and abandoning module WmfMediaFactory (524)
[2018.10.25-12.58.39:414][130]LogModuleManager: Shutting down and abandoning module WmfMediaEditor (522)
[2018.10.25-12.58.39:414][130]LogModuleManager: Shutting down and abandoning module MediaPlayerEditor (520)
[2018.10.25-12.58.39:414][130]LogModuleManager: Shutting down and abandoning module OpenExrWrapper (518)
[2018.10.25-12.58.39:414][130]LogModuleManager: Shutting down and abandoning module ImgMediaFactory (516)
[2018.10.25-12.58.39:414][130]LogModuleManager: Shutting down and abandoning module ImgMediaEditor (514)
[2018.10.25-12.58.39:414][130]LogModuleManager: Shutting down and abandoning module AvfMediaFactory (512)
[2018.10.25-12.58.39:414][130]LogModuleManager: Shutting down and abandoning module AvfMediaEditor (510)
[2018.10.25-12.58.39:414][130]LogModuleManager: Shutting down and abandoning module AndroidMediaFactory (508)
[2018.10.25-12.58.39:414][130]LogModuleManager: Shutting down and abandoning module AndroidMediaEditor (506)
[2018.10.25-12.58.39:414][130]LogModuleManager: Shutting down and abandoning module CharacterAI (504)
[2018.10.25-12.58.39:414][130]LogModuleManager: Shutting down and abandoning module SmartSnapping (502)
[2018.10.25-12.58.39:414][130]LogModuleManager: Shutting down and abandoning module SessionServices (500)
[2018.10.25-12.58.39:414][130]LogModuleManager: Shutting down and abandoning module ViewportSnapping (498)
[2018.10.25-12.58.39:414][130]LogModuleManager: Shutting down and abandoning module ViewportInteraction (496)
[2018.10.25-12.58.39:414][130]LogModuleManager: Shutting down and abandoning module ClothPainter (494)
[2018.10.25-12.58.39:414][130]LogModuleManager: Shutting down and abandoning module SkeletalMeshEditor (493)
[2018.10.25-12.58.39:414][130]LogModuleManager: Shutting down and abandoning module LogVisualizer (490)
[2018.10.25-12.58.39:415][130]LogModuleManager: Shutting down and abandoning module IntroTutorials (488)
[2018.10.25-12.58.39:415][130]LogModuleManager: Shutting down and abandoning module GameProjectGeneration (487)
[2018.10.25-12.58.39:415][130]LogModuleManager: Shutting down and abandoning module IOSPlatformEditor (484)
[2018.10.25-12.58.39:415][130]LogModuleManager: Shutting down and abandoning module HTML5PlatformEditor (482)
[2018.10.25-12.58.39:415][130]LogModuleManager: Shutting down and abandoning module AndroidPlatformEditor (480)
[2018.10.25-12.58.39:415][130]LogModuleManager: Shutting down and abandoning module AndroidDeviceDetection (479)
[2018.10.25-12.58.39:784][130]LogModuleManager: Shutting down and abandoning module WindowsPlatformEditor (476)
[2018.10.25-12.58.39:784][130]LogModuleManager: Shutting down and abandoning module IOSRuntimeSettings (474)
[2018.10.25-12.58.39:784][130]LogModuleManager: Shutting down and abandoning module AndroidRuntimeSettings (472)
[2018.10.25-12.58.39:784][130]LogModuleManager: Shutting down and abandoning module InputBindingEditor (470)
[2018.10.25-12.58.39:784][130]LogModuleManager: Shutting down and abandoning module MergeActors (468)
[2018.10.25-12.58.39:784][130]LogModuleManager: Shutting down and abandoning module LocalizationDashboard (466)
[2018.10.25-12.58.39:784][130]LogModuleManager: Shutting down and abandoning module LocalizationService (465)
[2018.10.25-12.58.39:784][130]LogModuleManager: Shutting down and abandoning module HardwareTargeting (462)
[2018.10.25-12.58.39:784][130]LogModuleManager: Shutting down and abandoning module DeviceProfileEditor (460)
[2018.10.25-12.58.39:784][130]LogModuleManager: Shutting down and abandoning module UndoHistory (458)
[2018.10.25-12.58.39:784][130]LogModuleManager: Shutting down and abandoning module XmlParser (456)
[2018.10.25-12.58.39:784][130]LogModuleManager: Shutting down and abandoning module Blutility (454)
[2018.10.25-12.58.39:784][130]LogModuleManager: Shutting down and abandoning module ProjectSettingsViewer (452)
[2018.10.25-12.58.39:784][130]LogModuleManager: Shutting down and abandoning module ProjectTargetPlatformEditor (451)
[2018.10.25-12.58.39:785][130]LogModuleManager: Shutting down and abandoning module EditorSettingsViewer (448)
[2018.10.25-12.58.39:785][130]LogModuleManager: Shutting down and abandoning module SettingsEditor (446)
[2018.10.25-12.58.39:785][130]LogModuleManager: Shutting down and abandoning module ProjectLauncher (444)
[2018.10.25-12.58.39:785][130]LogModuleManager: Shutting down and abandoning module SessionFrontend (442)
[2018.10.25-12.58.39:785][130]LogModuleManager: Shutting down and abandoning module ProfilerClient (440)
[2018.10.25-12.58.39:785][130]LogModuleManager: Shutting down and abandoning module DeviceManager (438)
[2018.10.25-12.58.39:785][130]LogModuleManager: Shutting down and abandoning module TargetDeviceServices (437)
[2018.10.25-12.58.39:840][130]LogModuleManager: Shutting down and abandoning module AutomationController (434)
[2018.10.25-12.58.39:840][130]LogModuleManager: Shutting down and abandoning module AutomationWindow (432)
[2018.10.25-12.58.39:840][130]LogModuleManager: Shutting down and abandoning module Layers (430)
[2018.10.25-12.58.39:840][130]LogModuleManager: Shutting down and abandoning module ComponentVisualizers (428)
[2018.10.25-12.58.39:840][130]LogModuleManager: Shutting down and abandoning module DetailCustomizations (426)
[2018.10.25-12.58.39:840][130]LogModuleManager: Shutting down and abandoning module PackagesDialog (424)
[2018.10.25-12.58.39:841][130]LogModuleManager: Shutting down and abandoning module Persona (422)
[2018.10.25-12.58.39:841][130]LogModuleManager: Shutting down and abandoning module AdvancedPreviewScene (421)
[2018.10.25-12.58.39:841][130]LogModuleManager: Shutting down and abandoning module AnimGraph (419)
[2018.10.25-12.58.39:841][130]LogModuleManager: Shutting down and abandoning module Kismet (416)
[2018.10.25-12.58.39:844][130]LogModuleManager: Shutting down and abandoning module GraphEditor (414)
[2018.10.25-12.58.39:844][130]LogModuleManager: Shutting down and abandoning module ClassViewer (412)
[2018.10.25-12.58.39:844][130]LogModuleManager: Shutting down and abandoning module Toolbox (410)
[2018.10.25-12.58.39:844][130]LogModuleManager: Shutting down and abandoning module ModuleUI (408)
[2018.10.25-12.58.39:844][130]LogModuleManager: Shutting down and abandoning module MovieSceneTools (406)
[2018.10.25-12.58.39:844][130]LogModuleManager: Shutting down and abandoning module OutputLog (404)
[2018.10.25-12.58.39:844][130]LogModuleManager: Shutting down and abandoning module GammaUI (402)
[2018.10.25-12.58.39:844][130]LogModuleManager: Shutting down and abandoning module Documentation (400)
[2018.10.25-12.58.39:845][130]LogModuleManager: Shutting down and abandoning module MovieSceneTracks (398)
[2018.10.25-12.58.39:845][130]LogModuleManager: Shutting down and abandoning module MovieScene (396)
[2018.10.25-12.58.39:845][130]LogModuleManager: Shutting down and abandoning module StreamingPauseRendering (394)
[2018.10.25-12.58.39:845][130]LogModuleManager: Shutting down and abandoning module LauncherPlatform (392)
[2018.10.25-12.58.39:845][130]LogModuleManager: Shutting down and abandoning module AnalyticsET (390)
[2018.10.25-12.58.39:845][130]LogModuleManager: Shutting down and abandoning module PortalServices (388)
[2018.10.25-12.58.39:845][130]LogModuleManager: Shutting down and abandoning module PortalRpc (386)
[2018.10.25-12.58.39:845][130]LogModuleManager: Shutting down and abandoning module MessagingRpc (384)
[2018.10.25-12.58.39:845][130]LogModuleManager: Shutting down and abandoning module AIModule (382)
[2018.10.25-12.58.39:845][130]LogModuleManager: Shutting down and abandoning module GameplayDebugger (381)
[2018.10.25-12.58.39:845][130]LogModuleManager: Shutting down and abandoning module AITestSuite (379)
[2018.10.25-12.58.39:845][130]LogModuleManager: Shutting down and abandoning module DesktopPlatform (376)
[2018.10.25-12.58.39:845][130]LogModuleManager: Shutting down and abandoning module ProfilerService (374)
[2018.10.25-12.58.40:029][130]LogModuleManager: Shutting down and abandoning module TaskGraph (372)
[2018.10.25-12.58.40:029][130]LogModuleManager: Shutting down and abandoning module SteamVRController (370)
[2018.10.25-12.58.40:030][130]LogModuleManager: Shutting down and abandoning module ProceduralMeshComponentEditor (368)
[2018.10.25-12.58.40:030][130]LogModuleManager: Shutting down and abandoning module ProceduralMeshComponent (366)
[2018.10.25-12.58.40:030][130]LogModuleManager: Shutting down and abandoning module OculusInput (364)
[2018.10.25-12.58.40:030][130]LogModuleManager: Shutting down and abandoning module MobilePatchingUtils (362)
[2018.10.25-12.58.40:030][130]LogModuleManager: Shutting down and abandoning module CustomMeshComponent (360)
[2018.10.25-12.58.40:030][130]LogModuleManager: Shutting down and abandoning module CableComponent (358)
[2018.10.25-12.58.40:030][130]LogModuleManager: Shutting down and abandoning module AudioCapture (356)
[2018.10.25-12.58.40:030][130]LogModuleManager: Shutting down and abandoning module ArchVisCharacter (354)
[2018.10.25-12.58.40:030][130]LogModuleManager: Shutting down and abandoning module AndroidPermission (352)
[2018.10.25-12.58.40:030][130]LogModuleManager: Shutting down and abandoning module NUTUnrealEngine4 (348)
[2018.10.25-12.58.40:030][130]LogModuleManager: Shutting down and abandoning module NetcodeUnitTest (346)
[2018.10.25-12.58.40:030][130]LogModuleManager: Shutting down and abandoning module MediaCompositingEditor (344)
[2018.10.25-12.58.40:031][130]LogModuleManager: Shutting down and abandoning module MediaCompositing (342)
[2018.10.25-12.58.40:031][130]LogModuleManager: Shutting down and abandoning module LinearTimecode (340)
[2018.10.25-12.58.40:031][130]LogModuleManager: Shutting down and abandoning module ImgMedia (338)
[2018.10.25-12.58.40:041][130]LogModuleManager: Shutting down and abandoning module HTML5Networking (336)
[2018.10.25-12.58.40:041][130]LogModuleManager: Shutting down and abandoning module AlembicImporter (334)
[2018.10.25-12.58.40:041][130]LogModuleManager: Shutting down and abandoning module AlembicLibrary (333)
[2018.10.25-12.58.40:041][130]LogModuleManager: Shutting down and abandoning module GeometryCache (332)
[2018.10.25-12.58.40:041][130]LogModuleManager: Shutting down and abandoning module GeometryCacheEd (331)
[2018.10.25-12.58.40:041][130]LogModuleManager: Shutting down and abandoning module DatasmithContent (326)
[2018.10.25-12.58.40:042][130]LogModuleManager: Shutting down and abandoning module SpeedTreeImporter (324)
[2018.10.25-12.58.40:042][130]LogModuleManager: Shutting down and abandoning module PluginBrowser (322)
[2018.10.25-12.58.40:042][130]LogModuleManager: Shutting down and abandoning module MobileLauncherProfileWizard (320)
[2018.10.25-12.58.40:042][130]LogModuleManager: Shutting down and abandoning module CryptoKeysOpenSSL (318)
[2018.10.25-12.58.40:042][130]LogModuleManager: Shutting down and abandoning module CryptoKeys (316)
[2018.10.25-12.58.40:042][130]LogModuleManager: Shutting down and abandoning module VisualStudioSourceCodeAccess (314)
[2018.10.25-12.58.40:042][130]LogModuleManager: Shutting down and abandoning module VisualStudioCodeSourceCodeAccess (312)
[2018.10.25-12.58.40:042][130]LogModuleManager: Shutting down and abandoning module UObjectPlugin (310)
[2018.10.25-12.58.40:042][130]LogModuleManager: Shutting down and abandoning module SubversionSourceControl (308)
[2018.10.25-12.58.40:042][130]LogModuleManager: Shutting down and abandoning module PerforceSourceControl (306)
[2018.10.25-12.58.40:042][130]LogModuleManager: Shutting down and abandoning module GitSourceControl (304)
[2018.10.25-12.58.40:042][130]LogModuleManager: Shutting down and abandoning module SourceControl (303)
[2018.10.25-12.58.40:044][130]LogModuleManager: Shutting down and abandoning module CLionSourceCodeAccess (300)
[2018.10.25-12.58.40:044][130]LogModuleManager: Shutting down and abandoning module LightPropagationVolumeEditor (298)
[2018.10.25-12.58.40:044][130]LogModuleManager: Shutting down and abandoning module PaperTiledImporter (296)
[2018.10.25-12.58.40:044][130]LogModuleManager: Shutting down and abandoning module PaperSpriteSheetImporter (294)
[2018.10.25-12.58.40:044][130]LogModuleManager: Shutting down and abandoning module Paper2DEditor (292)
[2018.10.25-12.58.40:044][130]LogModuleManager: Shutting down and abandoning module MeshPaint (291)
[2018.10.25-12.58.40:044][130]LogModuleManager: Shutting down and abandoning module RuntimePhysXCooking (288)
[2018.10.25-12.58.40:044][130]LogModuleManager: Shutting down and abandoning module PhysXVehiclesEditor (286)
[2018.10.25-12.58.40:044][130]LogModuleManager: Shutting down and abandoning module PhysXVehicles (284)
[2018.10.25-12.58.40:044][130]LogModuleManager: Shutting down and abandoning module OculusEditor (282)
[2018.10.25-12.58.40:044][130]LogModuleManager: Shutting down and abandoning module LocationServicesBPLibrary (280)
[2018.10.25-12.58.40:044][130]LogModuleManager: Shutting down and abandoning module ImmediatePhysicsEditor (278)
[2018.10.25-12.58.40:045][130]LogModuleManager: Shutting down and abandoning module ImmediatePhysics (276)
[2018.10.25-12.58.40:045][130]LogModuleManager: Shutting down and abandoning module ActorSequence (274)
[2018.10.25-12.58.40:045][130]LogModuleManager: Shutting down and abandoning module UdpMessaging (272)
[2018.10.25-12.58.40:145][130]LogModuleManager: Shutting down and abandoning module TcpMessaging (270)
[2018.10.25-12.58.40:246][130]LogModuleManager: Shutting down and abandoning module GameplayTagsEditor (268)
[2018.10.25-12.58.40:246][130]LogModuleManager: Shutting down and abandoning module FacialAnimationEditor (266)
[2018.10.25-12.58.40:246][130]LogModuleManager: Shutting down and abandoning module FacialAnimation (264)
[2018.10.25-12.58.40:246][130]LogModuleManager: Shutting down and abandoning module DataValidation (262)
[2018.10.25-12.58.40:246][130]LogModuleManager: Shutting down and abandoning module AssetManagerEditor (260)
[2018.10.25-12.58.40:247][130]LogModuleManager: Shutting down and abandoning module LevelEditor (259)
[2018.10.25-12.58.40:249][130]LogModuleManager: Shutting down and abandoning module PixelInspectorModule (258)
[2018.10.25-12.58.40:249][130]LogModuleManager: Shutting down and abandoning module CommonMenuExtensions (256)
[2018.10.25-12.58.40:250][130]LogModuleManager: Shutting down and abandoning module MainFrame (254)
[2018.10.25-12.58.40:250][130]LogModuleManager: Shutting down and abandoning module HotReload (253)
[2018.10.25-12.58.40:251][130]LogModuleManager: Shutting down and abandoning module ContentBrowser (249)
[2018.10.25-12.58.40:254][130]LogModuleManager: Shutting down and abandoning module TreeMap (247)
[2018.10.25-12.58.40:254][130]LogModuleManager: Shutting down and abandoning module LightPropagationVolumeRuntime (244)
[2018.10.25-12.58.40:254][130]LogModuleManager: Shutting down and abandoning module LiveLinkEditor (242)
[2018.10.25-12.58.40:254][130]LogModuleManager: Shutting down and abandoning module LiveLink (240)
[2018.10.25-12.58.40:717][130]LogModuleManager: Shutting down and abandoning module Paper2D (238)
[2018.10.25-12.58.40:717][130]LogModuleManager: Shutting down and abandoning module WindowsMoviePlayer (236)
[2018.10.25-12.58.40:717][130]LogModuleManager: Shutting down and abandoning module WmfMedia (234)
[2018.10.25-12.58.40:721][130]LogModuleManager: Shutting down and abandoning module Media (233)
[2018.10.25-12.58.40:728][130]LogModuleManager: Shutting down and abandoning module PacketHandler (230)
[2018.10.25-12.58.40:728][130]LogModuleManager: Shutting down and abandoning module ClothingSystemEditor (228)
[2018.10.25-12.58.40:728][130]LogModuleManager: Shutting down and abandoning module ClothingSystemRuntime (226)
[2018.10.25-12.58.40:728][130]LogModuleManager: Shutting down and abandoning module MediaAssets (224)
[2018.10.25-12.58.40:728][130]LogModuleManager: Shutting down and abandoning module Overlay (222)
[2018.10.25-12.58.40:728][130]LogModuleManager: Shutting down and abandoning module OverlayEditor (221)
[2018.10.25-12.58.40:728][130]LogModuleManager: Shutting down and abandoning module VREditor (218)
[2018.10.25-12.58.40:728][130]LogModuleManager: Shutting down and abandoning module StringTableEditor (216)
[2018.10.25-12.58.40:728][130]LogModuleManager: Shutting down and abandoning module GameplayTasksEditor (214)
[2018.10.25-12.58.40:728][130]LogModuleManager: Shutting down and abandoning module BehaviorTreeEditor (212)
[2018.10.25-12.58.40:728][130]LogModuleManager: Shutting down and abandoning module FunctionalTesting (210)
[2018.10.25-12.58.40:728][130]LogModuleManager: Shutting down and abandoning module CollisionAnalyzer (208)
[2018.10.25-12.58.40:728][130]LogModuleManager: Shutting down and abandoning module WorkspaceMenuStructure (207)
[2018.10.25-12.58.40:728][130]LogModuleManager: Shutting down and abandoning module UMG (204)
[2018.10.25-12.58.40:728][130]LogModuleManager: Shutting down and abandoning module UMGEditor (203)
[2018.10.25-12.58.40:729][130]LogModuleManager: Shutting down and abandoning module Sequencer (202)
[2018.10.25-12.58.40:729][130]LogModuleManager: Shutting down and abandoning module MessageLog (199)
[2018.10.25-12.58.40:729][130]LogModuleManager: Shutting down and abandoning module SlateReflector (194)
[2018.10.25-12.58.40:729][130]LogModuleManager: Shutting down and abandoning module Slate (192)
[2018.10.25-12.58.40:729][130]LogModuleManager: Shutting down and abandoning module EditorStyle (190)
[2018.10.25-12.58.40:733][130]LogModuleManager: Shutting down and abandoning module MRMesh (188)
[2018.10.25-12.58.40:733][130]LogModuleManager: Shutting down and abandoning module SourceCodeAccess (186)
[2018.10.25-12.58.40:733][130]LogModuleManager: Shutting down and abandoning module HeadMountedDisplay (184)
[2018.10.25-12.58.40:733][130]LogModuleManager: Shutting down and abandoning module XAudio2 (182)
[2018.10.25-12.58.40:733][130]LogModuleManager: Shutting down and abandoning module Networking (180)
[2018.10.25-12.58.40:733][130]LogModuleManager: Shutting down and abandoning module Core (178)
[2018.10.25-12.58.40:733][130]LogModuleManager: Shutting down and abandoning module LevelSequence (176)
[2018.10.25-12.58.40:733][130]LogModuleManager: Shutting down and abandoning module KismetCompiler (174)
[2018.10.25-12.58.40:733][130]LogModuleManager: Shutting down and abandoning module MeshUtilities (172)
[2018.10.25-12.58.40:733][130]LogModuleManager: Shutting down and abandoning module MeshMergeUtilities (171)
[2018.10.25-12.58.40:733][130]LogModuleManager: Shutting down and abandoning module MeshReductionInterface (170)
[2018.10.25-12.58.40:733][130]LogModuleManager: Shutting down and abandoning module SimplygonSwarm (169)
[2018.10.25-12.58.40:733][130]LogModuleManager: Shutting down and abandoning module SimplygonMeshReduction (167)
[2018.10.25-12.58.40:733][130]LogModuleManager: Shutting down and abandoning module QuadricMeshReduction (165)
[2018.10.25-12.58.40:733][130]LogModuleManager: Shutting down and abandoning module MaterialBaking (161)
[2018.10.25-12.58.40:733][130]LogModuleManager: Shutting down and abandoning module DirectoryWatcher (157)
[2018.10.25-12.58.40:736][130]LogModuleManager: Shutting down and abandoning module DerivedDataCache (154)
[2018.10.25-12.58.40:744][130]LogDerivedDataCache: Shutdown
[2018.10.25-12.58.40:744][130]LogModuleManager: Shutting down and abandoning module XGEController (152)
[2018.10.25-12.58.40:744][130]LogModuleManager: Shutting down and abandoning module TargetPlatform (150)
[2018.10.25-12.58.40:744][130]LogModuleManager: Shutting down and abandoning module VulkanShaderFormat (149)
[2018.10.25-12.58.40:744][130]LogModuleManager: Shutting down and abandoning module ShaderFormatVectorVM (147)
[2018.10.25-12.58.40:744][130]LogModuleManager: Shutting down and abandoning module ShaderFormatOpenGL (145)
[2018.10.25-12.58.40:744][130]LogModuleManager: Shutting down and abandoning module ShaderFormatD3D (143)
[2018.10.25-12.58.40:744][130]LogModuleManager: Shutting down and abandoning module MetalShaderFormat (141)
[2018.10.25-12.58.40:744][130]LogModuleManager: Shutting down and abandoning module TextureFormatUncompressed (139)
[2018.10.25-12.58.40:744][130]LogModuleManager: Shutting down and abandoning module TextureFormatPVR (137)
[2018.10.25-12.58.40:744][130]LogModuleManager: Shutting down and abandoning module TextureFormatDXT (135)
[2018.10.25-12.58.40:744][130]LogModuleManager: Shutting down and abandoning module TextureFormatIntelISPCTexComp (133)
[2018.10.25-12.58.40:744][130]LogModuleManager: Shutting down and abandoning module TextureFormatASTC (131)
[2018.10.25-12.58.40:744][130]LogModuleManager: Shutting down and abandoning module ImageWrapper (130)
[2018.10.25-12.58.40:744][130]LogModuleManager: Shutting down and abandoning module TextureFormatAndroid (127)
[2018.10.25-12.58.40:744][130]LogModuleManager: Shutting down and abandoning module AudioFormatOpus (125)
[2018.10.25-12.58.40:744][130]LogModuleManager: Shutting down and abandoning module AudioFormatOgg (123)
[2018.10.25-12.58.40:744][130]LogModuleManager: Shutting down and abandoning module AudioFormatADPCM (121)
[2018.10.25-12.58.40:744][130]LogModuleManager: Shutting down and abandoning module LinuxTargetPlatform (119)
[2018.10.25-12.58.40:744][130]LogModuleManager: Shutting down and abandoning module LinuxServerTargetPlatform (117)
[2018.10.25-12.58.40:744][130]LogModuleManager: Shutting down and abandoning module LinuxNoEditorTargetPlatform (115)
[2018.10.25-12.58.40:745][130]LogModuleManager: Shutting down and abandoning module LinuxClientTargetPlatform (113)
[2018.10.25-12.58.40:745][130]LogModuleManager: Shutting down and abandoning module TVOSTargetPlatform (111)
[2018.10.25-12.58.40:745][130]LogModuleManager: Shutting down and abandoning module Messaging (109)
[2018.10.25-12.58.40:745][130]LogModuleManager: Shutting down and abandoning module IOSTargetPlatform (107)
[2018.10.25-12.58.40:745][130]LogModuleManager: Shutting down and abandoning module HTML5TargetPlatform (105)
[2018.10.25-12.58.40:745][130]LogModuleManager: Shutting down and abandoning module AndroidTargetPlatform (103)
[2018.10.25-12.58.40:745][130]LogModuleManager: Shutting down and abandoning module Android_PVRTCTargetPlatform (101)
[2018.10.25-12.58.40:745][130]LogModuleManager: Shutting down and abandoning module Android_MultiTargetPlatform (99)
[2018.10.25-12.58.40:745][130]LogModuleManager: Shutting down and abandoning module Android_ETC2TargetPlatform (97)
[2018.10.25-12.58.40:745][130]LogModuleManager: Shutting down and abandoning module Android_ETC1TargetPlatform (95)
[2018.10.25-12.58.40:745][130]LogModuleManager: Shutting down and abandoning module Android_ETC1aTargetPlatform (93)
[2018.10.25-12.58.40:745][130]LogModuleManager: Shutting down and abandoning module Android_DXTTargetPlatform (91)
[2018.10.25-12.58.40:745][130]LogModuleManager: Shutting down and abandoning module Android_ATCTargetPlatform (89)
[2018.10.25-12.58.40:745][130]LogModuleManager: Shutting down and abandoning module Android_ASTCTargetPlatform (87)
[2018.10.25-12.58.40:745][130]LogModuleManager: Shutting down and abandoning module WindowsTargetPlatform (85)
[2018.10.25-12.58.40:745][130]LogModuleManager: Shutting down and abandoning module WindowsServerTargetPlatform (83)
[2018.10.25-12.58.40:745][130]LogModuleManager: Shutting down and abandoning module WindowsNoEditorTargetPlatform (81)
[2018.10.25-12.58.40:745][130]LogModuleManager: Shutting down and abandoning module WindowsClientTargetPlatform (79)
[2018.10.25-12.58.40:746][130]LogModuleManager: Shutting down and abandoning module MacTargetPlatform (77)
[2018.10.25-12.58.40:746][130]LogModuleManager: Shutting down and abandoning module MacServerTargetPlatform (75)
[2018.10.25-12.58.40:746][130]LogModuleManager: Shutting down and abandoning module MacNoEditorTargetPlatform (73)
[2018.10.25-12.58.40:746][130]LogModuleManager: Shutting down and abandoning module MacClientTargetPlatform (71)
[2018.10.25-12.58.40:746][130]LogModuleManager: Shutting down and abandoning module AllDesktopTargetPlatform (69)
[2018.10.25-12.58.40:746][130]LogModuleManager: Shutting down and abandoning module InputCore (66)
[2018.10.25-12.58.40:746][130]LogModuleManager: Shutting down and abandoning module Settings (64)
[2018.10.25-12.58.40:746][130]LogModuleManager: Shutting down and abandoning module PhysXCooking (62)
[2018.10.25-12.58.40:746][130]LogModuleManager: Shutting down and abandoning module SteamVR (60)
[2018.10.25-12.58.40:746][130]LogModuleManager: Shutting down and abandoning module OculusHMD (58)
[2018.10.25-12.58.40:746][130]LogModuleManager: Shutting down and abandoning module ExampleDeviceProfileSelector (56)
[2018.10.25-12.58.40:746][130]LogModuleManager: Shutting down and abandoning module AppleARKit (54)
[2018.10.25-12.58.40:746][130]LogModuleManager: Shutting down and abandoning module AugmentedReality (51)
[2018.10.25-12.58.40:746][130]LogModuleManager: Shutting down and abandoning module OnlineBlueprintSupport (48)
[2018.10.25-12.58.40:746][130]LogModuleManager: Shutting down and abandoning module OnlineSubsystem (44)
[2018.10.25-12.58.40:746][130]LogModuleManager: Shutting down and abandoning module XMPP (43)
[2018.10.25-12.58.40:746][130]LogModuleManager: Shutting down and abandoning module HTTP (41)
[2018.10.25-12.58.40:747][130]LogHttp: Display: Http module shutting down, but needs to wait on 1 outstanding Http requests:
[2018.10.25-12.58.40:747][130]LogHttp: Display: 	verb=[POST] url=[https://datarouter.ol.epicgames.com/datarouter/api/v1/public/data?SessionID=%7B130C7B51-45EF-FF09-FAE3-8AB416532507%7D&AppID=UEEditor.Rocket.Release&AppVersion=4.19.2-4033788%2B%2B%2BUE4%2BRelease-4.19&UserID=f1e7697a46af1ae21f9f31940ca68ce9%7Cf4b25472bd0b4f4facef5915cbfd49dd%7Cb7136950-6a41-45f4-82e0-29905384829e&AppEnvironment=datacollector-binary&UploadType=eteventstream] status=Processing
[2018.10.25-12.58.40:769][130]LogModuleManager: Shutting down and abandoning module SSL (40)
[2018.10.25-12.58.40:771][130]LogModuleManager: Shutting down and abandoning module AnimationModifiers (36)
[2018.10.25-12.58.40:771][130]LogModuleManager: Shutting down and abandoning module PropertyEditor (35)
[2018.10.25-12.58.40:771][130]LogModuleManager: Shutting down and abandoning module AudioEditor (32)
[2018.10.25-12.58.40:771][130]LogModuleManager: Shutting down and abandoning module TextureCompressor (30)
[2018.10.25-12.58.40:771][130]LogModuleManager: Shutting down and abandoning module ShaderCore (28)
[2018.10.25-12.58.40:771][130]LogModuleManager: Shutting down and abandoning module Landscape (26)
[2018.10.25-12.58.40:771][130]LogModuleManager: Shutting down and abandoning module SlateRHIRenderer (24)
[2018.10.25-12.58.40:772][130]LogModuleManager: Shutting down and abandoning module OpenGLDrv (22)
[2018.10.25-12.58.40:772][130]LogModuleManager: Shutting down and abandoning module D3D11RHI (20)
[2018.10.25-12.58.40:772][130]LogModuleManager: Shutting down and abandoning module AnimGraphRuntime (18)
[2018.10.25-12.58.40:773][130]LogModuleManager: Shutting down and abandoning module Renderer (16)
[2018.10.25-12.58.40:773][130]LogModuleManager: Shutting down and abandoning module Engine (14)
[2018.10.25-12.58.40:773][130]LogModuleManager: Shutting down and abandoning module CoreUObject (12)
[2018.10.25-12.58.40:773][130]LogModuleManager: Shutting down and abandoning module NetworkFile (10)
[2018.10.25-12.58.40:773][130]LogModuleManager: Shutting down and abandoning module CookedIterativeFile (8)
[2018.10.25-12.58.40:773][130]LogModuleManager: Shutting down and abandoning module StreamingFile (6)
[2018.10.25-12.58.40:773][130]LogModuleManager: Shutting down and abandoning module SandboxFile (4)
[2018.10.25-12.58.40:773][130]LogModuleManager: Shutting down and abandoning module PakFile (2)
[2018.10.25-12.58.40:785][130]LogExit: Exiting.
[2018.10.25-12.58.40:826][130]Log file closed, 10/25/18 23:58:40
