Log file open, 10/16/18 13:31:32
LogWindows: Failed to load 'aqProf.dll' (GetLastError=126)
LogWindows: File 'aqProf.dll' does not exist
LogWindows: Failed to load 'VtuneApi.dll' (GetLastError=126)
LogWindows: File 'VtuneApi.dll' does not exist
LogWindows: Failed to load 'VtuneApi32e.dll' (GetLastError=126)
LogWindows: File 'VtuneApi32e.dll' does not exist
LogInit: Display: Running engine for game: FIT3039_Project
LogPlatformFile: Not using cached read wrapper
LogInit: Display: RandInit(-278409008) SRandInit(-278409008).
LogInit: Read version file with build ID '3944462'
LogInit: Overriding engine version to CL 4033788, compatible CL 3944462
LogInit: Registered custom module enumerator with build ID '3944462'
LogTaskGraph: Started task graph with 5 named threads and 35 total threads with 3 sets of task threads.
LogStats: Stats thread started at 0.403592
LogD3D11RHI: Aftermath initialized
LogICUInternationalization: Display: ICU TimeZone Detection - Raw Offset: +10:00, Platform Override: ''
LogModuleManager: Display: Found up-to-date module file ../../../Engine/Plugins/2D/Paper2D/Binaries/Win64/UE4Editor-Paper2D.dll (API version 3944462).
LogModuleManager: Display: Found up-to-date module file ../../../Engine/Plugins/2D/Paper2D/Binaries/Win64/UE4Editor-Paper2DEditor.dll (API version 3944462).
LogModuleManager: Display: Found up-to-date module file ../../../Engine/Plugins/2D/Paper2D/Binaries/Win64/UE4Editor-PaperSpriteSheetImporter.dll (API version 3944462).
LogModuleManager: Display: Found up-to-date module file ../../../Engine/Plugins/2D/Paper2D/Binaries/Win64/UE4Editor-PaperTiledImporter.dll (API version 3944462).
LogModuleManager: Display: Found up-to-date module file ../../../Engine/Plugins/2D/Paper2D/Binaries/Win64/UE4Editor-SmartSnapping.dll (API version 3944462).
LogModuleManager: Display: Found up-to-date module file ../../../Engine/Plugins/Blendables/LightPropagationVolume/Binaries/Win64/UE4Editor-LightPropagationVolumeRuntime.dll (API version 3944462).
LogModuleManager: Display: Found up-to-date module file ../../../Engine/Plugins/Blendables/LightPropagationVolume/Binaries/Win64/UE4Editor-LightPropagationVolumeEditor.dll (API version 3944462).
LogModuleManager: Display: Found up-to-date module file ../../../Engine/Plugins/Developer/CLionSourceCodeAccess/Binaries/Win64/UE4Editor-CLionSourceCodeAccess.dll (API version 3944462).
LogModuleManager: Display: Found up-to-date module file ../../../Engine/Plugins/Developer/GitSourceControl/Binaries/Win64/UE4Editor-GitSourceControl.dll (API version 3944462).
LogModuleManager: Display: Found up-to-date module file ../../../Engine/Plugins/Developer/PerforceSourceControl/Binaries/Win64/UE4Editor-PerforceSourceControl.dll (API version 3944462).
LogModuleManager: Display: Found up-to-date module file ../../../Engine/Plugins/Developer/SubversionSourceControl/Binaries/Win64/UE4Editor-SubversionSourceControl.dll (API version 3944462).
LogModuleManager: Display: Found up-to-date module file ../../../Engine/Plugins/Developer/UObjectPlugin/Binaries/Win64/UE4Editor-UObjectPlugin.dll (API version 3944462).
LogModuleManager: Display: Found up-to-date module file ../../../Engine/Plugins/Developer/VisualStudioCodeSourceCodeAccess/Binaries/Win64/UE4Editor-VisualStudioCodeSourceCodeAccess.dll (API version 3944462).
LogModuleManager: Display: Found up-to-date module file ../../../Engine/Plugins/Developer/VisualStudioSourceCodeAccess/Binaries/Win64/UE4Editor-VisualStudioSourceCodeAccess.dll (API version 3944462).
LogModuleManager: Display: Found up-to-date module file ../../../Engine/Plugins/Editor/AssetManagerEditor/Binaries/Win64/UE4Editor-AssetManagerEditor.dll (API version 3944462).
LogModuleManager: Display: Found up-to-date module file ../../../Engine/Plugins/Editor/CryptoKeys/Binaries/Win64/UE4Editor-CryptoKeys.dll (API version 3944462).
LogModuleManager: Display: Found up-to-date module file ../../../Engine/Plugins/Editor/CryptoKeys/Binaries/Win64/UE4Editor-CryptoKeysOpenSSL.dll (API version 3944462).
LogModuleManager: Display: Found up-to-date module file ../../../Engine/Plugins/Editor/DataValidation/Binaries/Win64/UE4Editor-DataValidation.dll (API version 3944462).
LogModuleManager: Display: Found up-to-date module file ../../../Engine/Plugins/Editor/FacialAnimation/Binaries/Win64/UE4Editor-FacialAnimation.dll (API version 3944462).
LogModuleManager: Display: Found up-to-date module file ../../../Engine/Plugins/Editor/FacialAnimation/Binaries/Win64/UE4Editor-FacialAnimationEditor.dll (API version 3944462).
LogModuleManager: Display: Found up-to-date module file ../../../Engine/Plugins/Editor/GameplayTagsEditor/Binaries/Win64/UE4Editor-GameplayTagsEditor.dll (API version 3944462).
LogModuleManager: Display: Found up-to-date module file ../../../Engine/Plugins/Editor/MobileLauncherProfileWizard/Binaries/Win64/UE4Editor-MobileLauncherProfileWizard.dll (API version 3944462).
LogModuleManager: Display: Found up-to-date module file ../../../Engine/Plugins/Editor/PluginBrowser/Binaries/Win64/UE4Editor-PluginBrowser.dll (API version 3944462).
LogModuleManager: Display: Found up-to-date module file ../../../Engine/Plugins/Editor/SpeedTreeImporter/Binaries/Win64/UE4Editor-SpeedTreeImporter.dll (API version 3944462).
LogModuleManager: Display: Found up-to-date module file ../../../Engine/Plugins/Enterprise/DatasmithContent/Binaries/Win64/UE4Editor-DatasmithContent.dll (API version 3944462).
LogModuleManager: Display: Found up-to-date module file ../../../Engine/Plugins/Experimental/AlembicImporter/Binaries/Win64/UE4Editor-AlembicImporter.dll (API version 3944462).
LogModuleManager: Display: Found up-to-date module file ../../../Engine/Plugins/Experimental/AlembicImporter/Binaries/Win64/UE4Editor-AlembicLibrary.dll (API version 3944462).
LogModuleManager: Display: Found up-to-date module file ../../../Engine/Plugins/Experimental/CharacterAI/Binaries/Win64/UE4Editor-CharacterAI.dll (API version 3944462).
LogModuleManager: Display: Found up-to-date module file ../../../Engine/Plugins/Experimental/HTML5Networking/Binaries/Win64/UE4Editor-HTML5Networking.dll (API version 3944462).
LogModuleManager: Display: Found up-to-date module file ../../../Engine/Plugins/Media/AndroidMedia/Binaries/Win64/UE4Editor-AndroidMediaEditor.dll (API version 3944462).
LogModuleManager: Display: Found up-to-date module file ../../../Engine/Plugins/Media/AndroidMedia/Binaries/Win64/UE4Editor-AndroidMediaFactory.dll (API version 3944462).
LogModuleManager: Display: Found up-to-date module file ../../../Engine/Plugins/Media/AvfMedia/Binaries/Win64/UE4Editor-AvfMediaEditor.dll (API version 3944462).
LogModuleManager: Display: Found up-to-date module file ../../../Engine/Plugins/Media/AvfMedia/Binaries/Win64/UE4Editor-AvfMediaFactory.dll (API version 3944462).
LogModuleManager: Display: Found up-to-date module file ../../../Engine/Plugins/Media/AvfMedia/Binaries/Win64/UE4Editor-AvfMediaFactory.dll (API version 3944462).
LogModuleManager: Display: Found up-to-date module file ../../../Engine/Plugins/Media/ImgMedia/Binaries/Win64/UE4Editor-ImgMedia.dll (API version 3944462).
LogModuleManager: Display: Found up-to-date module file ../../../Engine/Plugins/Media/ImgMedia/Binaries/Win64/UE4Editor-ImgMediaEditor.dll (API version 3944462).
LogModuleManager: Display: Found up-to-date module file ../../../Engine/Plugins/Media/ImgMedia/Binaries/Win64/UE4Editor-ImgMediaFactory.dll (API version 3944462).
LogModuleManager: Display: Found up-to-date module file ../../../Engine/Plugins/Media/ImgMedia/Binaries/Win64/UE4Editor-ImgMediaFactory.dll (API version 3944462).
LogModuleManager: Display: Found up-to-date module file ../../../Engine/Plugins/Media/ImgMedia/Binaries/Win64/UE4Editor-OpenExrWrapper.dll (API version 3944462).
LogModuleManager: Display: Found up-to-date module file ../../../Engine/Plugins/Media/LinearTimecode/Binaries/Win64/UE4Editor-LinearTimecode.dll (API version 3944462).
LogModuleManager: Display: Found up-to-date module file ../../../Engine/Plugins/Media/MediaCompositing/Binaries/Win64/UE4Editor-MediaCompositing.dll (API version 3944462).
LogModuleManager: Display: Found up-to-date module file ../../../Engine/Plugins/Media/MediaCompositing/Binaries/Win64/UE4Editor-MediaCompositingEditor.dll (API version 3944462).
LogModuleManager: Display: Found up-to-date module file ../../../Engine/Plugins/Media/MediaPlayerEditor/Binaries/Win64/UE4Editor-MediaPlayerEditor.dll (API version 3944462).
LogModuleManager: Display: Found up-to-date module file ../../../Engine/Plugins/Media/WmfMedia/Binaries/Win64/UE4Editor-WmfMedia.dll (API version 3944462).
LogModuleManager: Display: Found up-to-date module file ../../../Engine/Plugins/Media/WmfMedia/Binaries/Win64/UE4Editor-WmfMediaEditor.dll (API version 3944462).
LogModuleManager: Display: Found up-to-date module file ../../../Engine/Plugins/Media/WmfMedia/Binaries/Win64/UE4Editor-WmfMediaFactory.dll (API version 3944462).
LogModuleManager: Display: Found up-to-date module file ../../../Engine/Plugins/Media/WmfMedia/Binaries/Win64/UE4Editor-WmfMediaFactory.dll (API version 3944462).
LogModuleManager: Display: Found up-to-date module file ../../../Engine/Plugins/Messaging/TcpMessaging/Binaries/Win64/UE4Editor-TcpMessaging.dll (API version 3944462).
LogModuleManager: Display: Found up-to-date module file ../../../Engine/Plugins/Messaging/UdpMessaging/Binaries/Win64/UE4Editor-UdpMessaging.dll (API version 3944462).
LogModuleManager: Display: Found up-to-date module file ../../../Engine/Plugins/MovieScene/ActorSequence/Binaries/Win64/UE4Editor-ActorSequence.dll (API version 3944462).
LogModuleManager: Display: Found up-to-date module file ../../../Engine/Plugins/MovieScene/LevelSequenceEditor/Binaries/Win64/UE4Editor-LevelSequenceEditor.dll (API version 3944462).
LogModuleManager: Display: Found up-to-date module file ../../../Engine/Plugins/MovieScene/MatineeToLevelSequence/Binaries/Win64/UE4Editor-MatineeToLevelSequence.dll (API version 3944462).
LogModuleManager: Display: Found up-to-date module file ../../../Engine/Plugins/NetcodeUnitTest/NetcodeUnitTest/Binaries/Win64/UE4Editor-NetcodeUnitTest.dll (API version 3944462).
LogModuleManager: Display: Found up-to-date module file ../../../Engine/Plugins/NetcodeUnitTest/NUTUnrealEngine4/Binaries/Win64/UE4Editor-NUTUnrealEngine4.dll (API version 3944462).
LogModuleManager: Display: Found up-to-date module file ../../../Engine/Plugins/Online/OnlineSubsystem/Binaries/Win64/UE4Editor-OnlineSubsystem.dll (API version 3944462).
LogModuleManager: Display: Found up-to-date module file ../../../Engine/Plugins/Runtime/AndroidPermission/Binaries/Win64/UE4Editor-AndroidPermission.dll (API version 3944462).
LogModuleManager: Display: Found up-to-date module file ../../../Engine/Plugins/Online/OnlineSubsystemNull/Binaries/Win64/UE4Editor-OnlineSubsystemNull.dll (API version 3944462).
LogModuleManager: Display: Found up-to-date module file ../../../Engine/Plugins/Online/OnlineSubsystemUtils/Binaries/Win64/UE4Editor-OnlineSubsystemUtils.dll (API version 3944462).
LogModuleManager: Display: Found up-to-date module file ../../../Engine/Plugins/Online/OnlineSubsystemUtils/Binaries/Win64/UE4Editor-OnlineBlueprintSupport.dll (API version 3944462).
LogModuleManager: Display: Found up-to-date module file ../../../Engine/Plugins/Runtime/AndroidDeviceProfileSelector/Binaries/Win64/UE4Editor-AndroidDeviceProfileSelector.dll (API version 3944462).
LogModuleManager: Display: Found up-to-date module file ../../../Engine/Plugins/Runtime/AppleARKit/Binaries/Win64/UE4Editor-AppleARKit.dll (API version 3944462).
LogModuleManager: Display: Found up-to-date module file ../../../Engine/Plugins/Runtime/ProceduralMeshComponent/Binaries/Win64/UE4Editor-ProceduralMeshComponent.dll (API version 3944462).
LogModuleManager: Display: Found up-to-date module file ../../../Engine/Plugins/Runtime/ProceduralMeshComponent/Binaries/Win64/UE4Editor-ProceduralMeshComponentEditor.dll (API version 3944462).
LogModuleManager: Display: Found up-to-date module file ../../../Engine/Plugins/Animation/LiveLink/Binaries/Win64/UE4Editor-LiveLink.dll (API version 3944462).
LogModuleManager: Display: Found up-to-date module file ../../../Engine/Plugins/Animation/LiveLink/Binaries/Win64/UE4Editor-LiveLinkEditor.dll (API version 3944462).
LogModuleManager: Display: Found up-to-date module file ../../../Engine/Plugins/Runtime/ArchVisCharacter/Binaries/Win64/UE4Editor-ArchVisCharacter.dll (API version 3944462).
LogModuleManager: Display: Found up-to-date module file ../../../Engine/Plugins/Runtime/AudioCapture/Binaries/Win64/UE4Editor-AudioCapture.dll (API version 3944462).
LogModuleManager: Display: Found up-to-date module file ../../../Engine/Plugins/Runtime/AudioCapture/Binaries/Win64/UE4Editor-AudioCaptureEditor.dll (API version 3944462).
LogModuleManager: Display: Found up-to-date module file ../../../Engine/Plugins/Runtime/CableComponent/Binaries/Win64/UE4Editor-CableComponent.dll (API version 3944462).
LogModuleManager: Display: Found up-to-date module file ../../../Engine/Plugins/Runtime/CustomMeshComponent/Binaries/Win64/UE4Editor-CustomMeshComponent.dll (API version 3944462).
LogModuleManager: Display: Found up-to-date module file ../../../Engine/Plugins/Runtime/ExampleDeviceProfileSelector/Binaries/Win64/UE4Editor-ExampleDeviceProfileSelector.dll (API version 3944462).
LogModuleManager: Display: Found up-to-date module file ../../../Engine/Plugins/Runtime/ImmediatePhysics/Binaries/Win64/UE4Editor-ImmediatePhysics.dll (API version 3944462).
LogModuleManager: Display: Found up-to-date module file ../../../Engine/Plugins/Runtime/ImmediatePhysics/Binaries/Win64/UE4Editor-ImmediatePhysicsEditor.dll (API version 3944462).
LogModuleManager: Display: Found up-to-date module file ../../../Engine/Plugins/Runtime/LocationServicesBPLibrary/Binaries/Win64/UE4Editor-LocationServicesBPLibrary.dll (API version 3944462).
LogModuleManager: Display: Found up-to-date module file ../../../Engine/Plugins/Runtime/MobilePatchingUtils/Binaries/Win64/UE4Editor-MobilePatchingUtils.dll (API version 3944462).
LogModuleManager: Display: Found up-to-date module file ../../../Engine/Plugins/Runtime/Oculus/OculusVR/Binaries/Win64/UE4Editor-OculusHMD.dll (API version 3944462).
LogModuleManager: Display: Found up-to-date module file ../../../Engine/Plugins/Runtime/Oculus/OculusVR/Binaries/Win64/UE4Editor-OculusInput.dll (API version 3944462).
LogModuleManager: Display: Found up-to-date module file ../../../Engine/Plugins/Runtime/Oculus/OculusVR/Binaries/Win64/UE4Editor-OculusEditor.dll (API version 3944462).
LogModuleManager: Display: Found up-to-date module file ../../../Engine/Plugins/Runtime/PhysXVehicles/Binaries/Win64/UE4Editor-PhysXVehicles.dll (API version 3944462).
LogModuleManager: Display: Found up-to-date module file ../../../Engine/Plugins/Runtime/PhysXVehicles/Binaries/Win64/UE4Editor-PhysXVehiclesEditor.dll (API version 3944462).
LogModuleManager: Display: Found up-to-date module file ../../../Engine/Plugins/Runtime/RuntimePhysXCooking/Binaries/Win64/UE4Editor-RuntimePhysXCooking.dll (API version 3944462).
LogModuleManager: Display: Found up-to-date module file ../../../Engine/Plugins/Runtime/Steam/SteamVR/Binaries/Win64/UE4Editor-SteamVR.dll (API version 3944462).
LogModuleManager: Display: Found up-to-date module file ../../../Engine/Plugins/Runtime/Steam/SteamVR/Binaries/Win64/UE4Editor-SteamVRController.dll (API version 3944462).
LogModuleManager: Display: Found up-to-date module file ../../../Engine/Plugins/Runtime/WindowsMoviePlayer/Binaries/Win64/UE4Editor-WindowsMoviePlayer.dll (API version 3944462).
LogPluginManager: Mounting plugin Paper2D
LogPluginManager: Mounting plugin LiveLink
LogPluginManager: Mounting plugin LightPropagationVolume
LogPluginManager: Mounting plugin CLionSourceCodeAccess
LogPluginManager: Mounting plugin CodeLiteSourceCodeAccess
LogPluginManager: Mounting plugin GitSourceControl
LogPluginManager: Mounting plugin KDevelopSourceCodeAccess
LogPluginManager: Mounting plugin NullSourceCodeAccess
LogPluginManager: Mounting plugin PerforceSourceControl
LogPluginManager: Mounting plugin SubversionSourceControl
LogPluginManager: Mounting plugin UObjectPlugin
LogPluginManager: Mounting plugin VisualStudioCodeSourceCodeAccess
LogPluginManager: Mounting plugin VisualStudioSourceCodeAccess
LogPluginManager: Mounting plugin XCodeSourceCodeAccess
LogPluginManager: Mounting plugin AssetManagerEditor
LogPluginManager: Mounting plugin CryptoKeys
LogPluginManager: Mounting plugin DataValidation
LogPluginManager: Mounting plugin FacialAnimation
LogPluginManager: Mounting plugin GameplayTagsEditor
LogPluginManager: Mounting plugin MobileLauncherProfileWizard
LogPluginManager: Mounting plugin PluginBrowser
LogPluginManager: Mounting plugin SpeedTreeImporter
LogPluginManager: Mounting plugin DatasmithContent
LogPluginManager: Mounting plugin AlembicImporter
LogPluginManager: Mounting plugin CharacterAI
LogPluginManager: Mounting plugin HTML5Networking
LogPluginManager: Mounting plugin AndroidMedia
LogPluginManager: Mounting plugin AvfMedia
LogPluginManager: Mounting plugin ImgMedia
LogPluginManager: Mounting plugin LinearTimecode
LogPluginManager: Mounting plugin MediaCompositing
LogPluginManager: Mounting plugin MediaPlayerEditor
LogPluginManager: Mounting plugin WmfMedia
LogPluginManager: Mounting plugin TcpMessaging
LogPluginManager: Mounting plugin UdpMessaging
LogPluginManager: Mounting plugin ActorSequence
LogPluginManager: Mounting plugin LevelSequenceEditor
LogPluginManager: Mounting plugin MatineeToLevelSequence
LogPluginManager: Mounting plugin NetcodeUnitTest
LogPluginManager: Mounting plugin NUTUnrealEngine4
LogPluginManager: Mounting plugin OnlineSubsystemGooglePlay
LogPluginManager: Mounting plugin OnlineSubsystemIOS
LogPluginManager: Mounting plugin OnlineSubsystem
LogPluginManager: Mounting plugin OnlineSubsystemNull
LogPluginManager: Mounting plugin OnlineSubsystemUtils
LogPluginManager: Mounting plugin AndroidDeviceProfileSelector
LogPluginManager: Mounting plugin AndroidMoviePlayer
LogPluginManager: Mounting plugin AndroidPermission
LogPluginManager: Mounting plugin AppleARKit
LogPluginManager: Mounting plugin AppleMoviePlayer
LogPluginManager: Mounting plugin ArchVisCharacter
LogPluginManager: Mounting plugin AudioCapture
LogPluginManager: Mounting plugin CableComponent
LogPluginManager: Mounting plugin CustomMeshComponent
LogPluginManager: Mounting plugin ExampleDeviceProfileSelector
LogPluginManager: Mounting plugin GoogleCloudMessaging
LogPluginManager: Mounting plugin ImmediatePhysics
LogPluginManager: Mounting plugin IOSDeviceProfileSelector
LogPluginManager: Mounting plugin LinuxDeviceProfileSelector
LogPluginManager: Mounting plugin LocationServicesBPLibrary
LogPluginManager: Mounting plugin MobilePatchingUtils
LogPluginManager: Mounting plugin OculusVR
LogPluginManager: Plugin shader directory ../../../Engine/Plugins/Runtime/Oculus/OculusVR/Shaders found
LogPluginManager: Mapping shader source directory ../../../Engine/Plugins/Runtime/Oculus/OculusVR/Shaders to virtual directory /Plugin/OculusVR
LogPluginManager: Mounting plugin PhysXVehicles
LogPluginManager: Mounting plugin ProceduralMeshComponent
LogPluginManager: Mounting plugin RuntimePhysXCooking
LogPluginManager: Mounting plugin SteamVR
LogPluginManager: Mounting plugin WindowsMoviePlayer
LogStreaming: Display: Took  0.811s to configure plugins.
LogInit: Using libcurl 7.47.1
LogInit:  - built for x86_64-pc-win32
LogInit:  - supports SSL with OpenSSL/1.0.2g
LogInit:  - supports HTTP deflate (compression) using libz 1.2.8
LogInit:  - other features:
LogInit:      CURL_VERSION_SSL
LogInit:      CURL_VERSION_LIBZ
LogInit:      CURL_VERSION_IPV6
LogInit:      CURL_VERSION_ASYNCHDNS
LogInit:      CURL_VERSION_LARGEFILE
LogInit:      CURL_VERSION_IDN
LogInit:  CurlRequestOptions (configurable via config and command line):
LogInit:  - bVerifyPeer = false  - Libcurl will NOT verify peer certificate
LogInit:  - bUseHttpProxy = false  - Libcurl will NOT use HTTP proxy
LogInit:  - bDontReuseConnections = false  - Libcurl will reuse connections
LogInit:  - CertBundlePath = nullptr  - Libcurl will use whatever was configured at build time.
LogInit:  - MaxHostConnections = 16  - Libcurl will limit the number of connections to a host
LogInit:  - LocalHostAddr = Default
LogInit: WinSock: version 1.1 (2.2), MaxSocks=32767, MaxUdp=65467
LogInit: WinSock: I am DESKTOP-8AFEPG4 (118.139.7.46:0)
LogInit: Build: ++UE4+Release-4.19-CL-4033788
LogInit: Engine Version: 4.19.2-4033788+++UE4+Release-4.19
LogInit: Compatible Engine Version: 4.19.0-3944462+++UE4+Release-4.19
LogInit: Net CL: 3944462
LogDevObjectVersion: Number of dev versions registered: 18
LogDevObjectVersion:   Dev-Blueprints (B0D832E4-1F89-4F0D-ACCF-7EB736FD4AA2): 10
LogDevObjectVersion:   Dev-Build (E1C64328-A22C-4D53-A36C-8E866417BD8C): 0
LogDevObjectVersion:   Dev-Core (375EC13C-06E4-48FB-B500-84F0262A717E): 2
LogDevObjectVersion:   Dev-Editor (E4B068ED-F494-42E9-A231-DA0B2E46BB41): 23
LogDevObjectVersion:   Dev-Framework (CFFC743F-43B0-4480-9391-14DF171D2073): 33
LogDevObjectVersion:   Dev-Mobile (B02B49B5-BB20-44E9-A304-32B752E40360): 2
LogDevObjectVersion:   Dev-Networking (A4E4105C-59A1-49B5-A7C5-40C4547EDFEE): 0
LogDevObjectVersion:   Dev-Online (39C831C9-5AE6-47DC-9A44-9C173E1C8E7C): 0
LogDevObjectVersion:   Dev-Physics (78F01B33-EBEA-4F98-B9B4-84EACCB95AA2): 0
LogDevObjectVersion:   Dev-Platform (6631380F-2D4D-43E0-8009-CF276956A95A): 0
LogDevObjectVersion:   Dev-Rendering (12F88B9F-8875-4AFC-A67C-D90C383ABD29): 25
LogDevObjectVersion:   Dev-Sequencer (7B5AE74C-D270-4C10-A958-57980B212A5A): 6
LogDevObjectVersion:   Dev-VR (D7296918-1DD6-4BDD-9DE2-64A83CC13884): 1
LogDevObjectVersion:   Dev-LoadTimes (C2A15278-BFE7-4AFE-6C17-90FF531DF755): 1
LogDevObjectVersion:   Private-Geometry (6EACA3D4-40EC-4CC1-B786-8BED09428FC5): 2
LogDevObjectVersion:   Dev-AnimPhys (29E575DD-E0A3-4627-9D10-D276232CDCEA): 16
LogDevObjectVersion:   Dev-ReflectionCapture (6B266CEC-1EC7-4B8F-A30B-E4D90942FC07): 1
LogDevObjectVersion:   Dev-Automation (0DF73D61-A23F-47EA-B727-89E90C41499A): 1
LogInit: Compiled (64-bit): Apr 27 2018 02:06:57
LogInit: Compiled with Visual C++: 19.00.24215.01
LogInit: Build Configuration: Development
LogInit: Branch Name: ++UE4+Release-4.19
LogInit: Command Line:  
LogInit: Base Directory: C:/Program Files/Epic Games/UE_4.19/Engine/Binaries/Win64/
LogInit: Installed Engine Build: 1
LogStreaming: Display: Took  0.002s to delete old logs.
LogInit: Presizing for max 8388607 objects, including 0 objects not considered by GC, pre-allocating 0 bytes for permanent pool.
LogInit: Object subsystem initialized
[2018.10.16-02.31.33:380][  0]LogInit: Selected Device Profile: [Windows]
[2018.10.16-02.31.33:380][  0]LogInit: Applying CVar settings loaded from the selected device profile: [Windows]
[2018.10.16-02.31.33:392][  0]LogInit: Computer: DESKTOP-8AFEPG4
[2018.10.16-02.31.33:392][  0]LogInit: User: Haojun
[2018.10.16-02.31.33:392][  0]LogInit: CPU Page size=4096, Cores=6
[2018.10.16-02.31.33:392][  0]LogInit: High frequency timer resolution =2.156251 MHz
[2018.10.16-02.31.33:392][  0]LogMemory: Memory total: Physical=7.7GB (8GB approx)
[2018.10.16-02.31.33:392][  0]LogMemory: Platform Memory Stats for Windows
[2018.10.16-02.31.33:392][  0]LogMemory: Process Physical Memory: 275.03 MB used, 275.03 MB peak
[2018.10.16-02.31.33:392][  0]LogMemory: Process Virtual Memory: 272.43 MB used, 272.43 MB peak
[2018.10.16-02.31.33:392][  0]LogMemory: Physical Memory: 3958.13 MB used,  3973.75 MB free, 7931.89 MB total
[2018.10.16-02.31.33:392][  0]LogMemory: Virtual Memory: 4821.48 MB used,  3973.75 MB free, 134217728.00 MB total
[2018.10.16-02.31.33:411][  0]LogInit: Using OS detected language (en-US).
[2018.10.16-02.31.33:411][  0]LogInit: Using OS detected locale (en-US).
[2018.10.16-02.31.33:413][  0]LogTextLocalizationManager: No specific localization for 'en-US' exists, so the 'en' localization will be used.
[2018.10.16-02.31.33:762][  0]LogStreaming: Display: Took  0.352s to EndInitTextLocalization.
[2018.10.16-02.31.33:762][  0]LogInit: Setting process to per monitor DPI aware
[2018.10.16-02.31.33:796][  0]LogSlate: New Slate User Created.  User Index 0, Is Virtual User: 0
[2018.10.16-02.31.33:796][  0]LogSlate: Slate User Registered.  User Index 0, Is Virtual User: 0
[2018.10.16-02.31.33:964][  0]LogD3D11RHI: D3D11 adapters:
[2018.10.16-02.31.34:023][  0]LogD3D11RHI:    0. 'NVIDIA GeForce GTX 1050 Ti with Max-Q Design' (Feature Level 11_0)
[2018.10.16-02.31.34:023][  0]LogD3D11RHI:       4021/0/3965 MB DedicatedVideo/DedicatedSystem/SharedSystem, Outputs:1, VendorId:0x10de
[2018.10.16-02.31.34:037][  0]LogD3D11RHI:    1. 'Intel(R) UHD Graphics 630' (Feature Level 11_0)
[2018.10.16-02.31.34:037][  0]LogD3D11RHI:       128/0/3965 MB DedicatedVideo/DedicatedSystem/SharedSystem, Outputs:0, VendorId:0x8086
[2018.10.16-02.31.34:038][  0]LogD3D11RHI:    2. 'Microsoft Basic Render Driver' (Feature Level 11_0)
[2018.10.16-02.31.34:038][  0]LogD3D11RHI:       0/0/3965 MB DedicatedVideo/DedicatedSystem/SharedSystem, Outputs:0, VendorId:0x1414
[2018.10.16-02.31.34:038][  0]LogD3D11RHI: Chosen D3D11 Adapter: 0
[2018.10.16-02.31.34:060][  0]LogD3D11RHI: Creating new Direct3DDevice
[2018.10.16-02.31.34:060][  0]LogD3D11RHI:     GPU DeviceId: 0x1c8c (for the marketing name, search the web for "GPU Device Id")
[2018.10.16-02.31.34:060][  0]LogWindows: EnumDisplayDevices:
[2018.10.16-02.31.34:060][  0]LogWindows:    0. 'Intel(R) UHD Graphics 630' (P:1 D:1)
[2018.10.16-02.31.34:060][  0]LogWindows:    1. 'Intel(R) UHD Graphics 630' (P:0 D:0)
[2018.10.16-02.31.34:060][  0]LogWindows:    2. 'Intel(R) UHD Graphics 630' (P:0 D:0)
[2018.10.16-02.31.34:061][  0]LogWindows: DebugString: GetVideoDriverDetailsInvalid PrimaryIsNotTheChoosenAdapter GetVideoDriverDetailsInvalid PrimaryIsNotTheChoosenAdapter GetVideoDriverDetailsInvalid PrimaryIsNotTheChoosenAdapter FoundDriverCount:0 
[2018.10.16-02.31.34:061][  0]LogD3D11RHI:     Adapter Name: NVIDIA GeForce GTX 1050 Ti with Max-Q Design
[2018.10.16-02.31.34:061][  0]LogD3D11RHI:   Driver Version: Unknown (internal:Unknown, unified:Unknown)
[2018.10.16-02.31.34:061][  0]LogD3D11RHI:      Driver Date: Unknown
[2018.10.16-02.31.34:061][  0]LogRHI: Texture pool is 2814 MB (70% of 4021 MB)
[2018.10.16-02.31.34:092][  0]LogD3D11RHI: [Aftermath] Aftermath enabled and primed
[2018.10.16-02.31.34:092][  0]LogD3D11RHI: [Aftermath] Aftermath enabled and primed
[2018.10.16-02.31.34:092][  0]LogD3D11RHI: Async texture creation enabled
[2018.10.16-02.31.34:110][  0]LogD3D11RHI: GPU Timing Frequency: 1000.000000 (Debug: 2 2)
[2018.10.16-02.31.34:110][  0]LogShaderCompilers: Guid format shader working directory is -34 characters bigger than the processId version (../../../../../../Users/Haojun/Documents/Unreal Projects/FIT3039_Project/FIT3039/Intermediate/Shaders/WorkingDirectory/14488/).
[2018.10.16-02.31.34:110][  0]LogShaderCompilers: Cleaned the shader compiler working directory 'C:/Users/Haojun/AppData/Local/Temp/UnrealShaderWorkingDir/304EC67E49752CC5804361B8A44F0438/'.
[2018.10.16-02.31.34:286][  0]LogTemp: Display: Loaded TP AllDesktopTargetPlatform
[2018.10.16-02.31.34:298][  0]LogTemp: Display: Loaded TP MacClientTargetPlatform
[2018.10.16-02.31.34:309][  0]LogTemp: Display: Loaded TP MacNoEditorTargetPlatform
[2018.10.16-02.31.34:320][  0]LogTemp: Display: Loaded TP MacServerTargetPlatform
[2018.10.16-02.31.34:332][  0]LogTemp: Display: Loaded TP MacTargetPlatform
[2018.10.16-02.31.34:343][  0]LogTemp: Display: Loaded TP WindowsClientTargetPlatform
[2018.10.16-02.31.34:354][  0]LogTemp: Display: Loaded TP WindowsNoEditorTargetPlatform
[2018.10.16-02.31.34:366][  0]LogTemp: Display: Loaded TP WindowsServerTargetPlatform
[2018.10.16-02.31.34:372][  0]LogTemp: Display: Loaded TP WindowsTargetPlatform
[2018.10.16-02.31.34:382][  0]LogTemp: Display: Loaded TP Android_ASTCTargetPlatform
[2018.10.16-02.31.34:392][  0]LogTemp: Display: Loaded TP Android_ATCTargetPlatform
[2018.10.16-02.31.34:402][  0]LogTemp: Display: Loaded TP Android_DXTTargetPlatform
[2018.10.16-02.31.34:412][  0]LogTemp: Display: Loaded TP Android_ETC1aTargetPlatform
[2018.10.16-02.31.34:422][  0]LogTemp: Display: Loaded TP Android_ETC1TargetPlatform
[2018.10.16-02.31.34:432][  0]LogTemp: Display: Loaded TP Android_ETC2TargetPlatform
[2018.10.16-02.31.34:453][  0]LogTemp: Display: Loaded TP Android_MultiTargetPlatform
[2018.10.16-02.31.34:453][  0]LogTemp: Display: Loaded TP Android_PVRTCTargetPlatform
[2018.10.16-02.31.34:463][  0]LogTemp: Display: Loaded TP AndroidTargetPlatform
[2018.10.16-02.31.34:464][  0]LogTemp: Display: Loaded TP HTML5TargetPlatform
[2018.10.16-02.31.34:499][  0]LogTemp: Display: Loaded TP IOSTargetPlatform
[2018.10.16-02.31.34:509][  0]LogTemp: Display: Loaded TP TVOSTargetPlatform
[2018.10.16-02.31.34:519][  0]LogTemp: Display: Loaded TP LinuxClientTargetPlatform
[2018.10.16-02.31.34:529][  0]LogTemp: Display: Loaded TP LinuxNoEditorTargetPlatform
[2018.10.16-02.31.34:538][  0]LogTemp: Display: Loaded TP LinuxServerTargetPlatform
[2018.10.16-02.31.34:549][  0]LogTemp: Display: Loaded TP LinuxTargetPlatform
[2018.10.16-02.31.34:549][  0]LogTargetPlatformManager: Display: Building Assets For Windows
[2018.10.16-02.31.34:638][  0]LogXGEController: Cleaning working directory: C:/Users/Haojun/AppData/Local/Temp/UnrealXGEWorkingDir/
[2018.10.16-02.31.34:639][  0]LogXGEController: Cannot use XGE Controller as Incredibuild is not installed on this machine.
[2018.10.16-02.31.34:639][  0]LogShaderCompilers: Cannot use XGE Shader Compiler as Incredibuild is not installed on this machine.
[2018.10.16-02.31.34:639][  0]LogShaderCompilers: Display: Using Local Shader Compiler.
[2018.10.16-02.31.35:224][  0]LogDerivedDataCache: Display: Max Cache Size: 512 MB
[2018.10.16-02.31.35:287][  0]LogDerivedDataCache: Loaded boot cache 0.06s 74MB C:/Users/Haojun/AppData/Local/UnrealEngine/4.19/DerivedDataCache/Boot.ddc.
[2018.10.16-02.31.35:287][  0]LogDerivedDataCache: Display: Loaded Boot cache: C:/Users/Haojun/AppData/Local/UnrealEngine/4.19/DerivedDataCache/Boot.ddc
[2018.10.16-02.31.35:287][  0]LogDerivedDataCache: FDerivedDataBackendGraph:  Pak pak cache file ../../../../../../Users/Haojun/Documents/Unreal Projects/FIT3039_Project/FIT3039/DerivedDataCache/DDC.ddp not found, will not use a pak cache.
[2018.10.16-02.31.35:287][  0]LogDerivedDataCache: Unable to find inner node Pak for hierarchical cache Hierarchy.
[2018.10.16-02.31.35:287][  0]LogDerivedDataCache: FDerivedDataBackendGraph:  CompressedPak pak cache file ../../../../../../Users/Haojun/Documents/Unreal Projects/FIT3039_Project/FIT3039/DerivedDataCache/Compressed.ddp not found, will not use a pak cache.
[2018.10.16-02.31.35:287][  0]LogDerivedDataCache: Unable to find inner node CompressedPak for hierarchical cache Hierarchy.
[2018.10.16-02.31.35:301][  0]LogDerivedDataCache: Display: Pak cache opened for reading ../../../Engine/DerivedDataCache/Compressed.ddp.
[2018.10.16-02.31.35:312][  0]LogDerivedDataCache: Using Local data cache path C:/Users/Haojun/AppData/Local/UnrealEngine/Common/DerivedDataCache: Writable
[2018.10.16-02.31.35:312][  0]LogDerivedDataCache: Shared data cache path not found in *engine.ini, will not use an Shared cache.
[2018.10.16-02.31.35:312][  0]LogDerivedDataCache: Unable to find inner node Shared for hierarchical cache Hierarchy.
[2018.10.16-02.31.35:321][  0]LogMaterial: Verifying Global Shaders for PCD3D_SM5
[2018.10.16-02.31.35:322][  0]LogSlate: Using Freetype 2.6.0
[2018.10.16-02.31.35:322][  0]LogSlate: SlateFontCache - WITH_FREETYPE: 1, WITH_HARFBUZZ: 1
[2018.10.16-02.31.35:322][  0]LogSlate: SlateFontCache - WITH_FREETYPE: 1, WITH_HARFBUZZ: 1
[2018.10.16-02.31.35:431][  0]LogAssetRegistry: FAssetRegistry took 0.0263 seconds to start up
[2018.10.16-02.31.35:684][  0]LogInit: Selected Device Profile: [Windows]
[2018.10.16-02.31.35:811][  0]LogSimplygon: Simplygon DLL not present - disabling.
[2018.10.16-02.31.35:813][  0]LogMeshReduction: Using SimplygonSwarm for distributed automatic mesh merging
[2018.10.16-02.31.35:813][  0]LogMeshReduction: Using QuadricMeshReduction for automatic static mesh reduction
[2018.10.16-02.31.35:813][  0]LogMeshReduction: No automatic skeletal mesh reduction module available
[2018.10.16-02.31.35:813][  0]LogMeshReduction: No automatic mesh merging module available
[2018.10.16-02.31.35:813][  0]LogMeshMerging: No automatic mesh merging module available
[2018.10.16-02.31.35:838][  0]LogNetVersion: FIT3039_Project , NetCL: 3944462, EngineNetVer: 2, GameNetVer: 0 (Checksum: 3493369064)
[2018.10.16-02.31.36:225][  0]LogPackageLocalizationCache: Processed 9 localized package path(s) for 2 prioritized culture(s) in 0.066050 seconds
[2018.10.16-02.31.36:229][  0]LogUObjectArray: 36728 objects as part of root set at end of initial load.
[2018.10.16-02.31.36:229][  0]LogUObjectAllocator: 7314304 out of 0 bytes used by permanent object pool.
[2018.10.16-02.31.36:229][  0]LogUObjectArray: CloseDisregardForGC: 0/0 objects in disregard for GC pool
[2018.10.16-02.31.37:575][  0]LogTcpMessaging: Initializing TcpMessaging bridge
[2018.10.16-02.31.37:610][  0]LogUdpMessaging: Initializing bridge on interface 0.0.0.0:0 to multicast group 230.0.0.1:6666.
[2018.10.16-02.31.37:925][  0]SourceControl: Source control is disabled
[2018.10.16-02.31.37:925][  0]SourceControl: Source control is disabled
[2018.10.16-02.31.37:940][  0]SourceControl: Source control is disabled
[2018.10.16-02.31.37:954][  0]SourceControl: Source control is disabled
[2018.10.16-02.31.38:359][  0]LogAndroidPermission: UAndroidPermissionCallbackProxy::GetInstance
[2018.10.16-02.31.38:482][  0]LogOcInput: OculusInput pre-init called
[2018.10.16-02.31.38:574][  0]LogEngine: Initializing Engine...
[2018.10.16-02.31.38:576][  0]LogHMD: Failed to initialize OpenVR with code 110
[2018.10.16-02.31.38:577][  0]LogStats: UGameplayTagsManager::ConstructGameplayTagTree: Construct from data asset -  0.000 s
[2018.10.16-02.31.38:577][  0]LogStats: UGameplayTagsManager::ConstructGameplayTagTree: GameplayTagTreeChangedEvent.Broadcast -  0.000 s
[2018.10.16-02.31.38:768][  0]LogAIModule: Creating AISystem for world Untitled
[2018.10.16-02.31.38:830][  0]LogInit: XAudio2 using 'Speakers/Headphones (Realtek(R) Audio)' : 2 channels at 48 kHz using 32 bits per sample (channel mask 0x3)
[2018.10.16-02.31.39:253][  0]LogInit: FAudioDevice initialized.
[2018.10.16-02.31.39:309][  0]LogDerivedDataCache: Saved boot cache 0.06s 74MB C:/Users/Haojun/AppData/Local/UnrealEngine/4.19/DerivedDataCache/Boot.ddc.
[2018.10.16-02.31.39:321][  0]LogInit: Texture streaming: Enabled
[2018.10.16-02.31.39:334][  0]LogEngineSessionManager: EngineSessionManager initialized
[2018.10.16-02.31.39:346][  0]LogInit: Transaction tracking system initialized
[2018.10.16-02.31.39:365][  0]BlueprintLog: New page: Editor Load
[2018.10.16-02.31.39:428][  0]LocalizationService: Localization service is disabled
[2018.10.16-02.31.39:521][  0]LogConsoleResponse: Display: 
[2018.10.16-02.31.39:664][  0]LogCook: Display: Max memory allowance for cook 16384mb min free memory 0mb
[2018.10.16-02.31.39:664][  0]LogCook: Display: Mobile HDR setting 1
[2018.10.16-02.31.39:664][  0]LogGameplayTags: Display: UGameplayTagsManager::DoneAddingNativeTags. DelegateIsBound: 0
[2018.10.16-02.31.39:664][  0]LogStats: UGameplayTagsManager::ConstructGameplayTagTree: Construct from data asset -  0.000 s
[2018.10.16-02.31.39:664][  0]LogStats: UGameplayTagsManager::ConstructGameplayTagTree: GameplayTagTreeChangedEvent.Broadcast -  0.000 s
[2018.10.16-02.31.39:960][  0]LogFileCache: Scanning file cache for directory 'C:/Users/Haojun/Documents/Unreal Projects/FIT3039_Project/FIT3039/Content/' took 0.02s
[2018.10.16-02.31.39:960][  0]SourceControl: Source control is disabled
[2018.10.16-02.31.39:960][  0]Cmd: MAP LOAD FILE="../../../../../../Users/Haojun/Documents/Unreal Projects/FIT3039_Project/FIT3039/Content/ThirdPersonBP/Maps/ThirdPersonExampleMap.umap" TEMPLATE=0 SHOWPROGRESS=1 FEATURELEVEL=3
[2018.10.16-02.31.39:960][  0]LogEditorServer: Warning: Can't find file '../../../../../../Users/Haojun/Documents/Unreal Projects/FIT3039_Project/FIT3039/Content/ThirdPersonBP/Maps/ThirdPersonExampleMap.umap'
[2018.10.16-02.31.39:960][  0]Cmd: MAP CHECKDEP NOCLEARLOG
[2018.10.16-02.31.40:005][  0]MapCheck: Map check complete: 0 Error(s), 0 Warning(s), took 44.328ms to complete.
[2018.10.16-02.31.40:005][  0]LogFileHelpers: Loading map 'ThirdPersonExampleMap' took 0.045
[2018.10.16-02.31.40:129][  0]LogCollectionManager: Loaded 0 collections in 0.001456 seconds
[2018.10.16-02.31.40:170][  0]LogFileCache: Scanning file cache for directory 'C:/Users/Haojun/Documents/Unreal Projects/FIT3039_Project/FIT3039/Saved/Collections/' took 0.01s
[2018.10.16-02.31.40:170][  0]LogFileCache: Scanning file cache for directory 'C:/Users/Haojun/Documents/Unreal Projects/FIT3039_Project/FIT3039/Content/Developers/Haojun/Collections/' took 0.01s
[2018.10.16-02.31.40:170][  0]LogFileCache: Scanning file cache for directory 'C:/Users/Haojun/Documents/Unreal Projects/FIT3039_Project/FIT3039/Content/Collections/' took 0.01s
[2018.10.16-02.31.40:170][  0]LogCollectionManager: Rebuilt the GUID cache for 0 collections in 0.000000 seconds
[2018.10.16-02.31.40:178][  0]LogContentBrowser: Native class hierarchy populated in 0.0078 seconds. Added 2452 classes and 558 folders.
[2018.10.16-02.31.40:183][  0]LogContentBrowser: Native class hierarchy updated for 'WidgetCarousel' in 0.0002 seconds. Added 0 classes and 0 folders.
[2018.10.16-02.31.40:219][  0]LogContentBrowser: Native class hierarchy updated for 'AddContentDialog' in 0.0002 seconds. Added 0 classes and 0 folders.
[2018.10.16-02.31.40:222][  0]LogContentBrowser: Native class hierarchy updated for 'SceneOutliner' in 0.0002 seconds. Added 1 classes and 2 folders.
[2018.10.16-02.31.40:236][  0]LogSlate: Took 0.000171 seconds to synchronously load lazily loaded font '../../../Engine/Content/Slate/Fonts/Roboto-Regular.ttf' (155K)
[2018.10.16-02.31.40:238][  0]LogSlate: Took 0.000158 seconds to synchronously load lazily loaded font '../../../Engine/Content/Slate/Fonts/Roboto-Bold.ttf' (160K)
[2018.10.16-02.31.40:246][  0]LogSlate: Took 0.000316 seconds to synchronously load lazily loaded font '../../../Engine/Content/Editor/Slate/Fonts/FontAwesome.ttf' (139K)
[2018.10.16-02.31.40:325][  0]LogRenderer: Reallocating scene render targets to support 964x436 Format 10 NumSamples 1 (Frame:1).
[2018.10.16-02.31.40:439][  0]LogContentBrowser: Native class hierarchy updated for 'HierarchicalLODOutliner' in 0.0002 seconds. Added 0 classes and 0 folders.
[2018.10.16-02.31.40:439][  0]LogLoad: (Engine Initialization) Total time: 9.30 seconds
[2018.10.16-02.31.40:439][  0]LogLoad: (Engine Initialization) Total Blueprint compile time: 0.00 seconds
[2018.10.16-02.31.40:462][  0]LogWindowsTextInputMethodSystem: Display: IME system now activated using TSF (搜狗拼音输入法).
[2018.10.16-02.31.40:484][  0]LogContentStreaming: Texture pool size now 1000 MB
[2018.10.16-02.31.40:623][  0]LogSlate: Took 0.000139 seconds to synchronously load lazily loaded font '../../../Engine/Content/Slate/Fonts/Roboto-Light.ttf' (167K)
[2018.10.16-02.31.40:665][  1]LogAssetRegistry: Asset discovery search completed in 5.2563 seconds
[2018.10.16-02.31.40:666][  1]LogCollectionManager: Rebuilt the object cache for 0 collections in 0.000000 seconds (found 0 objects)
[2018.10.16-02.31.40:666][  1]LogCollectionManager: Fixed up redirectors for 0 collections in 0.000045 seconds (updated 0 objects)
[2018.10.16-02.31.45:362][282]LogSlate: FSceneViewport::OnFocusLost() reason 2
[2018.10.16-02.31.45:999][320]LogSlate: FSceneViewport::OnFocusLost() reason 2
[2018.10.16-02.31.47:063][382]Cmd: MAP LOAD FILE="../../../../../../Users/Haojun/Documents/Unreal Projects/FIT3039_Project/FIT3039/Content/ThirdPersonBP/Maps/Level_1.umap" TEMPLATE=0 SHOWPROGRESS=1 FEATURELEVEL=3
[2018.10.16-02.31.47:066][382]LogSlate: Took 0.000142 seconds to synchronously load lazily loaded font '../../../Engine/Content/Slate/Fonts/Roboto-Light.ttf' (167K)
[2018.10.16-02.31.47:086][382]LightingResults: New page: Lighting Build
[2018.10.16-02.31.47:089][382]LogContentBrowser: Native class hierarchy updated for 'StatsViewer' in 0.0002 seconds. Added 5 classes and 0 folders.
[2018.10.16-02.31.47:089][382]LoadErrors: New page: Loading map: Level_1.umap
[2018.10.16-02.31.47:090][382]MapCheck: New page: Map Check
[2018.10.16-02.31.47:090][382]LightingResults: New page: Lighting Build
[2018.10.16-02.31.47:135][382]LogUObjectGlobals: Created PersistentFrame Addr=0x00000202b6abe080, Size=64, Default__ThirdPerson_AnimBP_C Function /Game/Mannequin/Animations/ThirdPerson_AnimBP.ThirdPerson_AnimBP_C:ExecuteUbergraph_ThirdPerson_AnimBP
[2018.10.16-02.31.47:144][382]LogUObjectGlobals: Destroyed PersistentFrame Addr=0x00000202b6abe080, Size=64
[2018.10.16-02.31.47:144][382]LogUObjectGlobals: Created PersistentFrame Addr=0x00000202b6abdec0, Size=64, Default__ThirdPerson_AnimBP_C Function /Engine/Transient.REINST_ThirdPerson_AnimBP_C_0:ExecuteUbergraph_ThirdPerson_AnimBP
[2018.10.16-02.31.47:150][382]LogUObjectGlobals: Created PersistentFrame Addr=0x00000202ea036660, Size=72, Default__ThirdPerson_AnimBP_C Function /Game/Mannequin/Animations/ThirdPerson_AnimBP.ThirdPerson_AnimBP_C:ExecuteUbergraph_ThirdPerson_AnimBP
[2018.10.16-02.31.47:184][382]LogUObjectGlobals: Created PersistentFrame Addr=0x00000202ea02a400, Size=232, Default__ThirdPersonCharacter_C Function /Game/ThirdPersonBP/Blueprints/ThirdPersonCharacter.ThirdPersonCharacter_C:ExecuteUbergraph_ThirdPersonCharacter
[2018.10.16-02.31.47:189][382]LogUObjectGlobals: Destroyed PersistentFrame Addr=0x00000202ea02a400, Size=232
[2018.10.16-02.31.47:189][382]LogUObjectGlobals: Created PersistentFrame Addr=0x00000202ea02a400, Size=232, Default__ThirdPersonCharacter_C Function /Engine/Transient.REINST_ThirdPersonCharacter_C_4:ExecuteUbergraph_ThirdPersonCharacter
[2018.10.16-02.31.47:193][382]LogUObjectGlobals: Created PersistentFrame Addr=0x00000202e9ceb300, Size=232, Default__ThirdPersonCharacter_C Function /Game/ThirdPersonBP/Blueprints/ThirdPersonCharacter.ThirdPersonCharacter_C:ExecuteUbergraph_ThirdPersonCharacter
[2018.10.16-02.31.47:199][382]LogUObjectGlobals: Created PersistentFrame Addr=0x00000202e9fe2ed0, Size=16, Default__GameOver_C Function /Game/UI/GameOver.GameOver_C:ExecuteUbergraph_GameOver
[2018.10.16-02.31.47:201][382]LogUObjectGlobals: Destroyed PersistentFrame Addr=0x00000202e9fe2ed0, Size=16
[2018.10.16-02.31.47:201][382]LogUObjectGlobals: Created PersistentFrame Addr=0x00000202e9fe2ed0, Size=16, Default__GameOver_C Function /Engine/Transient.REINST_GameOver_C_0:ExecuteUbergraph_GameOver
[2018.10.16-02.31.47:201][382]LogUObjectGlobals: Created PersistentFrame Addr=0x00000202e9fe2ef0, Size=16, Default__GameOver_C Function /Game/UI/GameOver.GameOver_C:ExecuteUbergraph_GameOver
[2018.10.16-02.31.47:203][382]LogUObjectGlobals: Created PersistentFrame Addr=0x00000202e9cd2cc0, Size=448, Default__BodyGuard_C Function /Game/AI/BodyGuard.BodyGuard_C:ExecuteUbergraph_BodyGuard
[2018.10.16-02.31.47:208][382]LogUObjectGlobals: Destroyed PersistentFrame Addr=0x00000202e9cd2cc0, Size=448
[2018.10.16-02.31.47:208][382]LogUObjectGlobals: Created PersistentFrame Addr=0x00000202e9cd2cc0, Size=448, Default__BodyGuard_C Function /Engine/Transient.REINST_BodyGuard_C_7:ExecuteUbergraph_BodyGuard
[2018.10.16-02.31.47:213][382]LogUObjectGlobals: Created PersistentFrame Addr=0x00000202e9cd0100, Size=448, Default__BodyGuard_C Function /Game/AI/BodyGuard.BodyGuard_C:ExecuteUbergraph_BodyGuard
[2018.10.16-02.31.47:285][382]LogUObjectGlobals: Created PersistentFrame Addr=0x00000202c324eea0, Size=16, Default__Distractor_C Function /Game/ThirdPersonBP/Blueprints/Distractor.Distractor_C:ExecuteUbergraph_Distractor
[2018.10.16-02.31.47:287][382]LogUObjectGlobals: Destroyed PersistentFrame Addr=0x00000202c324eea0, Size=16
[2018.10.16-02.31.47:287][382]LogUObjectGlobals: Created PersistentFrame Addr=0x00000202c324eea0, Size=16, Default__Distractor_C Function /Engine/Transient.REINST_Distractor_C_15:ExecuteUbergraph_Distractor
[2018.10.16-02.31.47:288][382]LogUObjectGlobals: Created PersistentFrame Addr=0x00000202c324eed0, Size=16, Default__Distractor_C Function /Game/ThirdPersonBP/Blueprints/Distractor.Distractor_C:ExecuteUbergraph_Distractor
[2018.10.16-02.31.47:364][382]LogUObjectGlobals: Created PersistentFrame Addr=0x00000202c32f3c00, Size=512, Default__Level_C Function /Game/ThirdPersonBP/Maps/Level_1.Level_C:ExecuteUbergraph_Level_1
[2018.10.16-02.31.47:368][382]LogUObjectGlobals: Destroyed PersistentFrame Addr=0x00000202c32f3c00, Size=512
[2018.10.16-02.31.47:368][382]LogUObjectGlobals: Created PersistentFrame Addr=0x00000202c32f3c00, Size=512, Default__Level_C Function /Engine/Transient.REINST_Level_C_17:ExecuteUbergraph_Level_1
[2018.10.16-02.31.47:371][382]LogUObjectGlobals: Created PersistentFrame Addr=0x00000202c32f1c00, Size=512, Default__Level_C Function /Game/ThirdPersonBP/Maps/Level_1.Level_C:ExecuteUbergraph_Level_1
[2018.10.16-02.31.47:630][382]LogSkeletalMesh: Skeletal Mesh found in DDC [9.823996ms] /Game/Mannequin/Character/Mesh/SK_Mannequin.SK_Mannequin
[2018.10.16-02.31.47:676][382]LogAIModule: Creating AISystem for world Level_1
[2018.10.16-02.31.47:691][382]LogEditorServer: Finished looking for orphan Actors (0.000 secs)
[2018.10.16-02.31.47:702][382]LogUObjectGlobals: Destroyed PersistentFrame Addr=0x00000202b6abdec0, Size=64
[2018.10.16-02.31.47:702][382]LogUObjectGlobals: Destroyed PersistentFrame Addr=0x00000202ea02a400, Size=232
[2018.10.16-02.31.47:702][382]LogUObjectGlobals: Destroyed PersistentFrame Addr=0x00000202e9fe2ed0, Size=16
[2018.10.16-02.31.47:702][382]LogUObjectGlobals: Destroyed PersistentFrame Addr=0x00000202e9cd2cc0, Size=448
[2018.10.16-02.31.47:702][382]LogUObjectGlobals: Destroyed PersistentFrame Addr=0x00000202c324eea0, Size=16
[2018.10.16-02.31.47:702][382]LogUObjectGlobals: Destroyed PersistentFrame Addr=0x00000202c32f3c00, Size=512
[2018.10.16-02.31.47:736][382]Cmd: MAP CHECKDEP NOCLEARLOG
[2018.10.16-02.31.47:794][382]MapCheck: Map check complete: 0 Error(s), 0 Warning(s), took 58.441ms to complete.
[2018.10.16-02.31.47:794][382]LogFileHelpers: Loading map 'Level_1' took 0.732
[2018.10.16-02.31.47:796][382]LogSlate: Window 'Open Level' being destroyed
[2018.10.16-02.31.49:125][458]LogSlate: FSceneViewport::OnFocusLost() reason 0
[2018.10.16-02.31.49:207][463]LogTemp: Repeating last play command: New Editor Window (PIE)
[2018.10.16-02.31.49:223][463]LogBlueprintUserMessages: Early PlayInEditor Detection: Level '/Game/ThirdPersonBP/Maps/Level_1.Level_1:PersistentLevel' has LevelScriptBlueprint '/Game/ThirdPersonBP/Maps/Level_1.Level_1:PersistentLevel.Level_1' with GeneratedClass '/Game/ThirdPersonBP/Maps/Level_1.Level_C' with ClassGeneratedBy '/Game/ThirdPersonBP/Maps/Level_1.Level_1:PersistentLevel.Level_1'
[2018.10.16-02.31.49:223][463]LogPlayLevel: PlayLevel: No blueprints needed recompiling
[2018.10.16-02.31.49:223][463]PIE: New page: PIE session: Level_1 (Oct 17, 2018, 12:31:49 AM)
[2018.10.16-02.31.49:224][463]LogPlayLevel: Creating play world package: /Game/ThirdPersonBP/Maps/UEDPIE_0_Level_1
[2018.10.16-02.31.49:230][463]LogPlayLevel: PIE: StaticDuplicateObject took: (0.005927s)
[2018.10.16-02.31.49:230][463]LogAIModule: Creating AISystem for world Level_1
[2018.10.16-02.31.49:230][463]LogPlayLevel: PIE: World Init took: (0.000662s)
[2018.10.16-02.31.49:230][463]LogPlayLevel: PIE: Created PIE world by copying editor world from /Game/ThirdPersonBP/Maps/Level_1.Level_1 to /Game/ThirdPersonBP/Maps/UEDPIE_0_Level_1.Level_1 (0.006766s)
[2018.10.16-02.31.49:241][463]LogInit: XAudio2 using 'Speakers/Headphones (Realtek(R) Audio)' : 2 channels at 48 kHz using 32 bits per sample (channel mask 0x3)
[2018.10.16-02.31.49:245][463]LogInit: FAudioDevice initialized.
[2018.10.16-02.31.49:372][463]LogLoad: Game class is 'ThirdPersonGameMode_C'
[2018.10.16-02.31.49:376][463]LogWorld: Bringing World /Game/ThirdPersonBP/Maps/UEDPIE_0_Level_1.Level_1 up for play (max tick rate 60) at 2018.10.16-13.31.49
[2018.10.16-02.31.49:377][463]LogWorld: Bringing up level for play took: 0.002745
[2018.10.16-02.31.49:379][463]LogContentBrowser: Native class hierarchy updated for 'MovieSceneCapture' in 0.0002 seconds. Added 11 classes and 0 folders.
[2018.10.16-02.31.49:384][463]PIE: Play in editor start time for /Game/ThirdPersonBP/Maps/UEDPIE_0_Level_1 0.411
[2018.10.16-02.31.49:384][463]LogBlueprintUserMessages: Late PlayInEditor Detection: Level '/Game/ThirdPersonBP/Maps/Level_1.Level_1:PersistentLevel' has LevelScriptBlueprint '/Game/ThirdPersonBP/Maps/Level_1.Level_1:PersistentLevel.Level_1' with GeneratedClass '/Game/ThirdPersonBP/Maps/Level_1.Level_C' with ClassGeneratedBy '/Game/ThirdPersonBP/Maps/Level_1.Level_1:PersistentLevel.Level_1'
[2018.10.16-02.31.49:417][463]LogRenderer: Reallocating scene render targets to support 1024x576 Format 10 NumSamples 1 (Frame:1).
[2018.10.16-02.31.56:556][890]LogNet: Browse: /Game/ThirdPersonBP/Maps/Level_2
[2018.10.16-02.31.56:556][890]LogLoad: LoadMap: /Game/ThirdPersonBP/Maps/Level_2
[2018.10.16-02.31.56:576][890]LogUObjectGlobals: Created PersistentFrame Addr=0x00000202e9caa400, Size=216, Default__BP_Camera_C Function /Game/ThirdPersonBP/Blueprints/BP_Camera.BP_Camera_C:ExecuteUbergraph_BP_Camera
[2018.10.16-02.31.56:578][890]LogUObjectGlobals: Destroyed PersistentFrame Addr=0x00000202e9caa400, Size=216
[2018.10.16-02.31.56:579][890]LogUObjectGlobals: Created PersistentFrame Addr=0x00000202e9caa400, Size=216, Default__BP_Camera_C Function /Engine/Transient.REINST_BP_Camera_C_21:ExecuteUbergraph_BP_Camera
[2018.10.16-02.31.56:580][890]LogUObjectGlobals: Created PersistentFrame Addr=0x00000202c61c1d00, Size=216, Default__BP_Camera_C Function /Game/ThirdPersonBP/Blueprints/BP_Camera.BP_Camera_C:ExecuteUbergraph_BP_Camera
[2018.10.16-02.31.56:611][890]LogUObjectGlobals: Created PersistentFrame Addr=0x00000202d1dfca00, Size=760, Default__Level_C Function /Game/ThirdPersonBP/Maps/Level_2.Level_C:ExecuteUbergraph_Level_2
[2018.10.16-02.31.56:619][890]LogUObjectGlobals: Destroyed PersistentFrame Addr=0x00000202d1dfca00, Size=760
[2018.10.16-02.31.56:619][890]LogUObjectGlobals: Created PersistentFrame Addr=0x00000202c46a7400, Size=760, Default__Level_C Function /Engine/Transient.REINST_Level_C_26:ExecuteUbergraph_Level_2
[2018.10.16-02.31.56:628][890]LogUObjectGlobals: Created PersistentFrame Addr=0x00000202c6131c00, Size=760, Default__Level_C Function /Game/ThirdPersonBP/Maps/Level_2.Level_C:ExecuteUbergraph_Level_2
[2018.10.16-02.31.57:281][890]LogAIModule: Creating AISystem for world Level_2
[2018.10.16-02.31.57:281][890]LogLoad: Game class is 'ThirdPersonGameMode_C'
[2018.10.16-02.31.57:294][890]LogWorld: Bringing World /Game/ThirdPersonBP/Maps/UEDPIE_0_Level_2.Level_2 up for play (max tick rate 60) at 2018.10.16-13.31.57
[2018.10.16-02.31.57:295][890]LogWorld: Bringing up level for play took: 0.013524
[2018.10.16-02.31.57:297][890]LogLoad: Took 0.740839 seconds to LoadMap(/Game/ThirdPersonBP/Maps/Level_2)
[2018.10.16-02.31.57:358][892]LogNet: Browse: /Game/ThirdPersonBP/Maps/Level_1
[2018.10.16-02.31.57:368][892]LogLoad: LoadMap: /Game/ThirdPersonBP/Maps/Level_1
[2018.10.16-02.31.57:381][892]LogUObjectGlobals: Destroyed PersistentFrame Addr=0x00000202c6131c00, Size=760
[2018.10.16-02.31.57:381][892]LogUObjectGlobals: Destroyed PersistentFrame Addr=0x00000202c46a7400, Size=760
[2018.10.16-02.31.57:381][892]LogUObjectGlobals: Destroyed PersistentFrame Addr=0x00000202e9caa400, Size=216
[2018.10.16-02.31.57:383][892]LogPlayLevel: Creating play world package: /Game/ThirdPersonBP/Maps/UEDPIE_0_Level_1
[2018.10.16-02.31.57:388][892]LogPlayLevel: PIE: StaticDuplicateObject took: (0.005127s)
[2018.10.16-02.31.57:388][892]LogAIModule: Creating AISystem for world Level_1
[2018.10.16-02.31.57:388][892]LogPlayLevel: PIE: World Init took: (0.000474s)
[2018.10.16-02.31.57:388][892]LogPlayLevel: PIE: Created PIE world by copying editor world from /Game/ThirdPersonBP/Maps/Level_1.Level_1 to /Game/ThirdPersonBP/Maps/UEDPIE_0_Level_1.Level_1 (0.005734s)
[2018.10.16-02.31.57:388][892]LogLoad: Game class is 'ThirdPersonGameMode_C'
[2018.10.16-02.31.57:391][892]LogWorld: Bringing World /Game/ThirdPersonBP/Maps/UEDPIE_0_Level_1.Level_1 up for play (max tick rate 60) at 2018.10.16-13.31.57
[2018.10.16-02.31.57:391][892]LogWorld: Bringing up level for play took: 0.002108
[2018.10.16-02.31.57:393][892]LogLoad: Took 0.024222 seconds to LoadMap(/Game/ThirdPersonBP/Maps/UEDPIE_0_Level_1)
[2018.10.16-02.32.07:464][495]LogNet: Browse: /Game/ThirdPersonBP/Maps/Level_2
[2018.10.16-02.32.07:464][495]LogLoad: LoadMap: /Game/ThirdPersonBP/Maps/Level_2
[2018.10.16-02.32.07:616][495]LogUObjectGlobals: Created PersistentFrame Addr=0x00000202c6133a00, Size=760, Default__Level_C Function /Game/ThirdPersonBP/Maps/Level_2.Level_C:ExecuteUbergraph_Level_2
[2018.10.16-02.32.07:623][495]LogUObjectGlobals: Destroyed PersistentFrame Addr=0x00000202c6133a00, Size=760
[2018.10.16-02.32.07:623][495]LogUObjectGlobals: Created PersistentFrame Addr=0x00000202c6133a00, Size=760, Default__Level_C Function /Engine/Transient.REINST_Level_C_28:ExecuteUbergraph_Level_2
[2018.10.16-02.32.07:632][495]LogUObjectGlobals: Created PersistentFrame Addr=0x00000202d1dfe500, Size=760, Default__Level_C Function /Game/ThirdPersonBP/Maps/Level_2.Level_C:ExecuteUbergraph_Level_2
[2018.10.16-02.32.07:736][495]LogAIModule: Creating AISystem for world Level_2
[2018.10.16-02.32.07:736][495]LogLoad: Game class is 'ThirdPersonGameMode_C'
[2018.10.16-02.32.07:749][495]LogWorld: Bringing World /Game/ThirdPersonBP/Maps/UEDPIE_0_Level_2.Level_2 up for play (max tick rate 60) at 2018.10.16-13.32.07
[2018.10.16-02.32.07:750][495]LogWorld: Bringing up level for play took: 0.013367
[2018.10.16-02.32.07:752][495]LogLoad: Took 0.288353 seconds to LoadMap(/Game/ThirdPersonBP/Maps/Level_2)
[2018.10.16-02.32.09:321][589]LogNet: Browse: /Game/ThirdPersonBP/Maps/Level_1
[2018.10.16-02.32.09:321][589]LogLoad: LoadMap: /Game/ThirdPersonBP/Maps/Level_1
[2018.10.16-02.32.09:333][589]LogUObjectGlobals: Destroyed PersistentFrame Addr=0x00000202d1dfe500, Size=760
[2018.10.16-02.32.09:333][589]LogUObjectGlobals: Destroyed PersistentFrame Addr=0x00000202c6133a00, Size=760
[2018.10.16-02.32.09:335][589]LogPlayLevel: Creating play world package: /Game/ThirdPersonBP/Maps/UEDPIE_0_Level_1
[2018.10.16-02.32.09:340][589]LogPlayLevel: PIE: StaticDuplicateObject took: (0.005317s)
[2018.10.16-02.32.09:341][589]LogAIModule: Creating AISystem for world Level_1
[2018.10.16-02.32.09:341][589]LogPlayLevel: PIE: World Init took: (0.000664s)
[2018.10.16-02.32.09:341][589]LogPlayLevel: PIE: Created PIE world by copying editor world from /Game/ThirdPersonBP/Maps/Level_1.Level_1 to /Game/ThirdPersonBP/Maps/UEDPIE_0_Level_1.Level_1 (0.006207s)
[2018.10.16-02.32.09:341][589]LogLoad: Game class is 'ThirdPersonGameMode_C'
[2018.10.16-02.32.09:344][589]LogWorld: Bringing World /Game/ThirdPersonBP/Maps/UEDPIE_0_Level_1.Level_1 up for play (max tick rate 60) at 2018.10.16-13.32.09
[2018.10.16-02.32.09:344][589]LogWorld: Bringing up level for play took: 0.002000
[2018.10.16-02.32.09:346][589]LogLoad: Took 0.024954 seconds to LoadMap(/Game/ThirdPersonBP/Maps/UEDPIE_0_Level_1)
[2018.10.16-02.32.15:473][957]LogBlueprintUserMessages: Early EndPlayMap Detection: Level '/Game/ThirdPersonBP/Maps/Level_1.Level_1:PersistentLevel' has LevelScriptBlueprint '/Game/ThirdPersonBP/Maps/Level_1.Level_1:PersistentLevel.Level_1' with GeneratedClass '/Game/ThirdPersonBP/Maps/Level_1.Level_C' with ClassGeneratedBy '/Game/ThirdPersonBP/Maps/Level_1.Level_1:PersistentLevel.Level_1'
[2018.10.16-02.32.15:491][957]LogSlate: Window 'FIT3039_Project Game Preview Standalone (64-bit/PCD3D_SM5)' being destroyed
[2018.10.16-02.32.15:534][957]LogBlueprintUserMessages: Late EndPlayMap Detection: Level '/Game/ThirdPersonBP/Maps/Level_1.Level_1:PersistentLevel' has LevelScriptBlueprint '/Game/ThirdPersonBP/Maps/Level_1.Level_1:PersistentLevel.Level_1' with GeneratedClass '/Game/ThirdPersonBP/Maps/Level_1.Level_C' with ClassGeneratedBy '/Game/ThirdPersonBP/Maps/Level_1.Level_1:PersistentLevel.Level_1'
